<?xml version="1.0" encoding="UTF-8"?><testsuites>
<testsuite xmlns:xsi="http://www.w3.org/2001/XMLSchema-instance" xsi:noNamespaceSchemaLocation="https://maven.apache.org/surefire/maven-surefire-plugin/xsd/surefire-test-report.xsd" name="sk.stuba.fei.uim.vsa.pr2.StudentResourceTest" time="15.78" tests="10" errors="0" skipped="0" failures="7">
  <properties>
[...]
</properties>
  <testcase name="shouldGetNotFoundForNonExistingStudent" classname="sk.stuba.fei.uim.vsa.pr2.StudentResourceTest" time="2.592">
    <failure message="expected: &lt;true&gt; but was: &lt;false&gt;" type="org.opentest4j.AssertionFailedError"><![CDATA[org.opentest4j.AssertionFailedError: expected: <true> but was: <false>
	at sk.stuba.fei.uim.vsa.pr2.StudentResourceTest.shouldGetNotFoundForNonExistingStudent(StudentResourceTest.java:166)
]]></failure>
    <system-out><![CDATA[2023-05-18 13:18:37.678  INFO --- [           main] s.s.fei.uim.vsa.pr2.utils.ResourceTest   : Starting HTTP server for testing
2023-05-18 13:18:37.678  INFO --- [           main] s.s.fei.uim.vsa.pr2.Project2Application  : Starting Grizzly2 HTTP server...
2023-05-18 13:18:37.678  INFO --- [           main] s.s.fei.uim.vsa.pr2.Project2Application  : Server listening on http://docker-desktop:8080/api
2023-05-18 13:18:37.714  INFO --- [           main] org.reflections.Reflections              : Reflections took 17 ms to scan 2 urls, producing 13 keys and 29 values
2023-05-18 13:18:37.715  INFO --- [           main] .s.f.u.v.p.JAXRSApplicationConfiguration : Registered resource classes: [class sk.stuba.fei.uim.vsa.pr2.api.StudentResource, class sk.stuba.fei.uim.vsa.pr2.api.TeacherResource, class sk.stuba.fei.uim.vsa.pr2.api.ThesisResource]
2023-05-18 13:18:37.715  INFO --- [           main] .s.f.u.v.p.JAXRSApplicationConfiguration : Registered feature providers: []
2023-05-18 13:18:37.816  INFO --- [           main] s.s.fei.uim.vsa.pr2.utils.ResourceTest   : Creating client for HTTP server
2023-05-18 13:18:37.817  INFO --- [           main] s.s.fei.uim.vsa.pr2.utils.ResourceTest   : Client created JerseyWebTarget { http://docker-desktop:8080/api }
[EL Fine]: server: 2023-05-18 13:18:38.164--Thread(Thread[main,5,main])--Configured server platform: org.eclipse.persistence.platform.server.NoServerPlatform
[EL Config]: metadata: 2023-05-18 13:18:38.378--ServerSession(1202547191)--Thread(Thread[main,5,main])--The access type for the persistent class [class user.User] is set to [FIELD].
[EL Config]: metadata: 2023-05-18 13:18:38.398--ServerSession(1202547191)--Thread(Thread[main,5,main])--The target class (reference) class for the element collection mapping element [field permissions] is being defaulted to: class auth.Permission.
[EL Config]: metadata: 2023-05-18 13:18:38.399--ServerSession(1202547191)--Thread(Thread[main,5,main])--The access type for the persistent class [class entities.ZaverecnaPraca] is set to [FIELD].
[EL Config]: metadata: 2023-05-18 13:18:38.406--ServerSession(1202547191)--Thread(Thread[main,5,main])--The target entity (reference) class for the one to one mapping element [field author] is being defaulted to: class entities.Student.
[EL Config]: metadata: 2023-05-18 13:18:38.409--ServerSession(1202547191)--Thread(Thread[main,5,main])--The target entity (reference) class for the many to one mapping element [field supervisor] is being defaulted to: class entities.Pedagog.
[EL Config]: metadata: 2023-05-18 13:18:38.41--ServerSession(1202547191)--Thread(Thread[main,5,main])--The access type for the persistent class [class entities.Pedagog] is set to [FIELD].
[EL Config]: metadata: 2023-05-18 13:18:38.415--ServerSession(1202547191)--Thread(Thread[main,5,main])--The target entity (reference) class for the one to many mapping element [field theses] is being defaulted to: class entities.ZaverecnaPraca.
[EL Config]: metadata: 2023-05-18 13:18:38.416--ServerSession(1202547191)--Thread(Thread[main,5,main])--The access type for the persistent class [class entities.ThesisAssignmentRequest] is set to [FIELD].
[EL Config]: metadata: 2023-05-18 13:18:38.416--ServerSession(1202547191)--Thread(Thread[main,5,main])--The access type for the persistent class [class entities.Student] is set to [FIELD].
[EL Config]: metadata: 2023-05-18 13:18:38.417--ServerSession(1202547191)--Thread(Thread[main,5,main])--The target entity (reference) class for the one to one mapping element [field thesis] is being defaulted to: class entities.ZaverecnaPraca.
[EL Config]: metadata: 2023-05-18 13:18:38.417--ServerSession(1202547191)--Thread(Thread[main,5,main])--The alias name for the entity class [class user.User] is being defaulted to: User.
[EL Config]: metadata: 2023-05-18 13:18:38.43--ServerSession(1202547191)--Thread(Thread[main,5,main])--The column name for element [password] is being defaulted to: PASSWORD.
[EL Config]: metadata: 2023-05-18 13:18:38.431--ServerSession(1202547191)--Thread(Thread[main,5,main])--The column name for element [aisId] is being defaulted to: AISID.
[EL Config]: metadata: 2023-05-18 13:18:38.431--ServerSession(1202547191)--Thread(Thread[main,5,main])--The column name for element [username] is being defaulted to: USERNAME.
[EL Config]: metadata: 2023-05-18 13:18:38.431--ServerSession(1202547191)--Thread(Thread[main,5,main])--The alias name for the entity class [class entities.ZaverecnaPraca] is being defaulted to: ZaverecnaPraca.
[EL Config]: metadata: 2023-05-18 13:18:38.432--ServerSession(1202547191)--Thread(Thread[main,5,main])--The table name for entity [class entities.ZaverecnaPraca] is being defaulted to: ZAVERECNAPRACA.
[EL Config]: metadata: 2023-05-18 13:18:38.433--ServerSession(1202547191)--Thread(Thread[main,5,main])--The column name for element [registrationNumber] is being defaulted to: REGISTRATIONNUMBER.
[EL Config]: metadata: 2023-05-18 13:18:38.433--ServerSession(1202547191)--Thread(Thread[main,5,main])--The column name for element [description] is being defaulted to: DESCRIPTION.
[EL Config]: metadata: 2023-05-18 13:18:38.433--ServerSession(1202547191)--Thread(Thread[main,5,main])--The column name for element [publishedOn] is being defaulted to: PUBLISHEDON.
[EL Config]: metadata: 2023-05-18 13:18:38.436--ServerSession(1202547191)--Thread(Thread[main,5,main])--The column name for element [id] is being defaulted to: ID.
[EL Config]: metadata: 2023-05-18 13:18:38.436--ServerSession(1202547191)--Thread(Thread[main,5,main])--The column name for element [title] is being defaulted to: TITLE.
[EL Config]: metadata: 2023-05-18 13:18:38.436--ServerSession(1202547191)--Thread(Thread[main,5,main])--The column name for element [department] is being defaulted to: DEPARTMENT.
[EL Config]: metadata: 2023-05-18 13:18:38.437--ServerSession(1202547191)--Thread(Thread[main,5,main])--The column name for element [deadline] is being defaulted to: DEADLINE.
[EL Config]: metadata: 2023-05-18 13:18:38.437--ServerSession(1202547191)--Thread(Thread[main,5,main])--The column name for element [type] is being defaulted to: TYPE.
[EL Config]: metadata: 2023-05-18 13:18:38.439--ServerSession(1202547191)--Thread(Thread[main,5,main])--The column name for element [status] is being defaulted to: STATUS.
[EL Config]: metadata: 2023-05-18 13:18:38.439--ServerSession(1202547191)--Thread(Thread[main,5,main])--The alias name for the entity class [class entities.Pedagog] is being defaulted to: Pedagog.
[EL Config]: metadata: 2023-05-18 13:18:38.439--ServerSession(1202547191)--Thread(Thread[main,5,main])--The table name for entity [class entities.Pedagog] is being defaulted to: PEDAGOG.
[EL Config]: metadata: 2023-05-18 13:18:38.439--ServerSession(1202547191)--Thread(Thread[main,5,main])--The column name for element [password] is being defaulted to: PASSWORD.
[EL Config]: metadata: 2023-05-18 13:18:38.44--ServerSession(1202547191)--Thread(Thread[main,5,main])--The column name for element [name] is being defaulted to: NAME.
[EL Config]: metadata: 2023-05-18 13:18:38.44--ServerSession(1202547191)--Thread(Thread[main,5,main])--The column name for element [institute] is being defaulted to: INSTITUTE.
[EL Config]: metadata: 2023-05-18 13:18:38.44--ServerSession(1202547191)--Thread(Thread[main,5,main])--The column name for element [department] is being defaulted to: DEPARTMENT.
[EL Config]: metadata: 2023-05-18 13:18:38.44--ServerSession(1202547191)--Thread(Thread[main,5,main])--The column name for element [aisId] is being defaulted to: AISID.
[EL Config]: metadata: 2023-05-18 13:18:38.44--ServerSession(1202547191)--Thread(Thread[main,5,main])--The column name for element [email] is being defaulted to: EMAIL.
[EL Config]: metadata: 2023-05-18 13:18:38.441--ServerSession(1202547191)--Thread(Thread[main,5,main])--The alias name for the entity class [class entities.ThesisAssignmentRequest] is being defaulted to: ThesisAssignmentRequest.
[EL Config]: metadata: 2023-05-18 13:18:38.441--ServerSession(1202547191)--Thread(Thread[main,5,main])--The table name for entity [class entities.ThesisAssignmentRequest] is being defaulted to: THESISASSIGNMENTREQUEST.
[EL Config]: metadata: 2023-05-18 13:18:38.441--ServerSession(1202547191)--Thread(Thread[main,5,main])--The column name for element [studentId] is being defaulted to: STUDENTID.
[EL Config]: metadata: 2023-05-18 13:18:38.441--ServerSession(1202547191)--Thread(Thread[main,5,main])--The column name for element [teacherId] is being defaulted to: TEACHERID.
[EL Config]: metadata: 2023-05-18 13:18:38.442--ServerSession(1202547191)--Thread(Thread[main,5,main])--The column name for element [id] is being defaulted to: ID.
[EL Config]: metadata: 2023-05-18 13:18:38.442--ServerSession(1202547191)--Thread(Thread[main,5,main])--The alias name for the entity class [class entities.Student] is being defaulted to: Student.
[EL Config]: metadata: 2023-05-18 13:18:38.442--ServerSession(1202547191)--Thread(Thread[main,5,main])--The table name for entity [class entities.Student] is being defaulted to: STUDENT.
[EL Config]: metadata: 2023-05-18 13:18:38.442--ServerSession(1202547191)--Thread(Thread[main,5,main])--The column name for element [password] is being defaulted to: PASSWORD.
[EL Config]: metadata: 2023-05-18 13:18:38.443--ServerSession(1202547191)--Thread(Thread[main,5,main])--The column name for element [name] is being defaulted to: NAME.
[EL Config]: metadata: 2023-05-18 13:18:38.443--ServerSession(1202547191)--Thread(Thread[main,5,main])--The column name for element [term] is being defaulted to: TERM.
[EL Config]: metadata: 2023-05-18 13:18:38.443--ServerSession(1202547191)--Thread(Thread[main,5,main])--The column name for element [email] is being defaulted to: EMAIL.
[EL Config]: metadata: 2023-05-18 13:18:38.46--ServerSession(1202547191)--Thread(Thread[main,5,main])--The collection table name for the basic collection/map mapping [field permissions] is being defaulted to: User_PERMISSIONS.
[EL Config]: metadata: 2023-05-18 13:18:38.461--ServerSession(1202547191)--Thread(Thread[main,5,main])--The primary key column name for the mapping element [field permissions] is being defaulted to: AISID.
[EL Config]: metadata: 2023-05-18 13:18:38.461--ServerSession(1202547191)--Thread(Thread[main,5,main])--The foreign key column name for the mapping element [permissions] is being defaulted to: User_AISID.
[EL Config]: metadata: 2023-05-18 13:18:38.463--ServerSession(1202547191)--Thread(Thread[main,5,main])--The value column name for the basic collection/map mapping element mapping element [permissions] is being defaulted to: PERMISSIONS.
[EL Fine]: metadata: 2023-05-18 13:18:38.463--Thread(Thread[main,5,main])--java.lang.ClassNotFoundException: java.util.Listauth.Permission
[EL Config]: metadata: 2023-05-18 13:18:38.471--ServerSession(1202547191)--Thread(Thread[main,5,main])--The primary key column name for the mapping element [field author] is being defaulted to: Id.
[EL Config]: metadata: 2023-05-18 13:18:38.471--ServerSession(1202547191)--Thread(Thread[main,5,main])--The foreign key column name for the mapping element [author] is being defaulted to: AUTHOR_Id.
[EL Config]: metadata: 2023-05-18 13:18:38.471--ServerSession(1202547191)--Thread(Thread[main,5,main])--The primary key column name for the mapping element [field supervisor] is being defaulted to: AISID.
[EL Config]: metadata: 2023-05-18 13:18:38.471--ServerSession(1202547191)--Thread(Thread[main,5,main])--The foreign key column name for the mapping element [supervisor] is being defaulted to: SUPERVISOR_AISID.
[EL Info]: 2023-05-18 13:18:38.528--ServerSession(1202547191)--Thread(Thread[main,5,main])--EclipseLink, version: Eclipse Persistence Services - 2.7.10.v20211216-fe64cd39c3
[EL Fine]: connection: 2023-05-18 13:18:38.535--ServerSession(1202547191)--Connection(102709691)--Thread(Thread[main,5,main])--connecting(DatabaseLogin(
	platform=>PostgreSQLPlatform
	user name=> "vsa"
	datasource URL=> "jdbc:postgresql://localhost:5432/vsa_pr2_xcickai1"
))
[EL Config]: connection: 2023-05-18 13:18:38.586--ServerSession(1202547191)--Connection(1403413933)--Thread(Thread[main,5,main])--Connected: jdbc:postgresql://localhost:5432/vsa_pr2_xcickai1
	User: vsa
	Database: PostgreSQL  Version: 15.2 (Debian 15.2-1.pgdg110+1)
	Driver: PostgreSQL JDBC Driver  Version: 42.5.4
[EL Fine]: connection: 2023-05-18 13:18:38.635--ServerSession(1202547191)--Thread(Thread[main,5,main])--/file:/tested--b-vsa-ls23-projekt-2/target/classes/_vsa-project-2 login successful
[EL Config]: metadata: 2023-05-18 13:18:38.653--Thread(Thread[main,5,main])--The default table generator could not locate or convert a java type (class auth.Permission) into a database type for database field (User_PERMISSIONS.PERMISSIONS). The generator uses "java.lang.String" as default java type for the field.
[EL Fine]: sql: 2023-05-18 13:18:38.655--ServerSession(1202547191)--Connection(1403413933)--Thread(Thread[main,5,main])--ALTER TABLE ZAVERECNAPRACA DROP CONSTRAINT FK_ZAVERECNAPRACA_SUPERVISOR_AISID
[EL Fine]: sql: 2023-05-18 13:18:38.669--ServerSession(1202547191)--Thread(Thread[main,5,main])--SELECT 1
[EL Warning]: 2023-05-18 13:18:38.68--ServerSession(1202547191)--Thread(Thread[main,5,main])--Exception [EclipseLink-4002] (Eclipse Persistence Services - 2.7.10.v20211216-fe64cd39c3): org.eclipse.persistence.exceptions.DatabaseException
Internal Exception: org.postgresql.util.PSQLException: ERROR: relation "zaverecnapraca" does not exist
Error Code: 0
Call: ALTER TABLE ZAVERECNAPRACA DROP CONSTRAINT FK_ZAVERECNAPRACA_SUPERVISOR_AISID
Query: DataModifyQuery(sql="ALTER TABLE ZAVERECNAPRACA DROP CONSTRAINT FK_ZAVERECNAPRACA_SUPERVISOR_AISID")
[EL Fine]: sql: 2023-05-18 13:18:38.682--ServerSession(1202547191)--Connection(1403413933)--Thread(Thread[main,5,main])--ALTER TABLE ZAVERECNAPRACA DROP CONSTRAINT FK_ZAVERECNAPRACA_AUTHOR_Id
[EL Fine]: sql: 2023-05-18 13:18:38.683--ServerSession(1202547191)--Thread(Thread[main,5,main])--SELECT 1
[EL Warning]: 2023-05-18 13:18:38.685--ServerSession(1202547191)--Thread(Thread[main,5,main])--Exception [EclipseLink-4002] (Eclipse Persistence Services - 2.7.10.v20211216-fe64cd39c3): org.eclipse.persistence.exceptions.DatabaseException
Internal Exception: org.postgresql.util.PSQLException: ERROR: relation "zaverecnapraca" does not exist
Error Code: 0
Call: ALTER TABLE ZAVERECNAPRACA DROP CONSTRAINT FK_ZAVERECNAPRACA_AUTHOR_Id
Query: DataModifyQuery(sql="ALTER TABLE ZAVERECNAPRACA DROP CONSTRAINT FK_ZAVERECNAPRACA_AUTHOR_Id")
[EL Fine]: sql: 2023-05-18 13:18:38.685--ServerSession(1202547191)--Connection(1403413933)--Thread(Thread[main,5,main])--ALTER TABLE User_PERMISSIONS DROP CONSTRAINT FK_User_PERMISSIONS_User_AISID
[EL Fine]: sql: 2023-05-18 13:18:38.686--ServerSession(1202547191)--Thread(Thread[main,5,main])--SELECT 1
[EL Warning]: 2023-05-18 13:18:38.686--ServerSession(1202547191)--Thread(Thread[main,5,main])--Exception [EclipseLink-4002] (Eclipse Persistence Services - 2.7.10.v20211216-fe64cd39c3): org.eclipse.persistence.exceptions.DatabaseException
Internal Exception: org.postgresql.util.PSQLException: ERROR: relation "user_permissions" does not exist
Error Code: 0
Call: ALTER TABLE User_PERMISSIONS DROP CONSTRAINT FK_User_PERMISSIONS_User_AISID
Query: DataModifyQuery(sql="ALTER TABLE User_PERMISSIONS DROP CONSTRAINT FK_User_PERMISSIONS_User_AISID")
[EL Fine]: sql: 2023-05-18 13:18:38.687--ServerSession(1202547191)--Connection(1403413933)--Thread(Thread[main,5,main])--DROP TABLE STUDENT CASCADE
[EL Fine]: sql: 2023-05-18 13:18:38.687--ServerSession(1202547191)--Thread(Thread[main,5,main])--SELECT 1
[EL Warning]: 2023-05-18 13:18:38.688--ServerSession(1202547191)--Thread(Thread[main,5,main])--Exception [EclipseLink-4002] (Eclipse Persistence Services - 2.7.10.v20211216-fe64cd39c3): org.eclipse.persistence.exceptions.DatabaseException
Internal Exception: org.postgresql.util.PSQLException: ERROR: table "student" does not exist
Error Code: 0
Call: DROP TABLE STUDENT CASCADE
Query: DataModifyQuery(sql="DROP TABLE STUDENT CASCADE")
[EL Fine]: sql: 2023-05-18 13:18:38.688--ServerSession(1202547191)--Connection(1403413933)--Thread(Thread[main,5,main])--DROP TABLE PEDAGOG CASCADE
[EL Fine]: sql: 2023-05-18 13:18:38.689--ServerSession(1202547191)--Thread(Thread[main,5,main])--SELECT 1
[EL Warning]: 2023-05-18 13:18:38.69--ServerSession(1202547191)--Thread(Thread[main,5,main])--Exception [EclipseLink-4002] (Eclipse Persistence Services - 2.7.10.v20211216-fe64cd39c3): org.eclipse.persistence.exceptions.DatabaseException
Internal Exception: org.postgresql.util.PSQLException: ERROR: table "pedagog" does not exist
Error Code: 0
Call: DROP TABLE PEDAGOG CASCADE
Query: DataModifyQuery(sql="DROP TABLE PEDAGOG CASCADE")
[EL Fine]: sql: 2023-05-18 13:18:38.69--ServerSession(1202547191)--Connection(1403413933)--Thread(Thread[main,5,main])--DROP TABLE ZAVERECNAPRACA CASCADE
[EL Fine]: sql: 2023-05-18 13:18:38.691--ServerSession(1202547191)--Thread(Thread[main,5,main])--SELECT 1
[EL Warning]: 2023-05-18 13:18:38.692--ServerSession(1202547191)--Thread(Thread[main,5,main])--Exception [EclipseLink-4002] (Eclipse Persistence Services - 2.7.10.v20211216-fe64cd39c3): org.eclipse.persistence.exceptions.DatabaseException
Internal Exception: org.postgresql.util.PSQLException: ERROR: table "zaverecnapraca" does not exist
Error Code: 0
Call: DROP TABLE ZAVERECNAPRACA CASCADE
Query: DataModifyQuery(sql="DROP TABLE ZAVERECNAPRACA CASCADE")
[EL Fine]: sql: 2023-05-18 13:18:38.692--ServerSession(1202547191)--Connection(1403413933)--Thread(Thread[main,5,main])--DROP TABLE vsa_user CASCADE
[EL Fine]: sql: 2023-05-18 13:18:38.692--ServerSession(1202547191)--Thread(Thread[main,5,main])--SELECT 1
[EL Warning]: 2023-05-18 13:18:38.693--ServerSession(1202547191)--Thread(Thread[main,5,main])--Exception [EclipseLink-4002] (Eclipse Persistence Services - 2.7.10.v20211216-fe64cd39c3): org.eclipse.persistence.exceptions.DatabaseException
Internal Exception: org.postgresql.util.PSQLException: ERROR: table "vsa_user" does not exist
Error Code: 0
Call: DROP TABLE vsa_user CASCADE
Query: DataModifyQuery(sql="DROP TABLE vsa_user CASCADE")
[EL Fine]: sql: 2023-05-18 13:18:38.693--ServerSession(1202547191)--Connection(1403413933)--Thread(Thread[main,5,main])--DROP TABLE THESISASSIGNMENTREQUEST CASCADE
[EL Fine]: sql: 2023-05-18 13:18:38.694--ServerSession(1202547191)--Thread(Thread[main,5,main])--SELECT 1
[EL Warning]: 2023-05-18 13:18:38.694--ServerSession(1202547191)--Thread(Thread[main,5,main])--Exception [EclipseLink-4002] (Eclipse Persistence Services - 2.7.10.v20211216-fe64cd39c3): org.eclipse.persistence.exceptions.DatabaseException
Internal Exception: org.postgresql.util.PSQLException: ERROR: table "thesisassignmentrequest" does not exist
Error Code: 0
Call: DROP TABLE THESISASSIGNMENTREQUEST CASCADE
Query: DataModifyQuery(sql="DROP TABLE THESISASSIGNMENTREQUEST CASCADE")
[EL Fine]: sql: 2023-05-18 13:18:38.694--ServerSession(1202547191)--Connection(1403413933)--Thread(Thread[main,5,main])--DROP TABLE User_PERMISSIONS CASCADE
[EL Fine]: sql: 2023-05-18 13:18:38.696--ServerSession(1202547191)--Thread(Thread[main,5,main])--SELECT 1
[EL Warning]: 2023-05-18 13:18:38.697--ServerSession(1202547191)--Thread(Thread[main,5,main])--Exception [EclipseLink-4002] (Eclipse Persistence Services - 2.7.10.v20211216-fe64cd39c3): org.eclipse.persistence.exceptions.DatabaseException
Internal Exception: org.postgresql.util.PSQLException: ERROR: table "user_permissions" does not exist
Error Code: 0
Call: DROP TABLE User_PERMISSIONS CASCADE
Query: DataModifyQuery(sql="DROP TABLE User_PERMISSIONS CASCADE")
[EL Fine]: sql: 2023-05-18 13:18:38.697--ServerSession(1202547191)--Connection(1403413933)--Thread(Thread[main,5,main])--DROP TABLE STUDENT CASCADE
[EL Fine]: sql: 2023-05-18 13:18:38.698--ServerSession(1202547191)--Thread(Thread[main,5,main])--SELECT 1
[EL Warning]: 2023-05-18 13:18:38.698--ServerSession(1202547191)--Thread(Thread[main,5,main])--Exception [EclipseLink-4002] (Eclipse Persistence Services - 2.7.10.v20211216-fe64cd39c3): org.eclipse.persistence.exceptions.DatabaseException
Internal Exception: org.postgresql.util.PSQLException: ERROR: table "student" does not exist
Error Code: 0
Call: DROP TABLE STUDENT CASCADE
Query: DataModifyQuery(sql="DROP TABLE STUDENT CASCADE")
[EL Fine]: sql: 2023-05-18 13:18:38.699--ServerSession(1202547191)--Connection(1403413933)--Thread(Thread[main,5,main])--DROP TABLE PEDAGOG CASCADE
[EL Fine]: sql: 2023-05-18 13:18:38.699--ServerSession(1202547191)--Thread(Thread[main,5,main])--SELECT 1
[EL Warning]: 2023-05-18 13:18:38.7--ServerSession(1202547191)--Thread(Thread[main,5,main])--Exception [EclipseLink-4002] (Eclipse Persistence Services - 2.7.10.v20211216-fe64cd39c3): org.eclipse.persistence.exceptions.DatabaseException
Internal Exception: org.postgresql.util.PSQLException: ERROR: table "pedagog" does not exist
Error Code: 0
Call: DROP TABLE PEDAGOG CASCADE
Query: DataModifyQuery(sql="DROP TABLE PEDAGOG CASCADE")
[EL Fine]: sql: 2023-05-18 13:18:38.7--ServerSession(1202547191)--Connection(1403413933)--Thread(Thread[main,5,main])--DROP TABLE ZAVERECNAPRACA CASCADE
[EL Fine]: sql: 2023-05-18 13:18:38.701--ServerSession(1202547191)--Thread(Thread[main,5,main])--SELECT 1
[EL Warning]: 2023-05-18 13:18:38.701--ServerSession(1202547191)--Thread(Thread[main,5,main])--Exception [EclipseLink-4002] (Eclipse Persistence Services - 2.7.10.v20211216-fe64cd39c3): org.eclipse.persistence.exceptions.DatabaseException
Internal Exception: org.postgresql.util.PSQLException: ERROR: table "zaverecnapraca" does not exist
Error Code: 0
Call: DROP TABLE ZAVERECNAPRACA CASCADE
Query: DataModifyQuery(sql="DROP TABLE ZAVERECNAPRACA CASCADE")
[EL Fine]: sql: 2023-05-18 13:18:38.701--ServerSession(1202547191)--Connection(1403413933)--Thread(Thread[main,5,main])--DROP TABLE vsa_user CASCADE
[EL Fine]: sql: 2023-05-18 13:18:38.702--ServerSession(1202547191)--Thread(Thread[main,5,main])--SELECT 1
[EL Warning]: 2023-05-18 13:18:38.703--ServerSession(1202547191)--Thread(Thread[main,5,main])--Exception [EclipseLink-4002] (Eclipse Persistence Services - 2.7.10.v20211216-fe64cd39c3): org.eclipse.persistence.exceptions.DatabaseException
Internal Exception: org.postgresql.util.PSQLException: ERROR: table "vsa_user" does not exist
Error Code: 0
Call: DROP TABLE vsa_user CASCADE
Query: DataModifyQuery(sql="DROP TABLE vsa_user CASCADE")
[EL Fine]: sql: 2023-05-18 13:18:38.703--ServerSession(1202547191)--Connection(1403413933)--Thread(Thread[main,5,main])--DROP TABLE THESISASSIGNMENTREQUEST CASCADE
[EL Fine]: sql: 2023-05-18 13:18:38.703--ServerSession(1202547191)--Thread(Thread[main,5,main])--SELECT 1
[EL Warning]: 2023-05-18 13:18:38.704--ServerSession(1202547191)--Thread(Thread[main,5,main])--Exception [EclipseLink-4002] (Eclipse Persistence Services - 2.7.10.v20211216-fe64cd39c3): org.eclipse.persistence.exceptions.DatabaseException
Internal Exception: org.postgresql.util.PSQLException: ERROR: table "thesisassignmentrequest" does not exist
Error Code: 0
Call: DROP TABLE THESISASSIGNMENTREQUEST CASCADE
Query: DataModifyQuery(sql="DROP TABLE THESISASSIGNMENTREQUEST CASCADE")
[EL Fine]: sql: 2023-05-18 13:18:38.704--ServerSession(1202547191)--Connection(1403413933)--Thread(Thread[main,5,main])--DROP TABLE User_PERMISSIONS CASCADE
[EL Fine]: sql: 2023-05-18 13:18:38.705--ServerSession(1202547191)--Thread(Thread[main,5,main])--SELECT 1
[EL Warning]: 2023-05-18 13:18:38.705--ServerSession(1202547191)--Thread(Thread[main,5,main])--Exception [EclipseLink-4002] (Eclipse Persistence Services - 2.7.10.v20211216-fe64cd39c3): org.eclipse.persistence.exceptions.DatabaseException
Internal Exception: org.postgresql.util.PSQLException: ERROR: table "user_permissions" does not exist
Error Code: 0
Call: DROP TABLE User_PERMISSIONS CASCADE
Query: DataModifyQuery(sql="DROP TABLE User_PERMISSIONS CASCADE")
[EL Fine]: sql: 2023-05-18 13:18:38.705--ServerSession(1202547191)--Connection(1403413933)--Thread(Thread[main,5,main])--DROP TABLE STUDENT CASCADE
[EL Fine]: sql: 2023-05-18 13:18:38.706--ServerSession(1202547191)--Thread(Thread[main,5,main])--SELECT 1
[EL Warning]: 2023-05-18 13:18:38.706--ServerSession(1202547191)--Thread(Thread[main,5,main])--Exception [EclipseLink-4002] (Eclipse Persistence Services - 2.7.10.v20211216-fe64cd39c3): org.eclipse.persistence.exceptions.DatabaseException
Internal Exception: org.postgresql.util.PSQLException: ERROR: table "student" does not exist
Error Code: 0
Call: DROP TABLE STUDENT CASCADE
Query: DataModifyQuery(sql="DROP TABLE STUDENT CASCADE")
[EL Fine]: sql: 2023-05-18 13:18:38.707--ServerSession(1202547191)--Connection(1403413933)--Thread(Thread[main,5,main])--DROP TABLE PEDAGOG CASCADE
[EL Fine]: sql: 2023-05-18 13:18:38.707--ServerSession(1202547191)--Thread(Thread[main,5,main])--SELECT 1
[EL Warning]: 2023-05-18 13:18:38.708--ServerSession(1202547191)--Thread(Thread[main,5,main])--Exception [EclipseLink-4002] (Eclipse Persistence Services - 2.7.10.v20211216-fe64cd39c3): org.eclipse.persistence.exceptions.DatabaseException
Internal Exception: org.postgresql.util.PSQLException: ERROR: table "pedagog" does not exist
Error Code: 0
Call: DROP TABLE PEDAGOG CASCADE
Query: DataModifyQuery(sql="DROP TABLE PEDAGOG CASCADE")
[EL Fine]: sql: 2023-05-18 13:18:38.708--ServerSession(1202547191)--Connection(1403413933)--Thread(Thread[main,5,main])--DROP TABLE ZAVERECNAPRACA CASCADE
[EL Fine]: sql: 2023-05-18 13:18:38.709--ServerSession(1202547191)--Thread(Thread[main,5,main])--SELECT 1
[EL Warning]: 2023-05-18 13:18:38.709--ServerSession(1202547191)--Thread(Thread[main,5,main])--Exception [EclipseLink-4002] (Eclipse Persistence Services - 2.7.10.v20211216-fe64cd39c3): org.eclipse.persistence.exceptions.DatabaseException
Internal Exception: org.postgresql.util.PSQLException: ERROR: table "zaverecnapraca" does not exist
Error Code: 0
Call: DROP TABLE ZAVERECNAPRACA CASCADE
Query: DataModifyQuery(sql="DROP TABLE ZAVERECNAPRACA CASCADE")
[EL Fine]: sql: 2023-05-18 13:18:38.709--ServerSession(1202547191)--Connection(1403413933)--Thread(Thread[main,5,main])--DROP TABLE vsa_user CASCADE
[EL Fine]: sql: 2023-05-18 13:18:38.71--ServerSession(1202547191)--Thread(Thread[main,5,main])--SELECT 1
[EL Warning]: 2023-05-18 13:18:38.711--ServerSession(1202547191)--Thread(Thread[main,5,main])--Exception [EclipseLink-4002] (Eclipse Persistence Services - 2.7.10.v20211216-fe64cd39c3): org.eclipse.persistence.exceptions.DatabaseException
Internal Exception: org.postgresql.util.PSQLException: ERROR: table "vsa_user" does not exist
Error Code: 0
Call: DROP TABLE vsa_user CASCADE
Query: DataModifyQuery(sql="DROP TABLE vsa_user CASCADE")
[EL Fine]: sql: 2023-05-18 13:18:38.711--ServerSession(1202547191)--Connection(1403413933)--Thread(Thread[main,5,main])--DROP TABLE THESISASSIGNMENTREQUEST CASCADE
[EL Fine]: sql: 2023-05-18 13:18:38.711--ServerSession(1202547191)--Thread(Thread[main,5,main])--SELECT 1
[EL Warning]: 2023-05-18 13:18:38.712--ServerSession(1202547191)--Thread(Thread[main,5,main])--Exception [EclipseLink-4002] (Eclipse Persistence Services - 2.7.10.v20211216-fe64cd39c3): org.eclipse.persistence.exceptions.DatabaseException
Internal Exception: org.postgresql.util.PSQLException: ERROR: table "thesisassignmentrequest" does not exist
Error Code: 0
Call: DROP TABLE THESISASSIGNMENTREQUEST CASCADE
Query: DataModifyQuery(sql="DROP TABLE THESISASSIGNMENTREQUEST CASCADE")
[EL Fine]: sql: 2023-05-18 13:18:38.712--ServerSession(1202547191)--Connection(1403413933)--Thread(Thread[main,5,main])--DROP TABLE User_PERMISSIONS CASCADE
[EL Fine]: sql: 2023-05-18 13:18:38.713--ServerSession(1202547191)--Thread(Thread[main,5,main])--SELECT 1
[EL Warning]: 2023-05-18 13:18:38.713--ServerSession(1202547191)--Thread(Thread[main,5,main])--Exception [EclipseLink-4002] (Eclipse Persistence Services - 2.7.10.v20211216-fe64cd39c3): org.eclipse.persistence.exceptions.DatabaseException
Internal Exception: org.postgresql.util.PSQLException: ERROR: table "user_permissions" does not exist
Error Code: 0
Call: DROP TABLE User_PERMISSIONS CASCADE
Query: DataModifyQuery(sql="DROP TABLE User_PERMISSIONS CASCADE")
[EL Fine]: sql: 2023-05-18 13:18:38.713--ServerSession(1202547191)--Connection(1403413933)--Thread(Thread[main,5,main])--DROP TABLE STUDENT CASCADE
[EL Fine]: sql: 2023-05-18 13:18:38.714--ServerSession(1202547191)--Thread(Thread[main,5,main])--SELECT 1
[EL Warning]: 2023-05-18 13:18:38.714--ServerSession(1202547191)--Thread(Thread[main,5,main])--Exception [EclipseLink-4002] (Eclipse Persistence Services - 2.7.10.v20211216-fe64cd39c3): org.eclipse.persistence.exceptions.DatabaseException
Internal Exception: org.postgresql.util.PSQLException: ERROR: table "student" does not exist
Error Code: 0
Call: DROP TABLE STUDENT CASCADE
Query: DataModifyQuery(sql="DROP TABLE STUDENT CASCADE")
[EL Fine]: sql: 2023-05-18 13:18:38.715--ServerSession(1202547191)--Connection(1403413933)--Thread(Thread[main,5,main])--DROP TABLE PEDAGOG CASCADE
[EL Fine]: sql: 2023-05-18 13:18:38.715--ServerSession(1202547191)--Thread(Thread[main,5,main])--SELECT 1
[EL Warning]: 2023-05-18 13:18:38.716--ServerSession(1202547191)--Thread(Thread[main,5,main])--Exception [EclipseLink-4002] (Eclipse Persistence Services - 2.7.10.v20211216-fe64cd39c3): org.eclipse.persistence.exceptions.DatabaseException
Internal Exception: org.postgresql.util.PSQLException: ERROR: table "pedagog" does not exist
Error Code: 0
Call: DROP TABLE PEDAGOG CASCADE
Query: DataModifyQuery(sql="DROP TABLE PEDAGOG CASCADE")
[EL Fine]: sql: 2023-05-18 13:18:38.716--ServerSession(1202547191)--Connection(1403413933)--Thread(Thread[main,5,main])--DROP TABLE ZAVERECNAPRACA CASCADE
[EL Fine]: sql: 2023-05-18 13:18:38.716--ServerSession(1202547191)--Thread(Thread[main,5,main])--SELECT 1
[EL Warning]: 2023-05-18 13:18:38.717--ServerSession(1202547191)--Thread(Thread[main,5,main])--Exception [EclipseLink-4002] (Eclipse Persistence Services - 2.7.10.v20211216-fe64cd39c3): org.eclipse.persistence.exceptions.DatabaseException
Internal Exception: org.postgresql.util.PSQLException: ERROR: table "zaverecnapraca" does not exist
Error Code: 0
Call: DROP TABLE ZAVERECNAPRACA CASCADE
Query: DataModifyQuery(sql="DROP TABLE ZAVERECNAPRACA CASCADE")
[EL Fine]: sql: 2023-05-18 13:18:38.717--ServerSession(1202547191)--Connection(1403413933)--Thread(Thread[main,5,main])--DROP TABLE vsa_user CASCADE
[EL Fine]: sql: 2023-05-18 13:18:38.718--ServerSession(1202547191)--Thread(Thread[main,5,main])--SELECT 1
[EL Warning]: 2023-05-18 13:18:38.718--ServerSession(1202547191)--Thread(Thread[main,5,main])--Exception [EclipseLink-4002] (Eclipse Persistence Services - 2.7.10.v20211216-fe64cd39c3): org.eclipse.persistence.exceptions.DatabaseException
Internal Exception: org.postgresql.util.PSQLException: ERROR: table "vsa_user" does not exist
Error Code: 0
Call: DROP TABLE vsa_user CASCADE
Query: DataModifyQuery(sql="DROP TABLE vsa_user CASCADE")
[EL Fine]: sql: 2023-05-18 13:18:38.718--ServerSession(1202547191)--Connection(1403413933)--Thread(Thread[main,5,main])--DROP TABLE THESISASSIGNMENTREQUEST CASCADE
[EL Fine]: sql: 2023-05-18 13:18:38.719--ServerSession(1202547191)--Thread(Thread[main,5,main])--SELECT 1
[EL Warning]: 2023-05-18 13:18:38.719--ServerSession(1202547191)--Thread(Thread[main,5,main])--Exception [EclipseLink-4002] (Eclipse Persistence Services - 2.7.10.v20211216-fe64cd39c3): org.eclipse.persistence.exceptions.DatabaseException
Internal Exception: org.postgresql.util.PSQLException: ERROR: table "thesisassignmentrequest" does not exist
Error Code: 0
Call: DROP TABLE THESISASSIGNMENTREQUEST CASCADE
Query: DataModifyQuery(sql="DROP TABLE THESISASSIGNMENTREQUEST CASCADE")
[EL Fine]: sql: 2023-05-18 13:18:38.72--ServerSession(1202547191)--Connection(1403413933)--Thread(Thread[main,5,main])--DROP TABLE User_PERMISSIONS CASCADE
[EL Fine]: sql: 2023-05-18 13:18:38.72--ServerSession(1202547191)--Thread(Thread[main,5,main])--SELECT 1
[EL Warning]: 2023-05-18 13:18:38.721--ServerSession(1202547191)--Thread(Thread[main,5,main])--Exception [EclipseLink-4002] (Eclipse Persistence Services - 2.7.10.v20211216-fe64cd39c3): org.eclipse.persistence.exceptions.DatabaseException
Internal Exception: org.postgresql.util.PSQLException: ERROR: table "user_permissions" does not exist
Error Code: 0
Call: DROP TABLE User_PERMISSIONS CASCADE
Query: DataModifyQuery(sql="DROP TABLE User_PERMISSIONS CASCADE")
[EL Fine]: sql: 2023-05-18 13:18:38.721--ServerSession(1202547191)--Connection(1403413933)--Thread(Thread[main,5,main])--DROP TABLE STUDENT CASCADE
[EL Fine]: sql: 2023-05-18 13:18:38.721--ServerSession(1202547191)--Thread(Thread[main,5,main])--SELECT 1
[EL Warning]: 2023-05-18 13:18:38.722--ServerSession(1202547191)--Thread(Thread[main,5,main])--Exception [EclipseLink-4002] (Eclipse Persistence Services - 2.7.10.v20211216-fe64cd39c3): org.eclipse.persistence.exceptions.DatabaseException
Internal Exception: org.postgresql.util.PSQLException: ERROR: table "student" does not exist
Error Code: 0
Call: DROP TABLE STUDENT CASCADE
Query: DataModifyQuery(sql="DROP TABLE STUDENT CASCADE")
[EL Fine]: sql: 2023-05-18 13:18:38.722--ServerSession(1202547191)--Connection(1403413933)--Thread(Thread[main,5,main])--DROP TABLE PEDAGOG CASCADE
[EL Fine]: sql: 2023-05-18 13:18:38.723--ServerSession(1202547191)--Thread(Thread[main,5,main])--SELECT 1
[EL Warning]: 2023-05-18 13:18:38.723--ServerSession(1202547191)--Thread(Thread[main,5,main])--Exception [EclipseLink-4002] (Eclipse Persistence Services - 2.7.10.v20211216-fe64cd39c3): org.eclipse.persistence.exceptions.DatabaseException
Internal Exception: org.postgresql.util.PSQLException: ERROR: table "pedagog" does not exist
Error Code: 0
Call: DROP TABLE PEDAGOG CASCADE
Query: DataModifyQuery(sql="DROP TABLE PEDAGOG CASCADE")
[EL Fine]: sql: 2023-05-18 13:18:38.723--ServerSession(1202547191)--Connection(1403413933)--Thread(Thread[main,5,main])--DROP TABLE ZAVERECNAPRACA CASCADE
[EL Fine]: sql: 2023-05-18 13:18:38.724--ServerSession(1202547191)--Thread(Thread[main,5,main])--SELECT 1
[EL Warning]: 2023-05-18 13:18:38.724--ServerSession(1202547191)--Thread(Thread[main,5,main])--Exception [EclipseLink-4002] (Eclipse Persistence Services - 2.7.10.v20211216-fe64cd39c3): org.eclipse.persistence.exceptions.DatabaseException
Internal Exception: org.postgresql.util.PSQLException: ERROR: table "zaverecnapraca" does not exist
Error Code: 0
Call: DROP TABLE ZAVERECNAPRACA CASCADE
Query: DataModifyQuery(sql="DROP TABLE ZAVERECNAPRACA CASCADE")
[EL Fine]: sql: 2023-05-18 13:18:38.724--ServerSession(1202547191)--Connection(1403413933)--Thread(Thread[main,5,main])--DROP TABLE vsa_user CASCADE
[EL Fine]: sql: 2023-05-18 13:18:38.725--ServerSession(1202547191)--Thread(Thread[main,5,main])--SELECT 1
[EL Warning]: 2023-05-18 13:18:38.725--ServerSession(1202547191)--Thread(Thread[main,5,main])--Exception [EclipseLink-4002] (Eclipse Persistence Services - 2.7.10.v20211216-fe64cd39c3): org.eclipse.persistence.exceptions.DatabaseException
Internal Exception: org.postgresql.util.PSQLException: ERROR: table "vsa_user" does not exist
Error Code: 0
Call: DROP TABLE vsa_user CASCADE
Query: DataModifyQuery(sql="DROP TABLE vsa_user CASCADE")
[EL Fine]: sql: 2023-05-18 13:18:38.726--ServerSession(1202547191)--Connection(1403413933)--Thread(Thread[main,5,main])--DROP TABLE THESISASSIGNMENTREQUEST CASCADE
[EL Fine]: sql: 2023-05-18 13:18:38.727--ServerSession(1202547191)--Thread(Thread[main,5,main])--SELECT 1
[EL Warning]: 2023-05-18 13:18:38.728--ServerSession(1202547191)--Thread(Thread[main,5,main])--Exception [EclipseLink-4002] (Eclipse Persistence Services - 2.7.10.v20211216-fe64cd39c3): org.eclipse.persistence.exceptions.DatabaseException
Internal Exception: org.postgresql.util.PSQLException: ERROR: table "thesisassignmentrequest" does not exist
Error Code: 0
Call: DROP TABLE THESISASSIGNMENTREQUEST CASCADE
Query: DataModifyQuery(sql="DROP TABLE THESISASSIGNMENTREQUEST CASCADE")
[EL Fine]: sql: 2023-05-18 13:18:38.728--ServerSession(1202547191)--Connection(1403413933)--Thread(Thread[main,5,main])--DROP TABLE User_PERMISSIONS CASCADE
[EL Fine]: sql: 2023-05-18 13:18:38.729--ServerSession(1202547191)--Thread(Thread[main,5,main])--SELECT 1
[EL Warning]: 2023-05-18 13:18:38.729--ServerSession(1202547191)--Thread(Thread[main,5,main])--Exception [EclipseLink-4002] (Eclipse Persistence Services - 2.7.10.v20211216-fe64cd39c3): org.eclipse.persistence.exceptions.DatabaseException
Internal Exception: org.postgresql.util.PSQLException: ERROR: table "user_permissions" does not exist
Error Code: 0
Call: DROP TABLE User_PERMISSIONS CASCADE
Query: DataModifyQuery(sql="DROP TABLE User_PERMISSIONS CASCADE")
[EL Fine]: sql: 2023-05-18 13:18:38.733--ServerSession(1202547191)--Connection(1403413933)--Thread(Thread[main,5,main])--DELETE FROM SEQUENCE WHERE SEQ_NAME = 'SEQ_GEN'
[EL Fine]: sql: 2023-05-18 13:18:38.734--ServerSession(1202547191)--Thread(Thread[main,5,main])--SELECT 1
[EL Warning]: 2023-05-18 13:18:38.734--ServerSession(1202547191)--Thread(Thread[main,5,main])--Exception [EclipseLink-4002] (Eclipse Persistence Services - 2.7.10.v20211216-fe64cd39c3): org.eclipse.persistence.exceptions.DatabaseException
Internal Exception: org.postgresql.util.PSQLException: ERROR: relation "sequence" does not exist
  Position: 13
Error Code: 0
Call: DELETE FROM SEQUENCE WHERE SEQ_NAME = 'SEQ_GEN'
Query: DataModifyQuery(sql="DELETE FROM SEQUENCE WHERE SEQ_NAME = 'SEQ_GEN'")
[EL Config]: metadata: 2023-05-18 13:18:38.735--Thread(Thread[main,5,main])--The default table generator could not locate or convert a java type (class auth.Permission) into a database type for database field (User_PERMISSIONS.PERMISSIONS). The generator uses "java.lang.String" as default java type for the field.
[EL Fine]: sql: 2023-05-18 13:18:38.736--ServerSession(1202547191)--Connection(1403413933)--Thread(Thread[main,5,main])--CREATE TABLE STUDENT (Id BIGINT NOT NULL, EMAIL VARCHAR(255) UNIQUE, NAME VARCHAR(255), PASSWORD VARCHAR(255), program VARCHAR(255), TERM INTEGER, study_year INTEGER, PRIMARY KEY (Id))
[EL Fine]: sql: 2023-05-18 13:18:38.763--ServerSession(1202547191)--Connection(1403413933)--Thread(Thread[main,5,main])--CREATE TABLE PEDAGOG (AISID BIGINT NOT NULL, DEPARTMENT VARCHAR(255), EMAIL VARCHAR(255) UNIQUE, INSTITUTE VARCHAR(255), NAME VARCHAR(255), PASSWORD VARCHAR(255), PRIMARY KEY (AISID))
[EL Fine]: sql: 2023-05-18 13:18:38.781--ServerSession(1202547191)--Connection(1403413933)--Thread(Thread[main,5,main])--CREATE TABLE ZAVERECNAPRACA (ID BIGINT NOT NULL, DEADLINE DATE, DEPARTMENT VARCHAR(255), DESCRIPTION VARCHAR(255), PUBLISHEDON DATE, REGISTRATIONNUMBER VARCHAR(255) UNIQUE, STATUS VARCHAR(255), TITLE VARCHAR(255), TYPE VARCHAR(255), SUPERVISOR_AISID BIGINT, AUTHOR_Id BIGINT, PRIMARY KEY (ID))
[EL Fine]: sql: 2023-05-18 13:18:38.796--ServerSession(1202547191)--Connection(1403413933)--Thread(Thread[main,5,main])--CREATE TABLE vsa_user (AISID BIGINT NOT NULL, PASSWORD VARCHAR(255), USERNAME VARCHAR(255), PRIMARY KEY (AISID))
[EL Fine]: sql: 2023-05-18 13:18:38.809--ServerSession(1202547191)--Connection(1403413933)--Thread(Thread[main,5,main])--CREATE TABLE THESISASSIGNMENTREQUEST (ID BIGINT NOT NULL, STUDENTID BIGINT, TEACHERID BIGINT, PRIMARY KEY (ID))
[EL Fine]: sql: 2023-05-18 13:18:38.818--ServerSession(1202547191)--Connection(1403413933)--Thread(Thread[main,5,main])--CREATE TABLE User_PERMISSIONS (User_AISID BIGINT, PERMISSIONS VARCHAR(255))
[EL Fine]: sql: 2023-05-18 13:18:38.821--ServerSession(1202547191)--Connection(1403413933)--Thread(Thread[main,5,main])--ALTER TABLE ZAVERECNAPRACA ADD CONSTRAINT FK_ZAVERECNAPRACA_SUPERVISOR_AISID FOREIGN KEY (SUPERVISOR_AISID) REFERENCES PEDAGOG (AISID)
[EL Fine]: sql: 2023-05-18 13:18:38.824--ServerSession(1202547191)--Connection(1403413933)--Thread(Thread[main,5,main])--ALTER TABLE ZAVERECNAPRACA ADD CONSTRAINT FK_ZAVERECNAPRACA_AUTHOR_Id FOREIGN KEY (AUTHOR_Id) REFERENCES STUDENT (Id)
[EL Fine]: sql: 2023-05-18 13:18:38.827--ServerSession(1202547191)--Connection(1403413933)--Thread(Thread[main,5,main])--ALTER TABLE User_PERMISSIONS ADD CONSTRAINT FK_User_PERMISSIONS_User_AISID FOREIGN KEY (User_AISID) REFERENCES vsa_user (AISID)
[EL Fine]: sql: 2023-05-18 13:18:38.83--ServerSession(1202547191)--Connection(1403413933)--Thread(Thread[main,5,main])--CREATE TABLE SEQUENCE (SEQ_NAME VARCHAR(50) NOT NULL, SEQ_COUNT DECIMAL(38), PRIMARY KEY (SEQ_NAME))
[EL Fine]: sql: 2023-05-18 13:18:38.837--ServerSession(1202547191)--Connection(1403413933)--Thread(Thread[main,5,main])--SELECT * FROM SEQUENCE WHERE SEQ_NAME = 'SEQ_GEN'
[EL Fine]: sql: 2023-05-18 13:18:38.839--ServerSession(1202547191)--Connection(1403413933)--Thread(Thread[main,5,main])--INSERT INTO SEQUENCE(SEQ_NAME, SEQ_COUNT) values ('SEQ_GEN', 0)
[EL Fine]: sql: 2023-05-18 13:18:39.376--ServerSession(1202547191)--Connection(1403413933)--Thread(Thread[grizzly-http-server-0,5,main])--SELECT Id, EMAIL, NAME, PASSWORD, program, TERM, study_year FROM STUDENT WHERE (EMAIL = ?)
	bind => [xstudent@stuba.sk]
[EL Fine]: sql: 2023-05-18 13:18:39.386--ClientSession(1848139183)--Connection(1403413933)--Thread(Thread[grizzly-http-server-0,5,main])--INSERT INTO STUDENT (Id, EMAIL, NAME, PASSWORD, program, TERM, study_year) VALUES (?, ?, ?, ?, ?, ?, ?)
	bind => [70127, xstudent@stuba.sk, Test Student, null, null, null, null]
[EL Fine]: sql: 2023-05-18 13:18:40.124--ClientSession(1929666266)--Connection(1403413933)--Thread(Thread[grizzly-http-server-0,5,main])--INSERT INTO vsa_user (AISID, PASSWORD, USERNAME) VALUES (?, ?, ?)
	bind => [70127, $2a$13$AqdvKhurIvaA6G3MlzuXz.i9RF8RaD1teXjt3DF4klEJFLyLWn8lW, xstudent@stuba.sk]
[EL Fine]: sql: 2023-05-18 13:18:40.126--ClientSession(1929666266)--Connection(1403413933)--Thread(Thread[grizzly-http-server-0,5,main])--INSERT INTO User_PERMISSIONS (User_AISID, PERMISSIONS) VALUES (?, ?)
	bind => [70127, 0]
[EL Fine]: sql: 2023-05-18 13:18:40.71--ClientSession(729649815)--Connection(1403413933)--Thread(Thread[grizzly-http-server-0,5,main])--UPDATE STUDENT SET PASSWORD = ?, program = ?, TERM = ?, study_year = ? WHERE (Id = ?)
	bind => [$2a$13$2DNsHEzd0k4tLly8A1HCSeVEQrhMqzRd6aSY3m1rv503rP6pF9WdO, API, 18, 8, 70127]
2023-05-18 13:18:40.884  INFO --- [y-http-server-1] .s.f.u.v.p.JAXRSApplicationConfiguration : Recieved credentials: xstudent@stuba.sk, password
[EL Fine]: sql: 2023-05-18 13:18:40.885--ServerSession(1202547191)--Connection(1403413933)--Thread(Thread[grizzly-http-server-1,5,main])--SELECT AISID, PASSWORD, USERNAME FROM vsa_user WHERE (USERNAME = ?)
	bind => [xstudent@stuba.sk]
]]></system-out>
    <system-err><![CDATA[May 18, 2023 1:18:37 PM org.glassfish.grizzly.http.server.NetworkListener start
INFO: Started listener bound to [docker-desktop:8080]
May 18, 2023 1:18:37 PM org.glassfish.grizzly.http.server.HttpServer start
INFO: [HttpServer-1] Started.
]]></system-err>
  </testcase>
  <testcase name="shouldCreateStudent" classname="sk.stuba.fei.uim.vsa.pr2.StudentResourceTest" time="1.097"/>
  <testcase name="shouldReturnUnauthorized" classname="sk.stuba.fei.uim.vsa.pr2.StudentResourceTest" time="0.093">
    <failure message="expected: &lt;true&gt; but was: &lt;false&gt;" type="org.opentest4j.AssertionFailedError"><![CDATA[org.opentest4j.AssertionFailedError: expected: <true> but was: <false>
	at sk.stuba.fei.uim.vsa.pr2.StudentResourceTest.shouldReturnUnauthorized(StudentResourceTest.java:113)
]]></failure>
  </testcase>
  <testcase name="shouldReturnForbiddenToDeleteWithWrongStudent" classname="sk.stuba.fei.uim.vsa.pr2.StudentResourceTest" time="2.63">
    <failure message="expected: &lt;true&gt; but was: &lt;false&gt;" type="org.opentest4j.AssertionFailedError"><![CDATA[org.opentest4j.AssertionFailedError: expected: <true> but was: <false>
	at sk.stuba.fei.uim.vsa.pr2.StudentResourceTest.shouldReturnForbiddenToDeleteWithWrongStudent(StudentResourceTest.java:225)
]]></failure>
    <system-out><![CDATA[[EL Fine]: sql: 2023-05-18 13:18:42.728--ServerSession(1202547191)--Connection(1403413933)--Thread(Thread[grizzly-http-server-4,5,main])--SELECT Id, EMAIL, NAME, PASSWORD, program, TERM, study_year FROM STUDENT WHERE (EMAIL = ?)
	bind => [xstudent@stuba.sk]
[EL Fine]: sql: 2023-05-18 13:18:42.729--ClientSession(799487019)--Connection(1403413933)--Thread(Thread[grizzly-http-server-4,5,main])--INSERT INTO STUDENT (Id, EMAIL, NAME, PASSWORD, program, TERM, study_year) VALUES (?, ?, ?, ?, ?, ?, ?)
	bind => [70127, xstudent@stuba.sk, Test Student, null, null, null, null]
[EL Fine]: sql: 2023-05-18 13:18:43.211--ClientSession(582211509)--Connection(1403413933)--Thread(Thread[grizzly-http-server-4,5,main])--INSERT INTO vsa_user (AISID, PASSWORD, USERNAME) VALUES (?, ?, ?)
	bind => [70127, $2a$13$yJwMa1vQ3iao0PZyVGYAv.HFX3ym14j8isQqSoBw8KJgtTWHANYBW, xstudent@stuba.sk]
[EL Fine]: sql: 2023-05-18 13:18:43.212--ClientSession(582211509)--Connection(1403413933)--Thread(Thread[grizzly-http-server-4,5,main])--INSERT INTO User_PERMISSIONS (User_AISID, PERMISSIONS) VALUES (?, ?)
	bind => [70127, 0]
[EL Fine]: sql: 2023-05-18 13:18:43.709--ClientSession(687339375)--Connection(1403413933)--Thread(Thread[grizzly-http-server-4,5,main])--UPDATE STUDENT SET PASSWORD = ?, program = ?, TERM = ?, study_year = ? WHERE (Id = ?)
	bind => [$2a$13$Ki4WIeZYHWFN3yprU1lsqelzpdkUdBnnFRKBOov/cg68xq1/TpyyW, API, 18, 8, 70127]
[EL Fine]: sql: 2023-05-18 13:18:43.725--ServerSession(1202547191)--Connection(1403413933)--Thread(Thread[grizzly-http-server-5,5,main])--SELECT Id, EMAIL, NAME, PASSWORD, program, TERM, study_year FROM STUDENT WHERE (EMAIL = ?)
	bind => [xstu@stuba.sk]
[EL Fine]: sql: 2023-05-18 13:18:43.726--ClientSession(385569275)--Connection(1403413933)--Thread(Thread[grizzly-http-server-5,5,main])--INSERT INTO STUDENT (Id, EMAIL, NAME, PASSWORD, program, TERM, study_year) VALUES (?, ?, ?, ?, ?, ?, ?)
	bind => [81230, xstu@stuba.sk, Testovaci Studenttt, null, null, null, null]
[EL Fine]: sql: 2023-05-18 13:18:44.226--ClientSession(1103616385)--Connection(1403413933)--Thread(Thread[grizzly-http-server-5,5,main])--INSERT INTO vsa_user (AISID, PASSWORD, USERNAME) VALUES (?, ?, ?)
	bind => [81230, $2a$13$GYTjcCBDqCkwUC6lypRnROHEZUw1M/6BJP8ET6Vxy4kZm4j6vdV1u, xstu@stuba.sk]
[EL Fine]: sql: 2023-05-18 13:18:44.227--ClientSession(1103616385)--Connection(1403413933)--Thread(Thread[grizzly-http-server-5,5,main])--INSERT INTO User_PERMISSIONS (User_AISID, PERMISSIONS) VALUES (?, ?)
	bind => [81230, 0]
[EL Fine]: sql: 2023-05-18 13:18:44.716--ClientSession(1226826389)--Connection(1403413933)--Thread(Thread[grizzly-http-server-5,5,main])--UPDATE STUDENT SET PASSWORD = ?, program = ?, TERM = ?, study_year = ? WHERE (Id = ?)
	bind => [$2a$13$F2fI.WwdmMS3Got0.n3RNutr7vCXoKLVRsjapHUCvfwYtOB7U7xS6, B-API, 6, 3, 81230]
2023-05-18 13:18:44.732  INFO --- [y-http-server-6] .s.f.u.v.p.JAXRSApplicationConfiguration : Recieved credentials: xstu@stuba.sk, password
[EL Fine]: sql: 2023-05-18 13:18:44.733--ServerSession(1202547191)--Connection(1403413933)--Thread(Thread[grizzly-http-server-6,5,main])--SELECT AISID, PASSWORD, USERNAME FROM vsa_user WHERE (USERNAME = ?)
	bind => [xstu@stuba.sk]
]]></system-out>
  </testcase>
  <testcase name="shouldGetAllStudents" classname="sk.stuba.fei.uim.vsa.pr2.StudentResourceTest" time="2.645">
    <failure message="expected: &lt;200&gt; but was: &lt;401&gt;" type="org.opentest4j.AssertionFailedError"><![CDATA[org.opentest4j.AssertionFailedError: expected: <200> but was: <401>
	at sk.stuba.fei.uim.vsa.pr2.StudentResourceTest.shouldGetAllStudents(StudentResourceTest.java:94)
]]></failure>
    <system-out><![CDATA[[EL Fine]: sql: 2023-05-18 13:18:45.368--ServerSession(1202547191)--Connection(1403413933)--Thread(Thread[grizzly-http-server-7,5,main])--SELECT Id, EMAIL, NAME, PASSWORD, program, TERM, study_year FROM STUDENT WHERE (EMAIL = ?)
	bind => [xstudent@stuba.sk]
[EL Fine]: sql: 2023-05-18 13:18:45.369--ClientSession(794308568)--Connection(1403413933)--Thread(Thread[grizzly-http-server-7,5,main])--INSERT INTO STUDENT (Id, EMAIL, NAME, PASSWORD, program, TERM, study_year) VALUES (?, ?, ?, ?, ?, ?, ?)
	bind => [70127, xstudent@stuba.sk, Test Student, null, null, null, null]
[EL Fine]: sql: 2023-05-18 13:18:45.873--ClientSession(960576555)--Connection(1403413933)--Thread(Thread[grizzly-http-server-7,5,main])--INSERT INTO vsa_user (AISID, PASSWORD, USERNAME) VALUES (?, ?, ?)
	bind => [70127, $2a$13$t5Akr2fFWbHTEFIwJID33.y6S4HBhdbOEjwG378DorJYVS.um7y.K, xstudent@stuba.sk]
[EL Fine]: sql: 2023-05-18 13:18:45.874--ClientSession(960576555)--Connection(1403413933)--Thread(Thread[grizzly-http-server-7,5,main])--INSERT INTO User_PERMISSIONS (User_AISID, PERMISSIONS) VALUES (?, ?)
	bind => [70127, 0]
[EL Fine]: sql: 2023-05-18 13:18:46.378--ClientSession(836651433)--Connection(1403413933)--Thread(Thread[grizzly-http-server-7,5,main])--UPDATE STUDENT SET PASSWORD = ?, program = ?, TERM = ?, study_year = ? WHERE (Id = ?)
	bind => [$2a$13$D047JsZT4djC7qHLyAlRWuU2YXsH3bWYOlLNyeB7J9vjoIhXhfdfa, API, 18, 8, 70127]
[EL Fine]: sql: 2023-05-18 13:18:46.395--ServerSession(1202547191)--Connection(1403413933)--Thread(Thread[grizzly-http-server-8,5,main])--SELECT Id, EMAIL, NAME, PASSWORD, program, TERM, study_year FROM STUDENT WHERE (EMAIL = ?)
	bind => [xstu@stuba.sk]
[EL Fine]: sql: 2023-05-18 13:18:46.396--ClientSession(957026946)--Connection(1403413933)--Thread(Thread[grizzly-http-server-8,5,main])--INSERT INTO STUDENT (Id, EMAIL, NAME, PASSWORD, program, TERM, study_year) VALUES (?, ?, ?, ?, ?, ?, ?)
	bind => [81230, xstu@stuba.sk, Testovaci Studenttt, null, null, null, null]
[EL Fine]: sql: 2023-05-18 13:18:46.896--ClientSession(402604208)--Connection(1403413933)--Thread(Thread[grizzly-http-server-8,5,main])--INSERT INTO vsa_user (AISID, PASSWORD, USERNAME) VALUES (?, ?, ?)
	bind => [81230, $2a$13$gJPlEBsU0RhyeWD9N3SjvurXNu03EBZDfVTP.SNb.ci0FVxmGJ46i, xstu@stuba.sk]
[EL Fine]: sql: 2023-05-18 13:18:46.897--ClientSession(402604208)--Connection(1403413933)--Thread(Thread[grizzly-http-server-8,5,main])--INSERT INTO User_PERMISSIONS (User_AISID, PERMISSIONS) VALUES (?, ?)
	bind => [81230, 0]
[EL Fine]: sql: 2023-05-18 13:18:47.396--ClientSession(29358218)--Connection(1403413933)--Thread(Thread[grizzly-http-server-8,5,main])--UPDATE STUDENT SET PASSWORD = ?, program = ?, TERM = ?, study_year = ? WHERE (Id = ?)
	bind => [$2a$13$wl0.aGeWleoBsSkwPTsK2.wxdCCWDTZRjwqEUEzJT0xlg8CyPCfSK, B-API, 6, 3, 81230]
2023-05-18 13:18:47.411  INFO --- [y-http-server-9] .s.f.u.v.p.JAXRSApplicationConfiguration : Recieved credentials: xstudent@stuba.sk, password
[EL Fine]: sql: 2023-05-18 13:18:47.412--ServerSession(1202547191)--Connection(1403413933)--Thread(Thread[grizzly-http-server-9,5,main])--SELECT AISID, PASSWORD, USERNAME FROM vsa_user WHERE (USERNAME = ?)
	bind => [xstudent@stuba.sk]
]]></system-out>
  </testcase>
  <testcase name="shouldCreateStudentWithOnlyRequiredProperties" classname="sk.stuba.fei.uim.vsa.pr2.StudentResourceTest" time="1.106"/>
  <testcase name="shouldGetEmptyList" classname="sk.stuba.fei.uim.vsa.pr2.StudentResourceTest" time="1.136">
    <failure message="expected: &lt;200&gt; but was: &lt;401&gt;" type="org.opentest4j.AssertionFailedError"><![CDATA[org.opentest4j.AssertionFailedError: expected: <200> but was: <401>
	at sk.stuba.fei.uim.vsa.pr2.StudentResourceTest.shouldGetEmptyList(StudentResourceTest.java:126)
]]></failure>
    <system-out><![CDATA[[EL Fine]: sql: 2023-05-18 13:18:49.104--ServerSession(1202547191)--Connection(1403413933)--Thread(Thread[grizzly-http-server-11,5,main])--SELECT AISID, DEPARTMENT, EMAIL, INSTITUTE, NAME, PASSWORD FROM PEDAGOG WHERE (EMAIL = ?)
	bind => [ucitel.test@stuba.sk]
[EL Fine]: sql: 2023-05-18 13:18:49.106--ClientSession(1748444112)--Connection(1403413933)--Thread(Thread[grizzly-http-server-11,5,main])--INSERT INTO PEDAGOG (AISID, DEPARTMENT, EMAIL, INSTITUTE, NAME, PASSWORD) VALUES (?, ?, ?, ?, ?, ?)
	bind => [45678, null, ucitel.test@stuba.sk, SI, Testovaci ucitel, null]
[EL Fine]: sql: 2023-05-18 13:18:49.607--ClientSession(325273568)--Connection(1403413933)--Thread(Thread[grizzly-http-server-11,5,main])--INSERT INTO vsa_user (AISID, PASSWORD, USERNAME) VALUES (?, ?, ?)
	bind => [45678, $2a$13$6rGI.HabRkY14FTiU1sazeQY7PO7fR18ULzBoL3zeBqGQ1y09bJ5q, ucitel.test@stuba.sk]
[EL Fine]: sql: 2023-05-18 13:18:49.609--ClientSession(325273568)--Connection(1403413933)--Thread(Thread[grizzly-http-server-11,5,main])--INSERT INTO User_PERMISSIONS (User_AISID, PERMISSIONS) VALUES (?, ?)
	bind => [45678, 1]
[EL Fine]: sql: 2023-05-18 13:18:49.617--ClientSession(1499753733)--Connection(1403413933)--Thread(Thread[grizzly-http-server-11,5,main])--UPDATE PEDAGOG SET DEPARTMENT = ?, INSTITUTE = ? WHERE (AISID = ?)
	bind => [SI, UIM, 45678]
2023-05-18 13:18:49.639  INFO --- [-http-server-12] .s.f.u.v.p.JAXRSApplicationConfiguration : Recieved credentials: ucitel.test@stuba.sk, password
[EL Fine]: sql: 2023-05-18 13:18:49.639--ServerSession(1202547191)--Connection(1403413933)--Thread(Thread[grizzly-http-server-12,5,main])--SELECT AISID, PASSWORD, USERNAME FROM vsa_user WHERE (USERNAME = ?)
	bind => [ucitel.test@stuba.sk]
]]></system-out>
  </testcase>
  <testcase name="shouldCallWithoutBodyAndReturnError" classname="sk.stuba.fei.uim.vsa.pr2.StudentResourceTest" time="0.087"/>
  <testcase name="shouldDeleteStudent" classname="sk.stuba.fei.uim.vsa.pr2.StudentResourceTest" time="1.614">
    <failure message="expected: &lt;200&gt; but was: &lt;401&gt;" type="org.opentest4j.AssertionFailedError"><![CDATA[org.opentest4j.AssertionFailedError: expected: <200> but was: <401>
	at sk.stuba.fei.uim.vsa.pr2.StudentResourceTest.shouldDeleteStudent(StudentResourceTest.java:181)
]]></failure>
    <system-out><![CDATA[[EL Fine]: sql: 2023-05-18 13:18:50.339--ServerSession(1202547191)--Connection(1403413933)--Thread(Thread[grizzly-http-server-14,5,main])--SELECT Id, EMAIL, NAME, PASSWORD, program, TERM, study_year FROM STUDENT WHERE (EMAIL = ?)
	bind => [xstudent@stuba.sk]
[EL Fine]: sql: 2023-05-18 13:18:50.341--ClientSession(1085838079)--Connection(1403413933)--Thread(Thread[grizzly-http-server-14,5,main])--INSERT INTO STUDENT (Id, EMAIL, NAME, PASSWORD, program, TERM, study_year) VALUES (?, ?, ?, ?, ?, ?, ?)
	bind => [70127, xstudent@stuba.sk, Test Student, null, null, null, null]
[EL Fine]: sql: 2023-05-18 13:18:50.832--ClientSession(1595361034)--Connection(1403413933)--Thread(Thread[grizzly-http-server-14,5,main])--INSERT INTO vsa_user (AISID, PASSWORD, USERNAME) VALUES (?, ?, ?)
	bind => [70127, $2a$13$QFPXov9boJVRE3uWh8Zqv.Ee8P7Gj0x.2NzB2WWQAm/zg/zbaFPmu, xstudent@stuba.sk]
[EL Fine]: sql: 2023-05-18 13:18:50.833--ClientSession(1595361034)--Connection(1403413933)--Thread(Thread[grizzly-http-server-14,5,main])--INSERT INTO User_PERMISSIONS (User_AISID, PERMISSIONS) VALUES (?, ?)
	bind => [70127, 0]
[EL Fine]: sql: 2023-05-18 13:18:51.341--ClientSession(765235783)--Connection(1403413933)--Thread(Thread[grizzly-http-server-14,5,main])--UPDATE STUDENT SET PASSWORD = ?, program = ?, TERM = ?, study_year = ? WHERE (Id = ?)
	bind => [$2a$13$DAGDcp.gaoGt9zqjIlPdIu/SuTPuZWh/OwX0iTOQEjDmyIpbefhQK, API, 18, 8, 70127]
2023-05-18 13:18:51.357  INFO --- [-http-server-15] .s.f.u.v.p.JAXRSApplicationConfiguration : Recieved credentials: xstudent@stuba.sk, password
[EL Fine]: sql: 2023-05-18 13:18:51.357--ServerSession(1202547191)--Connection(1403413933)--Thread(Thread[grizzly-http-server-15,5,main])--SELECT AISID, PASSWORD, USERNAME FROM vsa_user WHERE (USERNAME = ?)
	bind => [xstudent@stuba.sk]
]]></system-out>
  </testcase>
  <testcase name="shouldGetStudent" classname="sk.stuba.fei.uim.vsa.pr2.StudentResourceTest" time="1.63">
    <failure message="expected: &lt;200&gt; but was: &lt;401&gt;" type="org.opentest4j.AssertionFailedError"><![CDATA[org.opentest4j.AssertionFailedError: expected: <200> but was: <401>
	at sk.stuba.fei.uim.vsa.pr2.StudentResourceTest.shouldGetStudent(StudentResourceTest.java:145)
]]></failure>
    <system-out><![CDATA[[EL Fine]: sql: 2023-05-18 13:18:51.959--ServerSession(1202547191)--Connection(1403413933)--Thread(Thread[grizzly-http-server-16,5,main])--SELECT Id, EMAIL, NAME, PASSWORD, program, TERM, study_year FROM STUDENT WHERE (EMAIL = ?)
	bind => [xstudent@stuba.sk]
[EL Fine]: sql: 2023-05-18 13:18:51.959--ClientSession(2004712243)--Connection(1403413933)--Thread(Thread[grizzly-http-server-16,5,main])--INSERT INTO STUDENT (Id, EMAIL, NAME, PASSWORD, program, TERM, study_year) VALUES (?, ?, ?, ?, ?, ?, ?)
	bind => [70127, xstudent@stuba.sk, Test Student, null, null, null, null]
[EL Fine]: sql: 2023-05-18 13:18:52.474--ClientSession(1883351743)--Connection(1403413933)--Thread(Thread[grizzly-http-server-16,5,main])--INSERT INTO vsa_user (AISID, PASSWORD, USERNAME) VALUES (?, ?, ?)
	bind => [70127, $2a$13$.vGFNXDt27pU2vbqYMT0TOzL2Vz.d77GUnq18OQPHuvl/8m3q6SaS, xstudent@stuba.sk]
[EL Fine]: sql: 2023-05-18 13:18:52.474--ClientSession(1883351743)--Connection(1403413933)--Thread(Thread[grizzly-http-server-16,5,main])--INSERT INTO User_PERMISSIONS (User_AISID, PERMISSIONS) VALUES (?, ?)
	bind => [70127, 0]
[EL Fine]: sql: 2023-05-18 13:18:52.972--ClientSession(965665558)--Connection(1403413933)--Thread(Thread[grizzly-http-server-16,5,main])--UPDATE STUDENT SET PASSWORD = ?, program = ?, TERM = ?, study_year = ? WHERE (Id = ?)
	bind => [$2a$13$oGakU/nZW1ZUTQvMTPO2XufYm.6BU8NaeS6L87qb7XgNgFDi7zTu., API, 18, 8, 70127]
2023-05-18 13:18:52.987  INFO --- [-http-server-17] .s.f.u.v.p.JAXRSApplicationConfiguration : Recieved credentials: xstudent@stuba.sk, password
[EL Fine]: sql: 2023-05-18 13:18:52.988--ServerSession(1202547191)--Connection(1403413933)--Thread(Thread[grizzly-http-server-17,5,main])--SELECT AISID, PASSWORD, USERNAME FROM vsa_user WHERE (USERNAME = ?)
	bind => [xstudent@stuba.sk]
]]></system-out>
  </testcase>
</testsuite>
<testsuite xmlns:xsi="http://www.w3.org/2001/XMLSchema-instance" xsi:noNamespaceSchemaLocation="https://maven.apache.org/surefire/maven-surefire-plugin/xsd/surefire-test-report.xsd" name="sk.stuba.fei.uim.vsa.pr2.ThesisResourceTest" time="23.199" tests="21" errors="0" skipped="0" failures="21">
  <properties>
[...]
</properties>
  <testcase name="shouldCallCreateThesisWithLoggedStudent" classname="sk.stuba.fei.uim.vsa.pr2.ThesisResourceTest" time="1.796">
    <failure message="expected: &lt;true&gt; but was: &lt;false&gt;" type="org.opentest4j.AssertionFailedError"><![CDATA[org.opentest4j.AssertionFailedError: expected: <true> but was: <false>
	at sk.stuba.fei.uim.vsa.pr2.ThesisResourceTest.shouldCallCreateThesisWithLoggedStudent(ThesisResourceTest.java:130)
]]></failure>
    <system-out><![CDATA[2023-05-18 13:18:53.482  INFO --- [           main] s.s.fei.uim.vsa.pr2.utils.ResourceTest   : Starting HTTP server for testing
2023-05-18 13:18:53.482  INFO --- [           main] s.s.fei.uim.vsa.pr2.Project2Application  : Starting Grizzly2 HTTP server...
2023-05-18 13:18:53.482  INFO --- [           main] s.s.fei.uim.vsa.pr2.Project2Application  : Server listening on http://docker-desktop:8080/api
2023-05-18 13:18:53.497  INFO --- [           main] org.reflections.Reflections              : Reflections took 7 ms to scan 2 urls, producing 13 keys and 29 values
2023-05-18 13:18:53.497  INFO --- [           main] .s.f.u.v.p.JAXRSApplicationConfiguration : Registered resource classes: [class sk.stuba.fei.uim.vsa.pr2.api.StudentResource, class sk.stuba.fei.uim.vsa.pr2.api.TeacherResource, class sk.stuba.fei.uim.vsa.pr2.api.ThesisResource]
2023-05-18 13:18:53.497  INFO --- [           main] .s.f.u.v.p.JAXRSApplicationConfiguration : Registered feature providers: []
2023-05-18 13:18:53.558  INFO --- [           main] s.s.fei.uim.vsa.pr2.utils.ResourceTest   : Creating client for HTTP server
2023-05-18 13:18:53.559  INFO --- [           main] s.s.fei.uim.vsa.pr2.utils.ResourceTest   : Client created JerseyWebTarget { http://docker-desktop:8080/api }
[EL Fine]: sql: 2023-05-18 13:18:53.697--ServerSession(1202547191)--Connection(1403413933)--Thread(Thread[grizzly-http-server-0,5,main])--SELECT Id, EMAIL, NAME, PASSWORD, program, TERM, study_year FROM STUDENT WHERE (EMAIL = ?)
	bind => [xstudent@stuba.sk]
[EL Fine]: sql: 2023-05-18 13:18:53.698--ClientSession(931411544)--Connection(1403413933)--Thread(Thread[grizzly-http-server-0,5,main])--INSERT INTO STUDENT (Id, EMAIL, NAME, PASSWORD, program, TERM, study_year) VALUES (?, ?, ?, ?, ?, ?, ?)
	bind => [70127, xstudent@stuba.sk, Test Student, null, null, null, null]
[EL Fine]: sql: 2023-05-18 13:18:54.258--ClientSession(2101793391)--Connection(1403413933)--Thread(Thread[grizzly-http-server-0,5,main])--INSERT INTO vsa_user (AISID, PASSWORD, USERNAME) VALUES (?, ?, ?)
	bind => [70127, $2a$13$WBSZ3C1EFO1yP1UU1GZWO.J6A/XuWpSXdt.p8fRktJ24n34qLB8NO, xstudent@stuba.sk]
[EL Fine]: sql: 2023-05-18 13:18:54.259--ClientSession(2101793391)--Connection(1403413933)--Thread(Thread[grizzly-http-server-0,5,main])--INSERT INTO User_PERMISSIONS (User_AISID, PERMISSIONS) VALUES (?, ?)
	bind => [70127, 0]
[EL Fine]: sql: 2023-05-18 13:18:54.854--ClientSession(1205581665)--Connection(1403413933)--Thread(Thread[grizzly-http-server-0,5,main])--UPDATE STUDENT SET PASSWORD = ?, program = ?, TERM = ?, study_year = ? WHERE (Id = ?)
	bind => [$2a$13$EgK6dXNaLhHBWV2/Hufz9uNig8AYyLrPVb0deSVfs5mPwe/pQpf1K, API, 18, 8, 70127]
2023-05-18 13:18:54.878  INFO --- [y-http-server-1] .s.f.u.v.p.JAXRSApplicationConfiguration : Recieved credentials: xstudent@stuba.sk, password
[EL Fine]: sql: 2023-05-18 13:18:54.879--ServerSession(1202547191)--Connection(1403413933)--Thread(Thread[grizzly-http-server-1,5,main])--SELECT AISID, PASSWORD, USERNAME FROM vsa_user WHERE (USERNAME = ?)
	bind => [xstudent@stuba.sk]
]]></system-out>
    <system-err><![CDATA[May 18, 2023 1:18:53 PM org.glassfish.grizzly.http.server.NetworkListener start
INFO: Started listener bound to [docker-desktop:8080]
May 18, 2023 1:18:53 PM org.glassfish.grizzly.http.server.HttpServer start
INFO: [HttpServer-2] Started.
]]></system-err>
  </testcase>
  <testcase name="shouldGetNotFoundForNonExistingThesis" classname="sk.stuba.fei.uim.vsa.pr2.ThesisResourceTest" time="1.137">
    <failure message="expected: &lt;201&gt; but was: &lt;401&gt;" type="org.opentest4j.AssertionFailedError"><![CDATA[org.opentest4j.AssertionFailedError: expected: <201> but was: <401>
	at sk.stuba.fei.uim.vsa.pr2.ThesisResourceTest.createThesis(ThesisResourceTest.java:642)
	at sk.stuba.fei.uim.vsa.pr2.ThesisResourceTest.shouldGetNotFoundForNonExistingThesis(ThesisResourceTest.java:226)
]]></failure>
    <system-out><![CDATA[[EL Fine]: sql: 2023-05-18 13:18:55.494--ServerSession(1202547191)--Connection(1403413933)--Thread(Thread[grizzly-http-server-2,5,main])--SELECT AISID, DEPARTMENT, EMAIL, INSTITUTE, NAME, PASSWORD FROM PEDAGOG WHERE (EMAIL = ?)
	bind => [ucitel.test@stuba.sk]
[EL Fine]: sql: 2023-05-18 13:18:55.496--ClientSession(1916131303)--Connection(1403413933)--Thread(Thread[grizzly-http-server-2,5,main])--INSERT INTO PEDAGOG (AISID, DEPARTMENT, EMAIL, INSTITUTE, NAME, PASSWORD) VALUES (?, ?, ?, ?, ?, ?)
	bind => [45678, null, ucitel.test@stuba.sk, SI, Testovaci ucitel, null]
[EL Fine]: sql: 2023-05-18 13:18:55.997--ClientSession(1649775377)--Connection(1403413933)--Thread(Thread[grizzly-http-server-2,5,main])--INSERT INTO vsa_user (AISID, PASSWORD, USERNAME) VALUES (?, ?, ?)
	bind => [45678, $2a$13$.jAhnjh171/AM3v/JOjokeNS5SxbKUQV2ooE9gU.HJf65VWsD4fhu, ucitel.test@stuba.sk]
[EL Fine]: sql: 2023-05-18 13:18:55.998--ClientSession(1649775377)--Connection(1403413933)--Thread(Thread[grizzly-http-server-2,5,main])--INSERT INTO User_PERMISSIONS (User_AISID, PERMISSIONS) VALUES (?, ?)
	bind => [45678, 1]
[EL Fine]: sql: 2023-05-18 13:18:56.008--ClientSession(679902802)--Connection(1403413933)--Thread(Thread[grizzly-http-server-2,5,main])--UPDATE PEDAGOG SET DEPARTMENT = ?, INSTITUTE = ? WHERE (AISID = ?)
	bind => [SI, UIM, 45678]
2023-05-18 13:18:56.019  INFO --- [y-http-server-3] .s.f.u.v.p.JAXRSApplicationConfiguration : Recieved credentials: ucitel.test@stuba.sk, password
[EL Fine]: sql: 2023-05-18 13:18:56.02--ServerSession(1202547191)--Connection(1403413933)--Thread(Thread[grizzly-http-server-3,5,main])--SELECT AISID, PASSWORD, USERNAME FROM vsa_user WHERE (USERNAME = ?)
	bind => [ucitel.test@stuba.sk]
]]></system-out>
  </testcase>
  <testcase name="shouldFindThesisByStudent" classname="sk.stuba.fei.uim.vsa.pr2.ThesisResourceTest" time="1.177">
    <failure message="expected: &lt;201&gt; but was: &lt;401&gt;" type="org.opentest4j.AssertionFailedError"><![CDATA[org.opentest4j.AssertionFailedError: expected: <201> but was: <401>
	at sk.stuba.fei.uim.vsa.pr2.ThesisResourceTest.createThesis(ThesisResourceTest.java:642)
	at sk.stuba.fei.uim.vsa.pr2.ThesisResourceTest.shouldFindThesisByStudent(ThesisResourceTest.java:528)
]]></failure>
    <system-out><![CDATA[[EL Fine]: sql: 2023-05-18 13:18:56.651--ServerSession(1202547191)--Connection(1403413933)--Thread(Thread[grizzly-http-server-5,5,main])--SELECT AISID, DEPARTMENT, EMAIL, INSTITUTE, NAME, PASSWORD FROM PEDAGOG WHERE (EMAIL = ?)
	bind => [ucitel.test@stuba.sk]
[EL Fine]: sql: 2023-05-18 13:18:56.652--ClientSession(1918703470)--Connection(1403413933)--Thread(Thread[grizzly-http-server-5,5,main])--INSERT INTO PEDAGOG (AISID, DEPARTMENT, EMAIL, INSTITUTE, NAME, PASSWORD) VALUES (?, ?, ?, ?, ?, ?)
	bind => [45678, null, ucitel.test@stuba.sk, SI, Testovaci ucitel, null]
[EL Fine]: sql: 2023-05-18 13:18:57.178--ClientSession(752420405)--Connection(1403413933)--Thread(Thread[grizzly-http-server-5,5,main])--INSERT INTO vsa_user (AISID, PASSWORD, USERNAME) VALUES (?, ?, ?)
	bind => [45678, $2a$13$jsWkik.Ca.C7dxz5UeiRIuBbuEYCQTgtbR1ODJZLZvYVk3qW8s9/., ucitel.test@stuba.sk]
[EL Fine]: sql: 2023-05-18 13:18:57.179--ClientSession(752420405)--Connection(1403413933)--Thread(Thread[grizzly-http-server-5,5,main])--INSERT INTO User_PERMISSIONS (User_AISID, PERMISSIONS) VALUES (?, ?)
	bind => [45678, 1]
[EL Fine]: sql: 2023-05-18 13:18:57.189--ClientSession(1136203172)--Connection(1403413933)--Thread(Thread[grizzly-http-server-5,5,main])--UPDATE PEDAGOG SET DEPARTMENT = ?, INSTITUTE = ? WHERE (AISID = ?)
	bind => [SI, UIM, 45678]
2023-05-18 13:18:57.199  INFO --- [y-http-server-6] .s.f.u.v.p.JAXRSApplicationConfiguration : Recieved credentials: ucitel.test@stuba.sk, password
[EL Fine]: sql: 2023-05-18 13:18:57.2--ServerSession(1202547191)--Connection(1403413933)--Thread(Thread[grizzly-http-server-6,5,main])--SELECT AISID, PASSWORD, USERNAME FROM vsa_user WHERE (USERNAME = ?)
	bind => [ucitel.test@stuba.sk]
]]></system-out>
  </testcase>
  <testcase name="shouldCreateThesis" classname="sk.stuba.fei.uim.vsa.pr2.ThesisResourceTest" time="1.136">
    <failure message="expected: &lt;201&gt; but was: &lt;401&gt;" type="org.opentest4j.AssertionFailedError"><![CDATA[org.opentest4j.AssertionFailedError: expected: <201> but was: <401>
	at sk.stuba.fei.uim.vsa.pr2.ThesisResourceTest.createThesis(ThesisResourceTest.java:642)
	at sk.stuba.fei.uim.vsa.pr2.ThesisResourceTest.shouldCreateThesis(ThesisResourceTest.java:35)
]]></failure>
    <system-out><![CDATA[[EL Fine]: sql: 2023-05-18 13:18:57.792--ServerSession(1202547191)--Connection(1403413933)--Thread(Thread[grizzly-http-server-7,5,main])--SELECT AISID, DEPARTMENT, EMAIL, INSTITUTE, NAME, PASSWORD FROM PEDAGOG WHERE (EMAIL = ?)
	bind => [ucitel.test@stuba.sk]
[EL Fine]: sql: 2023-05-18 13:18:57.792--ClientSession(696770940)--Connection(1403413933)--Thread(Thread[grizzly-http-server-7,5,main])--INSERT INTO PEDAGOG (AISID, DEPARTMENT, EMAIL, INSTITUTE, NAME, PASSWORD) VALUES (?, ?, ?, ?, ?, ?)
	bind => [45678, null, ucitel.test@stuba.sk, SI, Testovaci ucitel, null]
[EL Fine]: sql: 2023-05-18 13:18:58.301--ClientSession(975544901)--Connection(1403413933)--Thread(Thread[grizzly-http-server-7,5,main])--INSERT INTO vsa_user (AISID, PASSWORD, USERNAME) VALUES (?, ?, ?)
	bind => [45678, $2a$13$De/P//8z79P4uARxCcOQre8A01xtIxEnWU47Pdpg/jXaxOPrlAPQK, ucitel.test@stuba.sk]
[EL Fine]: sql: 2023-05-18 13:18:58.302--ClientSession(975544901)--Connection(1403413933)--Thread(Thread[grizzly-http-server-7,5,main])--INSERT INTO User_PERMISSIONS (User_AISID, PERMISSIONS) VALUES (?, ?)
	bind => [45678, 1]
[EL Fine]: sql: 2023-05-18 13:18:58.312--ClientSession(1796479661)--Connection(1403413933)--Thread(Thread[grizzly-http-server-7,5,main])--UPDATE PEDAGOG SET DEPARTMENT = ?, INSTITUTE = ? WHERE (AISID = ?)
	bind => [SI, UIM, 45678]
2023-05-18 13:18:58.322  INFO --- [y-http-server-8] .s.f.u.v.p.JAXRSApplicationConfiguration : Recieved credentials: ucitel.test@stuba.sk, password
[EL Fine]: sql: 2023-05-18 13:18:58.322--ServerSession(1202547191)--Connection(1403413933)--Thread(Thread[grizzly-http-server-8,5,main])--SELECT AISID, PASSWORD, USERNAME FROM vsa_user WHERE (USERNAME = ?)
	bind => [ucitel.test@stuba.sk]
]]></system-out>
  </testcase>
  <testcase name="shouldReturnUnauthorized" classname="sk.stuba.fei.uim.vsa.pr2.ThesisResourceTest" time="0.096">
    <failure message="expected: &lt;true&gt; but was: &lt;false&gt;" type="org.opentest4j.AssertionFailedError"><![CDATA[org.opentest4j.AssertionFailedError: expected: <true> but was: <false>
	at sk.stuba.fei.uim.vsa.pr2.ThesisResourceTest.shouldReturnUnauthorized(ThesisResourceTest.java:166)
]]></failure>
  </testcase>
  <testcase name="shouldFindThesisByTeacher" classname="sk.stuba.fei.uim.vsa.pr2.ThesisResourceTest" time="1.107">
    <failure message="expected: &lt;201&gt; but was: &lt;401&gt;" type="org.opentest4j.AssertionFailedError"><![CDATA[org.opentest4j.AssertionFailedError: expected: <201> but was: <401>
	at sk.stuba.fei.uim.vsa.pr2.ThesisResourceTest.createThesis(ThesisResourceTest.java:642)
	at sk.stuba.fei.uim.vsa.pr2.ThesisResourceTest.shouldFindThesisByTeacher(ThesisResourceTest.java:486)
]]></failure>
    <system-out><![CDATA[[EL Fine]: sql: 2023-05-18 13:18:59.018--ServerSession(1202547191)--Connection(1403413933)--Thread(Thread[grizzly-http-server-11,5,main])--SELECT AISID, DEPARTMENT, EMAIL, INSTITUTE, NAME, PASSWORD FROM PEDAGOG WHERE (EMAIL = ?)
	bind => [ucitel.test@stuba.sk]
[EL Fine]: sql: 2023-05-18 13:18:59.019--ClientSession(1415027968)--Connection(1403413933)--Thread(Thread[grizzly-http-server-11,5,main])--INSERT INTO PEDAGOG (AISID, DEPARTMENT, EMAIL, INSTITUTE, NAME, PASSWORD) VALUES (?, ?, ?, ?, ?, ?)
	bind => [45678, null, ucitel.test@stuba.sk, SI, Testovaci ucitel, null]
[EL Fine]: sql: 2023-05-18 13:18:59.516--ClientSession(1330885288)--Connection(1403413933)--Thread(Thread[grizzly-http-server-11,5,main])--INSERT INTO vsa_user (AISID, PASSWORD, USERNAME) VALUES (?, ?, ?)
	bind => [45678, $2a$13$fKLHw/WZRIF1mpwdQCDZreu9TAtr6tt9.96raqZ1tNlF/57AjcIqy, ucitel.test@stuba.sk]
[EL Fine]: sql: 2023-05-18 13:18:59.517--ClientSession(1330885288)--Connection(1403413933)--Thread(Thread[grizzly-http-server-11,5,main])--INSERT INTO User_PERMISSIONS (User_AISID, PERMISSIONS) VALUES (?, ?)
	bind => [45678, 1]
[EL Fine]: sql: 2023-05-18 13:18:59.528--ClientSession(182581892)--Connection(1403413933)--Thread(Thread[grizzly-http-server-11,5,main])--UPDATE PEDAGOG SET DEPARTMENT = ?, INSTITUTE = ? WHERE (AISID = ?)
	bind => [SI, UIM, 45678]
2023-05-18 13:18:59.537  INFO --- [-http-server-12] .s.f.u.v.p.JAXRSApplicationConfiguration : Recieved credentials: ucitel.test@stuba.sk, password
[EL Fine]: sql: 2023-05-18 13:18:59.538--ServerSession(1202547191)--Connection(1403413933)--Thread(Thread[grizzly-http-server-12,5,main])--SELECT AISID, PASSWORD, USERNAME FROM vsa_user WHERE (USERNAME = ?)
	bind => [ucitel.test@stuba.sk]
]]></system-out>
  </testcase>
  <testcase name="shouldAssignThesisWithStudent" classname="sk.stuba.fei.uim.vsa.pr2.ThesisResourceTest" time="1.094">
    <failure message="expected: &lt;201&gt; but was: &lt;401&gt;" type="org.opentest4j.AssertionFailedError"><![CDATA[org.opentest4j.AssertionFailedError: expected: <201> but was: <401>
	at sk.stuba.fei.uim.vsa.pr2.ThesisResourceTest.createThesis(ThesisResourceTest.java:642)
	at sk.stuba.fei.uim.vsa.pr2.ThesisResourceTest.shouldAssignThesisWithStudent(ThesisResourceTest.java:323)
]]></failure>
    <system-out><![CDATA[[EL Fine]: sql: 2023-05-18 13:19:00.117--ServerSession(1202547191)--Connection(1403413933)--Thread(Thread[grizzly-http-server-13,5,main])--SELECT AISID, DEPARTMENT, EMAIL, INSTITUTE, NAME, PASSWORD FROM PEDAGOG WHERE (EMAIL = ?)
	bind => [ucitel.test@stuba.sk]
[EL Fine]: sql: 2023-05-18 13:19:00.118--ClientSession(306638693)--Connection(1403413933)--Thread(Thread[grizzly-http-server-13,5,main])--INSERT INTO PEDAGOG (AISID, DEPARTMENT, EMAIL, INSTITUTE, NAME, PASSWORD) VALUES (?, ?, ?, ?, ?, ?)
	bind => [45678, null, ucitel.test@stuba.sk, SI, Testovaci ucitel, null]
[EL Fine]: sql: 2023-05-18 13:19:00.6--ClientSession(702252601)--Connection(1403413933)--Thread(Thread[grizzly-http-server-13,5,main])--INSERT INTO vsa_user (AISID, PASSWORD, USERNAME) VALUES (?, ?, ?)
	bind => [45678, $2a$13$jlIlcBMtXtx.C3dB38wgpud4aEpTxvEAWnONxxCVgsxex9pdP2Uee, ucitel.test@stuba.sk]
[EL Fine]: sql: 2023-05-18 13:19:00.601--ClientSession(702252601)--Connection(1403413933)--Thread(Thread[grizzly-http-server-13,5,main])--INSERT INTO User_PERMISSIONS (User_AISID, PERMISSIONS) VALUES (?, ?)
	bind => [45678, 1]
[EL Fine]: sql: 2023-05-18 13:19:00.608--ClientSession(844230843)--Connection(1403413933)--Thread(Thread[grizzly-http-server-13,5,main])--UPDATE PEDAGOG SET DEPARTMENT = ?, INSTITUTE = ? WHERE (AISID = ?)
	bind => [SI, UIM, 45678]
2023-05-18 13:19:00.618  INFO --- [-http-server-14] .s.f.u.v.p.JAXRSApplicationConfiguration : Recieved credentials: ucitel.test@stuba.sk, password
[EL Fine]: sql: 2023-05-18 13:19:00.618--ServerSession(1202547191)--Connection(1403413933)--Thread(Thread[grizzly-http-server-14,5,main])--SELECT AISID, PASSWORD, USERNAME FROM vsa_user WHERE (USERNAME = ?)
	bind => [ucitel.test@stuba.sk]
]]></system-out>
  </testcase>
  <testcase name="shouldGetThesis" classname="sk.stuba.fei.uim.vsa.pr2.ThesisResourceTest" time="1.107">
    <failure message="expected: &lt;201&gt; but was: &lt;401&gt;" type="org.opentest4j.AssertionFailedError"><![CDATA[org.opentest4j.AssertionFailedError: expected: <201> but was: <401>
	at sk.stuba.fei.uim.vsa.pr2.ThesisResourceTest.createThesis(ThesisResourceTest.java:642)
	at sk.stuba.fei.uim.vsa.pr2.ThesisResourceTest.shouldGetThesis(ThesisResourceTest.java:194)
]]></failure>
    <system-out><![CDATA[[EL Fine]: sql: 2023-05-18 13:19:01.222--ServerSession(1202547191)--Connection(1403413933)--Thread(Thread[grizzly-http-server-15,5,main])--SELECT AISID, DEPARTMENT, EMAIL, INSTITUTE, NAME, PASSWORD FROM PEDAGOG WHERE (EMAIL = ?)
	bind => [ucitel.test@stuba.sk]
[EL Fine]: sql: 2023-05-18 13:19:01.223--ClientSession(1737547705)--Connection(1403413933)--Thread(Thread[grizzly-http-server-15,5,main])--INSERT INTO PEDAGOG (AISID, DEPARTMENT, EMAIL, INSTITUTE, NAME, PASSWORD) VALUES (?, ?, ?, ?, ?, ?)
	bind => [45678, null, ucitel.test@stuba.sk, SI, Testovaci ucitel, null]
[EL Fine]: sql: 2023-05-18 13:19:01.73--ClientSession(482666640)--Connection(1403413933)--Thread(Thread[grizzly-http-server-15,5,main])--INSERT INTO vsa_user (AISID, PASSWORD, USERNAME) VALUES (?, ?, ?)
	bind => [45678, $2a$13$r/Jmr0JS2w7VFQP1Wm.FrOFh3vysuwHgYEtJ.F891nyIFBkgYoffy, ucitel.test@stuba.sk]
[EL Fine]: sql: 2023-05-18 13:19:01.731--ClientSession(482666640)--Connection(1403413933)--Thread(Thread[grizzly-http-server-15,5,main])--INSERT INTO User_PERMISSIONS (User_AISID, PERMISSIONS) VALUES (?, ?)
	bind => [45678, 1]
[EL Fine]: sql: 2023-05-18 13:19:01.742--ClientSession(156643748)--Connection(1403413933)--Thread(Thread[grizzly-http-server-15,5,main])--UPDATE PEDAGOG SET DEPARTMENT = ?, INSTITUTE = ? WHERE (AISID = ?)
	bind => [SI, UIM, 45678]
2023-05-18 13:19:01.749  INFO --- [-http-server-16] .s.f.u.v.p.JAXRSApplicationConfiguration : Recieved credentials: ucitel.test@stuba.sk, password
[EL Fine]: sql: 2023-05-18 13:19:01.75--ServerSession(1202547191)--Connection(1403413933)--Thread(Thread[grizzly-http-server-16,5,main])--SELECT AISID, PASSWORD, USERNAME FROM vsa_user WHERE (USERNAME = ?)
	bind => [ucitel.test@stuba.sk]
]]></system-out>
  </testcase>
  <testcase name="shouldAssignThesisWithTeacher" classname="sk.stuba.fei.uim.vsa.pr2.ThesisResourceTest" time="1.108">
    <failure message="expected: &lt;201&gt; but was: &lt;401&gt;" type="org.opentest4j.AssertionFailedError"><![CDATA[org.opentest4j.AssertionFailedError: expected: <201> but was: <401>
	at sk.stuba.fei.uim.vsa.pr2.ThesisResourceTest.createThesis(ThesisResourceTest.java:642)
	at sk.stuba.fei.uim.vsa.pr2.ThesisResourceTest.shouldAssignThesisWithTeacher(ThesisResourceTest.java:285)
]]></failure>
    <system-out><![CDATA[[EL Fine]: sql: 2023-05-18 13:19:02.336--ServerSession(1202547191)--Connection(1403413933)--Thread(Thread[grizzly-http-server-17,5,main])--SELECT AISID, DEPARTMENT, EMAIL, INSTITUTE, NAME, PASSWORD FROM PEDAGOG WHERE (EMAIL = ?)
	bind => [ucitel.test@stuba.sk]
[EL Fine]: sql: 2023-05-18 13:19:02.337--ClientSession(738280518)--Connection(1403413933)--Thread(Thread[grizzly-http-server-17,5,main])--INSERT INTO PEDAGOG (AISID, DEPARTMENT, EMAIL, INSTITUTE, NAME, PASSWORD) VALUES (?, ?, ?, ?, ?, ?)
	bind => [45678, null, ucitel.test@stuba.sk, SI, Testovaci ucitel, null]
[EL Fine]: sql: 2023-05-18 13:19:02.824--ClientSession(147293518)--Connection(1403413933)--Thread(Thread[grizzly-http-server-17,5,main])--INSERT INTO vsa_user (AISID, PASSWORD, USERNAME) VALUES (?, ?, ?)
	bind => [45678, $2a$13$iMxUCb7fD1M7P4RgPT0Sj.WQeLLgd4xDJt/LedNa..At4T2uGOrYe, ucitel.test@stuba.sk]
[EL Fine]: sql: 2023-05-18 13:19:02.824--ClientSession(147293518)--Connection(1403413933)--Thread(Thread[grizzly-http-server-17,5,main])--INSERT INTO User_PERMISSIONS (User_AISID, PERMISSIONS) VALUES (?, ?)
	bind => [45678, 1]
[EL Fine]: sql: 2023-05-18 13:19:02.835--ClientSession(1299093872)--Connection(1403413933)--Thread(Thread[grizzly-http-server-17,5,main])--UPDATE PEDAGOG SET DEPARTMENT = ?, INSTITUTE = ? WHERE (AISID = ?)
	bind => [SI, UIM, 45678]
2023-05-18 13:19:02.844  INFO --- [-http-server-18] .s.f.u.v.p.JAXRSApplicationConfiguration : Recieved credentials: ucitel.test@stuba.sk, password
[EL Fine]: sql: 2023-05-18 13:19:02.845--ServerSession(1202547191)--Connection(1403413933)--Thread(Thread[grizzly-http-server-18,5,main])--SELECT AISID, PASSWORD, USERNAME FROM vsa_user WHERE (USERNAME = ?)
	bind => [ucitel.test@stuba.sk]
]]></system-out>
  </testcase>
  <testcase name="shouldCallDeleteThesisWithAnotherTeacher" classname="sk.stuba.fei.uim.vsa.pr2.ThesisResourceTest" time="1.097">
    <failure message="expected: &lt;201&gt; but was: &lt;401&gt;" type="org.opentest4j.AssertionFailedError"><![CDATA[org.opentest4j.AssertionFailedError: expected: <201> but was: <401>
	at sk.stuba.fei.uim.vsa.pr2.ThesisResourceTest.createThesis(ThesisResourceTest.java:642)
	at sk.stuba.fei.uim.vsa.pr2.ThesisResourceTest.shouldCallDeleteThesisWithAnotherTeacher(ThesisResourceTest.java:259)
]]></failure>
[...]
]]></failure>
    <system-out><![CDATA[[EL Fine]: sql: 2023-05-18 13:19:17.627--ServerSession(1202547191)--Connection(1403413933)--Thread(Thread[grizzly-http-server-1,5,main])--SELECT AISID, DEPARTMENT, EMAIL, INSTITUTE, NAME, PASSWORD FROM PEDAGOG WHERE (EMAIL = ?)
	bind => [ucitel.test@stuba.sk]
[EL Fine]: sql: 2023-05-18 13:19:17.628--ClientSession(1523583578)--Connection(1403413933)--Thread(Thread[grizzly-http-server-1,5,main])--INSERT INTO PEDAGOG (AISID, DEPARTMENT, EMAIL, INSTITUTE, NAME, PASSWORD) VALUES (?, ?, ?, ?, ?, ?)
	bind => [45678, null, ucitel.test@stuba.sk, SI, Testovaci ucitel, null]
[EL Fine]: sql: 2023-05-18 13:19:18.173--ClientSession(1290826261)--Connection(1403413933)--Thread(Thread[grizzly-http-server-1,5,main])--INSERT INTO vsa_user (AISID, PASSWORD, USERNAME) VALUES (?, ?, ?)
	bind => [45678, $2a$13$djL4bQHU7r3c8fLXJIB0..GygarBWojsGs/GVCOlg2vjyLmeAgOtK, ucitel.test@stuba.sk]
[EL Fine]: sql: 2023-05-18 13:19:18.174--ClientSession(1290826261)--Connection(1403413933)--Thread(Thread[grizzly-http-server-1,5,main])--INSERT INTO User_PERMISSIONS (User_AISID, PERMISSIONS) VALUES (?, ?)
	bind => [45678, 1]
[EL Fine]: sql: 2023-05-18 13:19:18.185--ClientSession(1086282829)--Connection(1403413933)--Thread(Thread[grizzly-http-server-1,5,main])--UPDATE PEDAGOG SET DEPARTMENT = ?, INSTITUTE = ? WHERE (AISID = ?)
	bind => [SI, UIM, 45678]
2023-05-18 13:19:18.194  INFO --- [y-http-server-2] .s.f.u.v.p.JAXRSApplicationConfiguration : Recieved credentials: ucitel.test@stuba.sk, password
[EL Fine]: sql: 2023-05-18 13:19:18.194--ServerSession(1202547191)--Connection(1403413933)--Thread(Thread[grizzly-http-server-2,5,main])--SELECT AISID, PASSWORD, USERNAME FROM vsa_user WHERE (USERNAME = ?)
	bind => [ucitel.test@stuba.sk]
]]></system-out>
  </testcase>
  <testcase name="deleteTeacher" classname="sk.stuba.fei.uim.vsa.pr2.TeacherResourceTest" time="1.117">
    <failure message="expected: &lt;200&gt; but was: &lt;401&gt;" type="org.opentest4j.AssertionFailedError"><![CDATA[org.opentest4j.AssertionFailedError: expected: <200> but was: <401>
	at sk.stuba.fei.uim.vsa.pr2.TeacherResourceTest.deleteTeacher(TeacherResourceTest.java:181)
]]></failure>
    <system-out><![CDATA[[EL Fine]: sql: 2023-05-18 13:19:18.766--ServerSession(1202547191)--Connection(1403413933)--Thread(Thread[grizzly-http-server-3,5,main])--SELECT AISID, DEPARTMENT, EMAIL, INSTITUTE, NAME, PASSWORD FROM PEDAGOG WHERE (EMAIL = ?)
	bind => [ucitel.test@stuba.sk]
[EL Fine]: sql: 2023-05-18 13:19:18.767--ClientSession(1112426122)--Connection(1403413933)--Thread(Thread[grizzly-http-server-3,5,main])--INSERT INTO PEDAGOG (AISID, DEPARTMENT, EMAIL, INSTITUTE, NAME, PASSWORD) VALUES (?, ?, ?, ?, ?, ?)
	bind => [45678, null, ucitel.test@stuba.sk, SI, Testovaci ucitel, null]
[EL Fine]: sql: 2023-05-18 13:19:19.267--ClientSession(2003068945)--Connection(1403413933)--Thread(Thread[grizzly-http-server-3,5,main])--INSERT INTO vsa_user (AISID, PASSWORD, USERNAME) VALUES (?, ?, ?)
	bind => [45678, $2a$13$BkbBdvY.b6Ul.EIKK3efjOHsXAi6nxYavO12ZuuAhCnauPnwsgb6e, ucitel.test@stuba.sk]
[EL Fine]: sql: 2023-05-18 13:19:19.268--ClientSession(2003068945)--Connection(1403413933)--Thread(Thread[grizzly-http-server-3,5,main])--INSERT INTO User_PERMISSIONS (User_AISID, PERMISSIONS) VALUES (?, ?)
	bind => [45678, 1]
[EL Fine]: sql: 2023-05-18 13:19:19.278--ClientSession(1139209082)--Connection(1403413933)--Thread(Thread[grizzly-http-server-3,5,main])--UPDATE PEDAGOG SET DEPARTMENT = ?, INSTITUTE = ? WHERE (AISID = ?)
	bind => [SI, UIM, 45678]
2023-05-18 13:19:19.285  INFO --- [y-http-server-4] .s.f.u.v.p.JAXRSApplicationConfiguration : Recieved credentials: ucitel.test@stuba.sk, password
[EL Fine]: sql: 2023-05-18 13:19:19.285--ServerSession(1202547191)--Connection(1403413933)--Thread(Thread[grizzly-http-server-4,5,main])--SELECT AISID, PASSWORD, USERNAME FROM vsa_user WHERE (USERNAME = ?)
	bind => [ucitel.test@stuba.sk]
]]></system-out>
  </testcase>
  <testcase name="shouldGetNotFoundForNonExistingTeacher" classname="sk.stuba.fei.uim.vsa.pr2.TeacherResourceTest" time="1.093">
    <failure message="expected: &lt;true&gt; but was: &lt;false&gt;" type="org.opentest4j.AssertionFailedError"><![CDATA[org.opentest4j.AssertionFailedError: expected: <true> but was: <false>
	at sk.stuba.fei.uim.vsa.pr2.TeacherResourceTest.shouldGetNotFoundForNonExistingTeacher(TeacherResourceTest.java:166)
]]></failure>
    <system-out><![CDATA[[EL Fine]: sql: 2023-05-18 13:19:19.883--ServerSession(1202547191)--Connection(1403413933)--Thread(Thread[grizzly-http-server-5,5,main])--SELECT AISID, DEPARTMENT, EMAIL, INSTITUTE, NAME, PASSWORD FROM PEDAGOG WHERE (EMAIL = ?)
	bind => [ucitel.test@stuba.sk]
[EL Fine]: sql: 2023-05-18 13:19:19.884--ClientSession(1547344741)--Connection(1403413933)--Thread(Thread[grizzly-http-server-5,5,main])--INSERT INTO PEDAGOG (AISID, DEPARTMENT, EMAIL, INSTITUTE, NAME, PASSWORD) VALUES (?, ?, ?, ?, ?, ?)
	bind => [45678, null, ucitel.test@stuba.sk, SI, Testovaci ucitel, null]
[EL Fine]: sql: 2023-05-18 13:19:20.384--ClientSession(1602815676)--Connection(1403413933)--Thread(Thread[grizzly-http-server-5,5,main])--INSERT INTO vsa_user (AISID, PASSWORD, USERNAME) VALUES (?, ?, ?)
	bind => [45678, $2a$13$oLr9ZGVzTYMgoYHf5HYipOzm37c4O1HMwKxyZ.zFkweC2MKe6pCBS, ucitel.test@stuba.sk]
[EL Fine]: sql: 2023-05-18 13:19:20.385--ClientSession(1602815676)--Connection(1403413933)--Thread(Thread[grizzly-http-server-5,5,main])--INSERT INTO User_PERMISSIONS (User_AISID, PERMISSIONS) VALUES (?, ?)
	bind => [45678, 1]
[EL Fine]: sql: 2023-05-18 13:19:20.395--ClientSession(517458249)--Connection(1403413933)--Thread(Thread[grizzly-http-server-5,5,main])--UPDATE PEDAGOG SET DEPARTMENT = ?, INSTITUTE = ? WHERE (AISID = ?)
	bind => [SI, UIM, 45678]
2023-05-18 13:19:20.403  INFO --- [y-http-server-6] .s.f.u.v.p.JAXRSApplicationConfiguration : Recieved credentials: ucitel.test@stuba.sk, password
[EL Fine]: sql: 2023-05-18 13:19:20.404--ServerSession(1202547191)--Connection(1403413933)--Thread(Thread[grizzly-http-server-6,5,main])--SELECT AISID, PASSWORD, USERNAME FROM vsa_user WHERE (USERNAME = ?)
	bind => [ucitel.test@stuba.sk]
]]></system-out>
  </testcase>
  <testcase name="shouldReturnUnauthorized" classname="sk.stuba.fei.uim.vsa.pr2.TeacherResourceTest" time="0.085">
    <failure message="expected: &lt;true&gt; but was: &lt;false&gt;" type="org.opentest4j.AssertionFailedError"><![CDATA[org.opentest4j.AssertionFailedError: expected: <true> but was: <false>
	at sk.stuba.fei.uim.vsa.pr2.TeacherResourceTest.shouldReturnUnauthorized(TeacherResourceTest.java:113)
]]></failure>
  </testcase>
  <testcase name="shouldCreateTeacher" classname="sk.stuba.fei.uim.vsa.pr2.TeacherResourceTest" time="0.605"/>
  <testcase name="shouldReturnForbiddenToDeleteTeacherWithStudent" classname="sk.stuba.fei.uim.vsa.pr2.TeacherResourceTest" time="2.169">
    <failure message="expected: &lt;true&gt; but was: &lt;false&gt;" type="org.opentest4j.AssertionFailedError"><![CDATA[org.opentest4j.AssertionFailedError: expected: <true> but was: <false>
	at sk.stuba.fei.uim.vsa.pr2.TeacherResourceTest.shouldReturnForbiddenToDeleteTeacherWithStudent(TeacherResourceTest.java:239)
]]></failure>
    <system-out><![CDATA[[EL Fine]: sql: 2023-05-18 13:19:21.653--ServerSession(1202547191)--Connection(1403413933)--Thread(Thread[grizzly-http-server-9,5,main])--SELECT AISID, DEPARTMENT, EMAIL, INSTITUTE, NAME, PASSWORD FROM PEDAGOG WHERE (EMAIL = ?)
	bind => [ucitel.test@stuba.sk]
[EL Fine]: sql: 2023-05-18 13:19:21.654--ClientSession(695584540)--Connection(1403413933)--Thread(Thread[grizzly-http-server-9,5,main])--INSERT INTO PEDAGOG (AISID, DEPARTMENT, EMAIL, INSTITUTE, NAME, PASSWORD) VALUES (?, ?, ?, ?, ?, ?)
	bind => [45678, null, ucitel.test@stuba.sk, SI, Testovaci ucitel, null]
[EL Fine]: sql: 2023-05-18 13:19:22.198--ClientSession(215310889)--Connection(1403413933)--Thread(Thread[grizzly-http-server-9,5,main])--INSERT INTO vsa_user (AISID, PASSWORD, USERNAME) VALUES (?, ?, ?)
	bind => [45678, $2a$13$S0mbYsnuAdqHE2mBpZTWh..nlXz/LDiBHMwpRVtsnLFVa2D4fLokq, ucitel.test@stuba.sk]
[EL Fine]: sql: 2023-05-18 13:19:22.199--ClientSession(215310889)--Connection(1403413933)--Thread(Thread[grizzly-http-server-9,5,main])--INSERT INTO User_PERMISSIONS (User_AISID, PERMISSIONS) VALUES (?, ?)
	bind => [45678, 1]
[EL Fine]: sql: 2023-05-18 13:19:22.209--ClientSession(1537576411)--Connection(1403413933)--Thread(Thread[grizzly-http-server-9,5,main])--UPDATE PEDAGOG SET DEPARTMENT = ?, INSTITUTE = ? WHERE (AISID = ?)
	bind => [SI, UIM, 45678]
[EL Fine]: sql: 2023-05-18 13:19:22.223--ServerSession(1202547191)--Connection(1403413933)--Thread(Thread[grizzly-http-server-10,5,main])--SELECT Id, EMAIL, NAME, PASSWORD, program, TERM, study_year FROM STUDENT WHERE (EMAIL = ?)
	bind => [xstudent@stuba.sk]
[EL Fine]: sql: 2023-05-18 13:19:22.224--ClientSession(1200340765)--Connection(1403413933)--Thread(Thread[grizzly-http-server-10,5,main])--INSERT INTO STUDENT (Id, EMAIL, NAME, PASSWORD, program, TERM, study_year) VALUES (?, ?, ?, ?, ?, ?, ?)
	bind => [70127, xstudent@stuba.sk, Test Student, null, null, null, null]
[EL Fine]: sql: 2023-05-18 13:19:22.749--ClientSession(1512285307)--Connection(1403413933)--Thread(Thread[grizzly-http-server-10,5,main])--INSERT INTO vsa_user (AISID, PASSWORD, USERNAME) VALUES (?, ?, ?)
	bind => [70127, $2a$13$LmQ5Vx04zBHAMB1N6JAvF.RrRUffc0/tolF.SuPyGPT4CAbKyux3e, xstudent@stuba.sk]
[EL Fine]: sql: 2023-05-18 13:19:22.749--ClientSession(1512285307)--Connection(1403413933)--Thread(Thread[grizzly-http-server-10,5,main])--INSERT INTO User_PERMISSIONS (User_AISID, PERMISSIONS) VALUES (?, ?)
	bind => [70127, 0]
[EL Fine]: sql: 2023-05-18 13:19:23.233--ClientSession(969008225)--Connection(1403413933)--Thread(Thread[grizzly-http-server-10,5,main])--UPDATE STUDENT SET PASSWORD = ?, program = ?, TERM = ?, study_year = ? WHERE (Id = ?)
	bind => [$2a$13$UKWjSBHvnzvGB.QusZN/b.wZz6aZUNYBbK1gSOqyKdotxv2irf7HO, API, 18, 8, 70127]
2023-05-18 13:19:23.251  INFO --- [-http-server-11] .s.f.u.v.p.JAXRSApplicationConfiguration : Recieved credentials: xstudent@stuba.sk, password
[EL Fine]: sql: 2023-05-18 13:19:23.251--ServerSession(1202547191)--Connection(1403413933)--Thread(Thread[grizzly-http-server-11,5,main])--SELECT AISID, PASSWORD, USERNAME FROM vsa_user WHERE (USERNAME = ?)
	bind => [xstudent@stuba.sk]
]]></system-out>
  </testcase>
  <testcase name="shouldReturnForbiddenToDeleteWithWrongTeacher" classname="sk.stuba.fei.uim.vsa.pr2.TeacherResourceTest" time="1.629">
    <failure message="expected: &lt;true&gt; but was: &lt;false&gt;" type="org.opentest4j.AssertionFailedError"><![CDATA[org.opentest4j.AssertionFailedError: expected: <true> but was: <false>
	at sk.stuba.fei.uim.vsa.pr2.TeacherResourceTest.shouldReturnForbiddenToDeleteWithWrongTeacher(TeacherResourceTest.java:225)
]]></failure>
    <system-out><![CDATA[[EL Fine]: sql: 2023-05-18 13:19:23.859--ServerSession(1202547191)--Connection(1403413933)--Thread(Thread[grizzly-http-server-12,5,main])--SELECT AISID, DEPARTMENT, EMAIL, INSTITUTE, NAME, PASSWORD FROM PEDAGOG WHERE (EMAIL = ?)
	bind => [ucitel.test@stuba.sk]
[EL Fine]: sql: 2023-05-18 13:19:23.86--ClientSession(134356031)--Connection(1403413933)--Thread(Thread[grizzly-http-server-12,5,main])--INSERT INTO PEDAGOG (AISID, DEPARTMENT, EMAIL, INSTITUTE, NAME, PASSWORD) VALUES (?, ?, ?, ?, ?, ?)
	bind => [45678, null, ucitel.test@stuba.sk, SI, Testovaci ucitel, null]
[EL Fine]: sql: 2023-05-18 13:19:24.345--ClientSession(28633335)--Connection(1403413933)--Thread(Thread[grizzly-http-server-12,5,main])--INSERT INTO vsa_user (AISID, PASSWORD, USERNAME) VALUES (?, ?, ?)
	bind => [45678, $2a$13$0MQ2VTm1dlfe72p3Vdosr.E1/U1diTdzmr0QNA/hJ34VOY29cPCk6, ucitel.test@stuba.sk]
[EL Fine]: sql: 2023-05-18 13:19:24.346--ClientSession(28633335)--Connection(1403413933)--Thread(Thread[grizzly-http-server-12,5,main])--INSERT INTO User_PERMISSIONS (User_AISID, PERMISSIONS) VALUES (?, ?)
	bind => [45678, 1]
[EL Fine]: sql: 2023-05-18 13:19:24.356--ClientSession(2076531150)--Connection(1403413933)--Thread(Thread[grizzly-http-server-12,5,main])--UPDATE PEDAGOG SET DEPARTMENT = ?, INSTITUTE = ? WHERE (AISID = ?)
	bind => [SI, UIM, 45678]
[EL Fine]: sql: 2023-05-18 13:19:24.366--ServerSession(1202547191)--Connection(1403413933)--Thread(Thread[grizzly-http-server-13,5,main])--SELECT AISID, DEPARTMENT, EMAIL, INSTITUTE, NAME, PASSWORD FROM PEDAGOG WHERE (EMAIL = ?)
	bind => [test.teacher@stuba.sk]
[EL Fine]: sql: 2023-05-18 13:19:24.367--ClientSession(1607491520)--Connection(1403413933)--Thread(Thread[grizzly-http-server-13,5,main])--INSERT INTO PEDAGOG (AISID, DEPARTMENT, EMAIL, INSTITUTE, NAME, PASSWORD) VALUES (?, ?, ?, ?, ?, ?)
	bind => [123456, null, test.teacher@stuba.sk, BIS, Meno testovacieho uciteľa, null]
[EL Fine]: sql: 2023-05-18 13:19:24.87--ClientSession(1150059948)--Connection(1403413933)--Thread(Thread[grizzly-http-server-13,5,main])--INSERT INTO vsa_user (AISID, PASSWORD, USERNAME) VALUES (?, ?, ?)
	bind => [123456, $2a$13$mFecwoblvEZiyVkpGzpUS.Aikyrx6x.zCCd7EN.5xRgSeFrIr9My2, test.teacher@stuba.sk]
[EL Fine]: sql: 2023-05-18 13:19:24.871--ClientSession(1150059948)--Connection(1403413933)--Thread(Thread[grizzly-http-server-13,5,main])--INSERT INTO User_PERMISSIONS (User_AISID, PERMISSIONS) VALUES (?, ?)
	bind => [123456, 1]
[EL Fine]: sql: 2023-05-18 13:19:24.88--ClientSession(1281917352)--Connection(1403413933)--Thread(Thread[grizzly-http-server-13,5,main])--UPDATE PEDAGOG SET DEPARTMENT = ?, INSTITUTE = ? WHERE (AISID = ?)
	bind => [BIS, UIMM, 123456]
2023-05-18 13:19:24.888  INFO --- [-http-server-14] .s.f.u.v.p.JAXRSApplicationConfiguration : Recieved credentials: test.teacher@stuba.sk, password
[EL Fine]: sql: 2023-05-18 13:19:24.888--ServerSession(1202547191)--Connection(1403413933)--Thread(Thread[grizzly-http-server-14,5,main])--SELECT AISID, PASSWORD, USERNAME FROM vsa_user WHERE (USERNAME = ?)
	bind => [test.teacher@stuba.sk]
]]></system-out>
  </testcase>
  <testcase name="shouldGetEmptyList" classname="sk.stuba.fei.uim.vsa.pr2.TeacherResourceTest" time="1.592">
    <failure message="expected: &lt;200&gt; but was: &lt;401&gt;" type="org.opentest4j.AssertionFailedError"><![CDATA[org.opentest4j.AssertionFailedError: expected: <200> but was: <401>
	at sk.stuba.fei.uim.vsa.pr2.TeacherResourceTest.shouldGetEmptyList(TeacherResourceTest.java:126)
]]></failure>
    <system-out><![CDATA[[EL Fine]: sql: 2023-05-18 13:19:25.483--ServerSession(1202547191)--Connection(1403413933)--Thread(Thread[grizzly-http-server-15,5,main])--SELECT Id, EMAIL, NAME, PASSWORD, program, TERM, study_year FROM STUDENT WHERE (EMAIL = ?)
	bind => [xstudent@stuba.sk]
[EL Fine]: sql: 2023-05-18 13:19:25.484--ClientSession(1761529670)--Connection(1403413933)--Thread(Thread[grizzly-http-server-15,5,main])--INSERT INTO STUDENT (Id, EMAIL, NAME, PASSWORD, program, TERM, study_year) VALUES (?, ?, ?, ?, ?, ?, ?)
	bind => [70127, xstudent@stuba.sk, Test Student, null, null, null, null]
[EL Fine]: sql: 2023-05-18 13:19:25.98--ClientSession(2134747843)--Connection(1403413933)--Thread(Thread[grizzly-http-server-15,5,main])--INSERT INTO vsa_user (AISID, PASSWORD, USERNAME) VALUES (?, ?, ?)
	bind => [70127, $2a$13$iHPIs/HaOS0qC8wwDHFZketesbc4A.rxaI4Mjcjd5yMd7iJninD3K, xstudent@stuba.sk]
[EL Fine]: sql: 2023-05-18 13:19:25.98--ClientSession(2134747843)--Connection(1403413933)--Thread(Thread[grizzly-http-server-15,5,main])--INSERT INTO User_PERMISSIONS (User_AISID, PERMISSIONS) VALUES (?, ?)
	bind => [70127, 0]
[EL Fine]: sql: 2023-05-18 13:19:26.472--ClientSession(804616265)--Connection(1403413933)--Thread(Thread[grizzly-http-server-15,5,main])--UPDATE STUDENT SET PASSWORD = ?, program = ?, TERM = ?, study_year = ? WHERE (Id = ?)
	bind => [$2a$13$b95m5d71wXTCCPnmiSnrRO5qaYh0uEtLOUq3.vL5N58ZLPkaiPYMS, API, 18, 8, 70127]
2023-05-18 13:19:26.479  INFO --- [-http-server-16] .s.f.u.v.p.JAXRSApplicationConfiguration : Recieved credentials: xstudent@stuba.sk, password
[EL Fine]: sql: 2023-05-18 13:19:26.48--ServerSession(1202547191)--Connection(1403413933)--Thread(Thread[grizzly-http-server-16,5,main])--SELECT AISID, PASSWORD, USERNAME FROM vsa_user WHERE (USERNAME = ?)
	bind => [xstudent@stuba.sk]
]]></system-out>
  </testcase>
  <testcase name="shouldCallWithoutBodyAndReturnError" classname="sk.stuba.fei.uim.vsa.pr2.TeacherResourceTest" time="0.086"/>
  <testcase name="shouldGetAllTeachers" classname="sk.stuba.fei.uim.vsa.pr2.TeacherResourceTest" time="1.779">
    <failure message="expected: &lt;200&gt; but was: &lt;401&gt;" type="org.opentest4j.AssertionFailedError"><![CDATA[org.opentest4j.AssertionFailedError: expected: <200> but was: <401>
	at sk.stuba.fei.uim.vsa.pr2.TeacherResourceTest.shouldGetAllTeachers(TeacherResourceTest.java:94)
]]></failure>
    <system-out><![CDATA[[EL Fine]: sql: 2023-05-18 13:19:27.135--ServerSession(1202547191)--Connection(1403413933)--Thread(Thread[grizzly-http-server-18,5,main])--SELECT AISID, DEPARTMENT, EMAIL, INSTITUTE, NAME, PASSWORD FROM PEDAGOG WHERE (EMAIL = ?)
	bind => [ucitel.test@stuba.sk]
[EL Fine]: sql: 2023-05-18 13:19:27.136--ClientSession(1852404443)--Connection(1403413933)--Thread(Thread[grizzly-http-server-18,5,main])--INSERT INTO PEDAGOG (AISID, DEPARTMENT, EMAIL, INSTITUTE, NAME, PASSWORD) VALUES (?, ?, ?, ?, ?, ?)
	bind => [45678, null, ucitel.test@stuba.sk, SI, Testovaci ucitel, null]
[EL Fine]: sql: 2023-05-18 13:19:27.629--ClientSession(386562703)--Connection(1403413933)--Thread(Thread[grizzly-http-server-18,5,main])--INSERT INTO vsa_user (AISID, PASSWORD, USERNAME) VALUES (?, ?, ?)
	bind => [45678, $2a$13$0alvB48pEAnli7IgQrWdq.mKfR3lNogLeVKWt44/2RRYAC1hOQExC, ucitel.test@stuba.sk]
[EL Fine]: sql: 2023-05-18 13:19:27.63--ClientSession(386562703)--Connection(1403413933)--Thread(Thread[grizzly-http-server-18,5,main])--INSERT INTO User_PERMISSIONS (User_AISID, PERMISSIONS) VALUES (?, ?)
	bind => [45678, 1]
[EL Fine]: sql: 2023-05-18 13:19:27.641--ClientSession(2131218880)--Connection(1403413933)--Thread(Thread[grizzly-http-server-18,5,main])--UPDATE PEDAGOG SET DEPARTMENT = ?, INSTITUTE = ? WHERE (AISID = ?)
	bind => [SI, UIM, 45678]
[EL Fine]: sql: 2023-05-18 13:19:27.65--ServerSession(1202547191)--Connection(1403413933)--Thread(Thread[grizzly-http-server-19,5,main])--SELECT AISID, DEPARTMENT, EMAIL, INSTITUTE, NAME, PASSWORD FROM PEDAGOG WHERE (EMAIL = ?)
	bind => [test.teacher@stuba.sk]
[EL Fine]: sql: 2023-05-18 13:19:27.65--ClientSession(1189054863)--Connection(1403413933)--Thread(Thread[grizzly-http-server-19,5,main])--INSERT INTO PEDAGOG (AISID, DEPARTMENT, EMAIL, INSTITUTE, NAME, PASSWORD) VALUES (?, ?, ?, ?, ?, ?)
	bind => [123456, null, test.teacher@stuba.sk, BIS, Meno testovacieho uciteľa, null]
[EL Fine]: sql: 2023-05-18 13:19:28.142--ClientSession(962244756)--Connection(1403413933)--Thread(Thread[grizzly-http-server-19,5,main])--INSERT INTO vsa_user (AISID, PASSWORD, USERNAME) VALUES (?, ?, ?)
	bind => [123456, $2a$13$STz70dS9N/B2XuOKOg.vo.BO8/A6aCoh3uyrkf/pDnYkcmorg.ttq, test.teacher@stuba.sk]
[EL Fine]: sql: 2023-05-18 13:19:28.142--ClientSession(962244756)--Connection(1403413933)--Thread(Thread[grizzly-http-server-19,5,main])--INSERT INTO User_PERMISSIONS (User_AISID, PERMISSIONS) VALUES (?, ?)
	bind => [123456, 1]
[EL Fine]: sql: 2023-05-18 13:19:28.152--ClientSession(2133963734)--Connection(1403413933)--Thread(Thread[grizzly-http-server-19,5,main])--UPDATE PEDAGOG SET DEPARTMENT = ?, INSTITUTE = ? WHERE (AISID = ?)
	bind => [BIS, UIMM, 123456]
2023-05-18 13:19:28.159  INFO --- [-http-server-20] .s.f.u.v.p.JAXRSApplicationConfiguration : Recieved credentials: ucitel.test@stuba.sk, password
[EL Fine]: sql: 2023-05-18 13:19:28.159--ServerSession(1202547191)--Connection(1403413933)--Thread(Thread[grizzly-http-server-20,5,main])--SELECT AISID, PASSWORD, USERNAME FROM vsa_user WHERE (USERNAME = ?)
	bind => [ucitel.test@stuba.sk]
]]></system-out>
  </testcase>
</testsuite></testsuites>