<?xml version="1.0" encoding="UTF-8"?><testsuites>
<testsuite xmlns:xsi="http://www.w3.org/2001/XMLSchema-instance" xsi:noNamespaceSchemaLocation="https://maven.apache.org/surefire/maven-surefire-plugin/xsd/surefire-test-report.xsd" name="sk.stuba.fei.uim.vsa.pr2.bonus.BonusSearchResourceTest" time="2.652" tests="3" errors="0" skipped="3" failures="0">
  <properties>
[...]
</properties>
  <testcase name="shouldFindStudents" classname="sk.stuba.fei.uim.vsa.pr2.bonus.BonusSearchResourceTest" time="0">
    <skipped message="Assumption failed: Skipping test. Bonus endpoints were not implemented" type="org.opentest4j.TestAbortedException">org.opentest4j.TestAbortedException: Assumption failed: Skipping test. Bonus endpoints were not implemented
	at sk.stuba.fei.uim.vsa.pr2.bonus.BonusSearchResourceTest.shouldFindStudents(BonusSearchResourceTest.java:176)
</skipped>
    <system-out><![CDATA[2023-05-18 13:19:37.486  INFO --- [           main] s.s.fei.uim.vsa.pr2.utils.ResourceTest   : Starting HTTP server for testing
2023-05-18 13:19:37.506  INFO --- [           main] s.s.fei.uim.vsa.pr2.Project2Application  : Starting Grizzly2 HTTP server...
2023-05-18 13:19:37.507  INFO --- [           main] s.s.f.u.v.pr2.ApplicationConfiguration   : Set base uri: http://docker-desktop:8080/api
2023-05-18 13:19:37.507  INFO --- [           main] s.s.fei.uim.vsa.pr2.Project2Application  : Server listening on http://docker-desktop:8080/api
2023-05-18 13:19:37.760  INFO --- [           main] org.reflections.Reflections              : Reflections took 61 ms to scan 2 urls, producing 13 keys and 21 values
2023-05-18 13:19:37.772  INFO --- [           main] .s.f.u.v.p.JAXRSApplicationConfiguration : Registered resource classes: [class sk.stuba.fei.uim.vsa.pr2.api.StudentResource, class sk.stuba.fei.uim.vsa.pr2.api.TeacherResource, class sk.stuba.fei.uim.vsa.pr2.api.ThesisResource]
2023-05-18 13:19:37.773  INFO --- [           main] .s.f.u.v.p.JAXRSApplicationConfiguration : Registered feature providers: []
2023-05-18 13:19:38.333  INFO --- [           main] s.s.fei.uim.vsa.pr2.utils.ResourceTest   : Creating client for HTTP server
2023-05-18 13:19:38.347  INFO --- [           main] s.s.fei.uim.vsa.pr2.utils.ResourceTest   : Client created JerseyWebTarget { http://docker-desktop:8080/api }
[EL Fine]: server: 2023-05-18 13:19:38.619--Thread(Thread[main,5,main])--Configured server platform: org.eclipse.persistence.platform.server.NoServerPlatform
[EL Config]: metadata: 2023-05-18 13:19:38.726--ServerSession(832066800)--Thread(Thread[main,5,main])--The access type for the persistent class [class user.User] is set to [FIELD].
[EL Config]: metadata: 2023-05-18 13:19:38.742--ServerSession(832066800)--Thread(Thread[main,5,main])--The target class (reference) class for the element collection mapping element [field permissions] is being defaulted to: class auth.Permission.
[EL Config]: metadata: 2023-05-18 13:19:38.743--ServerSession(832066800)--Thread(Thread[main,5,main])--The access type for the persistent class [class entities.ZaverecnaPraca] is set to [FIELD].
[EL Config]: metadata: 2023-05-18 13:19:38.746--ServerSession(832066800)--Thread(Thread[main,5,main])--The target entity (reference) class for the one to one mapping element [field author] is being defaulted to: class entities.Student.
[EL Config]: metadata: 2023-05-18 13:19:38.748--ServerSession(832066800)--Thread(Thread[main,5,main])--The target entity (reference) class for the many to one mapping element [field supervisor] is being defaulted to: class entities.Pedagog.
[EL Config]: metadata: 2023-05-18 13:19:38.749--ServerSession(832066800)--Thread(Thread[main,5,main])--The access type for the persistent class [class entities.Pedagog] is set to [FIELD].
[EL Config]: metadata: 2023-05-18 13:19:38.751--ServerSession(832066800)--Thread(Thread[main,5,main])--The target entity (reference) class for the one to many mapping element [field theses] is being defaulted to: class entities.ZaverecnaPraca.
[EL Config]: metadata: 2023-05-18 13:19:38.752--ServerSession(832066800)--Thread(Thread[main,5,main])--The access type for the persistent class [class entities.ThesisAssignmentRequest] is set to [FIELD].
[EL Config]: metadata: 2023-05-18 13:19:38.752--ServerSession(832066800)--Thread(Thread[main,5,main])--The access type for the persistent class [class entities.Student] is set to [FIELD].
[EL Config]: metadata: 2023-05-18 13:19:38.752--ServerSession(832066800)--Thread(Thread[main,5,main])--The target entity (reference) class for the one to one mapping element [field thesis] is being defaulted to: class entities.ZaverecnaPraca.
[EL Config]: metadata: 2023-05-18 13:19:38.753--ServerSession(832066800)--Thread(Thread[main,5,main])--The alias name for the entity class [class user.User] is being defaulted to: User.
[EL Config]: metadata: 2023-05-18 13:19:38.764--ServerSession(832066800)--Thread(Thread[main,5,main])--The column name for element [password] is being defaulted to: PASSWORD.
[EL Config]: metadata: 2023-05-18 13:19:38.764--ServerSession(832066800)--Thread(Thread[main,5,main])--The column name for element [aisId] is being defaulted to: AISID.
[EL Config]: metadata: 2023-05-18 13:19:38.765--ServerSession(832066800)--Thread(Thread[main,5,main])--The column name for element [username] is being defaulted to: USERNAME.
[EL Config]: metadata: 2023-05-18 13:19:38.765--ServerSession(832066800)--Thread(Thread[main,5,main])--The alias name for the entity class [class entities.ZaverecnaPraca] is being defaulted to: ZaverecnaPraca.
[EL Config]: metadata: 2023-05-18 13:19:38.765--ServerSession(832066800)--Thread(Thread[main,5,main])--The table name for entity [class entities.ZaverecnaPraca] is being defaulted to: ZAVERECNAPRACA.
[EL Config]: metadata: 2023-05-18 13:19:38.766--ServerSession(832066800)--Thread(Thread[main,5,main])--The column name for element [registrationNumber] is being defaulted to: REGISTRATIONNUMBER.
[EL Config]: metadata: 2023-05-18 13:19:38.766--ServerSession(832066800)--Thread(Thread[main,5,main])--The column name for element [description] is being defaulted to: DESCRIPTION.
[EL Config]: metadata: 2023-05-18 13:19:38.766--ServerSession(832066800)--Thread(Thread[main,5,main])--The column name for element [publishedOn] is being defaulted to: PUBLISHEDON.
[EL Config]: metadata: 2023-05-18 13:19:38.768--ServerSession(832066800)--Thread(Thread[main,5,main])--The column name for element [id] is being defaulted to: ID.
[EL Config]: metadata: 2023-05-18 13:19:38.769--ServerSession(832066800)--Thread(Thread[main,5,main])--The column name for element [title] is being defaulted to: TITLE.
[EL Config]: metadata: 2023-05-18 13:19:38.769--ServerSession(832066800)--Thread(Thread[main,5,main])--The column name for element [department] is being defaulted to: DEPARTMENT.
[EL Config]: metadata: 2023-05-18 13:19:38.769--ServerSession(832066800)--Thread(Thread[main,5,main])--The column name for element [deadline] is being defaulted to: DEADLINE.
[EL Config]: metadata: 2023-05-18 13:19:38.769--ServerSession(832066800)--Thread(Thread[main,5,main])--The column name for element [type] is being defaulted to: TYPE.
[EL Config]: metadata: 2023-05-18 13:19:38.771--ServerSession(832066800)--Thread(Thread[main,5,main])--The column name for element [status] is being defaulted to: STATUS.
[EL Config]: metadata: 2023-05-18 13:19:38.771--ServerSession(832066800)--Thread(Thread[main,5,main])--The alias name for the entity class [class entities.Pedagog] is being defaulted to: Pedagog.
[EL Config]: metadata: 2023-05-18 13:19:38.771--ServerSession(832066800)--Thread(Thread[main,5,main])--The table name for entity [class entities.Pedagog] is being defaulted to: PEDAGOG.
[EL Config]: metadata: 2023-05-18 13:19:38.772--ServerSession(832066800)--Thread(Thread[main,5,main])--The column name for element [password] is being defaulted to: PASSWORD.
[EL Config]: metadata: 2023-05-18 13:19:38.772--ServerSession(832066800)--Thread(Thread[main,5,main])--The column name for element [name] is being defaulted to: NAME.
[EL Config]: metadata: 2023-05-18 13:19:38.772--ServerSession(832066800)--Thread(Thread[main,5,main])--The column name for element [institute] is being defaulted to: INSTITUTE.
[EL Config]: metadata: 2023-05-18 13:19:38.773--ServerSession(832066800)--Thread(Thread[main,5,main])--The column name for element [department] is being defaulted to: DEPARTMENT.
[EL Config]: metadata: 2023-05-18 13:19:38.773--ServerSession(832066800)--Thread(Thread[main,5,main])--The column name for element [aisId] is being defaulted to: AISID.
[EL Config]: metadata: 2023-05-18 13:19:38.773--ServerSession(832066800)--Thread(Thread[main,5,main])--The column name for element [email] is being defaulted to: EMAIL.
[EL Config]: metadata: 2023-05-18 13:19:38.773--ServerSession(832066800)--Thread(Thread[main,5,main])--The alias name for the entity class [class entities.ThesisAssignmentRequest] is being defaulted to: ThesisAssignmentRequest.
[EL Config]: metadata: 2023-05-18 13:19:38.774--ServerSession(832066800)--Thread(Thread[main,5,main])--The table name for entity [class entities.ThesisAssignmentRequest] is being defaulted to: THESISASSIGNMENTREQUEST.
[EL Config]: metadata: 2023-05-18 13:19:38.774--ServerSession(832066800)--Thread(Thread[main,5,main])--The column name for element [studentId] is being defaulted to: STUDENTID.
[EL Config]: metadata: 2023-05-18 13:19:38.774--ServerSession(832066800)--Thread(Thread[main,5,main])--The column name for element [teacherId] is being defaulted to: TEACHERID.
[EL Config]: metadata: 2023-05-18 13:19:38.774--ServerSession(832066800)--Thread(Thread[main,5,main])--The column name for element [id] is being defaulted to: ID.
[EL Config]: metadata: 2023-05-18 13:19:38.775--ServerSession(832066800)--Thread(Thread[main,5,main])--The alias name for the entity class [class entities.Student] is being defaulted to: Student.
[EL Config]: metadata: 2023-05-18 13:19:38.775--ServerSession(832066800)--Thread(Thread[main,5,main])--The table name for entity [class entities.Student] is being defaulted to: STUDENT.
[EL Config]: metadata: 2023-05-18 13:19:38.775--ServerSession(832066800)--Thread(Thread[main,5,main])--The column name for element [password] is being defaulted to: PASSWORD.
[EL Config]: metadata: 2023-05-18 13:19:38.775--ServerSession(832066800)--Thread(Thread[main,5,main])--The column name for element [name] is being defaulted to: NAME.
[EL Config]: metadata: 2023-05-18 13:19:38.776--ServerSession(832066800)--Thread(Thread[main,5,main])--The column name for element [term] is being defaulted to: TERM.
[EL Config]: metadata: 2023-05-18 13:19:38.776--ServerSession(832066800)--Thread(Thread[main,5,main])--The column name for element [email] is being defaulted to: EMAIL.
[EL Config]: metadata: 2023-05-18 13:19:38.793--ServerSession(832066800)--Thread(Thread[main,5,main])--The collection table name for the basic collection/map mapping [field permissions] is being defaulted to: User_PERMISSIONS.
[EL Config]: metadata: 2023-05-18 13:19:38.793--ServerSession(832066800)--Thread(Thread[main,5,main])--The primary key column name for the mapping element [field permissions] is being defaulted to: AISID.
[EL Config]: metadata: 2023-05-18 13:19:38.793--ServerSession(832066800)--Thread(Thread[main,5,main])--The foreign key column name for the mapping element [permissions] is being defaulted to: User_AISID.
[EL Config]: metadata: 2023-05-18 13:19:38.795--ServerSession(832066800)--Thread(Thread[main,5,main])--The value column name for the basic collection/map mapping element mapping element [permissions] is being defaulted to: PERMISSIONS.
[EL Fine]: metadata: 2023-05-18 13:19:38.795--Thread(Thread[main,5,main])--java.lang.ClassNotFoundException: java.util.Listauth.Permission
[EL Config]: metadata: 2023-05-18 13:19:38.802--ServerSession(832066800)--Thread(Thread[main,5,main])--The primary key column name for the mapping element [field author] is being defaulted to: Id.
[EL Config]: metadata: 2023-05-18 13:19:38.802--ServerSession(832066800)--Thread(Thread[main,5,main])--The foreign key column name for the mapping element [author] is being defaulted to: AUTHOR_Id.
[EL Config]: metadata: 2023-05-18 13:19:38.802--ServerSession(832066800)--Thread(Thread[main,5,main])--The primary key column name for the mapping element [field supervisor] is being defaulted to: AISID.
[EL Config]: metadata: 2023-05-18 13:19:38.802--ServerSession(832066800)--Thread(Thread[main,5,main])--The foreign key column name for the mapping element [supervisor] is being defaulted to: SUPERVISOR_AISID.
[EL Info]: 2023-05-18 13:19:38.913--ServerSession(832066800)--Thread(Thread[main,5,main])--EclipseLink, version: Eclipse Persistence Services - 2.7.10.v20211216-fe64cd39c3
[EL Fine]: connection: 2023-05-18 13:19:38.919--ServerSession(832066800)--Connection(246014273)--Thread(Thread[main,5,main])--connecting(DatabaseLogin(
	platform=>PostgreSQLPlatform
	user name=> "vsa"
	datasource URL=> "jdbc:postgresql://localhost:5432/vsa_pr2_xcickai1"
))
[EL Config]: connection: 2023-05-18 13:19:38.976--ServerSession(832066800)--Connection(496425074)--Thread(Thread[main,5,main])--Connected: jdbc:postgresql://localhost:5432/vsa_pr2_xcickai1
	User: vsa
	Database: PostgreSQL  Version: 15.2 (Debian 15.2-1.pgdg110+1)
	Driver: PostgreSQL JDBC Driver  Version: 42.5.4
[EL Fine]: connection: 2023-05-18 13:19:39.025--ServerSession(832066800)--Thread(Thread[main,5,main])--/file:/tested--b-vsa-ls23-projekt-2/target/classes/_vsa-project-2 login successful
[EL Config]: metadata: 2023-05-18 13:19:39.039--Thread(Thread[main,5,main])--The default table generator could not locate or convert a java type (class auth.Permission) into a database type for database field (User_PERMISSIONS.PERMISSIONS). The generator uses "java.lang.String" as default java type for the field.
[EL Fine]: sql: 2023-05-18 13:19:39.041--ServerSession(832066800)--Connection(496425074)--Thread(Thread[main,5,main])--ALTER TABLE ZAVERECNAPRACA DROP CONSTRAINT FK_ZAVERECNAPRACA_SUPERVISOR_AISID
[EL Fine]: sql: 2023-05-18 13:19:39.052--ServerSession(832066800)--Thread(Thread[main,5,main])--SELECT 1
[EL Warning]: 2023-05-18 13:19:39.061--ServerSession(832066800)--Thread(Thread[main,5,main])--Exception [EclipseLink-4002] (Eclipse Persistence Services - 2.7.10.v20211216-fe64cd39c3): org.eclipse.persistence.exceptions.DatabaseException
Internal Exception: org.postgresql.util.PSQLException: ERROR: relation "zaverecnapraca" does not exist
Error Code: 0
Call: ALTER TABLE ZAVERECNAPRACA DROP CONSTRAINT FK_ZAVERECNAPRACA_SUPERVISOR_AISID
Query: DataModifyQuery(sql="ALTER TABLE ZAVERECNAPRACA DROP CONSTRAINT FK_ZAVERECNAPRACA_SUPERVISOR_AISID")
[EL Fine]: sql: 2023-05-18 13:19:39.062--ServerSession(832066800)--Connection(496425074)--Thread(Thread[main,5,main])--ALTER TABLE ZAVERECNAPRACA DROP CONSTRAINT FK_ZAVERECNAPRACA_AUTHOR_Id
[EL Fine]: sql: 2023-05-18 13:19:39.064--ServerSession(832066800)--Thread(Thread[main,5,main])--SELECT 1
[EL Warning]: 2023-05-18 13:19:39.064--ServerSession(832066800)--Thread(Thread[main,5,main])--Exception [EclipseLink-4002] (Eclipse Persistence Services - 2.7.10.v20211216-fe64cd39c3): org.eclipse.persistence.exceptions.DatabaseException
Internal Exception: org.postgresql.util.PSQLException: ERROR: relation "zaverecnapraca" does not exist
Error Code: 0
Call: ALTER TABLE ZAVERECNAPRACA DROP CONSTRAINT FK_ZAVERECNAPRACA_AUTHOR_Id
Query: DataModifyQuery(sql="ALTER TABLE ZAVERECNAPRACA DROP CONSTRAINT FK_ZAVERECNAPRACA_AUTHOR_Id")
[EL Fine]: sql: 2023-05-18 13:19:39.065--ServerSession(832066800)--Connection(496425074)--Thread(Thread[main,5,main])--ALTER TABLE User_PERMISSIONS DROP CONSTRAINT FK_User_PERMISSIONS_User_AISID
[EL Fine]: sql: 2023-05-18 13:19:39.065--ServerSession(832066800)--Thread(Thread[main,5,main])--SELECT 1
[EL Warning]: 2023-05-18 13:19:39.066--ServerSession(832066800)--Thread(Thread[main,5,main])--Exception [EclipseLink-4002] (Eclipse Persistence Services - 2.7.10.v20211216-fe64cd39c3): org.eclipse.persistence.exceptions.DatabaseException
Internal Exception: org.postgresql.util.PSQLException: ERROR: relation "user_permissions" does not exist
Error Code: 0
Call: ALTER TABLE User_PERMISSIONS DROP CONSTRAINT FK_User_PERMISSIONS_User_AISID
Query: DataModifyQuery(sql="ALTER TABLE User_PERMISSIONS DROP CONSTRAINT FK_User_PERMISSIONS_User_AISID")
[EL Fine]: sql: 2023-05-18 13:19:39.067--ServerSession(832066800)--Connection(496425074)--Thread(Thread[main,5,main])--DROP TABLE STUDENT CASCADE
[EL Fine]: sql: 2023-05-18 13:19:39.067--ServerSession(832066800)--Thread(Thread[main,5,main])--SELECT 1
[EL Warning]: 2023-05-18 13:19:39.068--ServerSession(832066800)--Thread(Thread[main,5,main])--Exception [EclipseLink-4002] (Eclipse Persistence Services - 2.7.10.v20211216-fe64cd39c3): org.eclipse.persistence.exceptions.DatabaseException
Internal Exception: org.postgresql.util.PSQLException: ERROR: table "student" does not exist
Error Code: 0
Call: DROP TABLE STUDENT CASCADE
Query: DataModifyQuery(sql="DROP TABLE STUDENT CASCADE")
[EL Fine]: sql: 2023-05-18 13:19:39.068--ServerSession(832066800)--Connection(496425074)--Thread(Thread[main,5,main])--DROP TABLE PEDAGOG CASCADE
[EL Fine]: sql: 2023-05-18 13:19:39.069--ServerSession(832066800)--Thread(Thread[main,5,main])--SELECT 1
[EL Warning]: 2023-05-18 13:19:39.07--ServerSession(832066800)--Thread(Thread[main,5,main])--Exception [EclipseLink-4002] (Eclipse Persistence Services - 2.7.10.v20211216-fe64cd39c3): org.eclipse.persistence.exceptions.DatabaseException
Internal Exception: org.postgresql.util.PSQLException: ERROR: table "pedagog" does not exist
Error Code: 0
Call: DROP TABLE PEDAGOG CASCADE
Query: DataModifyQuery(sql="DROP TABLE PEDAGOG CASCADE")
[EL Fine]: sql: 2023-05-18 13:19:39.07--ServerSession(832066800)--Connection(496425074)--Thread(Thread[main,5,main])--DROP TABLE ZAVERECNAPRACA CASCADE
[EL Fine]: sql: 2023-05-18 13:19:39.07--ServerSession(832066800)--Thread(Thread[main,5,main])--SELECT 1
[EL Warning]: 2023-05-18 13:19:39.071--ServerSession(832066800)--Thread(Thread[main,5,main])--Exception [EclipseLink-4002] (Eclipse Persistence Services - 2.7.10.v20211216-fe64cd39c3): org.eclipse.persistence.exceptions.DatabaseException
Internal Exception: org.postgresql.util.PSQLException: ERROR: table "zaverecnapraca" does not exist
Error Code: 0
Call: DROP TABLE ZAVERECNAPRACA CASCADE
Query: DataModifyQuery(sql="DROP TABLE ZAVERECNAPRACA CASCADE")
[EL Fine]: sql: 2023-05-18 13:19:39.071--ServerSession(832066800)--Connection(496425074)--Thread(Thread[main,5,main])--DROP TABLE vsa_user CASCADE
[EL Fine]: sql: 2023-05-18 13:19:39.072--ServerSession(832066800)--Thread(Thread[main,5,main])--SELECT 1
[EL Warning]: 2023-05-18 13:19:39.073--ServerSession(832066800)--Thread(Thread[main,5,main])--Exception [EclipseLink-4002] (Eclipse Persistence Services - 2.7.10.v20211216-fe64cd39c3): org.eclipse.persistence.exceptions.DatabaseException
Internal Exception: org.postgresql.util.PSQLException: ERROR: table "vsa_user" does not exist
Error Code: 0
Call: DROP TABLE vsa_user CASCADE
Query: DataModifyQuery(sql="DROP TABLE vsa_user CASCADE")
[EL Fine]: sql: 2023-05-18 13:19:39.073--ServerSession(832066800)--Connection(496425074)--Thread(Thread[main,5,main])--DROP TABLE THESISASSIGNMENTREQUEST CASCADE
[EL Fine]: sql: 2023-05-18 13:19:39.074--ServerSession(832066800)--Thread(Thread[main,5,main])--SELECT 1
[EL Warning]: 2023-05-18 13:19:39.074--ServerSession(832066800)--Thread(Thread[main,5,main])--Exception [EclipseLink-4002] (Eclipse Persistence Services - 2.7.10.v20211216-fe64cd39c3): org.eclipse.persistence.exceptions.DatabaseException
Internal Exception: org.postgresql.util.PSQLException: ERROR: table "thesisassignmentrequest" does not exist
Error Code: 0
Call: DROP TABLE THESISASSIGNMENTREQUEST CASCADE
Query: DataModifyQuery(sql="DROP TABLE THESISASSIGNMENTREQUEST CASCADE")
[EL Fine]: sql: 2023-05-18 13:19:39.075--ServerSession(832066800)--Connection(496425074)--Thread(Thread[main,5,main])--DROP TABLE User_PERMISSIONS CASCADE
[EL Fine]: sql: 2023-05-18 13:19:39.076--ServerSession(832066800)--Thread(Thread[main,5,main])--SELECT 1
[EL Warning]: 2023-05-18 13:19:39.076--ServerSession(832066800)--Thread(Thread[main,5,main])--Exception [EclipseLink-4002] (Eclipse Persistence Services - 2.7.10.v20211216-fe64cd39c3): org.eclipse.persistence.exceptions.DatabaseException
Internal Exception: org.postgresql.util.PSQLException: ERROR: table "user_permissions" does not exist
Error Code: 0
Call: DROP TABLE User_PERMISSIONS CASCADE
Query: DataModifyQuery(sql="DROP TABLE User_PERMISSIONS CASCADE")
[EL Fine]: sql: 2023-05-18 13:19:39.077--ServerSession(832066800)--Connection(496425074)--Thread(Thread[main,5,main])--DROP TABLE STUDENT CASCADE
[EL Fine]: sql: 2023-05-18 13:19:39.077--ServerSession(832066800)--Thread(Thread[main,5,main])--SELECT 1
[EL Warning]: 2023-05-18 13:19:39.078--ServerSession(832066800)--Thread(Thread[main,5,main])--Exception [EclipseLink-4002] (Eclipse Persistence Services - 2.7.10.v20211216-fe64cd39c3): org.eclipse.persistence.exceptions.DatabaseException
Internal Exception: org.postgresql.util.PSQLException: ERROR: table "student" does not exist
Error Code: 0
Call: DROP TABLE STUDENT CASCADE
Query: DataModifyQuery(sql="DROP TABLE STUDENT CASCADE")
[EL Fine]: sql: 2023-05-18 13:19:39.078--ServerSession(832066800)--Connection(496425074)--Thread(Thread[main,5,main])--DROP TABLE PEDAGOG CASCADE
[EL Fine]: sql: 2023-05-18 13:19:39.079--ServerSession(832066800)--Thread(Thread[main,5,main])--SELECT 1
[EL Warning]: 2023-05-18 13:19:39.079--ServerSession(832066800)--Thread(Thread[main,5,main])--Exception [EclipseLink-4002] (Eclipse Persistence Services - 2.7.10.v20211216-fe64cd39c3): org.eclipse.persistence.exceptions.DatabaseException
Internal Exception: org.postgresql.util.PSQLException: ERROR: table "pedagog" does not exist
Error Code: 0
Call: DROP TABLE PEDAGOG CASCADE
Query: DataModifyQuery(sql="DROP TABLE PEDAGOG CASCADE")
[EL Fine]: sql: 2023-05-18 13:19:39.08--ServerSession(832066800)--Connection(496425074)--Thread(Thread[main,5,main])--DROP TABLE ZAVERECNAPRACA CASCADE
[EL Fine]: sql: 2023-05-18 13:19:39.08--ServerSession(832066800)--Thread(Thread[main,5,main])--SELECT 1
[EL Warning]: 2023-05-18 13:19:39.081--ServerSession(832066800)--Thread(Thread[main,5,main])--Exception [EclipseLink-4002] (Eclipse Persistence Services - 2.7.10.v20211216-fe64cd39c3): org.eclipse.persistence.exceptions.DatabaseException
Internal Exception: org.postgresql.util.PSQLException: ERROR: table "zaverecnapraca" does not exist
Error Code: 0
Call: DROP TABLE ZAVERECNAPRACA CASCADE
Query: DataModifyQuery(sql="DROP TABLE ZAVERECNAPRACA CASCADE")
[EL Fine]: sql: 2023-05-18 13:19:39.081--ServerSession(832066800)--Connection(496425074)--Thread(Thread[main,5,main])--DROP TABLE vsa_user CASCADE
[EL Fine]: sql: 2023-05-18 13:19:39.082--ServerSession(832066800)--Thread(Thread[main,5,main])--SELECT 1
[EL Warning]: 2023-05-18 13:19:39.082--ServerSession(832066800)--Thread(Thread[main,5,main])--Exception [EclipseLink-4002] (Eclipse Persistence Services - 2.7.10.v20211216-fe64cd39c3): org.eclipse.persistence.exceptions.DatabaseException
Internal Exception: org.postgresql.util.PSQLException: ERROR: table "vsa_user" does not exist
Error Code: 0
Call: DROP TABLE vsa_user CASCADE
Query: DataModifyQuery(sql="DROP TABLE vsa_user CASCADE")
[EL Fine]: sql: 2023-05-18 13:19:39.083--ServerSession(832066800)--Connection(496425074)--Thread(Thread[main,5,main])--DROP TABLE THESISASSIGNMENTREQUEST CASCADE
[EL Fine]: sql: 2023-05-18 13:19:39.083--ServerSession(832066800)--Thread(Thread[main,5,main])--SELECT 1
[EL Warning]: 2023-05-18 13:19:39.084--ServerSession(832066800)--Thread(Thread[main,5,main])--Exception [EclipseLink-4002] (Eclipse Persistence Services - 2.7.10.v20211216-fe64cd39c3): org.eclipse.persistence.exceptions.DatabaseException
Internal Exception: org.postgresql.util.PSQLException: ERROR: table "thesisassignmentrequest" does not exist
Error Code: 0
Call: DROP TABLE THESISASSIGNMENTREQUEST CASCADE
Query: DataModifyQuery(sql="DROP TABLE THESISASSIGNMENTREQUEST CASCADE")
[EL Fine]: sql: 2023-05-18 13:19:39.084--ServerSession(832066800)--Connection(496425074)--Thread(Thread[main,5,main])--DROP TABLE User_PERMISSIONS CASCADE
[EL Fine]: sql: 2023-05-18 13:19:39.085--ServerSession(832066800)--Thread(Thread[main,5,main])--SELECT 1
[EL Warning]: 2023-05-18 13:19:39.085--ServerSession(832066800)--Thread(Thread[main,5,main])--Exception [EclipseLink-4002] (Eclipse Persistence Services - 2.7.10.v20211216-fe64cd39c3): org.eclipse.persistence.exceptions.DatabaseException
Internal Exception: org.postgresql.util.PSQLException: ERROR: table "user_permissions" does not exist
Error Code: 0
Call: DROP TABLE User_PERMISSIONS CASCADE
Query: DataModifyQuery(sql="DROP TABLE User_PERMISSIONS CASCADE")
[EL Fine]: sql: 2023-05-18 13:19:39.085--ServerSession(832066800)--Connection(496425074)--Thread(Thread[main,5,main])--DROP TABLE STUDENT CASCADE
[EL Fine]: sql: 2023-05-18 13:19:39.086--ServerSession(832066800)--Thread(Thread[main,5,main])--SELECT 1
[EL Warning]: 2023-05-18 13:19:39.087--ServerSession(832066800)--Thread(Thread[main,5,main])--Exception [EclipseLink-4002] (Eclipse Persistence Services - 2.7.10.v20211216-fe64cd39c3): org.eclipse.persistence.exceptions.DatabaseException
Internal Exception: org.postgresql.util.PSQLException: ERROR: table "student" does not exist
Error Code: 0
Call: DROP TABLE STUDENT CASCADE
Query: DataModifyQuery(sql="DROP TABLE STUDENT CASCADE")
[EL Fine]: sql: 2023-05-18 13:19:39.087--ServerSession(832066800)--Connection(496425074)--Thread(Thread[main,5,main])--DROP TABLE PEDAGOG CASCADE
[EL Fine]: sql: 2023-05-18 13:19:39.088--ServerSession(832066800)--Thread(Thread[main,5,main])--SELECT 1
[EL Warning]: 2023-05-18 13:19:39.088--ServerSession(832066800)--Thread(Thread[main,5,main])--Exception [EclipseLink-4002] (Eclipse Persistence Services - 2.7.10.v20211216-fe64cd39c3): org.eclipse.persistence.exceptions.DatabaseException
Internal Exception: org.postgresql.util.PSQLException: ERROR: table "pedagog" does not exist
Error Code: 0
Call: DROP TABLE PEDAGOG CASCADE
Query: DataModifyQuery(sql="DROP TABLE PEDAGOG CASCADE")
[EL Fine]: sql: 2023-05-18 13:19:39.088--ServerSession(832066800)--Connection(496425074)--Thread(Thread[main,5,main])--DROP TABLE ZAVERECNAPRACA CASCADE
[EL Fine]: sql: 2023-05-18 13:19:39.089--ServerSession(832066800)--Thread(Thread[main,5,main])--SELECT 1
[EL Warning]: 2023-05-18 13:19:39.089--ServerSession(832066800)--Thread(Thread[main,5,main])--Exception [EclipseLink-4002] (Eclipse Persistence Services - 2.7.10.v20211216-fe64cd39c3): org.eclipse.persistence.exceptions.DatabaseException
Internal Exception: org.postgresql.util.PSQLException: ERROR: table "zaverecnapraca" does not exist
Error Code: 0
Call: DROP TABLE ZAVERECNAPRACA CASCADE
Query: DataModifyQuery(sql="DROP TABLE ZAVERECNAPRACA CASCADE")
[EL Fine]: sql: 2023-05-18 13:19:39.09--ServerSession(832066800)--Connection(496425074)--Thread(Thread[main,5,main])--DROP TABLE vsa_user CASCADE
[EL Fine]: sql: 2023-05-18 13:19:39.09--ServerSession(832066800)--Thread(Thread[main,5,main])--SELECT 1
[EL Warning]: 2023-05-18 13:19:39.091--ServerSession(832066800)--Thread(Thread[main,5,main])--Exception [EclipseLink-4002] (Eclipse Persistence Services - 2.7.10.v20211216-fe64cd39c3): org.eclipse.persistence.exceptions.DatabaseException
Internal Exception: org.postgresql.util.PSQLException: ERROR: table "vsa_user" does not exist
Error Code: 0
Call: DROP TABLE vsa_user CASCADE
Query: DataModifyQuery(sql="DROP TABLE vsa_user CASCADE")
[EL Fine]: sql: 2023-05-18 13:19:39.091--ServerSession(832066800)--Connection(496425074)--Thread(Thread[main,5,main])--DROP TABLE THESISASSIGNMENTREQUEST CASCADE
[EL Fine]: sql: 2023-05-18 13:19:39.092--ServerSession(832066800)--Thread(Thread[main,5,main])--SELECT 1
[EL Warning]: 2023-05-18 13:19:39.092--ServerSession(832066800)--Thread(Thread[main,5,main])--Exception [EclipseLink-4002] (Eclipse Persistence Services - 2.7.10.v20211216-fe64cd39c3): org.eclipse.persistence.exceptions.DatabaseException
Internal Exception: org.postgresql.util.PSQLException: ERROR: table "thesisassignmentrequest" does not exist
Error Code: 0
Call: DROP TABLE THESISASSIGNMENTREQUEST CASCADE
Query: DataModifyQuery(sql="DROP TABLE THESISASSIGNMENTREQUEST CASCADE")
[EL Fine]: sql: 2023-05-18 13:19:39.092--ServerSession(832066800)--Connection(496425074)--Thread(Thread[main,5,main])--DROP TABLE User_PERMISSIONS CASCADE
[EL Fine]: sql: 2023-05-18 13:19:39.093--ServerSession(832066800)--Thread(Thread[main,5,main])--SELECT 1
[EL Warning]: 2023-05-18 13:19:39.093--ServerSession(832066800)--Thread(Thread[main,5,main])--Exception [EclipseLink-4002] (Eclipse Persistence Services - 2.7.10.v20211216-fe64cd39c3): org.eclipse.persistence.exceptions.DatabaseException
Internal Exception: org.postgresql.util.PSQLException: ERROR: table "user_permissions" does not exist
Error Code: 0
Call: DROP TABLE User_PERMISSIONS CASCADE
Query: DataModifyQuery(sql="DROP TABLE User_PERMISSIONS CASCADE")
[EL Fine]: sql: 2023-05-18 13:19:39.094--ServerSession(832066800)--Connection(496425074)--Thread(Thread[main,5,main])--DROP TABLE STUDENT CASCADE
[EL Fine]: sql: 2023-05-18 13:19:39.094--ServerSession(832066800)--Thread(Thread[main,5,main])--SELECT 1
[EL Warning]: 2023-05-18 13:19:39.095--ServerSession(832066800)--Thread(Thread[main,5,main])--Exception [EclipseLink-4002] (Eclipse Persistence Services - 2.7.10.v20211216-fe64cd39c3): org.eclipse.persistence.exceptions.DatabaseException
Internal Exception: org.postgresql.util.PSQLException: ERROR: table "student" does not exist
Error Code: 0
Call: DROP TABLE STUDENT CASCADE
Query: DataModifyQuery(sql="DROP TABLE STUDENT CASCADE")
[EL Fine]: sql: 2023-05-18 13:19:39.095--ServerSession(832066800)--Connection(496425074)--Thread(Thread[main,5,main])--DROP TABLE PEDAGOG CASCADE
[EL Fine]: sql: 2023-05-18 13:19:39.095--ServerSession(832066800)--Thread(Thread[main,5,main])--SELECT 1
[EL Warning]: 2023-05-18 13:19:39.096--ServerSession(832066800)--Thread(Thread[main,5,main])--Exception [EclipseLink-4002] (Eclipse Persistence Services - 2.7.10.v20211216-fe64cd39c3): org.eclipse.persistence.exceptions.DatabaseException
Internal Exception: org.postgresql.util.PSQLException: ERROR: table "pedagog" does not exist
Error Code: 0
Call: DROP TABLE PEDAGOG CASCADE
Query: DataModifyQuery(sql="DROP TABLE PEDAGOG CASCADE")
[EL Fine]: sql: 2023-05-18 13:19:39.096--ServerSession(832066800)--Connection(496425074)--Thread(Thread[main,5,main])--DROP TABLE ZAVERECNAPRACA CASCADE
[EL Fine]: sql: 2023-05-18 13:19:39.097--ServerSession(832066800)--Thread(Thread[main,5,main])--SELECT 1
[EL Warning]: 2023-05-18 13:19:39.098--ServerSession(832066800)--Thread(Thread[main,5,main])--Exception [EclipseLink-4002] (Eclipse Persistence Services - 2.7.10.v20211216-fe64cd39c3): org.eclipse.persistence.exceptions.DatabaseException
Internal Exception: org.postgresql.util.PSQLException: ERROR: table "zaverecnapraca" does not exist
Error Code: 0
Call: DROP TABLE ZAVERECNAPRACA CASCADE
Query: DataModifyQuery(sql="DROP TABLE ZAVERECNAPRACA CASCADE")
[EL Fine]: sql: 2023-05-18 13:19:39.098--ServerSession(832066800)--Connection(496425074)--Thread(Thread[main,5,main])--DROP TABLE vsa_user CASCADE
[EL Fine]: sql: 2023-05-18 13:19:39.098--ServerSession(832066800)--Thread(Thread[main,5,main])--SELECT 1
[EL Warning]: 2023-05-18 13:19:39.099--ServerSession(832066800)--Thread(Thread[main,5,main])--Exception [EclipseLink-4002] (Eclipse Persistence Services - 2.7.10.v20211216-fe64cd39c3): org.eclipse.persistence.exceptions.DatabaseException
Internal Exception: org.postgresql.util.PSQLException: ERROR: table "vsa_user" does not exist
Error Code: 0
Call: DROP TABLE vsa_user CASCADE
Query: DataModifyQuery(sql="DROP TABLE vsa_user CASCADE")
[EL Fine]: sql: 2023-05-18 13:19:39.099--ServerSession(832066800)--Connection(496425074)--Thread(Thread[main,5,main])--DROP TABLE THESISASSIGNMENTREQUEST CASCADE
[EL Fine]: sql: 2023-05-18 13:19:39.1--ServerSession(832066800)--Thread(Thread[main,5,main])--SELECT 1
[EL Warning]: 2023-05-18 13:19:39.1--ServerSession(832066800)--Thread(Thread[main,5,main])--Exception [EclipseLink-4002] (Eclipse Persistence Services - 2.7.10.v20211216-fe64cd39c3): org.eclipse.persistence.exceptions.DatabaseException
Internal Exception: org.postgresql.util.PSQLException: ERROR: table "thesisassignmentrequest" does not exist
Error Code: 0
Call: DROP TABLE THESISASSIGNMENTREQUEST CASCADE
Query: DataModifyQuery(sql="DROP TABLE THESISASSIGNMENTREQUEST CASCADE")
[EL Fine]: sql: 2023-05-18 13:19:39.101--ServerSession(832066800)--Connection(496425074)--Thread(Thread[main,5,main])--DROP TABLE User_PERMISSIONS CASCADE
[EL Fine]: sql: 2023-05-18 13:19:39.101--ServerSession(832066800)--Thread(Thread[main,5,main])--SELECT 1
[EL Warning]: 2023-05-18 13:19:39.102--ServerSession(832066800)--Thread(Thread[main,5,main])--Exception [EclipseLink-4002] (Eclipse Persistence Services - 2.7.10.v20211216-fe64cd39c3): org.eclipse.persistence.exceptions.DatabaseException
Internal Exception: org.postgresql.util.PSQLException: ERROR: table "user_permissions" does not exist
Error Code: 0
Call: DROP TABLE User_PERMISSIONS CASCADE
Query: DataModifyQuery(sql="DROP TABLE User_PERMISSIONS CASCADE")
[EL Fine]: sql: 2023-05-18 13:19:39.102--ServerSession(832066800)--Connection(496425074)--Thread(Thread[main,5,main])--DROP TABLE STUDENT CASCADE
[EL Fine]: sql: 2023-05-18 13:19:39.103--ServerSession(832066800)--Thread(Thread[main,5,main])--SELECT 1
[EL Warning]: 2023-05-18 13:19:39.103--ServerSession(832066800)--Thread(Thread[main,5,main])--Exception [EclipseLink-4002] (Eclipse Persistence Services - 2.7.10.v20211216-fe64cd39c3): org.eclipse.persistence.exceptions.DatabaseException
Internal Exception: org.postgresql.util.PSQLException: ERROR: table "student" does not exist
Error Code: 0
Call: DROP TABLE STUDENT CASCADE
Query: DataModifyQuery(sql="DROP TABLE STUDENT CASCADE")
[EL Fine]: sql: 2023-05-18 13:19:39.103--ServerSession(832066800)--Connection(496425074)--Thread(Thread[main,5,main])--DROP TABLE PEDAGOG CASCADE
[EL Fine]: sql: 2023-05-18 13:19:39.104--ServerSession(832066800)--Thread(Thread[main,5,main])--SELECT 1
[EL Warning]: 2023-05-18 13:19:39.105--ServerSession(832066800)--Thread(Thread[main,5,main])--Exception [EclipseLink-4002] (Eclipse Persistence Services - 2.7.10.v20211216-fe64cd39c3): org.eclipse.persistence.exceptions.DatabaseException
Internal Exception: org.postgresql.util.PSQLException: ERROR: table "pedagog" does not exist
Error Code: 0
Call: DROP TABLE PEDAGOG CASCADE
Query: DataModifyQuery(sql="DROP TABLE PEDAGOG CASCADE")
[EL Fine]: sql: 2023-05-18 13:19:39.105--ServerSession(832066800)--Connection(496425074)--Thread(Thread[main,5,main])--DROP TABLE ZAVERECNAPRACA CASCADE
[EL Fine]: sql: 2023-05-18 13:19:39.105--ServerSession(832066800)--Thread(Thread[main,5,main])--SELECT 1
[EL Warning]: 2023-05-18 13:19:39.106--ServerSession(832066800)--Thread(Thread[main,5,main])--Exception [EclipseLink-4002] (Eclipse Persistence Services - 2.7.10.v20211216-fe64cd39c3): org.eclipse.persistence.exceptions.DatabaseException
Internal Exception: org.postgresql.util.PSQLException: ERROR: table "zaverecnapraca" does not exist
Error Code: 0
Call: DROP TABLE ZAVERECNAPRACA CASCADE
Query: DataModifyQuery(sql="DROP TABLE ZAVERECNAPRACA CASCADE")
[EL Fine]: sql: 2023-05-18 13:19:39.106--ServerSession(832066800)--Connection(496425074)--Thread(Thread[main,5,main])--DROP TABLE vsa_user CASCADE
[EL Fine]: sql: 2023-05-18 13:19:39.107--ServerSession(832066800)--Thread(Thread[main,5,main])--SELECT 1
[EL Warning]: 2023-05-18 13:19:39.107--ServerSession(832066800)--Thread(Thread[main,5,main])--Exception [EclipseLink-4002] (Eclipse Persistence Services - 2.7.10.v20211216-fe64cd39c3): org.eclipse.persistence.exceptions.DatabaseException
Internal Exception: org.postgresql.util.PSQLException: ERROR: table "vsa_user" does not exist
Error Code: 0
Call: DROP TABLE vsa_user CASCADE
Query: DataModifyQuery(sql="DROP TABLE vsa_user CASCADE")
[EL Fine]: sql: 2023-05-18 13:19:39.108--ServerSession(832066800)--Connection(496425074)--Thread(Thread[main,5,main])--DROP TABLE THESISASSIGNMENTREQUEST CASCADE
[EL Fine]: sql: 2023-05-18 13:19:39.108--ServerSession(832066800)--Thread(Thread[main,5,main])--SELECT 1
[EL Warning]: 2023-05-18 13:19:39.11--ServerSession(832066800)--Thread(Thread[main,5,main])--Exception [EclipseLink-4002] (Eclipse Persistence Services - 2.7.10.v20211216-fe64cd39c3): org.eclipse.persistence.exceptions.DatabaseException
Internal Exception: org.postgresql.util.PSQLException: ERROR: table "thesisassignmentrequest" does not exist
Error Code: 0
Call: DROP TABLE THESISASSIGNMENTREQUEST CASCADE
Query: DataModifyQuery(sql="DROP TABLE THESISASSIGNMENTREQUEST CASCADE")
[EL Fine]: sql: 2023-05-18 13:19:39.11--ServerSession(832066800)--Connection(496425074)--Thread(Thread[main,5,main])--DROP TABLE User_PERMISSIONS CASCADE
[EL Fine]: sql: 2023-05-18 13:19:39.111--ServerSession(832066800)--Thread(Thread[main,5,main])--SELECT 1
[EL Warning]: 2023-05-18 13:19:39.111--ServerSession(832066800)--Thread(Thread[main,5,main])--Exception [EclipseLink-4002] (Eclipse Persistence Services - 2.7.10.v20211216-fe64cd39c3): org.eclipse.persistence.exceptions.DatabaseException
Internal Exception: org.postgresql.util.PSQLException: ERROR: table "user_permissions" does not exist
Error Code: 0
Call: DROP TABLE User_PERMISSIONS CASCADE
Query: DataModifyQuery(sql="DROP TABLE User_PERMISSIONS CASCADE")
[EL Fine]: sql: 2023-05-18 13:19:39.115--ServerSession(832066800)--Connection(496425074)--Thread(Thread[main,5,main])--DELETE FROM SEQUENCE WHERE SEQ_NAME = 'SEQ_GEN'
[EL Fine]: sql: 2023-05-18 13:19:39.115--ServerSession(832066800)--Thread(Thread[main,5,main])--SELECT 1
[EL Warning]: 2023-05-18 13:19:39.116--ServerSession(832066800)--Thread(Thread[main,5,main])--Exception [EclipseLink-4002] (Eclipse Persistence Services - 2.7.10.v20211216-fe64cd39c3): org.eclipse.persistence.exceptions.DatabaseException
Internal Exception: org.postgresql.util.PSQLException: ERROR: relation "sequence" does not exist
  Position: 13
Error Code: 0
Call: DELETE FROM SEQUENCE WHERE SEQ_NAME = 'SEQ_GEN'
Query: DataModifyQuery(sql="DELETE FROM SEQUENCE WHERE SEQ_NAME = 'SEQ_GEN'")
[EL Config]: metadata: 2023-05-18 13:19:39.116--Thread(Thread[main,5,main])--The default table generator could not locate or convert a java type (class auth.Permission) into a database type for database field (User_PERMISSIONS.PERMISSIONS). The generator uses "java.lang.String" as default java type for the field.
[EL Fine]: sql: 2023-05-18 13:19:39.118--ServerSession(832066800)--Connection(496425074)--Thread(Thread[main,5,main])--CREATE TABLE STUDENT (Id BIGINT NOT NULL, EMAIL VARCHAR(255) UNIQUE, NAME VARCHAR(255), PASSWORD VARCHAR(255), program VARCHAR(255), TERM INTEGER, study_year INTEGER, PRIMARY KEY (Id))
[EL Fine]: sql: 2023-05-18 13:19:39.145--ServerSession(832066800)--Connection(496425074)--Thread(Thread[main,5,main])--CREATE TABLE PEDAGOG (AISID BIGINT NOT NULL, DEPARTMENT VARCHAR(255), EMAIL VARCHAR(255) UNIQUE, INSTITUTE VARCHAR(255), NAME VARCHAR(255), PASSWORD VARCHAR(255), PRIMARY KEY (AISID))
[EL Fine]: sql: 2023-05-18 13:19:39.164--ServerSession(832066800)--Connection(496425074)--Thread(Thread[main,5,main])--CREATE TABLE ZAVERECNAPRACA (ID BIGINT NOT NULL, DEADLINE DATE, DEPARTMENT VARCHAR(255), DESCRIPTION VARCHAR(255), PUBLISHEDON DATE, REGISTRATIONNUMBER VARCHAR(255) UNIQUE, STATUS VARCHAR(255), TITLE VARCHAR(255), TYPE VARCHAR(255), SUPERVISOR_AISID BIGINT, AUTHOR_Id BIGINT, PRIMARY KEY (ID))
[EL Fine]: sql: 2023-05-18 13:19:39.182--ServerSession(832066800)--Connection(496425074)--Thread(Thread[main,5,main])--CREATE TABLE vsa_user (AISID BIGINT NOT NULL, PASSWORD VARCHAR(255), USERNAME VARCHAR(255), PRIMARY KEY (AISID))
[EL Fine]: sql: 2023-05-18 13:19:39.199--ServerSession(832066800)--Connection(496425074)--Thread(Thread[main,5,main])--CREATE TABLE THESISASSIGNMENTREQUEST (ID BIGINT NOT NULL, STUDENTID BIGINT, TEACHERID BIGINT, PRIMARY KEY (ID))
[EL Fine]: sql: 2023-05-18 13:19:39.209--ServerSession(832066800)--Connection(496425074)--Thread(Thread[main,5,main])--CREATE TABLE User_PERMISSIONS (User_AISID BIGINT, PERMISSIONS VARCHAR(255))
[EL Fine]: sql: 2023-05-18 13:19:39.212--ServerSession(832066800)--Connection(496425074)--Thread(Thread[main,5,main])--ALTER TABLE ZAVERECNAPRACA ADD CONSTRAINT FK_ZAVERECNAPRACA_SUPERVISOR_AISID FOREIGN KEY (SUPERVISOR_AISID) REFERENCES PEDAGOG (AISID)
[EL Fine]: sql: 2023-05-18 13:19:39.216--ServerSession(832066800)--Connection(496425074)--Thread(Thread[main,5,main])--ALTER TABLE ZAVERECNAPRACA ADD CONSTRAINT FK_ZAVERECNAPRACA_AUTHOR_Id FOREIGN KEY (AUTHOR_Id) REFERENCES STUDENT (Id)
[EL Fine]: sql: 2023-05-18 13:19:39.22--ServerSession(832066800)--Connection(496425074)--Thread(Thread[main,5,main])--ALTER TABLE User_PERMISSIONS ADD CONSTRAINT FK_User_PERMISSIONS_User_AISID FOREIGN KEY (User_AISID) REFERENCES vsa_user (AISID)
[EL Fine]: sql: 2023-05-18 13:19:39.224--ServerSession(832066800)--Connection(496425074)--Thread(Thread[main,5,main])--CREATE TABLE SEQUENCE (SEQ_NAME VARCHAR(50) NOT NULL, SEQ_COUNT DECIMAL(38), PRIMARY KEY (SEQ_NAME))
[EL Fine]: sql: 2023-05-18 13:19:39.233--ServerSession(832066800)--Connection(496425074)--Thread(Thread[main,5,main])--SELECT * FROM SEQUENCE WHERE SEQ_NAME = 'SEQ_GEN'
[EL Fine]: sql: 2023-05-18 13:19:39.236--ServerSession(832066800)--Connection(496425074)--Thread(Thread[main,5,main])--INSERT INTO SEQUENCE(SEQ_NAME, SEQ_COUNT) values ('SEQ_GEN', 0)
]]></system-out>
    <system-err><![CDATA[May 18, 2023 1:19:38 PM org.glassfish.grizzly.http.server.NetworkListener start
INFO: Started listener bound to [docker-desktop:8080]
May 18, 2023 1:19:38 PM org.glassfish.grizzly.http.server.HttpServer start
INFO: [HttpServer] Started.
]]></system-err>
  </testcase>
  <testcase name="shouldFindTeachers" classname="sk.stuba.fei.uim.vsa.pr2.bonus.BonusSearchResourceTest" time="0">
    <skipped message="Assumption failed: Skipping test. Bonus endpoints were not implemented" type="org.opentest4j.TestAbortedException">org.opentest4j.TestAbortedException: Assumption failed: Skipping test. Bonus endpoints were not implemented
	at sk.stuba.fei.uim.vsa.pr2.bonus.BonusSearchResourceTest.shouldFindTeachers(BonusSearchResourceTest.java:114)
</skipped>
  </testcase>
  <testcase name="shouldFindThesesWithPageOf5" classname="sk.stuba.fei.uim.vsa.pr2.bonus.BonusSearchResourceTest" time="0">
    <skipped message="Assumption failed: Skipping test. Bonus endpoints were not implemented" type="org.opentest4j.TestAbortedException">org.opentest4j.TestAbortedException: Assumption failed: Skipping test. Bonus endpoints were not implemented
	at sk.stuba.fei.uim.vsa.pr2.bonus.BonusSearchResourceTest.shouldFindThesesWithPageOf5(BonusSearchResourceTest.java:50)
</skipped>
  </testcase>
</testsuite></testsuites>