<?xml version="1.0" encoding="UTF-8"?><testsuites>
<testsuite xmlns:xsi="http://www.w3.org/2001/XMLSchema-instance" xsi:noNamespaceSchemaLocation="https://maven.apache.org/surefire/maven-surefire-plugin/xsd/surefire-test-report.xsd" name="sk.stuba.fei.uim.vsa.pr2.StudentResourceTest" time="16.894" tests="10" errors="0" skipped="0" failures="1">
  <properties>
[...]
</properties>
  <testcase name="shouldGetNotFoundForNonExistingStudent" classname="sk.stuba.fei.uim.vsa.pr2.StudentResourceTest" time="2.153"/>
  <testcase name="shouldCreateStudent" classname="sk.stuba.fei.uim.vsa.pr2.StudentResourceTest" time="1.086"/>
  <testcase name="shouldReturnUnauthorized" classname="sk.stuba.fei.uim.vsa.pr2.StudentResourceTest" time="0.079">
    <failure message="expected: &lt;true&gt; but was: &lt;false&gt;" type="org.opentest4j.AssertionFailedError"><![CDATA[org.opentest4j.AssertionFailedError: expected: <true> but was: <false>
	at sk.stuba.fei.uim.vsa.pr2.StudentResourceTest.shouldReturnUnauthorized(StudentResourceTest.java:114)
]]></failure>
  </testcase>
  <testcase name="shouldReturnForbiddenToDeleteWithWrongStudent" classname="sk.stuba.fei.uim.vsa.pr2.StudentResourceTest" time="2.608"/>
  <testcase name="shouldGetAllStudents" classname="sk.stuba.fei.uim.vsa.pr2.StudentResourceTest" time="2.636"/>
  <testcase name="shouldCreateStudentWithOnlyRequiredProperties" classname="sk.stuba.fei.uim.vsa.pr2.StudentResourceTest" time="1.093"/>
  <testcase name="shouldGetEmptyList" classname="sk.stuba.fei.uim.vsa.pr2.StudentResourceTest" time="1.118"/>
  <testcase name="shouldCallWithoutBodyAndReturnError" classname="sk.stuba.fei.uim.vsa.pr2.StudentResourceTest" time="0.078"/>
  <testcase name="shouldDeleteStudent" classname="sk.stuba.fei.uim.vsa.pr2.StudentResourceTest" time="3.226"/>
  <testcase name="shouldGetStudent" classname="sk.stuba.fei.uim.vsa.pr2.StudentResourceTest" time="1.608"/>
</testsuite>
<testsuite xmlns:xsi="http://www.w3.org/2001/XMLSchema-instance" xsi:noNamespaceSchemaLocation="https://maven.apache.org/surefire/maven-surefire-plugin/xsd/surefire-test-report.xsd" name="sk.stuba.fei.uim.vsa.pr2.ThesisResourceTest" time="41.57" tests="21" errors="0" skipped="0" failures="12">
  <properties>
[...]
</properties>
  <testcase name="shouldCallCreateThesisWithLoggedStudent" classname="sk.stuba.fei.uim.vsa.pr2.ThesisResourceTest" time="1.707"/>
  <testcase name="shouldGetNotFoundForNonExistingThesis" classname="sk.stuba.fei.uim.vsa.pr2.ThesisResourceTest" time="1.67"/>
  <testcase name="shouldFindThesisByStudent" classname="sk.stuba.fei.uim.vsa.pr2.ThesisResourceTest" time="2.798">
    <failure message="expected: not &lt;null&gt;" type="org.opentest4j.AssertionFailedError"><![CDATA[org.opentest4j.AssertionFailedError: expected: not <null>
	at sk.stuba.fei.uim.vsa.pr2.ThesisResourceTest.shouldFindThesisByStudent(ThesisResourceTest.java:532)
]]></failure>
    <system-out><![CDATA[[EL Fine]: sql: 2023-06-01 16:29:11.384--ServerSession(430983166)--Connection(1555413896)--Thread(Thread[grizzly-http-server-6,5,main])--SELECT AISID, ID, DEPARTMENT, EMAIL, INSTITUTE, NAME, PASSWORD FROM PEDAGOG WHERE (EMAIL = ?)
	bind => [ucitel.test@stuba.sk]
[EL Fine]: sql: 2023-06-01 16:29:11.385--ClientSession(950001744)--Connection(1555413896)--Thread(Thread[grizzly-http-server-6,5,main])--INSERT INTO PEDAGOG (AISID, ID, DEPARTMENT, EMAIL, INSTITUTE, NAME, PASSWORD) VALUES (?, ?, ?, ?, ?, ?, ?)
	bind => [45678, null, null, ucitel.test@stuba.sk, SI, Testovaci ucitel, null]
[EL Fine]: sql: 2023-06-01 16:29:11.892--ClientSession(1759579776)--Connection(1555413896)--Thread(Thread[grizzly-http-server-6,5,main])--INSERT INTO vsa_user (AISID, PASSWORD, USERNAME) VALUES (?, ?, ?)
	bind => [45678, $2a$13$l74S98zQbFi5geD/J8RiJOjtGZG.UAVB350S.u5L6J4aiLtt2MPXm, ucitel.test@stuba.sk]
[EL Fine]: sql: 2023-06-01 16:29:11.893--ClientSession(1759579776)--Connection(1555413896)--Thread(Thread[grizzly-http-server-6,5,main])--INSERT INTO User_PERMISSIONS (User_AISID, PERMISSIONS) VALUES (?, ?)
	bind => [45678, 1]
[EL Fine]: sql: 2023-06-01 16:29:11.903--ClientSession(231223010)--Connection(1555413896)--Thread(Thread[grizzly-http-server-6,5,main])--UPDATE PEDAGOG SET ID = ?, DEPARTMENT = ?, INSTITUTE = ? WHERE (AISID = ?)
	bind => [45678, SI, UIM, 45678]
2023-06-01 16:29:11.911  INFO --- [y-http-server-7] .s.f.u.v.p.JAXRSApplicationConfiguration : Recieved credentials: ucitel.test@stuba.sk, password
[EL Fine]: sql: 2023-06-01 16:29:11.911--ServerSession(430983166)--Connection(1555413896)--Thread(Thread[grizzly-http-server-7,5,main])--SELECT AISID, PASSWORD, USERNAME FROM vsa_user WHERE (USERNAME = ?)
	bind => [ucitel.test@stuba.sk]
[EL Fine]: sql: 2023-06-01 16:29:12.41--ClientSession(608167644)--Connection(1555413896)--Thread(Thread[grizzly-http-server-7,5,main])--INSERT INTO ZAVERECNAPRACA (ID, DEADLINE, DEPARTMENT, DESCRIPTION, PUBLISHEDON, REGISTRATIONNUMBER, STATUS, TITLE, TYPE, SUPERVISOR_AISID, AUTHOR_AISID) VALUES (?, ?, ?, ?, ?, ?, ?, ?, ?, ?, ?)
	bind => [2, 2023-09-01, UIM, Some description of the thesis, 2023-06-01, null, FREE_TO_TAKE, Excellent Simple Bachelor Thesis, BACHELOR, 45678, null]
-------------------->2
[EL Fine]: sql: 2023-06-01 16:29:12.421--ClientSession(474462121)--Connection(1555413896)--Thread(Thread[grizzly-http-server-7,5,main])--UPDATE ZAVERECNAPRACA SET REGISTRATIONNUMBER = ?, SUPERVISOR_AISID = ? WHERE (ID = ?)
	bind => [FEI-0234b10a02ff496788c8483d2a96528e, 45678, 2]
2023-06-01 16:29:12.428  INFO --- [           main] s.s.fei.uim.vsa.pr2.utils.ResourceTest   : Parsing response: {"id":2,"registrationNumber":"FEI-0234b10a02ff496788c8483d2a96528e","title":"Excellent Simple Bachelor Thesis","description":"Some description of the thesis","department":"UIM","supervisor":{"aisId":45678,"name":"Testovaci ucitel","email":"ucitel.test@stuba.sk","password":null,"institute":"UIM","department":"SI","theses":[],"id":45678},"author":null,"publishedOn":"2023-06-01","deadline":"2023-09-01","type":"BACHELOR","status":"FREE_TO_TAKE"}
[EL Fine]: sql: 2023-06-01 16:29:12.435--ServerSession(430983166)--Connection(1555413896)--Thread(Thread[grizzly-http-server-8,5,main])--SELECT AISID, ID, EMAIL, NAME, PASSWORD, program, TERM, study_year FROM STUDENT WHERE (EMAIL = ?)
	bind => [xstudent@stuba.sk]
[EL Fine]: sql: 2023-06-01 16:29:12.435--ClientSession(1889278697)--Connection(1555413896)--Thread(Thread[grizzly-http-server-8,5,main])--INSERT INTO STUDENT (AISID, ID, EMAIL, NAME, PASSWORD, program, TERM, study_year) VALUES (?, ?, ?, ?, ?, ?, ?, ?)
	bind => [70127, null, xstudent@stuba.sk, Test Student, null, null, null, null]
[EL Fine]: sql: 2023-06-01 16:29:12.95--ClientSession(1636163564)--Connection(1555413896)--Thread(Thread[grizzly-http-server-8,5,main])--INSERT INTO vsa_user (AISID, PASSWORD, USERNAME) VALUES (?, ?, ?)
	bind => [70127, $2a$13$qECe2amlQB7T5Ak9Hl0twOgxoYn/A2hJRgLF4QdWXGtIUvgJ8I6dO, xstudent@stuba.sk]
[EL Fine]: sql: 2023-06-01 16:29:12.951--ClientSession(1636163564)--Connection(1555413896)--Thread(Thread[grizzly-http-server-8,5,main])--INSERT INTO User_PERMISSIONS (User_AISID, PERMISSIONS) VALUES (?, ?)
	bind => [70127, 0]
[EL Fine]: sql: 2023-06-01 16:29:13.5--ClientSession(1791187071)--Connection(1555413896)--Thread(Thread[grizzly-http-server-8,5,main])--UPDATE STUDENT SET ID = ?, PASSWORD = ?, program = ?, TERM = ?, study_year = ? WHERE (AISID = ?)
	bind => [70127, $2a$13$cvcCD9CB/dJ.XJchlJqj3uEnoWy.0MNDwShmvunt36GJZh/E7eD5S, API, 18, 8, 70127]
2023-06-01 16:29:13.513  INFO --- [           main] s.s.fei.uim.vsa.pr2.utils.ResourceTest   : Parsing response: {"Id":70127,"aisId":70127,"name":"Test Student","email":"xstudent@stuba.sk","year":8,"term":18,"programme":"API","id":70127}
2023-06-01 16:29:13.518  INFO --- [y-http-server-9] .s.f.u.v.p.JAXRSApplicationConfiguration : Recieved credentials: xstudent@stuba.sk, password
[EL Fine]: sql: 2023-06-01 16:29:13.519--ServerSession(430983166)--Connection(1555413896)--Thread(Thread[grizzly-http-server-9,5,main])--SELECT AISID, PASSWORD, USERNAME FROM vsa_user WHERE (USERNAME = ?)
	bind => [xstudent@stuba.sk]
[EL Fine]: sql: 2023-06-01 16:29:14.051--ClientSession(1571533203)--Connection(1555413896)--Thread(Thread[grizzly-http-server-9,5,main])--UPDATE ZAVERECNAPRACA SET STATUS = ?, AUTHOR_AISID = ? WHERE (ID = ?)
	bind => [IN_PROGRESS, 70127, 2]
2023-06-01 16:29:14.062  INFO --- [           main] s.s.fei.uim.vsa.pr2.utils.ResourceTest   : Parsing response: {"id":2,"registrationNumber":"FEI-0234b10a02ff496788c8483d2a96528e","title":"Excellent Simple Bachelor Thesis","description":"Some description of the thesis","department":"UIM","supervisor":45678,"author":70127,"publishedOn":"2023-06-01","deadline":"2023-09-01","type":"BACHELOR","status":"IN_PROGRESS"}
2023-06-01 16:29:14.064 ERROR --- [           main] s.s.fei.uim.vsa.pr2.utils.ResourceTest   : Cannot parse response: {"id":2,"registrationNumber":"FEI-0234b10a02ff496788c8483d2a96528e","title":"Excellent Simple Bachelor Thesis","description":"Some description of the thesis","department":"UIM","supervisor":45678,"author":70127,"publishedOn":"2023-06-01","deadline":"2023-09-01","type":"BACHELOR","status":"IN_PROGRESS"}
2023-06-01 16:29:14.064 ERROR --- [           main] s.s.fei.uim.vsa.pr2.utils.ResourceTest   : Cannot construct instance of `sk.stuba.fei.uim.vsa.pr2.model.dto.response.teacher.TeacherAltResponse` (although at least one Creator exists): no int/Int-argument constructor/factory method to deserialize from Number value (45678)
 at [Source: (String)"{"id":2,"registrationNumber":"FEI-0234b10a02ff496788c8483d2a96528e","title":"Excellent Simple Bachelor Thesis","description":"Some description of the thesis","department":"UIM","supervisor":45678,"author":70127,"publishedOn":"2023-06-01","deadline":"2023-09-01","type":"BACHELOR","status":"IN_PROGRESS"}"; line: 1, column: 191] (through reference chain: sk.stuba.fei.uim.vsa.pr2.model.dto.response.ThesisResponse["supervisor"])
com.fasterxml.jackson.databind.exc.MismatchedInputException: Cannot construct instance of `sk.stuba.fei.uim.vsa.pr2.model.dto.response.teacher.TeacherAltResponse` (although at least one Creator exists): no int/Int-argument constructor/factory method to deserialize from Number value (45678)
 at [Source: (String)"{"id":2,"registrationNumber":"FEI-0234b10a02ff496788c8483d2a96528e","title":"Excellent Simple Bachelor Thesis","description":"Some description of the thesis","department":"UIM","supervisor":45678,"author":70127,"publishedOn":"2023-06-01","deadline":"2023-09-01","type":"BACHELOR","status":"IN_PROGRESS"}"; line: 1, column: 191] (through reference chain: sk.stuba.fei.uim.vsa.pr2.model.dto.response.ThesisResponse["supervisor"])
	at com.fasterxml.jackson.databind.exc.MismatchedInputException.from(MismatchedInputException.java:63)
	at com.fasterxml.jackson.databind.DeserializationContext.reportInputMismatch(DeserializationContext.java:1733)
	at com.fasterxml.jackson.databind.DeserializationContext.handleMissingInstantiator(DeserializationContext.java:1358)
	at com.fasterxml.jackson.databind.deser.ValueInstantiator.createFromInt(ValueInstantiator.java:324)
	at com.fasterxml.jackson.databind.deser.std.StdValueInstantiator.createFromInt(StdValueInstantiator.java:376)
	at com.fasterxml.jackson.databind.deser.BeanDeserializerBase.deserializeFromNumber(BeanDeserializerBase.java:1447)
	at com.fasterxml.jackson.databind.deser.BeanDeserializer._deserializeOther(BeanDeserializer.java:199)
	at com.fasterxml.jackson.databind.deser.BeanDeserializer.deserialize(BeanDeserializer.java:187)
	at com.fasterxml.jackson.databind.deser.impl.MethodProperty.deserializeAndSet(MethodProperty.java:129)
	at com.fasterxml.jackson.databind.deser.BeanDeserializer.vanillaDeserialize(BeanDeserializer.java:314)
	at com.fasterxml.jackson.databind.deser.BeanDeserializer.deserialize(BeanDeserializer.java:177)
	at com.fasterxml.jackson.databind.deser.DefaultDeserializationContext.readRootValue(DefaultDeserializationContext.java:323)
	at com.fasterxml.jackson.databind.ObjectMapper._readMapAndClose(ObjectMapper.java:4730)
	at com.fasterxml.jackson.databind.ObjectMapper.readValue(ObjectMapper.java:3677)
	at com.fasterxml.jackson.databind.ObjectMapper.readValue(ObjectMapper.java:3645)
	at sk.stuba.fei.uim.vsa.pr2.utils.ResourceTest.readObject(ResourceTest.java:232)
	at sk.stuba.fei.uim.vsa.pr2.utils.ResourceTest.readObject(ResourceTest.java:225)
	at sk.stuba.fei.uim.vsa.pr2.ThesisResourceTest.shouldFindThesisByStudent(ThesisResourceTest.java:530)
	at sun.reflect.NativeMethodAccessorImpl.invoke0(Native Method)
	at sun.reflect.NativeMethodAccessorImpl.invoke(NativeMethodAccessorImpl.java:62)
	at sun.reflect.DelegatingMethodAccessorImpl.invoke(DelegatingMethodAccessorImpl.java:43)
	at java.lang.reflect.Method.invoke(Method.java:498)
	at org.junit.platform.commons.util.ReflectionUtils.invokeMethod(ReflectionUtils.java:725)
	at org.junit.jupiter.engine.execution.MethodInvocation.proceed(MethodInvocation.java:60)
	at org.junit.jupiter.engine.execution.InvocationInterceptorChain$ValidatingInvocation.proceed(InvocationInterceptorChain.java:131)
	at org.junit.jupiter.engine.extension.TimeoutExtension.intercept(TimeoutExtension.java:149)
	at org.junit.jupiter.engine.extension.TimeoutExtension.interceptTestableMethod(TimeoutExtension.java:140)
	at org.junit.jupiter.engine.extension.TimeoutExtension.interceptTestMethod(TimeoutExtension.java:84)
	at org.junit.jupiter.engine.execution.ExecutableInvoker$ReflectiveInterceptorCall.lambda$ofVoidMethod$0(ExecutableInvoker.java:115)
	at org.junit.jupiter.engine.execution.ExecutableInvoker.lambda$invoke$0(ExecutableInvoker.java:105)
	at org.junit.jupiter.engine.execution.InvocationInterceptorChain$InterceptedInvocation.proceed(InvocationInterceptorChain.java:106)
	at org.junit.jupiter.engine.execution.InvocationInterceptorChain.proceed(InvocationInterceptorChain.java:64)
	at org.junit.jupiter.engine.execution.InvocationInterceptorChain.chainAndInvoke(InvocationInterceptorChain.java:45)
	at org.junit.jupiter.engine.execution.InvocationInterceptorChain.invoke(InvocationInterceptorChain.java:37)
	at org.junit.jupiter.engine.execution.ExecutableInvoker.invoke(ExecutableInvoker.java:104)
	at org.junit.jupiter.engine.execution.ExecutableInvoker.invoke(ExecutableInvoker.java:98)
	at org.junit.jupiter.engine.descriptor.TestMethodTestDescriptor.lambda$invokeTestMethod$7(TestMethodTestDescriptor.java:214)
	at org.junit.platform.engine.support.hierarchical.ThrowableCollector.execute(ThrowableCollector.java:73)
	at org.junit.jupiter.engine.descriptor.TestMethodTestDescriptor.invokeTestMethod(TestMethodTestDescriptor.java:210)
	at org.junit.jupiter.engine.descriptor.TestMethodTestDescriptor.execute(TestMethodTestDescriptor.java:135)
	at org.junit.jupiter.engine.descriptor.TestMethodTestDescriptor.execute(TestMethodTestDescriptor.java:66)
	at org.junit.platform.engine.support.hierarchical.NodeTestTask.lambda$executeRecursively$6(NodeTestTask.java:151)
	at org.junit.platform.engine.support.hierarchical.ThrowableCollector.execute(ThrowableCollector.java:73)
	at org.junit.platform.engine.support.hierarchical.NodeTestTask.lambda$executeRecursively$8(NodeTestTask.java:141)
	at org.junit.platform.engine.support.hierarchical.Node.around(Node.java:137)
	at org.junit.platform.engine.support.hierarchical.NodeTestTask.lambda$executeRecursively$9(NodeTestTask.java:139)
	at org.junit.platform.engine.support.hierarchical.ThrowableCollector.execute(ThrowableCollector.java:73)
	at org.junit.platform.engine.support.hierarchical.NodeTestTask.executeRecursively(NodeTestTask.java:138)
	at org.junit.platform.engine.support.hierarchical.NodeTestTask.execute(NodeTestTask.java:95)
	at java.util.ArrayList.forEach(ArrayList.java:1259)
	at org.junit.platform.engine.support.hierarchical.SameThreadHierarchicalTestExecutorService.invokeAll(SameThreadHierarchicalTestExecutorService.java:41)
	at org.junit.platform.engine.support.hierarchical.NodeTestTask.lambda$executeRecursively$6(NodeTestTask.java:155)
	at org.junit.platform.engine.support.hierarchical.ThrowableCollector.execute(ThrowableCollector.java:73)
	at org.junit.platform.engine.support.hierarchical.NodeTestTask.lambda$executeRecursively$8(NodeTestTask.java:141)
	at org.junit.platform.engine.support.hierarchical.Node.around(Node.java:137)
	at org.junit.platform.engine.support.hierarchical.NodeTestTask.lambda$executeRecursively$9(NodeTestTask.java:139)
	at org.junit.platform.engine.support.hierarchical.ThrowableCollector.execute(ThrowableCollector.java:73)
	at org.junit.platform.engine.support.hierarchical.NodeTestTask.executeRecursively(NodeTestTask.java:138)
	at org.junit.platform.engine.support.hierarchical.NodeTestTask.execute(NodeTestTask.java:95)
	at java.util.ArrayList.forEach(ArrayList.java:1259)
	at org.junit.platform.engine.support.hierarchical.SameThreadHierarchicalTestExecutorService.invokeAll(SameThreadHierarchicalTestExecutorService.java:41)
	at org.junit.platform.engine.support.hierarchical.NodeTestTask.lambda$executeRecursively$6(NodeTestTask.java:155)
	at org.junit.platform.engine.support.hierarchical.ThrowableCollector.execute(ThrowableCollector.java:73)
	at org.junit.platform.engine.support.hierarchical.NodeTestTask.lambda$executeRecursively$8(NodeTestTask.java:141)
	at org.junit.platform.engine.support.hierarchical.Node.around(Node.java:137)
	at org.junit.platform.engine.support.hierarchical.NodeTestTask.lambda$executeRecursively$9(NodeTestTask.java:139)
	at org.junit.platform.engine.support.hierarchical.ThrowableCollector.execute(ThrowableCollector.java:73)
	at org.junit.platform.engine.support.hierarchical.NodeTestTask.executeRecursively(NodeTestTask.java:138)
	at org.junit.platform.engine.support.hierarchical.NodeTestTask.execute(NodeTestTask.java:95)
	at org.junit.platform.engine.support.hierarchical.SameThreadHierarchicalTestExecutorService.submit(SameThreadHierarchicalTestExecutorService.java:35)
	at org.junit.platform.engine.support.hierarchical.HierarchicalTestExecutor.execute(HierarchicalTestExecutor.java:57)
	at org.junit.platform.engine.support.hierarchical.HierarchicalTestEngine.execute(HierarchicalTestEngine.java:54)
	at org.junit.platform.launcher.core.DefaultLauncher.execute(DefaultLauncher.java:220)
	at org.junit.platform.launcher.core.DefaultLauncher.lambda$execute$6(DefaultLauncher.java:188)
	at org.junit.platform.launcher.core.DefaultLauncher.withInterceptedStreams(DefaultLauncher.java:202)
	at org.junit.platform.launcher.core.DefaultLauncher.execute(DefaultLauncher.java:181)
	at org.junit.platform.launcher.core.DefaultLauncher.execute(DefaultLauncher.java:128)
	at org.apache.maven.surefire.junitplatform.JUnitPlatformProvider.invokeAllTests(JUnitPlatformProvider.java:150)
	at org.apache.maven.surefire.junitplatform.JUnitPlatformProvider.invoke(JUnitPlatformProvider.java:124)
	at org.apache.maven.surefire.booter.ForkedBooter.invokeProviderInSameClassLoader(ForkedBooter.java:384)
	at org.apache.maven.surefire.booter.ForkedBooter.runSuitesInProcess(ForkedBooter.java:345)
	at org.apache.maven.surefire.booter.ForkedBooter.execute(ForkedBooter.java:126)
	at org.apache.maven.surefire.booter.ForkedBooter.main(ForkedBooter.java:418)
]]></system-out>
  </testcase>
  <testcase name="shouldCreateThesis" classname="sk.stuba.fei.uim.vsa.pr2.ThesisResourceTest" time="1.114"/>
  <testcase name="shouldReturnUnauthorized" classname="sk.stuba.fei.uim.vsa.pr2.ThesisResourceTest" time="0.073">
    <failure message="expected: &lt;true&gt; but was: &lt;false&gt;" type="org.opentest4j.AssertionFailedError"><![CDATA[org.opentest4j.AssertionFailedError: expected: <true> but was: <false>
	at sk.stuba.fei.uim.vsa.pr2.ThesisResourceTest.shouldReturnUnauthorized(ThesisResourceTest.java:166)
]]></failure>
  </testcase>
  <testcase name="shouldFindThesisByTeacher" classname="sk.stuba.fei.uim.vsa.pr2.ThesisResourceTest" time="1.621">
    <failure message="expected: not &lt;null&gt;" type="org.opentest4j.AssertionFailedError"><![CDATA[org.opentest4j.AssertionFailedError: expected: not <null>
	at sk.stuba.fei.uim.vsa.pr2.ThesisResourceTest.shouldFindThesisByTeacher(ThesisResourceTest.java:497)
]]></failure>
    <system-out><![CDATA[[EL Fine]: sql: 2023-06-01 16:29:15.334--ServerSession(430983166)--Connection(1555413896)--Thread(Thread[grizzly-http-server-14,5,main])--SELECT AISID, ID, DEPARTMENT, EMAIL, INSTITUTE, NAME, PASSWORD FROM PEDAGOG WHERE (EMAIL = ?)
	bind => [ucitel.test@stuba.sk]
[EL Fine]: sql: 2023-06-01 16:29:15.335--ClientSession(911552037)--Connection(1555413896)--Thread(Thread[grizzly-http-server-14,5,main])--INSERT INTO PEDAGOG (AISID, ID, DEPARTMENT, EMAIL, INSTITUTE, NAME, PASSWORD) VALUES (?, ?, ?, ?, ?, ?, ?)
	bind => [45678, null, null, ucitel.test@stuba.sk, SI, Testovaci ucitel, null]
[EL Fine]: sql: 2023-06-01 16:29:15.839--ClientSession(760316641)--Connection(1555413896)--Thread(Thread[grizzly-http-server-14,5,main])--INSERT INTO vsa_user (AISID, PASSWORD, USERNAME) VALUES (?, ?, ?)
	bind => [45678, $2a$13$KTc8BNVK8MZ8wnfpQ495be7zWj6KaLcmy7GlPdsJSbTZr/KLkpN8q, ucitel.test@stuba.sk]
[EL Fine]: sql: 2023-06-01 16:29:15.84--ClientSession(760316641)--Connection(1555413896)--Thread(Thread[grizzly-http-server-14,5,main])--INSERT INTO User_PERMISSIONS (User_AISID, PERMISSIONS) VALUES (?, ?)
	bind => [45678, 1]
[EL Fine]: sql: 2023-06-01 16:29:15.851--ClientSession(1498019355)--Connection(1555413896)--Thread(Thread[grizzly-http-server-14,5,main])--UPDATE PEDAGOG SET ID = ?, DEPARTMENT = ?, INSTITUTE = ? WHERE (AISID = ?)
	bind => [45678, SI, UIM, 45678]
2023-06-01 16:29:15.859  INFO --- [-http-server-15] .s.f.u.v.p.JAXRSApplicationConfiguration : Recieved credentials: ucitel.test@stuba.sk, password
[EL Fine]: sql: 2023-06-01 16:29:15.859--ServerSession(430983166)--Connection(1555413896)--Thread(Thread[grizzly-http-server-15,5,main])--SELECT AISID, PASSWORD, USERNAME FROM vsa_user WHERE (USERNAME = ?)
	bind => [ucitel.test@stuba.sk]
[EL Fine]: sql: 2023-06-01 16:29:16.35--ClientSession(2037879169)--Connection(1555413896)--Thread(Thread[grizzly-http-server-15,5,main])--INSERT INTO ZAVERECNAPRACA (ID, DEADLINE, DEPARTMENT, DESCRIPTION, PUBLISHEDON, REGISTRATIONNUMBER, STATUS, TITLE, TYPE, SUPERVISOR_AISID, AUTHOR_AISID) VALUES (?, ?, ?, ?, ?, ?, ?, ?, ?, ?, ?)
	bind => [4, 2023-09-01, UIM, Some description of the thesis, 2023-06-01, null, FREE_TO_TAKE, Excellent Simple Bachelor Thesis, BACHELOR, 45678, null]
-------------------->4
[EL Fine]: sql: 2023-06-01 16:29:16.36--ClientSession(531490397)--Connection(1555413896)--Thread(Thread[grizzly-http-server-15,5,main])--UPDATE ZAVERECNAPRACA SET REGISTRATIONNUMBER = ?, SUPERVISOR_AISID = ? WHERE (ID = ?)
	bind => [FEI-0234b10a02ff496788c8483d2a96528e, 45678, 4]
2023-06-01 16:29:16.366  INFO --- [           main] s.s.fei.uim.vsa.pr2.utils.ResourceTest   : Parsing response: {"id":4,"registrationNumber":"FEI-0234b10a02ff496788c8483d2a96528e","title":"Excellent Simple Bachelor Thesis","description":"Some description of the thesis","department":"UIM","supervisor":{"aisId":45678,"name":"Testovaci ucitel","email":"ucitel.test@stuba.sk","password":null,"institute":"UIM","department":"SI","theses":[],"id":45678},"author":null,"publishedOn":"2023-06-01","deadline":"2023-09-01","type":"BACHELOR","status":"FREE_TO_TAKE"}
2023-06-01 16:29:16.372  INFO --- [-http-server-16] .s.f.u.v.p.JAXRSApplicationConfiguration : Recieved credentials: ucitel.test@stuba.sk, password
[EL Fine]: sql: 2023-06-01 16:29:16.372--ServerSession(430983166)--Connection(1555413896)--Thread(Thread[grizzly-http-server-16,5,main])--SELECT AISID, PASSWORD, USERNAME FROM vsa_user WHERE (USERNAME = ?)
	bind => [ucitel.test@stuba.sk]
[EL Fine]: sql: 2023-06-01 16:29:16.87--ServerSession(430983166)--Connection(1555413896)--Thread(Thread[grizzly-http-server-16,5,main])--SELECT ID, DEADLINE, DEPARTMENT, DESCRIPTION, PUBLISHEDON, REGISTRATIONNUMBER, STATUS, TITLE, TYPE, SUPERVISOR_AISID, AUTHOR_AISID FROM ZAVERECNAPRACA WHERE (SUPERVISOR_AISID = ?)
	bind => [45678]
2023-06-01 16:29:16.873  INFO --- [           main] s.s.fei.uim.vsa.pr2.utils.ResourceTest   : Parsing response: [{"id":4,"registrationNumber":"FEI-0234b10a02ff496788c8483d2a96528e","title":"Excellent Simple Bachelor Thesis","description":"Some description of the thesis","department":"UIM","supervisor":45678,"publishedOn":"2023-06-01","deadline":"2023-09-01","type":"BACHELOR","status":"FREE_TO_TAKE"}]
2023-06-01 16:29:16.874 ERROR --- [           main] s.s.fei.uim.vsa.pr2.utils.ResourceTest   : Cannot parse response: [{"id":4,"registrationNumber":"FEI-0234b10a02ff496788c8483d2a96528e","title":"Excellent Simple Bachelor Thesis","description":"Some description of the thesis","department":"UIM","supervisor":45678,"publishedOn":"2023-06-01","deadline":"2023-09-01","type":"BACHELOR","status":"FREE_TO_TAKE"}]
2023-06-01 16:29:16.874 ERROR --- [           main] s.s.fei.uim.vsa.pr2.utils.ResourceTest   : Cannot construct instance of `sk.stuba.fei.uim.vsa.pr2.model.dto.response.teacher.TeacherAltResponse` (although at least one Creator exists): no int/Int-argument constructor/factory method to deserialize from Number value (45678)
 at [Source: (String)"[{"id":4,"registrationNumber":"FEI-0234b10a02ff496788c8483d2a96528e","title":"Excellent Simple Bachelor Thesis","description":"Some description of the thesis","department":"UIM","supervisor":45678,"publishedOn":"2023-06-01","deadline":"2023-09-01","type":"BACHELOR","status":"FREE_TO_TAKE"}]"; line: 1, column: 192] (through reference chain: java.util.ArrayList[0]->sk.stuba.fei.uim.vsa.pr2.model.dto.response.ThesisResponse["supervisor"])
com.fasterxml.jackson.databind.exc.MismatchedInputException: Cannot construct instance of `sk.stuba.fei.uim.vsa.pr2.model.dto.response.teacher.TeacherAltResponse` (although at least one Creator exists): no int/Int-argument constructor/factory method to deserialize from Number value (45678)
 at [Source: (String)"[{"id":4,"registrationNumber":"FEI-0234b10a02ff496788c8483d2a96528e","title":"Excellent Simple Bachelor Thesis","description":"Some description of the thesis","department":"UIM","supervisor":45678,"publishedOn":"2023-06-01","deadline":"2023-09-01","type":"BACHELOR","status":"FREE_TO_TAKE"}]"; line: 1, column: 192] (through reference chain: java.util.ArrayList[0]->sk.stuba.fei.uim.vsa.pr2.model.dto.response.ThesisResponse["supervisor"])
	at com.fasterxml.jackson.databind.exc.MismatchedInputException.from(MismatchedInputException.java:63)
	at com.fasterxml.jackson.databind.DeserializationContext.reportInputMismatch(DeserializationContext.java:1733)
	at com.fasterxml.jackson.databind.DeserializationContext.handleMissingInstantiator(DeserializationContext.java:1358)
	at com.fasterxml.jackson.databind.deser.ValueInstantiator.createFromInt(ValueInstantiator.java:324)
	at com.fasterxml.jackson.databind.deser.std.StdValueInstantiator.createFromInt(StdValueInstantiator.java:376)
	at com.fasterxml.jackson.databind.deser.BeanDeserializerBase.deserializeFromNumber(BeanDeserializerBase.java:1447)
	at com.fasterxml.jackson.databind.deser.BeanDeserializer._deserializeOther(BeanDeserializer.java:199)
	at com.fasterxml.jackson.databind.deser.BeanDeserializer.deserialize(BeanDeserializer.java:187)
	at com.fasterxml.jackson.databind.deser.impl.MethodProperty.deserializeAndSet(MethodProperty.java:129)
	at com.fasterxml.jackson.databind.deser.BeanDeserializer.vanillaDeserialize(BeanDeserializer.java:314)
	at com.fasterxml.jackson.databind.deser.BeanDeserializer.deserialize(BeanDeserializer.java:177)
	at com.fasterxml.jackson.databind.deser.std.CollectionDeserializer._deserializeFromArray(CollectionDeserializer.java:359)
	at com.fasterxml.jackson.databind.deser.std.CollectionDeserializer.deserialize(CollectionDeserializer.java:244)
	at com.fasterxml.jackson.databind.deser.std.CollectionDeserializer.deserialize(CollectionDeserializer.java:28)
	at com.fasterxml.jackson.databind.deser.DefaultDeserializationContext.readRootValue(DefaultDeserializationContext.java:323)
	at com.fasterxml.jackson.databind.ObjectMapper._readMapAndClose(ObjectMapper.java:4730)
	at com.fasterxml.jackson.databind.ObjectMapper.readValue(ObjectMapper.java:3677)
	at com.fasterxml.jackson.databind.ObjectMapper.readValue(ObjectMapper.java:3660)
	at sk.stuba.fei.uim.vsa.pr2.utils.ResourceTest.readObject(ResourceTest.java:245)
	at sk.stuba.fei.uim.vsa.pr2.ThesisResourceTest.shouldFindThesisByTeacher(ThesisResourceTest.java:495)
	at sun.reflect.NativeMethodAccessorImpl.invoke0(Native Method)
	at sun.reflect.NativeMethodAccessorImpl.invoke(NativeMethodAccessorImpl.java:62)
	at sun.reflect.DelegatingMethodAccessorImpl.invoke(DelegatingMethodAccessorImpl.java:43)
	at java.lang.reflect.Method.invoke(Method.java:498)
	at org.junit.platform.commons.util.ReflectionUtils.invokeMethod(ReflectionUtils.java:725)
	at org.junit.jupiter.engine.execution.MethodInvocation.proceed(MethodInvocation.java:60)
	at org.junit.jupiter.engine.execution.InvocationInterceptorChain$ValidatingInvocation.proceed(InvocationInterceptorChain.java:131)
	at org.junit.jupiter.engine.extension.TimeoutExtension.intercept(TimeoutExtension.java:149)
	at org.junit.jupiter.engine.extension.TimeoutExtension.interceptTestableMethod(TimeoutExtension.java:140)
	at org.junit.jupiter.engine.extension.TimeoutExtension.interceptTestMethod(TimeoutExtension.java:84)
	at org.junit.jupiter.engine.execution.ExecutableInvoker$ReflectiveInterceptorCall.lambda$ofVoidMethod$0(ExecutableInvoker.java:115)
	at org.junit.jupiter.engine.execution.ExecutableInvoker.lambda$invoke$0(ExecutableInvoker.java:105)
	at org.junit.jupiter.engine.execution.InvocationInterceptorChain$InterceptedInvocation.proceed(InvocationInterceptorChain.java:106)
	at org.junit.jupiter.engine.execution.InvocationInterceptorChain.proceed(InvocationInterceptorChain.java:64)
	at org.junit.jupiter.engine.execution.InvocationInterceptorChain.chainAndInvoke(InvocationInterceptorChain.java:45)
	at org.junit.jupiter.engine.execution.InvocationInterceptorChain.invoke(InvocationInterceptorChain.java:37)
	at org.junit.jupiter.engine.execution.ExecutableInvoker.invoke(ExecutableInvoker.java:104)
	at org.junit.jupiter.engine.execution.ExecutableInvoker.invoke(ExecutableInvoker.java:98)
	at org.junit.jupiter.engine.descriptor.TestMethodTestDescriptor.lambda$invokeTestMethod$7(TestMethodTestDescriptor.java:214)
	at org.junit.platform.engine.support.hierarchical.ThrowableCollector.execute(ThrowableCollector.java:73)
	at org.junit.jupiter.engine.descriptor.TestMethodTestDescriptor.invokeTestMethod(TestMethodTestDescriptor.java:210)
	at org.junit.jupiter.engine.descriptor.TestMethodTestDescriptor.execute(TestMethodTestDescriptor.java:135)
	at org.junit.jupiter.engine.descriptor.TestMethodTestDescriptor.execute(TestMethodTestDescriptor.java:66)
	at org.junit.platform.engine.support.hierarchical.NodeTestTask.lambda$executeRecursively$6(NodeTestTask.java:151)
	at org.junit.platform.engine.support.hierarchical.ThrowableCollector.execute(ThrowableCollector.java:73)
	at org.junit.platform.engine.support.hierarchical.NodeTestTask.lambda$executeRecursively$8(NodeTestTask.java:141)
	at org.junit.platform.engine.support.hierarchical.Node.around(Node.java:137)
	at org.junit.platform.engine.support.hierarchical.NodeTestTask.lambda$executeRecursively$9(NodeTestTask.java:139)
	at org.junit.platform.engine.support.hierarchical.ThrowableCollector.execute(ThrowableCollector.java:73)
	at org.junit.platform.engine.support.hierarchical.NodeTestTask.executeRecursively(NodeTestTask.java:138)
	at org.junit.platform.engine.support.hierarchical.NodeTestTask.execute(NodeTestTask.java:95)
	at java.util.ArrayList.forEach(ArrayList.java:1259)
	at org.junit.platform.engine.support.hierarchical.SameThreadHierarchicalTestExecutorService.invokeAll(SameThreadHierarchicalTestExecutorService.java:41)
	at org.junit.platform.engine.support.hierarchical.NodeTestTask.lambda$executeRecursively$6(NodeTestTask.java:155)
	at org.junit.platform.engine.support.hierarchical.ThrowableCollector.execute(ThrowableCollector.java:73)
	at org.junit.platform.engine.support.hierarchical.NodeTestTask.lambda$executeRecursively$8(NodeTestTask.java:141)
	at org.junit.platform.engine.support.hierarchical.Node.around(Node.java:137)
	at org.junit.platform.engine.support.hierarchical.NodeTestTask.lambda$executeRecursively$9(NodeTestTask.java:139)
	at org.junit.platform.engine.support.hierarchical.ThrowableCollector.execute(ThrowableCollector.java:73)
	at org.junit.platform.engine.support.hierarchical.NodeTestTask.executeRecursively(NodeTestTask.java:138)
	at org.junit.platform.engine.support.hierarchical.NodeTestTask.execute(NodeTestTask.java:95)
	at java.util.ArrayList.forEach(ArrayList.java:1259)
	at org.junit.platform.engine.support.hierarchical.SameThreadHierarchicalTestExecutorService.invokeAll(SameThreadHierarchicalTestExecutorService.java:41)
	at org.junit.platform.engine.support.hierarchical.NodeTestTask.lambda$executeRecursively$6(NodeTestTask.java:155)
	at org.junit.platform.engine.support.hierarchical.ThrowableCollector.execute(ThrowableCollector.java:73)
	at org.junit.platform.engine.support.hierarchical.NodeTestTask.lambda$executeRecursively$8(NodeTestTask.java:141)
	at org.junit.platform.engine.support.hierarchical.Node.around(Node.java:137)
	at org.junit.platform.engine.support.hierarchical.NodeTestTask.lambda$executeRecursively$9(NodeTestTask.java:139)
	at org.junit.platform.engine.support.hierarchical.ThrowableCollector.execute(ThrowableCollector.java:73)
	at org.junit.platform.engine.support.hierarchical.NodeTestTask.executeRecursively(NodeTestTask.java:138)
	at org.junit.platform.engine.support.hierarchical.NodeTestTask.execute(NodeTestTask.java:95)
	at org.junit.platform.engine.support.hierarchical.SameThreadHierarchicalTestExecutorService.submit(SameThreadHierarchicalTestExecutorService.java:35)
	at org.junit.platform.engine.support.hierarchical.HierarchicalTestExecutor.execute(HierarchicalTestExecutor.java:57)
	at org.junit.platform.engine.support.hierarchical.HierarchicalTestEngine.execute(HierarchicalTestEngine.java:54)
	at org.junit.platform.launcher.core.DefaultLauncher.execute(DefaultLauncher.java:220)
	at org.junit.platform.launcher.core.DefaultLauncher.lambda$execute$6(DefaultLauncher.java:188)
	at org.junit.platform.launcher.core.DefaultLauncher.withInterceptedStreams(DefaultLauncher.java:202)
	at org.junit.platform.launcher.core.DefaultLauncher.execute(DefaultLauncher.java:181)
	at org.junit.platform.launcher.core.DefaultLauncher.execute(DefaultLauncher.java:128)
	at org.apache.maven.surefire.junitplatform.JUnitPlatformProvider.invokeAllTests(JUnitPlatformProvider.java:150)
	at org.apache.maven.surefire.junitplatform.JUnitPlatformProvider.invoke(JUnitPlatformProvider.java:124)
	at org.apache.maven.surefire.booter.ForkedBooter.invokeProviderInSameClassLoader(ForkedBooter.java:384)
	at org.apache.maven.surefire.booter.ForkedBooter.runSuitesInProcess(ForkedBooter.java:345)
	at org.apache.maven.surefire.booter.ForkedBooter.execute(ForkedBooter.java:126)
	at org.apache.maven.surefire.booter.ForkedBooter.main(ForkedBooter.java:418)
]]></system-out>
  </testcase>
  <testcase name="shouldAssignThesisWithStudent" classname="sk.stuba.fei.uim.vsa.pr2.ThesisResourceTest" time="3.655">
    <failure message="expected: not &lt;null&gt;" type="org.opentest4j.AssertionFailedError"><![CDATA[org.opentest4j.AssertionFailedError: expected: not <null>
	at sk.stuba.fei.uim.vsa.pr2.ThesisResourceTest.shouldAssignThesisWithStudent(ThesisResourceTest.java:337)
]]></failure>
    <system-out><![CDATA[[EL Fine]: sql: 2023-06-01 16:29:16.954--ServerSession(430983166)--Connection(1555413896)--Thread(Thread[grizzly-http-server-17,5,main])--SELECT AISID, ID, DEPARTMENT, EMAIL, INSTITUTE, NAME, PASSWORD FROM PEDAGOG WHERE (EMAIL = ?)
	bind => [ucitel.test@stuba.sk]
[EL Fine]: sql: 2023-06-01 16:29:16.955--ClientSession(205563103)--Connection(1555413896)--Thread(Thread[grizzly-http-server-17,5,main])--INSERT INTO PEDAGOG (AISID, ID, DEPARTMENT, EMAIL, INSTITUTE, NAME, PASSWORD) VALUES (?, ?, ?, ?, ?, ?, ?)
	bind => [45678, null, null, ucitel.test@stuba.sk, SI, Testovaci ucitel, null]
[EL Fine]: sql: 2023-06-01 16:29:17.447--ClientSession(462132633)--Connection(1555413896)--Thread(Thread[grizzly-http-server-17,5,main])--INSERT INTO vsa_user (AISID, PASSWORD, USERNAME) VALUES (?, ?, ?)
	bind => [45678, $2a$13$p.GJhETs16TCrxnAqYm9QuddyVIkxUHsIaK2qmlXTChzPjKbYYkCe, ucitel.test@stuba.sk]
[EL Fine]: sql: 2023-06-01 16:29:17.448--ClientSession(462132633)--Connection(1555413896)--Thread(Thread[grizzly-http-server-17,5,main])--INSERT INTO User_PERMISSIONS (User_AISID, PERMISSIONS) VALUES (?, ?)
	bind => [45678, 1]
[EL Fine]: sql: 2023-06-01 16:29:17.458--ClientSession(515276351)--Connection(1555413896)--Thread(Thread[grizzly-http-server-17,5,main])--UPDATE PEDAGOG SET ID = ?, DEPARTMENT = ?, INSTITUTE = ? WHERE (AISID = ?)
	bind => [45678, SI, UIM, 45678]
2023-06-01 16:29:17.467  INFO --- [-http-server-18] .s.f.u.v.p.JAXRSApplicationConfiguration : Recieved credentials: ucitel.test@stuba.sk, password
[EL Fine]: sql: 2023-06-01 16:29:17.467--ServerSession(430983166)--Connection(1555413896)--Thread(Thread[grizzly-http-server-18,5,main])--SELECT AISID, PASSWORD, USERNAME FROM vsa_user WHERE (USERNAME = ?)
	bind => [ucitel.test@stuba.sk]
[EL Fine]: sql: 2023-06-01 16:29:17.965--ClientSession(515469754)--Connection(1555413896)--Thread(Thread[grizzly-http-server-18,5,main])--INSERT INTO ZAVERECNAPRACA (ID, DEADLINE, DEPARTMENT, DESCRIPTION, PUBLISHEDON, REGISTRATIONNUMBER, STATUS, TITLE, TYPE, SUPERVISOR_AISID, AUTHOR_AISID) VALUES (?, ?, ?, ?, ?, ?, ?, ?, ?, ?, ?)
	bind => [5, 2023-09-01, UIM, Some description of the thesis, 2023-06-01, null, FREE_TO_TAKE, Excellent Simple Bachelor Thesis, BACHELOR, 45678, null]
-------------------->5
[EL Fine]: sql: 2023-06-01 16:29:17.976--ClientSession(223339413)--Connection(1555413896)--Thread(Thread[grizzly-http-server-18,5,main])--UPDATE ZAVERECNAPRACA SET REGISTRATIONNUMBER = ?, SUPERVISOR_AISID = ? WHERE (ID = ?)
	bind => [FEI-0234b10a02ff496788c8483d2a96528e, 45678, 5]
2023-06-01 16:29:17.983  INFO --- [           main] s.s.fei.uim.vsa.pr2.utils.ResourceTest   : Parsing response: {"id":5,"registrationNumber":"FEI-0234b10a02ff496788c8483d2a96528e","title":"Excellent Simple Bachelor Thesis","description":"Some description of the thesis","department":"UIM","supervisor":{"aisId":45678,"name":"Testovaci ucitel","email":"ucitel.test@stuba.sk","password":null,"institute":"UIM","department":"SI","theses":[],"id":45678},"author":null,"publishedOn":"2023-06-01","deadline":"2023-09-01","type":"BACHELOR","status":"FREE_TO_TAKE"}
[EL Fine]: sql: 2023-06-01 16:29:17.991--ServerSession(430983166)--Connection(1555413896)--Thread(Thread[grizzly-http-server-19,5,main])--SELECT AISID, ID, EMAIL, NAME, PASSWORD, program, TERM, study_year FROM STUDENT WHERE (EMAIL = ?)
	bind => [xstudent@stuba.sk]
[EL Fine]: sql: 2023-06-01 16:29:17.991--ClientSession(1574735367)--Connection(1555413896)--Thread(Thread[grizzly-http-server-19,5,main])--INSERT INTO STUDENT (AISID, ID, EMAIL, NAME, PASSWORD, program, TERM, study_year) VALUES (?, ?, ?, ?, ?, ?, ?, ?)
	bind => [70127, null, xstudent@stuba.sk, Test Student, null, null, null, null]
[EL Fine]: sql: 2023-06-01 16:29:18.496--ClientSession(1085868384)--Connection(1555413896)--Thread(Thread[grizzly-http-server-19,5,main])--INSERT INTO vsa_user (AISID, PASSWORD, USERNAME) VALUES (?, ?, ?)
	bind => [70127, $2a$13$dDA8ort4dhywF18e07Sh7eg8s9U5Qme./AtLILa2P53K5V82u2kbm, xstudent@stuba.sk]
[EL Fine]: sql: 2023-06-01 16:29:18.496--ClientSession(1085868384)--Connection(1555413896)--Thread(Thread[grizzly-http-server-19,5,main])--INSERT INTO User_PERMISSIONS (User_AISID, PERMISSIONS) VALUES (?, ?)
	bind => [70127, 0]
[EL Fine]: sql: 2023-06-01 16:29:18.994--ClientSession(14785239)--Connection(1555413896)--Thread(Thread[grizzly-http-server-19,5,main])--UPDATE STUDENT SET ID = ?, PASSWORD = ?, program = ?, TERM = ?, study_year = ? WHERE (AISID = ?)
	bind => [70127, $2a$13$SlP6ViAYOb3mcCzXgrvonenSMZfUUOT8v10fmJzXB1siOnPVbfYVu, API, 18, 8, 70127]
2023-06-01 16:29:19.005  INFO --- [           main] s.s.fei.uim.vsa.pr2.utils.ResourceTest   : Parsing response: {"Id":70127,"aisId":70127,"name":"Test Student","email":"xstudent@stuba.sk","year":8,"term":18,"programme":"API","id":70127}
[EL Fine]: sql: 2023-06-01 16:29:19.011--ServerSession(430983166)--Connection(1555413896)--Thread(Thread[grizzly-http-server-20,5,main])--SELECT AISID, ID, EMAIL, NAME, PASSWORD, program, TERM, study_year FROM STUDENT WHERE (EMAIL = ?)
	bind => [xstu@stuba.sk]
[EL Fine]: sql: 2023-06-01 16:29:19.011--ClientSession(1680273258)--Connection(1555413896)--Thread(Thread[grizzly-http-server-20,5,main])--INSERT INTO STUDENT (AISID, ID, EMAIL, NAME, PASSWORD, program, TERM, study_year) VALUES (?, ?, ?, ?, ?, ?, ?, ?)
	bind => [81230, null, xstu@stuba.sk, Testovaci Studenttt, null, null, null, null]
[EL Fine]: sql: 2023-06-01 16:29:19.5--ClientSession(1310121397)--Connection(1555413896)--Thread(Thread[grizzly-http-server-20,5,main])--INSERT INTO vsa_user (AISID, PASSWORD, USERNAME) VALUES (?, ?, ?)
	bind => [81230, $2a$13$yaG0Qi767cq820Y8gcSpz.DaQDC0voB7RXXl518vjMNcWDvn3wTh6, xstu@stuba.sk]
[EL Fine]: sql: 2023-06-01 16:29:19.501--ClientSession(1310121397)--Connection(1555413896)--Thread(Thread[grizzly-http-server-20,5,main])--INSERT INTO User_PERMISSIONS (User_AISID, PERMISSIONS) VALUES (?, ?)
	bind => [81230, 0]
[EL Fine]: sql: 2023-06-01 16:29:20.003--ClientSession(1230721711)--Connection(1555413896)--Thread(Thread[grizzly-http-server-20,5,main])--UPDATE STUDENT SET ID = ?, PASSWORD = ?, program = ?, TERM = ?, study_year = ? WHERE (AISID = ?)
	bind => [81230, $2a$13$SLT9D1P2QsOd8bEnuKOJteQLXJrt.UvdXRfulW/j4/1InIqP.TRte, B-API, 6, 3, 81230]
2023-06-01 16:29:20.013  INFO --- [           main] s.s.fei.uim.vsa.pr2.utils.ResourceTest   : Parsing response: {"Id":81230,"aisId":81230,"name":"Testovaci Studenttt","email":"xstu@stuba.sk","year":3,"term":6,"programme":"B-API","id":81230}
2023-06-01 16:29:20.017  INFO --- [-http-server-21] .s.f.u.v.p.JAXRSApplicationConfiguration : Recieved credentials: xstudent@stuba.sk, password
[EL Fine]: sql: 2023-06-01 16:29:20.017--ServerSession(430983166)--Connection(1555413896)--Thread(Thread[grizzly-http-server-21,5,main])--SELECT AISID, PASSWORD, USERNAME FROM vsa_user WHERE (USERNAME = ?)
	bind => [xstudent@stuba.sk]
[EL Fine]: sql: 2023-06-01 16:29:20.519--ClientSession(1803484666)--Connection(1555413896)--Thread(Thread[grizzly-http-server-21,5,main])--UPDATE ZAVERECNAPRACA SET STATUS = ?, AUTHOR_AISID = ? WHERE (ID = ?)
	bind => [IN_PROGRESS, 70127, 5]
2023-06-01 16:29:20.529  INFO --- [           main] s.s.fei.uim.vsa.pr2.utils.ResourceTest   : Parsing response: {"id":5,"registrationNumber":"FEI-0234b10a02ff496788c8483d2a96528e","title":"Excellent Simple Bachelor Thesis","description":"Some description of the thesis","department":"UIM","supervisor":45678,"author":70127,"publishedOn":"2023-06-01","deadline":"2023-09-01","type":"BACHELOR","status":"IN_PROGRESS"}
2023-06-01 16:29:20.530 ERROR --- [           main] s.s.fei.uim.vsa.pr2.utils.ResourceTest   : Cannot parse response: {"id":5,"registrationNumber":"FEI-0234b10a02ff496788c8483d2a96528e","title":"Excellent Simple Bachelor Thesis","description":"Some description of the thesis","department":"UIM","supervisor":45678,"author":70127,"publishedOn":"2023-06-01","deadline":"2023-09-01","type":"BACHELOR","status":"IN_PROGRESS"}
2023-06-01 16:29:20.530 ERROR --- [           main] s.s.fei.uim.vsa.pr2.utils.ResourceTest   : Cannot construct instance of `sk.stuba.fei.uim.vsa.pr2.model.dto.response.teacher.TeacherAltResponse` (although at least one Creator exists): no int/Int-argument constructor/factory method to deserialize from Number value (45678)
 at [Source: (String)"{"id":5,"registrationNumber":"FEI-0234b10a02ff496788c8483d2a96528e","title":"Excellent Simple Bachelor Thesis","description":"Some description of the thesis","department":"UIM","supervisor":45678,"author":70127,"publishedOn":"2023-06-01","deadline":"2023-09-01","type":"BACHELOR","status":"IN_PROGRESS"}"; line: 1, column: 191] (through reference chain: sk.stuba.fei.uim.vsa.pr2.model.dto.response.ThesisResponse["supervisor"])
com.fasterxml.jackson.databind.exc.MismatchedInputException: Cannot construct instance of `sk.stuba.fei.uim.vsa.pr2.model.dto.response.teacher.TeacherAltResponse` (although at least one Creator exists): no int/Int-argument constructor/factory method to deserialize from Number value (45678)
 at [Source: (String)"{"id":5,"registrationNumber":"FEI-0234b10a02ff496788c8483d2a96528e","title":"Excellent Simple Bachelor Thesis","description":"Some description of the thesis","department":"UIM","supervisor":45678,"author":70127,"publishedOn":"2023-06-01","deadline":"2023-09-01","type":"BACHELOR","status":"IN_PROGRESS"}"; line: 1, column: 191] (through reference chain: sk.stuba.fei.uim.vsa.pr2.model.dto.response.ThesisResponse["supervisor"])
	at com.fasterxml.jackson.databind.exc.MismatchedInputException.from(MismatchedInputException.java:63)
	at com.fasterxml.jackson.databind.DeserializationContext.reportInputMismatch(DeserializationContext.java:1733)
	at com.fasterxml.jackson.databind.DeserializationContext.handleMissingInstantiator(DeserializationContext.java:1358)
	at com.fasterxml.jackson.databind.deser.ValueInstantiator.createFromInt(ValueInstantiator.java:324)
	at com.fasterxml.jackson.databind.deser.std.StdValueInstantiator.createFromInt(StdValueInstantiator.java:376)
	at com.fasterxml.jackson.databind.deser.BeanDeserializerBase.deserializeFromNumber(BeanDeserializerBase.java:1447)
	at com.fasterxml.jackson.databind.deser.BeanDeserializer._deserializeOther(BeanDeserializer.java:199)
	at com.fasterxml.jackson.databind.deser.BeanDeserializer.deserialize(BeanDeserializer.java:187)
	at com.fasterxml.jackson.databind.deser.impl.MethodProperty.deserializeAndSet(MethodProperty.java:129)
	at com.fasterxml.jackson.databind.deser.BeanDeserializer.vanillaDeserialize(BeanDeserializer.java:314)
	at com.fasterxml.jackson.databind.deser.BeanDeserializer.deserialize(BeanDeserializer.java:177)
	at com.fasterxml.jackson.databind.deser.DefaultDeserializationContext.readRootValue(DefaultDeserializationContext.java:323)
	at com.fasterxml.jackson.databind.ObjectMapper._readMapAndClose(ObjectMapper.java:4730)
	at com.fasterxml.jackson.databind.ObjectMapper.readValue(ObjectMapper.java:3677)
	at com.fasterxml.jackson.databind.ObjectMapper.readValue(ObjectMapper.java:3645)
	at sk.stuba.fei.uim.vsa.pr2.utils.ResourceTest.readObject(ResourceTest.java:232)
	at sk.stuba.fei.uim.vsa.pr2.utils.ResourceTest.readObject(ResourceTest.java:225)
	at sk.stuba.fei.uim.vsa.pr2.ThesisResourceTest.shouldAssignThesisWithStudent(ThesisResourceTest.java:336)
	at sun.reflect.NativeMethodAccessorImpl.invoke0(Native Method)
	at sun.reflect.NativeMethodAccessorImpl.invoke(NativeMethodAccessorImpl.java:62)
	at sun.reflect.DelegatingMethodAccessorImpl.invoke(DelegatingMethodAccessorImpl.java:43)
	at java.lang.reflect.Method.invoke(Method.java:498)
	at org.junit.platform.commons.util.ReflectionUtils.invokeMethod(ReflectionUtils.java:725)
	at org.junit.jupiter.engine.execution.MethodInvocation.proceed(MethodInvocation.java:60)
	at org.junit.jupiter.engine.execution.InvocationInterceptorChain$ValidatingInvocation.proceed(InvocationInterceptorChain.java:131)
	at org.junit.jupiter.engine.extension.TimeoutExtension.intercept(TimeoutExtension.java:149)
	at org.junit.jupiter.engine.extension.TimeoutExtension.interceptTestableMethod(TimeoutExtension.java:140)
	at org.junit.jupiter.engine.extension.TimeoutExtension.interceptTestMethod(TimeoutExtension.java:84)
	at org.junit.jupiter.engine.execution.ExecutableInvoker$ReflectiveInterceptorCall.lambda$ofVoidMethod$0(ExecutableInvoker.java:115)
	at org.junit.jupiter.engine.execution.ExecutableInvoker.lambda$invoke$0(ExecutableInvoker.java:105)
	at org.junit.jupiter.engine.execution.InvocationInterceptorChain$InterceptedInvocation.proceed(InvocationInterceptorChain.java:106)
	at org.junit.jupiter.engine.execution.InvocationInterceptorChain.proceed(InvocationInterceptorChain.java:64)
	at org.junit.jupiter.engine.execution.InvocationInterceptorChain.chainAndInvoke(InvocationInterceptorChain.java:45)
	at org.junit.jupiter.engine.execution.InvocationInterceptorChain.invoke(InvocationInterceptorChain.java:37)
	at org.junit.jupiter.engine.execution.ExecutableInvoker.invoke(ExecutableInvoker.java:104)
	at org.junit.jupiter.engine.execution.ExecutableInvoker.invoke(ExecutableInvoker.java:98)
	at org.junit.jupiter.engine.descriptor.TestMethodTestDescriptor.lambda$invokeTestMethod$7(TestMethodTestDescriptor.java:214)
	at org.junit.platform.engine.support.hierarchical.ThrowableCollector.execute(ThrowableCollector.java:73)
	at org.junit.jupiter.engine.descriptor.TestMethodTestDescriptor.invokeTestMethod(TestMethodTestDescriptor.java:210)
	at org.junit.jupiter.engine.descriptor.TestMethodTestDescriptor.execute(TestMethodTestDescriptor.java:135)
	at org.junit.jupiter.engine.descriptor.TestMethodTestDescriptor.execute(TestMethodTestDescriptor.java:66)
	at org.junit.platform.engine.support.hierarchical.NodeTestTask.lambda$executeRecursively$6(NodeTestTask.java:151)
	at org.junit.platform.engine.support.hierarchical.ThrowableCollector.execute(ThrowableCollector.java:73)
	at org.junit.platform.engine.support.hierarchical.NodeTestTask.lambda$executeRecursively$8(NodeTestTask.java:141)
	at org.junit.platform.engine.support.hierarchical.Node.around(Node.java:137)
	at org.junit.platform.engine.support.hierarchical.NodeTestTask.lambda$executeRecursively$9(NodeTestTask.java:139)
	at org.junit.platform.engine.support.hierarchical.ThrowableCollector.execute(ThrowableCollector.java:73)
	at org.junit.platform.engine.support.hierarchical.NodeTestTask.executeRecursively(NodeTestTask.java:138)
	at org.junit.platform.engine.support.hierarchical.NodeTestTask.execute(NodeTestTask.java:95)
	at java.util.ArrayList.forEach(ArrayList.java:1259)
	at org.junit.platform.engine.support.hierarchical.SameThreadHierarchicalTestExecutorService.invokeAll(SameThreadHierarchicalTestExecutorService.java:41)
	at org.junit.platform.engine.support.hierarchical.NodeTestTask.lambda$executeRecursively$6(NodeTestTask.java:155)
	at org.junit.platform.engine.support.hierarchical.ThrowableCollector.execute(ThrowableCollector.java:73)
	at org.junit.platform.engine.support.hierarchical.NodeTestTask.lambda$executeRecursively$8(NodeTestTask.java:141)
	at org.junit.platform.engine.support.hierarchical.Node.around(Node.java:137)
	at org.junit.platform.engine.support.hierarchical.NodeTestTask.lambda$executeRecursively$9(NodeTestTask.java:139)
	at org.junit.platform.engine.support.hierarchical.ThrowableCollector.execute(ThrowableCollector.java:73)
	at org.junit.platform.engine.support.hierarchical.NodeTestTask.executeRecursively(NodeTestTask.java:138)
	at org.junit.platform.engine.support.hierarchical.NodeTestTask.execute(NodeTestTask.java:95)
	at java.util.ArrayList.forEach(ArrayList.java:1259)
	at org.junit.platform.engine.support.hierarchical.SameThreadHierarchicalTestExecutorService.invokeAll(SameThreadHierarchicalTestExecutorService.java:41)
	at org.junit.platform.engine.support.hierarchical.NodeTestTask.lambda$executeRecursively$6(NodeTestTask.java:155)
	at org.junit.platform.engine.support.hierarchical.ThrowableCollector.execute(ThrowableCollector.java:73)
	at org.junit.platform.engine.support.hierarchical.NodeTestTask.lambda$executeRecursively$8(NodeTestTask.java:141)
	at org.junit.platform.engine.support.hierarchical.Node.around(Node.java:137)
	at org.junit.platform.engine.support.hierarchical.NodeTestTask.lambda$executeRecursively$9(NodeTestTask.java:139)
	at org.junit.platform.engine.support.hierarchical.ThrowableCollector.execute(ThrowableCollector.java:73)
	at org.junit.platform.engine.support.hierarchical.NodeTestTask.executeRecursively(NodeTestTask.java:138)
	at org.junit.platform.engine.support.hierarchical.NodeTestTask.execute(NodeTestTask.java:95)
	at org.junit.platform.engine.support.hierarchical.SameThreadHierarchicalTestExecutorService.submit(SameThreadHierarchicalTestExecutorService.java:35)
	at org.junit.platform.engine.support.hierarchical.HierarchicalTestExecutor.execute(HierarchicalTestExecutor.java:57)
	at org.junit.platform.engine.support.hierarchical.HierarchicalTestEngine.execute(HierarchicalTestEngine.java:54)
	at org.junit.platform.launcher.core.DefaultLauncher.execute(DefaultLauncher.java:220)
	at org.junit.platform.launcher.core.DefaultLauncher.lambda$execute$6(DefaultLauncher.java:188)
	at org.junit.platform.launcher.core.DefaultLauncher.withInterceptedStreams(DefaultLauncher.java:202)
	at org.junit.platform.launcher.core.DefaultLauncher.execute(DefaultLauncher.java:181)
	at org.junit.platform.launcher.core.DefaultLauncher.execute(DefaultLauncher.java:128)
	at org.apache.maven.surefire.junitplatform.JUnitPlatformProvider.invokeAllTests(JUnitPlatformProvider.java:150)
	at org.apache.maven.surefire.junitplatform.JUnitPlatformProvider.invoke(JUnitPlatformProvider.java:124)
	at org.apache.maven.surefire.booter.ForkedBooter.invokeProviderInSameClassLoader(ForkedBooter.java:384)
	at org.apache.maven.surefire.booter.ForkedBooter.runSuitesInProcess(ForkedBooter.java:345)
	at org.apache.maven.surefire.booter.ForkedBooter.execute(ForkedBooter.java:126)
	at org.apache.maven.surefire.booter.ForkedBooter.main(ForkedBooter.java:418)
]]></system-out>
  </testcase>
  <testcase name="shouldGetThesis" classname="sk.stuba.fei.uim.vsa.pr2.ThesisResourceTest" time="1.594">
    <failure message="expected: not &lt;null&gt;" type="org.opentest4j.AssertionFailedError"><![CDATA[org.opentest4j.AssertionFailedError: expected: not <null>
	at sk.stuba.fei.uim.vsa.pr2.ThesisResourceTest.shouldGetThesis(ThesisResourceTest.java:203)
]]></failure>
    <system-out><![CDATA[[EL Fine]: sql: 2023-06-01 16:29:20.601--ServerSession(430983166)--Connection(1555413896)--Thread(Thread[grizzly-http-server-22,5,main])--SELECT AISID, ID, DEPARTMENT, EMAIL, INSTITUTE, NAME, PASSWORD FROM PEDAGOG WHERE (EMAIL = ?)
	bind => [ucitel.test@stuba.sk]
[EL Fine]: sql: 2023-06-01 16:29:20.602--ClientSession(1011328950)--Connection(1555413896)--Thread(Thread[grizzly-http-server-22,5,main])--INSERT INTO PEDAGOG (AISID, ID, DEPARTMENT, EMAIL, INSTITUTE, NAME, PASSWORD) VALUES (?, ?, ?, ?, ?, ?, ?)
	bind => [45678, null, null, ucitel.test@stuba.sk, SI, Testovaci ucitel, null]
[EL Fine]: sql: 2023-06-01 16:29:21.097--ClientSession(1080252004)--Connection(1555413896)--Thread(Thread[grizzly-http-server-22,5,main])--INSERT INTO vsa_user (AISID, PASSWORD, USERNAME) VALUES (?, ?, ?)
	bind => [45678, $2a$13$gKtveoFvAEPzeedPBfO6heUZOhdQppLail2E1gt7dTkIAj2jPbsBK, ucitel.test@stuba.sk]
[EL Fine]: sql: 2023-06-01 16:29:21.098--ClientSession(1080252004)--Connection(1555413896)--Thread(Thread[grizzly-http-server-22,5,main])--INSERT INTO User_PERMISSIONS (User_AISID, PERMISSIONS) VALUES (?, ?)
	bind => [45678, 1]
[EL Fine]: sql: 2023-06-01 16:29:21.107--ClientSession(862687364)--Connection(1555413896)--Thread(Thread[grizzly-http-server-22,5,main])--UPDATE PEDAGOG SET ID = ?, DEPARTMENT = ?, INSTITUTE = ? WHERE (AISID = ?)
	bind => [45678, SI, UIM, 45678]
2023-06-01 16:29:21.115  INFO --- [-http-server-23] .s.f.u.v.p.JAXRSApplicationConfiguration : Recieved credentials: ucitel.test@stuba.sk, password
[EL Fine]: sql: 2023-06-01 16:29:21.115--ServerSession(430983166)--Connection(1555413896)--Thread(Thread[grizzly-http-server-23,5,main])--SELECT AISID, PASSWORD, USERNAME FROM vsa_user WHERE (USERNAME = ?)
	bind => [ucitel.test@stuba.sk]
[EL Fine]: sql: 2023-06-01 16:29:21.602--ClientSession(453547953)--Connection(1555413896)--Thread(Thread[grizzly-http-server-23,5,main])--INSERT INTO ZAVERECNAPRACA (ID, DEADLINE, DEPARTMENT, DESCRIPTION, PUBLISHEDON, REGISTRATIONNUMBER, STATUS, TITLE, TYPE, SUPERVISOR_AISID, AUTHOR_AISID) VALUES (?, ?, ?, ?, ?, ?, ?, ?, ?, ?, ?)
	bind => [6, 2023-09-01, UIM, Some description of the thesis, 2023-06-01, null, FREE_TO_TAKE, Excellent Simple Bachelor Thesis, BACHELOR, 45678, null]
-------------------->6
[EL Fine]: sql: 2023-06-01 16:29:21.612--ClientSession(1500843547)--Connection(1555413896)--Thread(Thread[grizzly-http-server-23,5,main])--UPDATE ZAVERECNAPRACA SET REGISTRATIONNUMBER = ?, SUPERVISOR_AISID = ? WHERE (ID = ?)
	bind => [FEI-0234b10a02ff496788c8483d2a96528e, 45678, 6]
2023-06-01 16:29:21.619  INFO --- [           main] s.s.fei.uim.vsa.pr2.utils.ResourceTest   : Parsing response: {"id":6,"registrationNumber":"FEI-0234b10a02ff496788c8483d2a96528e","title":"Excellent Simple Bachelor Thesis","description":"Some description of the thesis","department":"UIM","supervisor":{"aisId":45678,"name":"Testovaci ucitel","email":"ucitel.test@stuba.sk","password":null,"institute":"UIM","department":"SI","theses":[],"id":45678},"author":null,"publishedOn":"2023-06-01","deadline":"2023-09-01","type":"BACHELOR","status":"FREE_TO_TAKE"}
2023-06-01 16:29:21.624  INFO --- [-http-server-24] .s.f.u.v.p.JAXRSApplicationConfiguration : Recieved credentials: ucitel.test@stuba.sk, password
[EL Fine]: sql: 2023-06-01 16:29:21.624--ServerSession(430983166)--Connection(1555413896)--Thread(Thread[grizzly-http-server-24,5,main])--SELECT AISID, PASSWORD, USERNAME FROM vsa_user WHERE (USERNAME = ?)
	bind => [ucitel.test@stuba.sk]
2023-06-01 16:29:22.125  INFO --- [           main] s.s.fei.uim.vsa.pr2.utils.ResourceTest   : Parsing response: {"id":6,"registrationNumber":"FEI-0234b10a02ff496788c8483d2a96528e","title":"Excellent Simple Bachelor Thesis","description":"Some description of the thesis","department":"UIM","supervisor":45678,"publishedOn":"2023-06-01","deadline":"2023-09-01","type":"BACHELOR","status":"FREE_TO_TAKE"}
2023-06-01 16:29:22.125 ERROR --- [           main] s.s.fei.uim.vsa.pr2.utils.ResourceTest   : Cannot parse response: {"id":6,"registrationNumber":"FEI-0234b10a02ff496788c8483d2a96528e","title":"Excellent Simple Bachelor Thesis","description":"Some description of the thesis","department":"UIM","supervisor":45678,"publishedOn":"2023-06-01","deadline":"2023-09-01","type":"BACHELOR","status":"FREE_TO_TAKE"}
2023-06-01 16:29:22.125 ERROR --- [           main] s.s.fei.uim.vsa.pr2.utils.ResourceTest   : Cannot construct instance of `sk.stuba.fei.uim.vsa.pr2.model.dto.response.teacher.TeacherAltResponse` (although at least one Creator exists): no int/Int-argument constructor/factory method to deserialize from Number value (45678)
 at [Source: (String)"{"id":6,"registrationNumber":"FEI-0234b10a02ff496788c8483d2a96528e","title":"Excellent Simple Bachelor Thesis","description":"Some description of the thesis","department":"UIM","supervisor":45678,"publishedOn":"2023-06-01","deadline":"2023-09-01","type":"BACHELOR","status":"FREE_TO_TAKE"}"; line: 1, column: 191] (through reference chain: sk.stuba.fei.uim.vsa.pr2.model.dto.response.ThesisResponse["supervisor"])
com.fasterxml.jackson.databind.exc.MismatchedInputException: Cannot construct instance of `sk.stuba.fei.uim.vsa.pr2.model.dto.response.teacher.TeacherAltResponse` (although at least one Creator exists): no int/Int-argument constructor/factory method to deserialize from Number value (45678)
 at [Source: (String)"{"id":6,"registrationNumber":"FEI-0234b10a02ff496788c8483d2a96528e","title":"Excellent Simple Bachelor Thesis","description":"Some description of the thesis","department":"UIM","supervisor":45678,"publishedOn":"2023-06-01","deadline":"2023-09-01","type":"BACHELOR","status":"FREE_TO_TAKE"}"; line: 1, column: 191] (through reference chain: sk.stuba.fei.uim.vsa.pr2.model.dto.response.ThesisResponse["supervisor"])
	at com.fasterxml.jackson.databind.exc.MismatchedInputException.from(MismatchedInputException.java:63)
	at com.fasterxml.jackson.databind.DeserializationContext.reportInputMismatch(DeserializationContext.java:1733)
	at com.fasterxml.jackson.databind.DeserializationContext.handleMissingInstantiator(DeserializationContext.java:1358)
	at com.fasterxml.jackson.databind.deser.ValueInstantiator.createFromInt(ValueInstantiator.java:324)
	at com.fasterxml.jackson.databind.deser.std.StdValueInstantiator.createFromInt(StdValueInstantiator.java:376)
	at com.fasterxml.jackson.databind.deser.BeanDeserializerBase.deserializeFromNumber(BeanDeserializerBase.java:1447)
	at com.fasterxml.jackson.databind.deser.BeanDeserializer._deserializeOther(BeanDeserializer.java:199)
	at com.fasterxml.jackson.databind.deser.BeanDeserializer.deserialize(BeanDeserializer.java:187)
	at com.fasterxml.jackson.databind.deser.impl.MethodProperty.deserializeAndSet(MethodProperty.java:129)
	at com.fasterxml.jackson.databind.deser.BeanDeserializer.vanillaDeserialize(BeanDeserializer.java:314)
	at com.fasterxml.jackson.databind.deser.BeanDeserializer.deserialize(BeanDeserializer.java:177)
	at com.fasterxml.jackson.databind.deser.DefaultDeserializationContext.readRootValue(DefaultDeserializationContext.java:323)
	at com.fasterxml.jackson.databind.ObjectMapper._readMapAndClose(ObjectMapper.java:4730)
	at com.fasterxml.jackson.databind.ObjectMapper.readValue(ObjectMapper.java:3677)
	at com.fasterxml.jackson.databind.ObjectMapper.readValue(ObjectMapper.java:3645)
	at sk.stuba.fei.uim.vsa.pr2.utils.ResourceTest.readObject(ResourceTest.java:232)
	at sk.stuba.fei.uim.vsa.pr2.utils.ResourceTest.readObject(ResourceTest.java:225)
	at sk.stuba.fei.uim.vsa.pr2.ThesisResourceTest.shouldGetThesis(ThesisResourceTest.java:202)
	at sun.reflect.NativeMethodAccessorImpl.invoke0(Native Method)
	at sun.reflect.NativeMethodAccessorImpl.invoke(NativeMethodAccessorImpl.java:62)
	at sun.reflect.DelegatingMethodAccessorImpl.invoke(DelegatingMethodAccessorImpl.java:43)
	at java.lang.reflect.Method.invoke(Method.java:498)
	at org.junit.platform.commons.util.ReflectionUtils.invokeMethod(ReflectionUtils.java:725)
	at org.junit.jupiter.engine.execution.MethodInvocation.proceed(MethodInvocation.java:60)
	at org.junit.jupiter.engine.execution.InvocationInterceptorChain$ValidatingInvocation.proceed(InvocationInterceptorChain.java:131)
	at org.junit.jupiter.engine.extension.TimeoutExtension.intercept(TimeoutExtension.java:149)
	at org.junit.jupiter.engine.extension.TimeoutExtension.interceptTestableMethod(TimeoutExtension.java:140)
	at org.junit.jupiter.engine.extension.TimeoutExtension.interceptTestMethod(TimeoutExtension.java:84)
	at org.junit.jupiter.engine.execution.ExecutableInvoker$ReflectiveInterceptorCall.lambda$ofVoidMethod$0(ExecutableInvoker.java:115)
	at org.junit.jupiter.engine.execution.ExecutableInvoker.lambda$invoke$0(ExecutableInvoker.java:105)
	at org.junit.jupiter.engine.execution.InvocationInterceptorChain$InterceptedInvocation.proceed(InvocationInterceptorChain.java:106)
	at org.junit.jupiter.engine.execution.InvocationInterceptorChain.proceed(InvocationInterceptorChain.java:64)
	at org.junit.jupiter.engine.execution.InvocationInterceptorChain.chainAndInvoke(InvocationInterceptorChain.java:45)
	at org.junit.jupiter.engine.execution.InvocationInterceptorChain.invoke(InvocationInterceptorChain.java:37)
	at org.junit.jupiter.engine.execution.ExecutableInvoker.invoke(ExecutableInvoker.java:104)
	at org.junit.jupiter.engine.execution.ExecutableInvoker.invoke(ExecutableInvoker.java:98)
	at org.junit.jupiter.engine.descriptor.TestMethodTestDescriptor.lambda$invokeTestMethod$7(TestMethodTestDescriptor.java:214)
	at org.junit.platform.engine.support.hierarchical.ThrowableCollector.execute(ThrowableCollector.java:73)
	at org.junit.jupiter.engine.descriptor.TestMethodTestDescriptor.invokeTestMethod(TestMethodTestDescriptor.java:210)
	at org.junit.jupiter.engine.descriptor.TestMethodTestDescriptor.execute(TestMethodTestDescriptor.java:135)
	at org.junit.jupiter.engine.descriptor.TestMethodTestDescriptor.execute(TestMethodTestDescriptor.java:66)
	at org.junit.platform.engine.support.hierarchical.NodeTestTask.lambda$executeRecursively$6(NodeTestTask.java:151)
	at org.junit.platform.engine.support.hierarchical.ThrowableCollector.execute(ThrowableCollector.java:73)
	at org.junit.platform.engine.support.hierarchical.NodeTestTask.lambda$executeRecursively$8(NodeTestTask.java:141)
	at org.junit.platform.engine.support.hierarchical.Node.around(Node.java:137)
	at org.junit.platform.engine.support.hierarchical.NodeTestTask.lambda$executeRecursively$9(NodeTestTask.java:139)
	at org.junit.platform.engine.support.hierarchical.ThrowableCollector.execute(ThrowableCollector.java:73)
	at org.junit.platform.engine.support.hierarchical.NodeTestTask.executeRecursively(NodeTestTask.java:138)
	at org.junit.platform.engine.support.hierarchical.NodeTestTask.execute(NodeTestTask.java:95)
	at java.util.ArrayList.forEach(ArrayList.java:1259)
	at org.junit.platform.engine.support.hierarchical.SameThreadHierarchicalTestExecutorService.invokeAll(SameThreadHierarchicalTestExecutorService.java:41)
	at org.junit.platform.engine.support.hierarchical.NodeTestTask.lambda$executeRecursively$6(NodeTestTask.java:155)
	at org.junit.platform.engine.support.hierarchical.ThrowableCollector.execute(ThrowableCollector.java:73)
	at org.junit.platform.engine.support.hierarchical.NodeTestTask.lambda$executeRecursively$8(NodeTestTask.java:141)
	at org.junit.platform.engine.support.hierarchical.Node.around(Node.java:137)
	at org.junit.platform.engine.support.hierarchical.NodeTestTask.lambda$executeRecursively$9(NodeTestTask.java:139)
	at org.junit.platform.engine.support.hierarchical.ThrowableCollector.execute(ThrowableCollector.java:73)
	at org.junit.platform.engine.support.hierarchical.NodeTestTask.executeRecursively(NodeTestTask.java:138)
	at org.junit.platform.engine.support.hierarchical.NodeTestTask.execute(NodeTestTask.java:95)
	at java.util.ArrayList.forEach(ArrayList.java:1259)
	at org.junit.platform.engine.support.hierarchical.SameThreadHierarchicalTestExecutorService.invokeAll(SameThreadHierarchicalTestExecutorService.java:41)
	at org.junit.platform.engine.support.hierarchical.NodeTestTask.lambda$executeRecursively$6(NodeTestTask.java:155)
	at org.junit.platform.engine.support.hierarchical.ThrowableCollector.execute(ThrowableCollector.java:73)
	at org.junit.platform.engine.support.hierarchical.NodeTestTask.lambda$executeRecursively$8(NodeTestTask.java:141)
	at org.junit.platform.engine.support.hierarchical.Node.around(Node.java:137)
	at org.junit.platform.engine.support.hierarchical.NodeTestTask.lambda$executeRecursively$9(NodeTestTask.java:139)
	at org.junit.platform.engine.support.hierarchical.ThrowableCollector.execute(ThrowableCollector.java:73)
	at org.junit.platform.engine.support.hierarchical.NodeTestTask.executeRecursively(NodeTestTask.java:138)
	at org.junit.platform.engine.support.hierarchical.NodeTestTask.execute(NodeTestTask.java:95)
	at org.junit.platform.engine.support.hierarchical.SameThreadHierarchicalTestExecutorService.submit(SameThreadHierarchicalTestExecutorService.java:35)
	at org.junit.platform.engine.support.hierarchical.HierarchicalTestExecutor.execute(HierarchicalTestExecutor.java:57)
	at org.junit.platform.engine.support.hierarchical.HierarchicalTestEngine.execute(HierarchicalTestEngine.java:54)
	at org.junit.platform.launcher.core.DefaultLauncher.execute(DefaultLauncher.java:220)
	at org.junit.platform.launcher.core.DefaultLauncher.lambda$execute$6(DefaultLauncher.java:188)
	at org.junit.platform.launcher.core.DefaultLauncher.withInterceptedStreams(DefaultLauncher.java:202)
	at org.junit.platform.launcher.core.DefaultLauncher.execute(DefaultLauncher.java:181)
	at org.junit.platform.launcher.core.DefaultLauncher.execute(DefaultLauncher.java:128)
	at org.apache.maven.surefire.junitplatform.JUnitPlatformProvider.invokeAllTests(JUnitPlatformProvider.java:150)
	at org.apache.maven.surefire.junitplatform.JUnitPlatformProvider.invoke(JUnitPlatformProvider.java:124)
	at org.apache.maven.surefire.booter.ForkedBooter.invokeProviderInSameClassLoader(ForkedBooter.java:384)
	at org.apache.maven.surefire.booter.ForkedBooter.runSuitesInProcess(ForkedBooter.java:345)
	at org.apache.maven.surefire.booter.ForkedBooter.execute(ForkedBooter.java:126)
	at org.apache.maven.surefire.booter.ForkedBooter.main(ForkedBooter.java:418)
]]></system-out>
  </testcase>
  <testcase name="shouldAssignThesisWithTeacher" classname="sk.stuba.fei.uim.vsa.pr2.ThesisResourceTest" time="2.694">
    <failure message="expected: not &lt;null&gt;" type="org.opentest4j.AssertionFailedError"><![CDATA[org.opentest4j.AssertionFailedError: expected: not <null>
	at sk.stuba.fei.uim.vsa.pr2.ThesisResourceTest.shouldAssignThesisWithTeacher(ThesisResourceTest.java:297)
]]></failure>
    <system-out><![CDATA[[EL Fine]: sql: 2023-06-01 16:29:22.21--ServerSession(430983166)--Connection(1555413896)--Thread(Thread[grizzly-http-server-25,5,main])--SELECT AISID, ID, DEPARTMENT, EMAIL, INSTITUTE, NAME, PASSWORD FROM PEDAGOG WHERE (EMAIL = ?)
	bind => [ucitel.test@stuba.sk]
[EL Fine]: sql: 2023-06-01 16:29:22.211--ClientSession(1179378439)--Connection(1555413896)--Thread(Thread[grizzly-http-server-25,5,main])--INSERT INTO PEDAGOG (AISID, ID, DEPARTMENT, EMAIL, INSTITUTE, NAME, PASSWORD) VALUES (?, ?, ?, ?, ?, ?, ?)
	bind => [45678, null, null, ucitel.test@stuba.sk, SI, Testovaci ucitel, null]
[EL Fine]: sql: 2023-06-01 16:29:22.711--ClientSession(488736281)--Connection(1555413896)--Thread(Thread[grizzly-http-server-25,5,main])--INSERT INTO vsa_user (AISID, PASSWORD, USERNAME) VALUES (?, ?, ?)
	bind => [45678, $2a$13$6iIUoI5D4Ty/xSX8TVx.3uoOzBuWQFMqgdWjM2aOtmzuW/ba2EXZe, ucitel.test@stuba.sk]
[EL Fine]: sql: 2023-06-01 16:29:22.712--ClientSession(488736281)--Connection(1555413896)--Thread(Thread[grizzly-http-server-25,5,main])--INSERT INTO User_PERMISSIONS (User_AISID, PERMISSIONS) VALUES (?, ?)
	bind => [45678, 1]
[EL Fine]: sql: 2023-06-01 16:29:22.719--ClientSession(43502705)--Connection(1555413896)--Thread(Thread[grizzly-http-server-25,5,main])--UPDATE PEDAGOG SET ID = ?, DEPARTMENT = ?, INSTITUTE = ? WHERE (AISID = ?)
	bind => [45678, SI, UIM, 45678]
2023-06-01 16:29:22.726  INFO --- [-http-server-26] .s.f.u.v.p.JAXRSApplicationConfiguration : Recieved credentials: ucitel.test@stuba.sk, password
[EL Fine]: sql: 2023-06-01 16:29:22.726--ServerSession(430983166)--Connection(1555413896)--Thread(Thread[grizzly-http-server-26,5,main])--SELECT AISID, PASSWORD, USERNAME FROM vsa_user WHERE (USERNAME = ?)
	bind => [ucitel.test@stuba.sk]
[EL Fine]: sql: 2023-06-01 16:29:23.217--ClientSession(522887794)--Connection(1555413896)--Thread(Thread[grizzly-http-server-26,5,main])--INSERT INTO ZAVERECNAPRACA (ID, DEADLINE, DEPARTMENT, DESCRIPTION, PUBLISHEDON, REGISTRATIONNUMBER, STATUS, TITLE, TYPE, SUPERVISOR_AISID, AUTHOR_AISID) VALUES (?, ?, ?, ?, ?, ?, ?, ?, ?, ?, ?)
	bind => [7, 2023-09-01, UIM, Some description of the thesis, 2023-06-01, null, FREE_TO_TAKE, Excellent Simple Bachelor Thesis, BACHELOR, 45678, null]
-------------------->7
[EL Fine]: sql: 2023-06-01 16:29:23.225--ClientSession(1657223279)--Connection(1555413896)--Thread(Thread[grizzly-http-server-26,5,main])--UPDATE ZAVERECNAPRACA SET REGISTRATIONNUMBER = ?, SUPERVISOR_AISID = ? WHERE (ID = ?)
	bind => [FEI-0234b10a02ff496788c8483d2a96528e, 45678, 7]
2023-06-01 16:29:23.233  INFO --- [           main] s.s.fei.uim.vsa.pr2.utils.ResourceTest   : Parsing response: {"id":7,"registrationNumber":"FEI-0234b10a02ff496788c8483d2a96528e","title":"Excellent Simple Bachelor Thesis","description":"Some description of the thesis","department":"UIM","supervisor":{"aisId":45678,"name":"Testovaci ucitel","email":"ucitel.test@stuba.sk","password":null,"institute":"UIM","department":"SI","theses":[],"id":45678},"author":null,"publishedOn":"2023-06-01","deadline":"2023-09-01","type":"BACHELOR","status":"FREE_TO_TAKE"}
[EL Fine]: sql: 2023-06-01 16:29:23.241--ServerSession(430983166)--Connection(1555413896)--Thread(Thread[grizzly-http-server-27,5,main])--SELECT AISID, ID, EMAIL, NAME, PASSWORD, program, TERM, study_year FROM STUDENT WHERE (EMAIL = ?)
	bind => [xstudent@stuba.sk]
[EL Fine]: sql: 2023-06-01 16:29:23.241--ClientSession(1420388517)--Connection(1555413896)--Thread(Thread[grizzly-http-server-27,5,main])--INSERT INTO STUDENT (AISID, ID, EMAIL, NAME, PASSWORD, program, TERM, study_year) VALUES (?, ?, ?, ?, ?, ?, ?, ?)
	bind => [70127, null, xstudent@stuba.sk, Test Student, null, null, null, null]
[EL Fine]: sql: 2023-06-01 16:29:23.75--ClientSession(1356776059)--Connection(1555413896)--Thread(Thread[grizzly-http-server-27,5,main])--INSERT INTO vsa_user (AISID, PASSWORD, USERNAME) VALUES (?, ?, ?)
	bind => [70127, $2a$13$Ew3DQfwQsEU2ug1SXhlqVebfKEorGXxYvLlOW9IOEL.fQzFb76AHm, xstudent@stuba.sk]
[EL Fine]: sql: 2023-06-01 16:29:23.751--ClientSession(1356776059)--Connection(1555413896)--Thread(Thread[grizzly-http-server-27,5,main])--INSERT INTO User_PERMISSIONS (User_AISID, PERMISSIONS) VALUES (?, ?)
	bind => [70127, 0]
[EL Fine]: sql: 2023-06-01 16:29:24.253--ClientSession(598649454)--Connection(1555413896)--Thread(Thread[grizzly-http-server-27,5,main])--UPDATE STUDENT SET ID = ?, PASSWORD = ?, program = ?, TERM = ?, study_year = ? WHERE (AISID = ?)
	bind => [70127, $2a$13$P63Z/OQcSudDmvMwjfT3VeonRn6nkidKA0Ez8fydndpoylOctUnVS, API, 18, 8, 70127]
2023-06-01 16:29:24.264  INFO --- [           main] s.s.fei.uim.vsa.pr2.utils.ResourceTest   : Parsing response: {"Id":70127,"aisId":70127,"name":"Test Student","email":"xstudent@stuba.sk","year":8,"term":18,"programme":"API","id":70127}
2023-06-01 16:29:24.268  INFO --- [-http-server-28] .s.f.u.v.p.JAXRSApplicationConfiguration : Recieved credentials: ucitel.test@stuba.sk, password
[EL Fine]: sql: 2023-06-01 16:29:24.268--ServerSession(430983166)--Connection(1555413896)--Thread(Thread[grizzly-http-server-28,5,main])--SELECT AISID, PASSWORD, USERNAME FROM vsa_user WHERE (USERNAME = ?)
	bind => [ucitel.test@stuba.sk]
[EL Fine]: sql: 2023-06-01 16:29:24.81--ClientSession(1512257859)--Connection(1555413896)--Thread(Thread[grizzly-http-server-28,5,main])--UPDATE ZAVERECNAPRACA SET STATUS = ?, AUTHOR_AISID = ? WHERE (ID = ?)
	bind => [IN_PROGRESS, 70127, 7]
2023-06-01 16:29:24.820  INFO --- [           main] s.s.fei.uim.vsa.pr2.utils.ResourceTest   : Parsing response: {"id":7,"registrationNumber":"FEI-0234b10a02ff496788c8483d2a96528e","title":"Excellent Simple Bachelor Thesis","description":"Some description of the thesis","department":"UIM","supervisor":45678,"author":70127,"publishedOn":"2023-06-01","deadline":"2023-09-01","type":"BACHELOR","status":"IN_PROGRESS"}
2023-06-01 16:29:24.820 ERROR --- [           main] s.s.fei.uim.vsa.pr2.utils.ResourceTest   : Cannot parse response: {"id":7,"registrationNumber":"FEI-0234b10a02ff496788c8483d2a96528e","title":"Excellent Simple Bachelor Thesis","description":"Some description of the thesis","department":"UIM","supervisor":45678,"author":70127,"publishedOn":"2023-06-01","deadline":"2023-09-01","type":"BACHELOR","status":"IN_PROGRESS"}
2023-06-01 16:29:24.820 ERROR --- [           main] s.s.fei.uim.vsa.pr2.utils.ResourceTest   : Cannot construct instance of `sk.stuba.fei.uim.vsa.pr2.model.dto.response.teacher.TeacherAltResponse` (although at least one Creator exists): no int/Int-argument constructor/factory method to deserialize from Number value (45678)
 at [Source: (String)"{"id":7,"registrationNumber":"FEI-0234b10a02ff496788c8483d2a96528e","title":"Excellent Simple Bachelor Thesis","description":"Some description of the thesis","department":"UIM","supervisor":45678,"author":70127,"publishedOn":"2023-06-01","deadline":"2023-09-01","type":"BACHELOR","status":"IN_PROGRESS"}"; line: 1, column: 191] (through reference chain: sk.stuba.fei.uim.vsa.pr2.model.dto.response.ThesisResponse["supervisor"])
com.fasterxml.jackson.databind.exc.MismatchedInputException: Cannot construct instance of `sk.stuba.fei.uim.vsa.pr2.model.dto.response.teacher.TeacherAltResponse` (although at least one Creator exists): no int/Int-argument constructor/factory method to deserialize from Number value (45678)
 at [Source: (String)"{"id":7,"registrationNumber":"FEI-0234b10a02ff496788c8483d2a96528e","title":"Excellent Simple Bachelor Thesis","description":"Some description of the thesis","department":"UIM","supervisor":45678,"author":70127,"publishedOn":"2023-06-01","deadline":"2023-09-01","type":"BACHELOR","status":"IN_PROGRESS"}"; line: 1, column: 191] (through reference chain: sk.stuba.fei.uim.vsa.pr2.model.dto.response.ThesisResponse["supervisor"])
	at com.fasterxml.jackson.databind.exc.MismatchedInputException.from(MismatchedInputException.java:63)
	at com.fasterxml.jackson.databind.DeserializationContext.reportInputMismatch(DeserializationContext.java:1733)
	at com.fasterxml.jackson.databind.DeserializationContext.handleMissingInstantiator(DeserializationContext.java:1358)
	at com.fasterxml.jackson.databind.deser.ValueInstantiator.createFromInt(ValueInstantiator.java:324)
	at com.fasterxml.jackson.databind.deser.std.StdValueInstantiator.createFromInt(StdValueInstantiator.java:376)
	at com.fasterxml.jackson.databind.deser.BeanDeserializerBase.deserializeFromNumber(BeanDeserializerBase.java:1447)
	at com.fasterxml.jackson.databind.deser.BeanDeserializer._deserializeOther(BeanDeserializer.java:199)
	at com.fasterxml.jackson.databind.deser.BeanDeserializer.deserialize(BeanDeserializer.java:187)
	at com.fasterxml.jackson.databind.deser.impl.MethodProperty.deserializeAndSet(MethodProperty.java:129)
	at com.fasterxml.jackson.databind.deser.BeanDeserializer.vanillaDeserialize(BeanDeserializer.java:314)
	at com.fasterxml.jackson.databind.deser.BeanDeserializer.deserialize(BeanDeserializer.java:177)
	at com.fasterxml.jackson.databind.deser.DefaultDeserializationContext.readRootValue(DefaultDeserializationContext.java:323)
	at com.fasterxml.jackson.databind.ObjectMapper._readMapAndClose(ObjectMapper.java:4730)
	at com.fasterxml.jackson.databind.ObjectMapper.readValue(ObjectMapper.java:3677)
	at com.fasterxml.jackson.databind.ObjectMapper.readValue(ObjectMapper.java:3645)
	at sk.stuba.fei.uim.vsa.pr2.utils.ResourceTest.readObject(ResourceTest.java:232)
	at sk.stuba.fei.uim.vsa.pr2.utils.ResourceTest.readObject(ResourceTest.java:225)
	at sk.stuba.fei.uim.vsa.pr2.ThesisResourceTest.shouldAssignThesisWithTeacher(ThesisResourceTest.java:296)
	at sun.reflect.NativeMethodAccessorImpl.invoke0(Native Method)
	at sun.reflect.NativeMethodAccessorImpl.invoke(NativeMethodAccessorImpl.java:62)
	at sun.reflect.DelegatingMethodAccessorImpl.invoke(DelegatingMethodAccessorImpl.java:43)
	at java.lang.reflect.Method.invoke(Method.java:498)
	at org.junit.platform.commons.util.ReflectionUtils.invokeMethod(ReflectionUtils.java:725)
	at org.junit.jupiter.engine.execution.MethodInvocation.proceed(MethodInvocation.java:60)
	at org.junit.jupiter.engine.execution.InvocationInterceptorChain$ValidatingInvocation.proceed(InvocationInterceptorChain.java:131)
	at org.junit.jupiter.engine.extension.TimeoutExtension.intercept(TimeoutExtension.java:149)
	at org.junit.jupiter.engine.extension.TimeoutExtension.interceptTestableMethod(TimeoutExtension.java:140)
	at org.junit.jupiter.engine.extension.TimeoutExtension.interceptTestMethod(TimeoutExtension.java:84)
	at org.junit.jupiter.engine.execution.ExecutableInvoker$ReflectiveInterceptorCall.lambda$ofVoidMethod$0(ExecutableInvoker.java:115)
	at org.junit.jupiter.engine.execution.ExecutableInvoker.lambda$invoke$0(ExecutableInvoker.java:105)
	at org.junit.jupiter.engine.execution.InvocationInterceptorChain$InterceptedInvocation.proceed(InvocationInterceptorChain.java:106)
	at org.junit.jupiter.engine.execution.InvocationInterceptorChain.proceed(InvocationInterceptorChain.java:64)
	at org.junit.jupiter.engine.execution.InvocationInterceptorChain.chainAndInvoke(InvocationInterceptorChain.java:45)
	at org.junit.jupiter.engine.execution.InvocationInterceptorChain.invoke(InvocationInterceptorChain.java:37)
[...]
	bind => [45678, null, null, ucitel.test@stuba.sk, SI, Testovaci ucitel, null]
[EL Fine]: sql: 2023-06-01 16:29:47.721--ClientSession(127146888)--Connection(1555413896)--Thread(Thread[grizzly-http-server-27,5,main])--INSERT INTO vsa_user (AISID, PASSWORD, USERNAME) VALUES (?, ?, ?)
	bind => [45678, $2a$13$MRqYI1HOoES/l2u9NMgMZ.rRSoPmrr7OR857.Nb37GdE.N2TOkOEu, ucitel.test@stuba.sk]
[EL Fine]: sql: 2023-06-01 16:29:47.722--ClientSession(127146888)--Connection(1555413896)--Thread(Thread[grizzly-http-server-27,5,main])--INSERT INTO User_PERMISSIONS (User_AISID, PERMISSIONS) VALUES (?, ?)
	bind => [45678, 1]
[EL Fine]: sql: 2023-06-01 16:29:47.734--ClientSession(210899826)--Connection(1555413896)--Thread(Thread[grizzly-http-server-27,5,main])--UPDATE PEDAGOG SET ID = ?, DEPARTMENT = ?, INSTITUTE = ? WHERE (AISID = ?)
	bind => [45678, SI, UIM, 45678]
2023-06-01 16:29:47.741  INFO --- [-http-server-28] .s.f.u.v.p.JAXRSApplicationConfiguration : Recieved credentials: ucitel.test@stuba.sk, password
[EL Fine]: sql: 2023-06-01 16:29:47.741--ServerSession(430983166)--Connection(1555413896)--Thread(Thread[grizzly-http-server-28,5,main])--SELECT AISID, PASSWORD, USERNAME FROM vsa_user WHERE (USERNAME = ?)
	bind => [ucitel.test@stuba.sk]
[EL Fine]: sql: 2023-06-01 16:29:48.288--ClientSession(106115059)--Connection(1555413896)--Thread(Thread[grizzly-http-server-28,5,main])--INSERT INTO ZAVERECNAPRACA (ID, DEADLINE, DEPARTMENT, DESCRIPTION, PUBLISHEDON, REGISTRATIONNUMBER, STATUS, TITLE, TYPE, SUPERVISOR_AISID, AUTHOR_AISID) VALUES (?, ?, ?, ?, ?, ?, ?, ?, ?, ?, ?)
	bind => [17, 2023-09-01, UIM, Some description of the thesis, 2023-06-01, null, FREE_TO_TAKE, Excellent Simple Bachelor Thesis, BACHELOR, 45678, null]
-------------------->17
[EL Fine]: sql: 2023-06-01 16:29:48.296--ClientSession(1447848968)--Connection(1555413896)--Thread(Thread[grizzly-http-server-28,5,main])--UPDATE ZAVERECNAPRACA SET REGISTRATIONNUMBER = ?, SUPERVISOR_AISID = ? WHERE (ID = ?)
	bind => [FEI-0234b10a02ff496788c8483d2a96528e, 45678, 17]
2023-06-01 16:29:48.301  INFO --- [           main] s.s.fei.uim.vsa.pr2.utils.ResourceTest   : Parsing response: {"id":17,"registrationNumber":"FEI-0234b10a02ff496788c8483d2a96528e","title":"Excellent Simple Bachelor Thesis","description":"Some description of the thesis","department":"UIM","supervisor":{"aisId":45678,"name":"Testovaci ucitel","email":"ucitel.test@stuba.sk","password":null,"institute":"UIM","department":"SI","theses":[],"id":45678},"author":null,"publishedOn":"2023-06-01","deadline":"2023-09-01","type":"BACHELOR","status":"FREE_TO_TAKE"}
2023-06-01 16:29:48.305  INFO --- [-http-server-29] .s.f.u.v.p.JAXRSApplicationConfiguration : Recieved credentials: ucitel.test@stuba.sk, password
[EL Fine]: sql: 2023-06-01 16:29:48.305--ServerSession(430983166)--Connection(1555413896)--Thread(Thread[grizzly-http-server-29,5,main])--SELECT AISID, PASSWORD, USERNAME FROM vsa_user WHERE (USERNAME = ?)
	bind => [ucitel.test@stuba.sk]
[EL Fine]: sql: 2023-06-01 16:29:48.821--ClientSession(1611019633)--Connection(1555413896)--Thread(Thread[grizzly-http-server-29,5,main])--INSERT INTO ZAVERECNAPRACA (ID, DEADLINE, DEPARTMENT, DESCRIPTION, PUBLISHEDON, REGISTRATIONNUMBER, STATUS, TITLE, TYPE, SUPERVISOR_AISID, AUTHOR_AISID) VALUES (?, ?, ?, ?, ?, ?, ?, ?, ?, ?, ?)
	bind => [18, 2023-09-01, UIM, Some description of the thesis but other then the first one, 2023-06-01, null, FREE_TO_TAKE, Extra Hard Master Thesis, MASTER, 45678, null]
-------------------->18
[EL Fine]: sql: 2023-06-01 16:29:48.831--ClientSession(730766039)--Connection(1555413896)--Thread(Thread[grizzly-http-server-29,5,main])--UPDATE ZAVERECNAPRACA SET REGISTRATIONNUMBER = ?, SUPERVISOR_AISID = ? WHERE (ID = ?)
	bind => [FEI-0abcc5dde30c4196bcffd1a184f53b1e, 45678, 18]
2023-06-01 16:29:48.837  INFO --- [           main] s.s.fei.uim.vsa.pr2.utils.ResourceTest   : Parsing response: {"id":18,"registrationNumber":"FEI-0abcc5dde30c4196bcffd1a184f53b1e","title":"Extra Hard Master Thesis","description":"Some description of the thesis but other then the first one","department":"UIM","supervisor":{"aisId":45678,"name":"Testovaci ucitel","email":"ucitel.test@stuba.sk","password":null,"institute":"UIM","department":"SI","theses":[],"id":45678},"author":null,"publishedOn":"2023-06-01","deadline":"2023-09-01","type":"MASTER","status":"FREE_TO_TAKE"}
2023-06-01 16:29:48.840  INFO --- [-http-server-30] .s.f.u.v.p.JAXRSApplicationConfiguration : Recieved credentials: ucitel.test@stuba.sk, password
[EL Fine]: sql: 2023-06-01 16:29:48.84--ServerSession(430983166)--Connection(1555413896)--Thread(Thread[grizzly-http-server-30,5,main])--SELECT AISID, PASSWORD, USERNAME FROM vsa_user WHERE (USERNAME = ?)
	bind => [ucitel.test@stuba.sk]
[EL Fine]: sql: 2023-06-01 16:29:49.358--ServerSession(430983166)--Connection(1555413896)--Thread(Thread[grizzly-http-server-30,5,main])--SELECT ID, DEADLINE, DEPARTMENT, DESCRIPTION, PUBLISHEDON, REGISTRATIONNUMBER, STATUS, TITLE, TYPE, SUPERVISOR_AISID, AUTHOR_AISID FROM ZAVERECNAPRACA
2023-06-01 16:29:49.362  INFO --- [           main] s.s.fei.uim.vsa.pr2.utils.ResourceTest   : Parsing response: [{"id":17,"registrationNumber":"FEI-0234b10a02ff496788c8483d2a96528e","title":"Excellent Simple Bachelor Thesis","description":"Some description of the thesis","department":"UIM","supervisor":45678,"publishedOn":"2023-06-01","deadline":"2023-09-01","type":"BACHELOR","status":"FREE_TO_TAKE"},{"id":18,"registrationNumber":"FEI-0abcc5dde30c4196bcffd1a184f53b1e","title":"Extra Hard Master Thesis","description":"Some description of the thesis but other then the first one","department":"UIM","supervisor":45678,"publishedOn":"2023-06-01","deadline":"2023-09-01","type":"MASTER","status":"FREE_TO_TAKE"}]
2023-06-01 16:29:49.362 ERROR --- [           main] s.s.fei.uim.vsa.pr2.utils.ResourceTest   : Cannot parse response: [{"id":17,"registrationNumber":"FEI-0234b10a02ff496788c8483d2a96528e","title":"Excellent Simple Bachelor Thesis","description":"Some description of the thesis","department":"UIM","supervisor":45678,"publishedOn":"2023-06-01","deadline":"2023-09-01","type":"BACHELOR","status":"FREE_TO_TAKE"},{"id":18,"registrationNumber":"FEI-0abcc5dde30c4196bcffd1a184f53b1e","title":"Extra Hard Master Thesis","description":"Some description of the thesis but other then the first one","department":"UIM","supervisor":45678,"publishedOn":"2023-06-01","deadline":"2023-09-01","type":"MASTER","status":"FREE_TO_TAKE"}]
2023-06-01 16:29:49.362 ERROR --- [           main] s.s.fei.uim.vsa.pr2.utils.ResourceTest   : Cannot construct instance of `sk.stuba.fei.uim.vsa.pr2.model.dto.response.teacher.TeacherAltResponse` (although at least one Creator exists): no int/Int-argument constructor/factory method to deserialize from Number value (45678)
 at [Source: (String)"[{"id":17,"registrationNumber":"FEI-0234b10a02ff496788c8483d2a96528e","title":"Excellent Simple Bachelor Thesis","description":"Some description of the thesis","department":"UIM","supervisor":45678,"publishedOn":"2023-06-01","deadline":"2023-09-01","type":"BACHELOR","status":"FREE_TO_TAKE"},{"id":18,"registrationNumber":"FEI-0abcc5dde30c4196bcffd1a184f53b1e","title":"Extra Hard Master Thesis","description":"Some description of the thesis but other then the first one","department":"UIM","supervis"[truncated 102 chars]; line: 1, column: 193] (through reference chain: java.util.ArrayList[0]->sk.stuba.fei.uim.vsa.pr2.model.dto.response.ThesisResponse["supervisor"])
com.fasterxml.jackson.databind.exc.MismatchedInputException: Cannot construct instance of `sk.stuba.fei.uim.vsa.pr2.model.dto.response.teacher.TeacherAltResponse` (although at least one Creator exists): no int/Int-argument constructor/factory method to deserialize from Number value (45678)
 at [Source: (String)"[{"id":17,"registrationNumber":"FEI-0234b10a02ff496788c8483d2a96528e","title":"Excellent Simple Bachelor Thesis","description":"Some description of the thesis","department":"UIM","supervisor":45678,"publishedOn":"2023-06-01","deadline":"2023-09-01","type":"BACHELOR","status":"FREE_TO_TAKE"},{"id":18,"registrationNumber":"FEI-0abcc5dde30c4196bcffd1a184f53b1e","title":"Extra Hard Master Thesis","description":"Some description of the thesis but other then the first one","department":"UIM","supervis"[truncated 102 chars]; line: 1, column: 193] (through reference chain: java.util.ArrayList[0]->sk.stuba.fei.uim.vsa.pr2.model.dto.response.ThesisResponse["supervisor"])
	at com.fasterxml.jackson.databind.exc.MismatchedInputException.from(MismatchedInputException.java:63)
	at com.fasterxml.jackson.databind.DeserializationContext.reportInputMismatch(DeserializationContext.java:1733)
	at com.fasterxml.jackson.databind.DeserializationContext.handleMissingInstantiator(DeserializationContext.java:1358)
	at com.fasterxml.jackson.databind.deser.ValueInstantiator.createFromInt(ValueInstantiator.java:324)
	at com.fasterxml.jackson.databind.deser.std.StdValueInstantiator.createFromInt(StdValueInstantiator.java:376)
	at com.fasterxml.jackson.databind.deser.BeanDeserializerBase.deserializeFromNumber(BeanDeserializerBase.java:1447)
	at com.fasterxml.jackson.databind.deser.BeanDeserializer._deserializeOther(BeanDeserializer.java:199)
	at com.fasterxml.jackson.databind.deser.BeanDeserializer.deserialize(BeanDeserializer.java:187)
	at com.fasterxml.jackson.databind.deser.impl.MethodProperty.deserializeAndSet(MethodProperty.java:129)
	at com.fasterxml.jackson.databind.deser.BeanDeserializer.vanillaDeserialize(BeanDeserializer.java:314)
	at com.fasterxml.jackson.databind.deser.BeanDeserializer.deserialize(BeanDeserializer.java:177)
	at com.fasterxml.jackson.databind.deser.std.CollectionDeserializer._deserializeFromArray(CollectionDeserializer.java:359)
	at com.fasterxml.jackson.databind.deser.std.CollectionDeserializer.deserialize(CollectionDeserializer.java:244)
	at com.fasterxml.jackson.databind.deser.std.CollectionDeserializer.deserialize(CollectionDeserializer.java:28)
	at com.fasterxml.jackson.databind.deser.DefaultDeserializationContext.readRootValue(DefaultDeserializationContext.java:323)
	at com.fasterxml.jackson.databind.ObjectMapper._readMapAndClose(ObjectMapper.java:4730)
	at com.fasterxml.jackson.databind.ObjectMapper.readValue(ObjectMapper.java:3677)
	at com.fasterxml.jackson.databind.ObjectMapper.readValue(ObjectMapper.java:3660)
	at sk.stuba.fei.uim.vsa.pr2.utils.ResourceTest.readObject(ResourceTest.java:245)
	at sk.stuba.fei.uim.vsa.pr2.ThesisResourceTest.shouldGetAllTheses(ThesisResourceTest.java:151)
	at sun.reflect.NativeMethodAccessorImpl.invoke0(Native Method)
	at sun.reflect.NativeMethodAccessorImpl.invoke(NativeMethodAccessorImpl.java:62)
	at sun.reflect.DelegatingMethodAccessorImpl.invoke(DelegatingMethodAccessorImpl.java:43)
	at java.lang.reflect.Method.invoke(Method.java:498)
	at org.junit.platform.commons.util.ReflectionUtils.invokeMethod(ReflectionUtils.java:725)
	at org.junit.jupiter.engine.execution.MethodInvocation.proceed(MethodInvocation.java:60)
	at org.junit.jupiter.engine.execution.InvocationInterceptorChain$ValidatingInvocation.proceed(InvocationInterceptorChain.java:131)
	at org.junit.jupiter.engine.extension.TimeoutExtension.intercept(TimeoutExtension.java:149)
	at org.junit.jupiter.engine.extension.TimeoutExtension.interceptTestableMethod(TimeoutExtension.java:140)
	at org.junit.jupiter.engine.extension.TimeoutExtension.interceptTestMethod(TimeoutExtension.java:84)
	at org.junit.jupiter.engine.execution.ExecutableInvoker$ReflectiveInterceptorCall.lambda$ofVoidMethod$0(ExecutableInvoker.java:115)
	at org.junit.jupiter.engine.execution.ExecutableInvoker.lambda$invoke$0(ExecutableInvoker.java:105)
	at org.junit.jupiter.engine.execution.InvocationInterceptorChain$InterceptedInvocation.proceed(InvocationInterceptorChain.java:106)
	at org.junit.jupiter.engine.execution.InvocationInterceptorChain.proceed(InvocationInterceptorChain.java:64)
	at org.junit.jupiter.engine.execution.InvocationInterceptorChain.chainAndInvoke(InvocationInterceptorChain.java:45)
	at org.junit.jupiter.engine.execution.InvocationInterceptorChain.invoke(InvocationInterceptorChain.java:37)
	at org.junit.jupiter.engine.execution.ExecutableInvoker.invoke(ExecutableInvoker.java:104)
	at org.junit.jupiter.engine.execution.ExecutableInvoker.invoke(ExecutableInvoker.java:98)
	at org.junit.jupiter.engine.descriptor.TestMethodTestDescriptor.lambda$invokeTestMethod$7(TestMethodTestDescriptor.java:214)
	at org.junit.platform.engine.support.hierarchical.ThrowableCollector.execute(ThrowableCollector.java:73)
	at org.junit.jupiter.engine.descriptor.TestMethodTestDescriptor.invokeTestMethod(TestMethodTestDescriptor.java:210)
	at org.junit.jupiter.engine.descriptor.TestMethodTestDescriptor.execute(TestMethodTestDescriptor.java:135)
	at org.junit.jupiter.engine.descriptor.TestMethodTestDescriptor.execute(TestMethodTestDescriptor.java:66)
	at org.junit.platform.engine.support.hierarchical.NodeTestTask.lambda$executeRecursively$6(NodeTestTask.java:151)
	at org.junit.platform.engine.support.hierarchical.ThrowableCollector.execute(ThrowableCollector.java:73)
	at org.junit.platform.engine.support.hierarchical.NodeTestTask.lambda$executeRecursively$8(NodeTestTask.java:141)
	at org.junit.platform.engine.support.hierarchical.Node.around(Node.java:137)
	at org.junit.platform.engine.support.hierarchical.NodeTestTask.lambda$executeRecursively$9(NodeTestTask.java:139)
	at org.junit.platform.engine.support.hierarchical.ThrowableCollector.execute(ThrowableCollector.java:73)
	at org.junit.platform.engine.support.hierarchical.NodeTestTask.executeRecursively(NodeTestTask.java:138)
	at org.junit.platform.engine.support.hierarchical.NodeTestTask.execute(NodeTestTask.java:95)
	at java.util.ArrayList.forEach(ArrayList.java:1259)
	at org.junit.platform.engine.support.hierarchical.SameThreadHierarchicalTestExecutorService.invokeAll(SameThreadHierarchicalTestExecutorService.java:41)
	at org.junit.platform.engine.support.hierarchical.NodeTestTask.lambda$executeRecursively$6(NodeTestTask.java:155)
	at org.junit.platform.engine.support.hierarchical.ThrowableCollector.execute(ThrowableCollector.java:73)
	at org.junit.platform.engine.support.hierarchical.NodeTestTask.lambda$executeRecursively$8(NodeTestTask.java:141)
	at org.junit.platform.engine.support.hierarchical.Node.around(Node.java:137)
	at org.junit.platform.engine.support.hierarchical.NodeTestTask.lambda$executeRecursively$9(NodeTestTask.java:139)
	at org.junit.platform.engine.support.hierarchical.ThrowableCollector.execute(ThrowableCollector.java:73)
	at org.junit.platform.engine.support.hierarchical.NodeTestTask.executeRecursively(NodeTestTask.java:138)
	at org.junit.platform.engine.support.hierarchical.NodeTestTask.execute(NodeTestTask.java:95)
	at java.util.ArrayList.forEach(ArrayList.java:1259)
	at org.junit.platform.engine.support.hierarchical.SameThreadHierarchicalTestExecutorService.invokeAll(SameThreadHierarchicalTestExecutorService.java:41)
	at org.junit.platform.engine.support.hierarchical.NodeTestTask.lambda$executeRecursively$6(NodeTestTask.java:155)
	at org.junit.platform.engine.support.hierarchical.ThrowableCollector.execute(ThrowableCollector.java:73)
	at org.junit.platform.engine.support.hierarchical.NodeTestTask.lambda$executeRecursively$8(NodeTestTask.java:141)
	at org.junit.platform.engine.support.hierarchical.Node.around(Node.java:137)
	at org.junit.platform.engine.support.hierarchical.NodeTestTask.lambda$executeRecursively$9(NodeTestTask.java:139)
	at org.junit.platform.engine.support.hierarchical.ThrowableCollector.execute(ThrowableCollector.java:73)
	at org.junit.platform.engine.support.hierarchical.NodeTestTask.executeRecursively(NodeTestTask.java:138)
	at org.junit.platform.engine.support.hierarchical.NodeTestTask.execute(NodeTestTask.java:95)
	at org.junit.platform.engine.support.hierarchical.SameThreadHierarchicalTestExecutorService.submit(SameThreadHierarchicalTestExecutorService.java:35)
	at org.junit.platform.engine.support.hierarchical.HierarchicalTestExecutor.execute(HierarchicalTestExecutor.java:57)
	at org.junit.platform.engine.support.hierarchical.HierarchicalTestEngine.execute(HierarchicalTestEngine.java:54)
	at org.junit.platform.launcher.core.DefaultLauncher.execute(DefaultLauncher.java:220)
	at org.junit.platform.launcher.core.DefaultLauncher.lambda$execute$6(DefaultLauncher.java:188)
	at org.junit.platform.launcher.core.DefaultLauncher.withInterceptedStreams(DefaultLauncher.java:202)
	at org.junit.platform.launcher.core.DefaultLauncher.execute(DefaultLauncher.java:181)
	at org.junit.platform.launcher.core.DefaultLauncher.execute(DefaultLauncher.java:128)
	at org.apache.maven.surefire.junitplatform.JUnitPlatformProvider.invokeAllTests(JUnitPlatformProvider.java:150)
	at org.apache.maven.surefire.junitplatform.JUnitPlatformProvider.invoke(JUnitPlatformProvider.java:124)
	at org.apache.maven.surefire.booter.ForkedBooter.invokeProviderInSameClassLoader(ForkedBooter.java:384)
	at org.apache.maven.surefire.booter.ForkedBooter.runSuitesInProcess(ForkedBooter.java:345)
	at org.apache.maven.surefire.booter.ForkedBooter.execute(ForkedBooter.java:126)
	at org.apache.maven.surefire.booter.ForkedBooter.main(ForkedBooter.java:418)
]]></system-out>
  </testcase>
</testsuite>
<testsuite xmlns:xsi="http://www.w3.org/2001/XMLSchema-instance" xsi:noNamespaceSchemaLocation="https://maven.apache.org/surefire/maven-surefire-plugin/xsd/surefire-test-report.xsd" name="sk.stuba.fei.uim.vsa.pr2.SanityCheckTest" time="1.192" tests="3" errors="0" skipped="0" failures="0">
  <properties>
[...]
</properties>
  <testcase name="testValidityOfPOMFile" classname="sk.stuba.fei.uim.vsa.pr2.SanityCheckTest" time="0.013"/>
  <testcase name="testForResourcesAvailability" classname="sk.stuba.fei.uim.vsa.pr2.SanityCheckTest" time="0.188"/>
  <testcase name="testPersistentUnit" classname="sk.stuba.fei.uim.vsa.pr2.SanityCheckTest" time="0.001"/>
</testsuite>
<testsuite xmlns:xsi="http://www.w3.org/2001/XMLSchema-instance" xsi:noNamespaceSchemaLocation="https://maven.apache.org/surefire/maven-surefire-plugin/xsd/surefire-test-report.xsd" name="sk.stuba.fei.uim.vsa.pr2.TeacherResourceTest" time="12.939" tests="11" errors="0" skipped="0" failures="1">
  <properties>
[...]
</properties>
  <testcase name="shouldCreateTeacherWithOnlyRequiredProperties" classname="sk.stuba.fei.uim.vsa.pr2.TeacherResourceTest" time="0.674"/>
  <testcase name="shouldGetTeacher" classname="sk.stuba.fei.uim.vsa.pr2.TeacherResourceTest" time="1.103"/>
  <testcase name="deleteTeacher" classname="sk.stuba.fei.uim.vsa.pr2.TeacherResourceTest" time="2.146"/>
  <testcase name="shouldGetNotFoundForNonExistingTeacher" classname="sk.stuba.fei.uim.vsa.pr2.TeacherResourceTest" time="1.108"/>
  <testcase name="shouldReturnUnauthorized" classname="sk.stuba.fei.uim.vsa.pr2.TeacherResourceTest" time="0.075">
    <failure message="expected: &lt;true&gt; but was: &lt;false&gt;" type="org.opentest4j.AssertionFailedError"><![CDATA[org.opentest4j.AssertionFailedError: expected: <true> but was: <false>
	at sk.stuba.fei.uim.vsa.pr2.TeacherResourceTest.shouldReturnUnauthorized(TeacherResourceTest.java:114)
]]></failure>
  </testcase>
  <testcase name="shouldCreateTeacher" classname="sk.stuba.fei.uim.vsa.pr2.TeacherResourceTest" time="0.59"/>
  <testcase name="shouldReturnForbiddenToDeleteTeacherWithStudent" classname="sk.stuba.fei.uim.vsa.pr2.TeacherResourceTest" time="2.134"/>
  <testcase name="shouldReturnForbiddenToDeleteWithWrongTeacher" classname="sk.stuba.fei.uim.vsa.pr2.TeacherResourceTest" time="1.612"/>
  <testcase name="shouldGetEmptyList" classname="sk.stuba.fei.uim.vsa.pr2.TeacherResourceTest" time="1.607"/>
  <testcase name="shouldCallWithoutBodyAndReturnError" classname="sk.stuba.fei.uim.vsa.pr2.TeacherResourceTest" time="0.086"/>
  <testcase name="shouldGetAllTeachers" classname="sk.stuba.fei.uim.vsa.pr2.TeacherResourceTest" time="1.717"/>
</testsuite></testsuites>