<?xml version="1.0" encoding="UTF-8"?><testsuites>
<testsuite xmlns:xsi="http://www.w3.org/2001/XMLSchema-instance" xsi:noNamespaceSchemaLocation="https://maven.apache.org/surefire/maven-surefire-plugin/xsd/surefire-test-report.xsd" name="sk.stuba.fei.uim.vsa.pr2.StudentResourceTest" time="16.181" tests="10" errors="0" skipped="0" failures="1">
  <properties>
[...]
</properties>
  <testcase name="shouldGetNotFoundForNonExistingStudent" classname="sk.stuba.fei.uim.vsa.pr2.StudentResourceTest" time="2.006"/>
  <testcase name="shouldCreateStudent" classname="sk.stuba.fei.uim.vsa.pr2.StudentResourceTest" time="1.069"/>
  <testcase name="shouldReturnUnauthorized" classname="sk.stuba.fei.uim.vsa.pr2.StudentResourceTest" time="0.081">
    <failure message="expected: &lt;true&gt; but was: &lt;false&gt;" type="org.opentest4j.AssertionFailedError"><![CDATA[org.opentest4j.AssertionFailedError: expected: <true> but was: <false>
	at sk.stuba.fei.uim.vsa.pr2.StudentResourceTest.shouldReturnUnauthorized(StudentResourceTest.java:114)
]]></failure>
  </testcase>
  <testcase name="shouldReturnForbiddenToDeleteWithWrongStudent" classname="sk.stuba.fei.uim.vsa.pr2.StudentResourceTest" time="2.515"/>
  <testcase name="shouldGetAllStudents" classname="sk.stuba.fei.uim.vsa.pr2.StudentResourceTest" time="2.545"/>
  <testcase name="shouldCreateStudentWithOnlyRequiredProperties" classname="sk.stuba.fei.uim.vsa.pr2.StudentResourceTest" time="1.061"/>
  <testcase name="shouldGetEmptyList" classname="sk.stuba.fei.uim.vsa.pr2.StudentResourceTest" time="1.074"/>
  <testcase name="shouldCallWithoutBodyAndReturnError" classname="sk.stuba.fei.uim.vsa.pr2.StudentResourceTest" time="0.085"/>
  <testcase name="shouldDeleteStudent" classname="sk.stuba.fei.uim.vsa.pr2.StudentResourceTest" time="3.046"/>
  <testcase name="shouldGetStudent" classname="sk.stuba.fei.uim.vsa.pr2.StudentResourceTest" time="1.56"/>
</testsuite>
<testsuite xmlns:xsi="http://www.w3.org/2001/XMLSchema-instance" xsi:noNamespaceSchemaLocation="https://maven.apache.org/surefire/maven-surefire-plugin/xsd/surefire-test-report.xsd" name="sk.stuba.fei.uim.vsa.pr2.ThesisResourceTest" time="39.624" tests="21" errors="0" skipped="0" failures="12">
  <properties>
[...]
</properties>
  <testcase name="shouldCallCreateThesisWithLoggedStudent" classname="sk.stuba.fei.uim.vsa.pr2.ThesisResourceTest" time="1.615"/>
  <testcase name="shouldGetNotFoundForNonExistingThesis" classname="sk.stuba.fei.uim.vsa.pr2.ThesisResourceTest" time="1.606"/>
  <testcase name="shouldFindThesisByStudent" classname="sk.stuba.fei.uim.vsa.pr2.ThesisResourceTest" time="2.668">
    <failure message="expected: not &lt;null&gt;" type="org.opentest4j.AssertionFailedError"><![CDATA[org.opentest4j.AssertionFailedError: expected: not <null>
	at sk.stuba.fei.uim.vsa.pr2.ThesisResourceTest.shouldFindThesisByStudent(ThesisResourceTest.java:532)
]]></failure>
    <system-out><![CDATA[[EL Fine]: sql: 2023-05-27 14:03:31.033--ServerSession(229329107)--Connection(204354148)--Thread(Thread[grizzly-http-server-6,5,main])--SELECT AISID, ID, DEPARTMENT, EMAIL, INSTITUTE, NAME, PASSWORD FROM PEDAGOG WHERE (EMAIL = ?)
	bind => [ucitel.test@stuba.sk]
[EL Fine]: sql: 2023-05-27 14:03:31.034--ClientSession(1860160609)--Connection(204354148)--Thread(Thread[grizzly-http-server-6,5,main])--INSERT INTO PEDAGOG (AISID, ID, DEPARTMENT, EMAIL, INSTITUTE, NAME, PASSWORD) VALUES (?, ?, ?, ?, ?, ?, ?)
	bind => [45678, null, null, ucitel.test@stuba.sk, SI, Testovaci ucitel, null]
[EL Fine]: sql: 2023-05-27 14:03:31.536--ClientSession(550469811)--Connection(204354148)--Thread(Thread[grizzly-http-server-6,5,main])--INSERT INTO vsa_user (AISID, PASSWORD, USERNAME) VALUES (?, ?, ?)
	bind => [45678, $2a$13$K6eSpNHo9jAnWcpiqcVmNe1/HeR/t0rFJnQiZqtLNt.j/FamExC0e, ucitel.test@stuba.sk]
[EL Fine]: sql: 2023-05-27 14:03:31.537--ClientSession(550469811)--Connection(204354148)--Thread(Thread[grizzly-http-server-6,5,main])--INSERT INTO User_PERMISSIONS (User_AISID, PERMISSIONS) VALUES (?, ?)
	bind => [45678, 1]
[EL Fine]: sql: 2023-05-27 14:03:31.547--ClientSession(1740490578)--Connection(204354148)--Thread(Thread[grizzly-http-server-6,5,main])--UPDATE PEDAGOG SET ID = ?, DEPARTMENT = ?, INSTITUTE = ? WHERE (AISID = ?)
	bind => [45678, SI, UIM, 45678]
2023-05-27 14:03:31.554  INFO --- [y-http-server-7] .s.f.u.v.p.JAXRSApplicationConfiguration : Recieved credentials: ucitel.test@stuba.sk, password
[EL Fine]: sql: 2023-05-27 14:03:31.555--ServerSession(229329107)--Connection(204354148)--Thread(Thread[grizzly-http-server-7,5,main])--SELECT AISID, PASSWORD, USERNAME FROM vsa_user WHERE (USERNAME = ?)
	bind => [ucitel.test@stuba.sk]
[EL Fine]: sql: 2023-05-27 14:03:32.054--ClientSession(509820154)--Connection(204354148)--Thread(Thread[grizzly-http-server-7,5,main])--INSERT INTO ZAVERECNAPRACA (ID, DEADLINE, DEPARTMENT, DESCRIPTION, PUBLISHEDON, REGISTRATIONNUMBER, STATUS, TITLE, TYPE, SUPERVISOR_AISID, AUTHOR_AISID) VALUES (?, ?, ?, ?, ?, ?, ?, ?, ?, ?, ?)
	bind => [2, 2023-08-27, UIM, Some description of the thesis, 2023-05-27, null, FREE_TO_TAKE, Excellent Simple Bachelor Thesis, BACHELOR, 45678, null]
-------------------->2
[EL Fine]: sql: 2023-05-27 14:03:32.064--ClientSession(1112580635)--Connection(204354148)--Thread(Thread[grizzly-http-server-7,5,main])--UPDATE ZAVERECNAPRACA SET REGISTRATIONNUMBER = ?, SUPERVISOR_AISID = ? WHERE (ID = ?)
	bind => [FEI-e15346f11d2b402abf6577d49fbaf1d8, 45678, 2]
2023-05-27 14:03:32.071  INFO --- [           main] s.s.fei.uim.vsa.pr2.utils.ResourceTest   : Parsing response: {"id":2,"registrationNumber":"FEI-e15346f11d2b402abf6577d49fbaf1d8","title":"Excellent Simple Bachelor Thesis","description":"Some description of the thesis","department":"UIM","supervisor":{"aisId":45678,"name":"Testovaci ucitel","email":"ucitel.test@stuba.sk","password":null,"institute":"UIM","department":"SI","theses":[],"id":45678},"author":null,"publishedOn":"2023-05-27","deadline":"2023-08-27","type":"BACHELOR","status":"FREE_TO_TAKE"}
[EL Fine]: sql: 2023-05-27 14:03:32.078--ServerSession(229329107)--Connection(204354148)--Thread(Thread[grizzly-http-server-8,5,main])--SELECT AISID, ID, EMAIL, NAME, PASSWORD, program, TERM, study_year FROM STUDENT WHERE (EMAIL = ?)
	bind => [xstudent@stuba.sk]
[EL Fine]: sql: 2023-05-27 14:03:32.078--ClientSession(74293643)--Connection(204354148)--Thread(Thread[grizzly-http-server-8,5,main])--INSERT INTO STUDENT (AISID, ID, EMAIL, NAME, PASSWORD, program, TERM, study_year) VALUES (?, ?, ?, ?, ?, ?, ?, ?)
	bind => [70127, null, xstudent@stuba.sk, Test Student, null, null, null, null]
[EL Fine]: sql: 2023-05-27 14:03:32.574--ClientSession(1724804811)--Connection(204354148)--Thread(Thread[grizzly-http-server-8,5,main])--INSERT INTO vsa_user (AISID, PASSWORD, USERNAME) VALUES (?, ?, ?)
	bind => [70127, $2a$13$NxEE.spaWDe/nW/WnthgN.AnyFVw96df0ynndgucUAZ8iFndyOcfW, xstudent@stuba.sk]
[EL Fine]: sql: 2023-05-27 14:03:32.575--ClientSession(1724804811)--Connection(204354148)--Thread(Thread[grizzly-http-server-8,5,main])--INSERT INTO User_PERMISSIONS (User_AISID, PERMISSIONS) VALUES (?, ?)
	bind => [70127, 0]
[EL Fine]: sql: 2023-05-27 14:03:33.067--ClientSession(1147052919)--Connection(204354148)--Thread(Thread[grizzly-http-server-8,5,main])--UPDATE STUDENT SET ID = ?, PASSWORD = ?, program = ?, TERM = ?, study_year = ? WHERE (AISID = ?)
	bind => [70127, $2a$13$5PIIc7lJLlTQVbfY8Xa8i.v5plHb8NXXCBcOFgG9i1o0I4EPwrprO, API, 18, 8, 70127]
2023-05-27 14:03:33.078  INFO --- [           main] s.s.fei.uim.vsa.pr2.utils.ResourceTest   : Parsing response: {"Id":70127,"aisId":70127,"name":"Test Student","email":"xstudent@stuba.sk","year":8,"term":18,"programme":"API","id":70127}
2023-05-27 14:03:33.083  INFO --- [y-http-server-9] .s.f.u.v.p.JAXRSApplicationConfiguration : Recieved credentials: xstudent@stuba.sk, password
[EL Fine]: sql: 2023-05-27 14:03:33.084--ServerSession(229329107)--Connection(204354148)--Thread(Thread[grizzly-http-server-9,5,main])--SELECT AISID, PASSWORD, USERNAME FROM vsa_user WHERE (USERNAME = ?)
	bind => [xstudent@stuba.sk]
[EL Fine]: sql: 2023-05-27 14:03:33.567--ClientSession(1926257465)--Connection(204354148)--Thread(Thread[grizzly-http-server-9,5,main])--UPDATE ZAVERECNAPRACA SET STATUS = ?, AUTHOR_AISID = ? WHERE (ID = ?)
	bind => [IN_PROGRESS, 70127, 2]
2023-05-27 14:03:33.577  INFO --- [           main] s.s.fei.uim.vsa.pr2.utils.ResourceTest   : Parsing response: {"id":2,"registrationNumber":"FEI-e15346f11d2b402abf6577d49fbaf1d8","title":"Excellent Simple Bachelor Thesis","description":"Some description of the thesis","department":"UIM","supervisor":45678,"author":70127,"publishedOn":"2023-05-27","deadline":"2023-08-27","type":"BACHELOR","status":"IN_PROGRESS"}
2023-05-27 14:03:33.578 ERROR --- [           main] s.s.fei.uim.vsa.pr2.utils.ResourceTest   : Cannot parse response: {"id":2,"registrationNumber":"FEI-e15346f11d2b402abf6577d49fbaf1d8","title":"Excellent Simple Bachelor Thesis","description":"Some description of the thesis","department":"UIM","supervisor":45678,"author":70127,"publishedOn":"2023-05-27","deadline":"2023-08-27","type":"BACHELOR","status":"IN_PROGRESS"}
2023-05-27 14:03:33.579 ERROR --- [           main] s.s.fei.uim.vsa.pr2.utils.ResourceTest   : Cannot construct instance of `sk.stuba.fei.uim.vsa.pr2.model.dto.response.teacher.TeacherAltResponse` (although at least one Creator exists): no int/Int-argument constructor/factory method to deserialize from Number value (45678)
 at [Source: (String)"{"id":2,"registrationNumber":"FEI-e15346f11d2b402abf6577d49fbaf1d8","title":"Excellent Simple Bachelor Thesis","description":"Some description of the thesis","department":"UIM","supervisor":45678,"author":70127,"publishedOn":"2023-05-27","deadline":"2023-08-27","type":"BACHELOR","status":"IN_PROGRESS"}"; line: 1, column: 191] (through reference chain: sk.stuba.fei.uim.vsa.pr2.model.dto.response.ThesisResponse["supervisor"])
com.fasterxml.jackson.databind.exc.MismatchedInputException: Cannot construct instance of `sk.stuba.fei.uim.vsa.pr2.model.dto.response.teacher.TeacherAltResponse` (although at least one Creator exists): no int/Int-argument constructor/factory method to deserialize from Number value (45678)
 at [Source: (String)"{"id":2,"registrationNumber":"FEI-e15346f11d2b402abf6577d49fbaf1d8","title":"Excellent Simple Bachelor Thesis","description":"Some description of the thesis","department":"UIM","supervisor":45678,"author":70127,"publishedOn":"2023-05-27","deadline":"2023-08-27","type":"BACHELOR","status":"IN_PROGRESS"}"; line: 1, column: 191] (through reference chain: sk.stuba.fei.uim.vsa.pr2.model.dto.response.ThesisResponse["supervisor"])
	at com.fasterxml.jackson.databind.exc.MismatchedInputException.from(MismatchedInputException.java:63)
	at com.fasterxml.jackson.databind.DeserializationContext.reportInputMismatch(DeserializationContext.java:1733)
	at com.fasterxml.jackson.databind.DeserializationContext.handleMissingInstantiator(DeserializationContext.java:1358)
	at com.fasterxml.jackson.databind.deser.ValueInstantiator.createFromInt(ValueInstantiator.java:324)
	at com.fasterxml.jackson.databind.deser.std.StdValueInstantiator.createFromInt(StdValueInstantiator.java:376)
	at com.fasterxml.jackson.databind.deser.BeanDeserializerBase.deserializeFromNumber(BeanDeserializerBase.java:1447)
	at com.fasterxml.jackson.databind.deser.BeanDeserializer._deserializeOther(BeanDeserializer.java:199)
	at com.fasterxml.jackson.databind.deser.BeanDeserializer.deserialize(BeanDeserializer.java:187)
	at com.fasterxml.jackson.databind.deser.impl.MethodProperty.deserializeAndSet(MethodProperty.java:129)
	at com.fasterxml.jackson.databind.deser.BeanDeserializer.vanillaDeserialize(BeanDeserializer.java:314)
	at com.fasterxml.jackson.databind.deser.BeanDeserializer.deserialize(BeanDeserializer.java:177)
	at com.fasterxml.jackson.databind.deser.DefaultDeserializationContext.readRootValue(DefaultDeserializationContext.java:323)
	at com.fasterxml.jackson.databind.ObjectMapper._readMapAndClose(ObjectMapper.java:4730)
	at com.fasterxml.jackson.databind.ObjectMapper.readValue(ObjectMapper.java:3677)
	at com.fasterxml.jackson.databind.ObjectMapper.readValue(ObjectMapper.java:3645)
	at sk.stuba.fei.uim.vsa.pr2.utils.ResourceTest.readObject(ResourceTest.java:230)
	at sk.stuba.fei.uim.vsa.pr2.utils.ResourceTest.readObject(ResourceTest.java:223)
	at sk.stuba.fei.uim.vsa.pr2.ThesisResourceTest.shouldFindThesisByStudent(ThesisResourceTest.java:530)
	at sun.reflect.NativeMethodAccessorImpl.invoke0(Native Method)
	at sun.reflect.NativeMethodAccessorImpl.invoke(NativeMethodAccessorImpl.java:62)
	at sun.reflect.DelegatingMethodAccessorImpl.invoke(DelegatingMethodAccessorImpl.java:43)
	at java.lang.reflect.Method.invoke(Method.java:498)
	at org.junit.platform.commons.util.ReflectionUtils.invokeMethod(ReflectionUtils.java:725)
	at org.junit.jupiter.engine.execution.MethodInvocation.proceed(MethodInvocation.java:60)
	at org.junit.jupiter.engine.execution.InvocationInterceptorChain$ValidatingInvocation.proceed(InvocationInterceptorChain.java:131)
	at org.junit.jupiter.engine.extension.TimeoutExtension.intercept(TimeoutExtension.java:149)
	at org.junit.jupiter.engine.extension.TimeoutExtension.interceptTestableMethod(TimeoutExtension.java:140)
	at org.junit.jupiter.engine.extension.TimeoutExtension.interceptTestMethod(TimeoutExtension.java:84)
	at org.junit.jupiter.engine.execution.ExecutableInvoker$ReflectiveInterceptorCall.lambda$ofVoidMethod$0(ExecutableInvoker.java:115)
	at org.junit.jupiter.engine.execution.ExecutableInvoker.lambda$invoke$0(ExecutableInvoker.java:105)
	at org.junit.jupiter.engine.execution.InvocationInterceptorChain$InterceptedInvocation.proceed(InvocationInterceptorChain.java:106)
	at org.junit.jupiter.engine.execution.InvocationInterceptorChain.proceed(InvocationInterceptorChain.java:64)
	at org.junit.jupiter.engine.execution.InvocationInterceptorChain.chainAndInvoke(InvocationInterceptorChain.java:45)
	at org.junit.jupiter.engine.execution.InvocationInterceptorChain.invoke(InvocationInterceptorChain.java:37)
	at org.junit.jupiter.engine.execution.ExecutableInvoker.invoke(ExecutableInvoker.java:104)
	at org.junit.jupiter.engine.execution.ExecutableInvoker.invoke(ExecutableInvoker.java:98)
	at org.junit.jupiter.engine.descriptor.TestMethodTestDescriptor.lambda$invokeTestMethod$7(TestMethodTestDescriptor.java:214)
	at org.junit.platform.engine.support.hierarchical.ThrowableCollector.execute(ThrowableCollector.java:73)
	at org.junit.jupiter.engine.descriptor.TestMethodTestDescriptor.invokeTestMethod(TestMethodTestDescriptor.java:210)
	at org.junit.jupiter.engine.descriptor.TestMethodTestDescriptor.execute(TestMethodTestDescriptor.java:135)
	at org.junit.jupiter.engine.descriptor.TestMethodTestDescriptor.execute(TestMethodTestDescriptor.java:66)
	at org.junit.platform.engine.support.hierarchical.NodeTestTask.lambda$executeRecursively$6(NodeTestTask.java:151)
	at org.junit.platform.engine.support.hierarchical.ThrowableCollector.execute(ThrowableCollector.java:73)
	at org.junit.platform.engine.support.hierarchical.NodeTestTask.lambda$executeRecursively$8(NodeTestTask.java:141)
	at org.junit.platform.engine.support.hierarchical.Node.around(Node.java:137)
	at org.junit.platform.engine.support.hierarchical.NodeTestTask.lambda$executeRecursively$9(NodeTestTask.java:139)
	at org.junit.platform.engine.support.hierarchical.ThrowableCollector.execute(ThrowableCollector.java:73)
	at org.junit.platform.engine.support.hierarchical.NodeTestTask.executeRecursively(NodeTestTask.java:138)
	at org.junit.platform.engine.support.hierarchical.NodeTestTask.execute(NodeTestTask.java:95)
	at java.util.ArrayList.forEach(ArrayList.java:1259)
	at org.junit.platform.engine.support.hierarchical.SameThreadHierarchicalTestExecutorService.invokeAll(SameThreadHierarchicalTestExecutorService.java:41)
	at org.junit.platform.engine.support.hierarchical.NodeTestTask.lambda$executeRecursively$6(NodeTestTask.java:155)
	at org.junit.platform.engine.support.hierarchical.ThrowableCollector.execute(ThrowableCollector.java:73)
	at org.junit.platform.engine.support.hierarchical.NodeTestTask.lambda$executeRecursively$8(NodeTestTask.java:141)
	at org.junit.platform.engine.support.hierarchical.Node.around(Node.java:137)
	at org.junit.platform.engine.support.hierarchical.NodeTestTask.lambda$executeRecursively$9(NodeTestTask.java:139)
	at org.junit.platform.engine.support.hierarchical.ThrowableCollector.execute(ThrowableCollector.java:73)
	at org.junit.platform.engine.support.hierarchical.NodeTestTask.executeRecursively(NodeTestTask.java:138)
	at org.junit.platform.engine.support.hierarchical.NodeTestTask.execute(NodeTestTask.java:95)
	at java.util.ArrayList.forEach(ArrayList.java:1259)
	at org.junit.platform.engine.support.hierarchical.SameThreadHierarchicalTestExecutorService.invokeAll(SameThreadHierarchicalTestExecutorService.java:41)
	at org.junit.platform.engine.support.hierarchical.NodeTestTask.lambda$executeRecursively$6(NodeTestTask.java:155)
	at org.junit.platform.engine.support.hierarchical.ThrowableCollector.execute(ThrowableCollector.java:73)
	at org.junit.platform.engine.support.hierarchical.NodeTestTask.lambda$executeRecursively$8(NodeTestTask.java:141)
	at org.junit.platform.engine.support.hierarchical.Node.around(Node.java:137)
	at org.junit.platform.engine.support.hierarchical.NodeTestTask.lambda$executeRecursively$9(NodeTestTask.java:139)
	at org.junit.platform.engine.support.hierarchical.ThrowableCollector.execute(ThrowableCollector.java:73)
	at org.junit.platform.engine.support.hierarchical.NodeTestTask.executeRecursively(NodeTestTask.java:138)
	at org.junit.platform.engine.support.hierarchical.NodeTestTask.execute(NodeTestTask.java:95)
	at org.junit.platform.engine.support.hierarchical.SameThreadHierarchicalTestExecutorService.submit(SameThreadHierarchicalTestExecutorService.java:35)
	at org.junit.platform.engine.support.hierarchical.HierarchicalTestExecutor.execute(HierarchicalTestExecutor.java:57)
	at org.junit.platform.engine.support.hierarchical.HierarchicalTestEngine.execute(HierarchicalTestEngine.java:54)
	at org.junit.platform.launcher.core.DefaultLauncher.execute(DefaultLauncher.java:220)
	at org.junit.platform.launcher.core.DefaultLauncher.lambda$execute$6(DefaultLauncher.java:188)
	at org.junit.platform.launcher.core.DefaultLauncher.withInterceptedStreams(DefaultLauncher.java:202)
	at org.junit.platform.launcher.core.DefaultLauncher.execute(DefaultLauncher.java:181)
	at org.junit.platform.launcher.core.DefaultLauncher.execute(DefaultLauncher.java:128)
	at org.apache.maven.surefire.junitplatform.JUnitPlatformProvider.invokeAllTests(JUnitPlatformProvider.java:150)
	at org.apache.maven.surefire.junitplatform.JUnitPlatformProvider.invoke(JUnitPlatformProvider.java:124)
	at org.apache.maven.surefire.booter.ForkedBooter.invokeProviderInSameClassLoader(ForkedBooter.java:384)
	at org.apache.maven.surefire.booter.ForkedBooter.runSuitesInProcess(ForkedBooter.java:345)
	at org.apache.maven.surefire.booter.ForkedBooter.execute(ForkedBooter.java:126)
	at org.apache.maven.surefire.booter.ForkedBooter.main(ForkedBooter.java:418)
]]></system-out>
  </testcase>
  <testcase name="shouldCreateThesis" classname="sk.stuba.fei.uim.vsa.pr2.ThesisResourceTest" time="1.085"/>
  <testcase name="shouldReturnUnauthorized" classname="sk.stuba.fei.uim.vsa.pr2.ThesisResourceTest" time="0.075">
    <failure message="expected: &lt;true&gt; but was: &lt;false&gt;" type="org.opentest4j.AssertionFailedError"><![CDATA[org.opentest4j.AssertionFailedError: expected: <true> but was: <false>
	at sk.stuba.fei.uim.vsa.pr2.ThesisResourceTest.shouldReturnUnauthorized(ThesisResourceTest.java:166)
]]></failure>
  </testcase>
  <testcase name="shouldFindThesisByTeacher" classname="sk.stuba.fei.uim.vsa.pr2.ThesisResourceTest" time="1.615">
    <failure message="expected: not &lt;null&gt;" type="org.opentest4j.AssertionFailedError"><![CDATA[org.opentest4j.AssertionFailedError: expected: not <null>
	at sk.stuba.fei.uim.vsa.pr2.ThesisResourceTest.shouldFindThesisByTeacher(ThesisResourceTest.java:497)
]]></failure>
    <system-out><![CDATA[[EL Fine]: sql: 2023-05-27 14:03:34.824--ServerSession(229329107)--Connection(204354148)--Thread(Thread[grizzly-http-server-14,5,main])--SELECT AISID, ID, DEPARTMENT, EMAIL, INSTITUTE, NAME, PASSWORD FROM PEDAGOG WHERE (EMAIL = ?)
	bind => [ucitel.test@stuba.sk]
[EL Fine]: sql: 2023-05-27 14:03:34.825--ClientSession(1845734276)--Connection(204354148)--Thread(Thread[grizzly-http-server-14,5,main])--INSERT INTO PEDAGOG (AISID, ID, DEPARTMENT, EMAIL, INSTITUTE, NAME, PASSWORD) VALUES (?, ?, ?, ?, ?, ?, ?)
	bind => [45678, null, null, ucitel.test@stuba.sk, SI, Testovaci ucitel, null]
[EL Fine]: sql: 2023-05-27 14:03:35.318--ClientSession(1963427059)--Connection(204354148)--Thread(Thread[grizzly-http-server-14,5,main])--INSERT INTO vsa_user (AISID, PASSWORD, USERNAME) VALUES (?, ?, ?)
	bind => [45678, $2a$13$Wl49HNWTXWilJrHJcVaJAODn329.rvDoAapIKibUX1YoEwn86.GGq, ucitel.test@stuba.sk]
[EL Fine]: sql: 2023-05-27 14:03:35.319--ClientSession(1963427059)--Connection(204354148)--Thread(Thread[grizzly-http-server-14,5,main])--INSERT INTO User_PERMISSIONS (User_AISID, PERMISSIONS) VALUES (?, ?)
	bind => [45678, 1]
[EL Fine]: sql: 2023-05-27 14:03:35.328--ClientSession(1701030968)--Connection(204354148)--Thread(Thread[grizzly-http-server-14,5,main])--UPDATE PEDAGOG SET ID = ?, DEPARTMENT = ?, INSTITUTE = ? WHERE (AISID = ?)
	bind => [45678, SI, UIM, 45678]
2023-05-27 14:03:35.336  INFO --- [-http-server-15] .s.f.u.v.p.JAXRSApplicationConfiguration : Recieved credentials: ucitel.test@stuba.sk, password
[EL Fine]: sql: 2023-05-27 14:03:35.337--ServerSession(229329107)--Connection(204354148)--Thread(Thread[grizzly-http-server-15,5,main])--SELECT AISID, PASSWORD, USERNAME FROM vsa_user WHERE (USERNAME = ?)
	bind => [ucitel.test@stuba.sk]
[EL Fine]: sql: 2023-05-27 14:03:35.834--ClientSession(384881946)--Connection(204354148)--Thread(Thread[grizzly-http-server-15,5,main])--INSERT INTO ZAVERECNAPRACA (ID, DEADLINE, DEPARTMENT, DESCRIPTION, PUBLISHEDON, REGISTRATIONNUMBER, STATUS, TITLE, TYPE, SUPERVISOR_AISID, AUTHOR_AISID) VALUES (?, ?, ?, ?, ?, ?, ?, ?, ?, ?, ?)
	bind => [4, 2023-08-27, UIM, Some description of the thesis, 2023-05-27, null, FREE_TO_TAKE, Excellent Simple Bachelor Thesis, BACHELOR, 45678, null]
-------------------->4
[EL Fine]: sql: 2023-05-27 14:03:35.845--ClientSession(264914225)--Connection(204354148)--Thread(Thread[grizzly-http-server-15,5,main])--UPDATE ZAVERECNAPRACA SET REGISTRATIONNUMBER = ?, SUPERVISOR_AISID = ? WHERE (ID = ?)
	bind => [FEI-e15346f11d2b402abf6577d49fbaf1d8, 45678, 4]
2023-05-27 14:03:35.850  INFO --- [           main] s.s.fei.uim.vsa.pr2.utils.ResourceTest   : Parsing response: {"id":4,"registrationNumber":"FEI-e15346f11d2b402abf6577d49fbaf1d8","title":"Excellent Simple Bachelor Thesis","description":"Some description of the thesis","department":"UIM","supervisor":{"aisId":45678,"name":"Testovaci ucitel","email":"ucitel.test@stuba.sk","password":null,"institute":"UIM","department":"SI","theses":[],"id":45678},"author":null,"publishedOn":"2023-05-27","deadline":"2023-08-27","type":"BACHELOR","status":"FREE_TO_TAKE"}
2023-05-27 14:03:35.856  INFO --- [-http-server-16] .s.f.u.v.p.JAXRSApplicationConfiguration : Recieved credentials: ucitel.test@stuba.sk, password
[EL Fine]: sql: 2023-05-27 14:03:35.857--ServerSession(229329107)--Connection(204354148)--Thread(Thread[grizzly-http-server-16,5,main])--SELECT AISID, PASSWORD, USERNAME FROM vsa_user WHERE (USERNAME = ?)
	bind => [ucitel.test@stuba.sk]
[EL Fine]: sql: 2023-05-27 14:03:36.351--ServerSession(229329107)--Connection(204354148)--Thread(Thread[grizzly-http-server-16,5,main])--SELECT ID, DEADLINE, DEPARTMENT, DESCRIPTION, PUBLISHEDON, REGISTRATIONNUMBER, STATUS, TITLE, TYPE, SUPERVISOR_AISID, AUTHOR_AISID FROM ZAVERECNAPRACA WHERE (SUPERVISOR_AISID = ?)
	bind => [45678]
2023-05-27 14:03:36.354  INFO --- [           main] s.s.fei.uim.vsa.pr2.utils.ResourceTest   : Parsing response: [{"id":4,"registrationNumber":"FEI-e15346f11d2b402abf6577d49fbaf1d8","title":"Excellent Simple Bachelor Thesis","description":"Some description of the thesis","department":"UIM","supervisor":45678,"publishedOn":"2023-05-27","deadline":"2023-08-27","type":"BACHELOR","status":"FREE_TO_TAKE"}]
2023-05-27 14:03:36.355 ERROR --- [           main] s.s.fei.uim.vsa.pr2.utils.ResourceTest   : Cannot parse response: [{"id":4,"registrationNumber":"FEI-e15346f11d2b402abf6577d49fbaf1d8","title":"Excellent Simple Bachelor Thesis","description":"Some description of the thesis","department":"UIM","supervisor":45678,"publishedOn":"2023-05-27","deadline":"2023-08-27","type":"BACHELOR","status":"FREE_TO_TAKE"}]
2023-05-27 14:03:36.355 ERROR --- [           main] s.s.fei.uim.vsa.pr2.utils.ResourceTest   : Cannot construct instance of `sk.stuba.fei.uim.vsa.pr2.model.dto.response.teacher.TeacherAltResponse` (although at least one Creator exists): no int/Int-argument constructor/factory method to deserialize from Number value (45678)
 at [Source: (String)"[{"id":4,"registrationNumber":"FEI-e15346f11d2b402abf6577d49fbaf1d8","title":"Excellent Simple Bachelor Thesis","description":"Some description of the thesis","department":"UIM","supervisor":45678,"publishedOn":"2023-05-27","deadline":"2023-08-27","type":"BACHELOR","status":"FREE_TO_TAKE"}]"; line: 1, column: 192] (through reference chain: java.util.ArrayList[0]->sk.stuba.fei.uim.vsa.pr2.model.dto.response.ThesisResponse["supervisor"])
com.fasterxml.jackson.databind.exc.MismatchedInputException: Cannot construct instance of `sk.stuba.fei.uim.vsa.pr2.model.dto.response.teacher.TeacherAltResponse` (although at least one Creator exists): no int/Int-argument constructor/factory method to deserialize from Number value (45678)
 at [Source: (String)"[{"id":4,"registrationNumber":"FEI-e15346f11d2b402abf6577d49fbaf1d8","title":"Excellent Simple Bachelor Thesis","description":"Some description of the thesis","department":"UIM","supervisor":45678,"publishedOn":"2023-05-27","deadline":"2023-08-27","type":"BACHELOR","status":"FREE_TO_TAKE"}]"; line: 1, column: 192] (through reference chain: java.util.ArrayList[0]->sk.stuba.fei.uim.vsa.pr2.model.dto.response.ThesisResponse["supervisor"])
	at com.fasterxml.jackson.databind.exc.MismatchedInputException.from(MismatchedInputException.java:63)
	at com.fasterxml.jackson.databind.DeserializationContext.reportInputMismatch(DeserializationContext.java:1733)
	at com.fasterxml.jackson.databind.DeserializationContext.handleMissingInstantiator(DeserializationContext.java:1358)
	at com.fasterxml.jackson.databind.deser.ValueInstantiator.createFromInt(ValueInstantiator.java:324)
	at com.fasterxml.jackson.databind.deser.std.StdValueInstantiator.createFromInt(StdValueInstantiator.java:376)
	at com.fasterxml.jackson.databind.deser.BeanDeserializerBase.deserializeFromNumber(BeanDeserializerBase.java:1447)
	at com.fasterxml.jackson.databind.deser.BeanDeserializer._deserializeOther(BeanDeserializer.java:199)
	at com.fasterxml.jackson.databind.deser.BeanDeserializer.deserialize(BeanDeserializer.java:187)
	at com.fasterxml.jackson.databind.deser.impl.MethodProperty.deserializeAndSet(MethodProperty.java:129)
	at com.fasterxml.jackson.databind.deser.BeanDeserializer.vanillaDeserialize(BeanDeserializer.java:314)
	at com.fasterxml.jackson.databind.deser.BeanDeserializer.deserialize(BeanDeserializer.java:177)
	at com.fasterxml.jackson.databind.deser.std.CollectionDeserializer._deserializeFromArray(CollectionDeserializer.java:359)
	at com.fasterxml.jackson.databind.deser.std.CollectionDeserializer.deserialize(CollectionDeserializer.java:244)
	at com.fasterxml.jackson.databind.deser.std.CollectionDeserializer.deserialize(CollectionDeserializer.java:28)
	at com.fasterxml.jackson.databind.deser.DefaultDeserializationContext.readRootValue(DefaultDeserializationContext.java:323)
	at com.fasterxml.jackson.databind.ObjectMapper._readMapAndClose(ObjectMapper.java:4730)
	at com.fasterxml.jackson.databind.ObjectMapper.readValue(ObjectMapper.java:3677)
	at com.fasterxml.jackson.databind.ObjectMapper.readValue(ObjectMapper.java:3660)
	at sk.stuba.fei.uim.vsa.pr2.utils.ResourceTest.readObject(ResourceTest.java:243)
	at sk.stuba.fei.uim.vsa.pr2.ThesisResourceTest.shouldFindThesisByTeacher(ThesisResourceTest.java:495)
	at sun.reflect.NativeMethodAccessorImpl.invoke0(Native Method)
	at sun.reflect.NativeMethodAccessorImpl.invoke(NativeMethodAccessorImpl.java:62)
	at sun.reflect.DelegatingMethodAccessorImpl.invoke(DelegatingMethodAccessorImpl.java:43)
	at java.lang.reflect.Method.invoke(Method.java:498)
	at org.junit.platform.commons.util.ReflectionUtils.invokeMethod(ReflectionUtils.java:725)
	at org.junit.jupiter.engine.execution.MethodInvocation.proceed(MethodInvocation.java:60)
	at org.junit.jupiter.engine.execution.InvocationInterceptorChain$ValidatingInvocation.proceed(InvocationInterceptorChain.java:131)
	at org.junit.jupiter.engine.extension.TimeoutExtension.intercept(TimeoutExtension.java:149)
	at org.junit.jupiter.engine.extension.TimeoutExtension.interceptTestableMethod(TimeoutExtension.java:140)
	at org.junit.jupiter.engine.extension.TimeoutExtension.interceptTestMethod(TimeoutExtension.java:84)
	at org.junit.jupiter.engine.execution.ExecutableInvoker$ReflectiveInterceptorCall.lambda$ofVoidMethod$0(ExecutableInvoker.java:115)
	at org.junit.jupiter.engine.execution.ExecutableInvoker.lambda$invoke$0(ExecutableInvoker.java:105)
	at org.junit.jupiter.engine.execution.InvocationInterceptorChain$InterceptedInvocation.proceed(InvocationInterceptorChain.java:106)
	at org.junit.jupiter.engine.execution.InvocationInterceptorChain.proceed(InvocationInterceptorChain.java:64)
	at org.junit.jupiter.engine.execution.InvocationInterceptorChain.chainAndInvoke(InvocationInterceptorChain.java:45)
	at org.junit.jupiter.engine.execution.InvocationInterceptorChain.invoke(InvocationInterceptorChain.java:37)
	at org.junit.jupiter.engine.execution.ExecutableInvoker.invoke(ExecutableInvoker.java:104)
	at org.junit.jupiter.engine.execution.ExecutableInvoker.invoke(ExecutableInvoker.java:98)
	at org.junit.jupiter.engine.descriptor.TestMethodTestDescriptor.lambda$invokeTestMethod$7(TestMethodTestDescriptor.java:214)
	at org.junit.platform.engine.support.hierarchical.ThrowableCollector.execute(ThrowableCollector.java:73)
	at org.junit.jupiter.engine.descriptor.TestMethodTestDescriptor.invokeTestMethod(TestMethodTestDescriptor.java:210)
	at org.junit.jupiter.engine.descriptor.TestMethodTestDescriptor.execute(TestMethodTestDescriptor.java:135)
	at org.junit.jupiter.engine.descriptor.TestMethodTestDescriptor.execute(TestMethodTestDescriptor.java:66)
	at org.junit.platform.engine.support.hierarchical.NodeTestTask.lambda$executeRecursively$6(NodeTestTask.java:151)
	at org.junit.platform.engine.support.hierarchical.ThrowableCollector.execute(ThrowableCollector.java:73)
	at org.junit.platform.engine.support.hierarchical.NodeTestTask.lambda$executeRecursively$8(NodeTestTask.java:141)
	at org.junit.platform.engine.support.hierarchical.Node.around(Node.java:137)
	at org.junit.platform.engine.support.hierarchical.NodeTestTask.lambda$executeRecursively$9(NodeTestTask.java:139)
	at org.junit.platform.engine.support.hierarchical.ThrowableCollector.execute(ThrowableCollector.java:73)
	at org.junit.platform.engine.support.hierarchical.NodeTestTask.executeRecursively(NodeTestTask.java:138)
	at org.junit.platform.engine.support.hierarchical.NodeTestTask.execute(NodeTestTask.java:95)
	at java.util.ArrayList.forEach(ArrayList.java:1259)
	at org.junit.platform.engine.support.hierarchical.SameThreadHierarchicalTestExecutorService.invokeAll(SameThreadHierarchicalTestExecutorService.java:41)
	at org.junit.platform.engine.support.hierarchical.NodeTestTask.lambda$executeRecursively$6(NodeTestTask.java:155)
	at org.junit.platform.engine.support.hierarchical.ThrowableCollector.execute(ThrowableCollector.java:73)
	at org.junit.platform.engine.support.hierarchical.NodeTestTask.lambda$executeRecursively$8(NodeTestTask.java:141)
	at org.junit.platform.engine.support.hierarchical.Node.around(Node.java:137)
	at org.junit.platform.engine.support.hierarchical.NodeTestTask.lambda$executeRecursively$9(NodeTestTask.java:139)
	at org.junit.platform.engine.support.hierarchical.ThrowableCollector.execute(ThrowableCollector.java:73)
	at org.junit.platform.engine.support.hierarchical.NodeTestTask.executeRecursively(NodeTestTask.java:138)
	at org.junit.platform.engine.support.hierarchical.NodeTestTask.execute(NodeTestTask.java:95)
	at java.util.ArrayList.forEach(ArrayList.java:1259)
	at org.junit.platform.engine.support.hierarchical.SameThreadHierarchicalTestExecutorService.invokeAll(SameThreadHierarchicalTestExecutorService.java:41)
	at org.junit.platform.engine.support.hierarchical.NodeTestTask.lambda$executeRecursively$6(NodeTestTask.java:155)
	at org.junit.platform.engine.support.hierarchical.ThrowableCollector.execute(ThrowableCollector.java:73)
	at org.junit.platform.engine.support.hierarchical.NodeTestTask.lambda$executeRecursively$8(NodeTestTask.java:141)
	at org.junit.platform.engine.support.hierarchical.Node.around(Node.java:137)
	at org.junit.platform.engine.support.hierarchical.NodeTestTask.lambda$executeRecursively$9(NodeTestTask.java:139)
	at org.junit.platform.engine.support.hierarchical.ThrowableCollector.execute(ThrowableCollector.java:73)
	at org.junit.platform.engine.support.hierarchical.NodeTestTask.executeRecursively(NodeTestTask.java:138)
	at org.junit.platform.engine.support.hierarchical.NodeTestTask.execute(NodeTestTask.java:95)
	at org.junit.platform.engine.support.hierarchical.SameThreadHierarchicalTestExecutorService.submit(SameThreadHierarchicalTestExecutorService.java:35)
	at org.junit.platform.engine.support.hierarchical.HierarchicalTestExecutor.execute(HierarchicalTestExecutor.java:57)
	at org.junit.platform.engine.support.hierarchical.HierarchicalTestEngine.execute(HierarchicalTestEngine.java:54)
	at org.junit.platform.launcher.core.DefaultLauncher.execute(DefaultLauncher.java:220)
	at org.junit.platform.launcher.core.DefaultLauncher.lambda$execute$6(DefaultLauncher.java:188)
	at org.junit.platform.launcher.core.DefaultLauncher.withInterceptedStreams(DefaultLauncher.java:202)
	at org.junit.platform.launcher.core.DefaultLauncher.execute(DefaultLauncher.java:181)
	at org.junit.platform.launcher.core.DefaultLauncher.execute(DefaultLauncher.java:128)
	at org.apache.maven.surefire.junitplatform.JUnitPlatformProvider.invokeAllTests(JUnitPlatformProvider.java:150)
	at org.apache.maven.surefire.junitplatform.JUnitPlatformProvider.invoke(JUnitPlatformProvider.java:124)
	at org.apache.maven.surefire.booter.ForkedBooter.invokeProviderInSameClassLoader(ForkedBooter.java:384)
	at org.apache.maven.surefire.booter.ForkedBooter.runSuitesInProcess(ForkedBooter.java:345)
	at org.apache.maven.surefire.booter.ForkedBooter.execute(ForkedBooter.java:126)
	at org.apache.maven.surefire.booter.ForkedBooter.main(ForkedBooter.java:418)
]]></system-out>
  </testcase>
  <testcase name="shouldAssignThesisWithStudent" classname="sk.stuba.fei.uim.vsa.pr2.ThesisResourceTest" time="3.558">
    <failure message="expected: not &lt;null&gt;" type="org.opentest4j.AssertionFailedError"><![CDATA[org.opentest4j.AssertionFailedError: expected: not <null>
	at sk.stuba.fei.uim.vsa.pr2.ThesisResourceTest.shouldAssignThesisWithStudent(ThesisResourceTest.java:337)
]]></failure>
    <system-out><![CDATA[[EL Fine]: sql: 2023-05-27 14:03:36.437--ServerSession(229329107)--Connection(204354148)--Thread(Thread[grizzly-http-server-17,5,main])--SELECT AISID, ID, DEPARTMENT, EMAIL, INSTITUTE, NAME, PASSWORD FROM PEDAGOG WHERE (EMAIL = ?)
	bind => [ucitel.test@stuba.sk]
[EL Fine]: sql: 2023-05-27 14:03:36.437--ClientSession(655533549)--Connection(204354148)--Thread(Thread[grizzly-http-server-17,5,main])--INSERT INTO PEDAGOG (AISID, ID, DEPARTMENT, EMAIL, INSTITUTE, NAME, PASSWORD) VALUES (?, ?, ?, ?, ?, ?, ?)
	bind => [45678, null, null, ucitel.test@stuba.sk, SI, Testovaci ucitel, null]
[EL Fine]: sql: 2023-05-27 14:03:36.91--ClientSession(1315718475)--Connection(204354148)--Thread(Thread[grizzly-http-server-17,5,main])--INSERT INTO vsa_user (AISID, PASSWORD, USERNAME) VALUES (?, ?, ?)
	bind => [45678, $2a$13$04MAnT9gg2adVuL.CXk6jelrukEbtQ0QAZJ5Y/rP3mjRlYs/I9Rqa, ucitel.test@stuba.sk]
[EL Fine]: sql: 2023-05-27 14:03:36.911--ClientSession(1315718475)--Connection(204354148)--Thread(Thread[grizzly-http-server-17,5,main])--INSERT INTO User_PERMISSIONS (User_AISID, PERMISSIONS) VALUES (?, ?)
	bind => [45678, 1]
[EL Fine]: sql: 2023-05-27 14:03:36.92--ClientSession(1590010550)--Connection(204354148)--Thread(Thread[grizzly-http-server-17,5,main])--UPDATE PEDAGOG SET ID = ?, DEPARTMENT = ?, INSTITUTE = ? WHERE (AISID = ?)
	bind => [45678, SI, UIM, 45678]
2023-05-27 14:03:36.928  INFO --- [-http-server-18] .s.f.u.v.p.JAXRSApplicationConfiguration : Recieved credentials: ucitel.test@stuba.sk, password
[EL Fine]: sql: 2023-05-27 14:03:36.929--ServerSession(229329107)--Connection(204354148)--Thread(Thread[grizzly-http-server-18,5,main])--SELECT AISID, PASSWORD, USERNAME FROM vsa_user WHERE (USERNAME = ?)
	bind => [ucitel.test@stuba.sk]
[EL Fine]: sql: 2023-05-27 14:03:37.416--ClientSession(1565932202)--Connection(204354148)--Thread(Thread[grizzly-http-server-18,5,main])--INSERT INTO ZAVERECNAPRACA (ID, DEADLINE, DEPARTMENT, DESCRIPTION, PUBLISHEDON, REGISTRATIONNUMBER, STATUS, TITLE, TYPE, SUPERVISOR_AISID, AUTHOR_AISID) VALUES (?, ?, ?, ?, ?, ?, ?, ?, ?, ?, ?)
	bind => [5, 2023-08-27, UIM, Some description of the thesis, 2023-05-27, null, FREE_TO_TAKE, Excellent Simple Bachelor Thesis, BACHELOR, 45678, null]
-------------------->5
[EL Fine]: sql: 2023-05-27 14:03:37.427--ClientSession(2078128633)--Connection(204354148)--Thread(Thread[grizzly-http-server-18,5,main])--UPDATE ZAVERECNAPRACA SET REGISTRATIONNUMBER = ?, SUPERVISOR_AISID = ? WHERE (ID = ?)
	bind => [FEI-e15346f11d2b402abf6577d49fbaf1d8, 45678, 5]
2023-05-27 14:03:37.433  INFO --- [           main] s.s.fei.uim.vsa.pr2.utils.ResourceTest   : Parsing response: {"id":5,"registrationNumber":"FEI-e15346f11d2b402abf6577d49fbaf1d8","title":"Excellent Simple Bachelor Thesis","description":"Some description of the thesis","department":"UIM","supervisor":{"aisId":45678,"name":"Testovaci ucitel","email":"ucitel.test@stuba.sk","password":null,"institute":"UIM","department":"SI","theses":[],"id":45678},"author":null,"publishedOn":"2023-05-27","deadline":"2023-08-27","type":"BACHELOR","status":"FREE_TO_TAKE"}
[EL Fine]: sql: 2023-05-27 14:03:37.439--ServerSession(229329107)--Connection(204354148)--Thread(Thread[grizzly-http-server-19,5,main])--SELECT AISID, ID, EMAIL, NAME, PASSWORD, program, TERM, study_year FROM STUDENT WHERE (EMAIL = ?)
	bind => [xstudent@stuba.sk]
[EL Fine]: sql: 2023-05-27 14:03:37.44--ClientSession(919642016)--Connection(204354148)--Thread(Thread[grizzly-http-server-19,5,main])--INSERT INTO STUDENT (AISID, ID, EMAIL, NAME, PASSWORD, program, TERM, study_year) VALUES (?, ?, ?, ?, ?, ?, ?, ?)
	bind => [70127, null, xstudent@stuba.sk, Test Student, null, null, null, null]
[EL Fine]: sql: 2023-05-27 14:03:37.939--ClientSession(597121710)--Connection(204354148)--Thread(Thread[grizzly-http-server-19,5,main])--INSERT INTO vsa_user (AISID, PASSWORD, USERNAME) VALUES (?, ?, ?)
	bind => [70127, $2a$13$BqGcGm3N81P53/1GvAi.J.wazai5t5mG7EIEvxYVEvdaGX8pQ.FH6, xstudent@stuba.sk]
[EL Fine]: sql: 2023-05-27 14:03:37.94--ClientSession(597121710)--Connection(204354148)--Thread(Thread[grizzly-http-server-19,5,main])--INSERT INTO User_PERMISSIONS (User_AISID, PERMISSIONS) VALUES (?, ?)
	bind => [70127, 0]
[EL Fine]: sql: 2023-05-27 14:03:38.428--ClientSession(2057796329)--Connection(204354148)--Thread(Thread[grizzly-http-server-19,5,main])--UPDATE STUDENT SET ID = ?, PASSWORD = ?, program = ?, TERM = ?, study_year = ? WHERE (AISID = ?)
	bind => [70127, $2a$13$0whswTuJhwUZs69CM3vRieLjv407CqmFMY3ro/z.4dyFfNOmFWuD., API, 18, 8, 70127]
2023-05-27 14:03:38.439  INFO --- [           main] s.s.fei.uim.vsa.pr2.utils.ResourceTest   : Parsing response: {"Id":70127,"aisId":70127,"name":"Test Student","email":"xstudent@stuba.sk","year":8,"term":18,"programme":"API","id":70127}
[EL Fine]: sql: 2023-05-27 14:03:38.444--ServerSession(229329107)--Connection(204354148)--Thread(Thread[grizzly-http-server-20,5,main])--SELECT AISID, ID, EMAIL, NAME, PASSWORD, program, TERM, study_year FROM STUDENT WHERE (EMAIL = ?)
	bind => [xstu@stuba.sk]
[EL Fine]: sql: 2023-05-27 14:03:38.444--ClientSession(1176912193)--Connection(204354148)--Thread(Thread[grizzly-http-server-20,5,main])--INSERT INTO STUDENT (AISID, ID, EMAIL, NAME, PASSWORD, program, TERM, study_year) VALUES (?, ?, ?, ?, ?, ?, ?, ?)
	bind => [81230, null, xstu@stuba.sk, Testovaci Studenttt, null, null, null, null]
[EL Fine]: sql: 2023-05-27 14:03:38.92--ClientSession(1537938953)--Connection(204354148)--Thread(Thread[grizzly-http-server-20,5,main])--INSERT INTO vsa_user (AISID, PASSWORD, USERNAME) VALUES (?, ?, ?)
	bind => [81230, $2a$13$BnpxGa61Q/MGd7oLGn67COYAeFBghiodT441DbN3KGSwN./q1zzHG, xstu@stuba.sk]
[EL Fine]: sql: 2023-05-27 14:03:38.921--ClientSession(1537938953)--Connection(204354148)--Thread(Thread[grizzly-http-server-20,5,main])--INSERT INTO User_PERMISSIONS (User_AISID, PERMISSIONS) VALUES (?, ?)
	bind => [81230, 0]
[EL Fine]: sql: 2023-05-27 14:03:39.419--ClientSession(274891261)--Connection(204354148)--Thread(Thread[grizzly-http-server-20,5,main])--UPDATE STUDENT SET ID = ?, PASSWORD = ?, program = ?, TERM = ?, study_year = ? WHERE (AISID = ?)
	bind => [81230, $2a$13$cjD3gYBWunZKTA4D0Qs2zu057HZMIduAqBjqoi/xdqk/s.Dw583cq, B-API, 6, 3, 81230]
2023-05-27 14:03:39.428  INFO --- [           main] s.s.fei.uim.vsa.pr2.utils.ResourceTest   : Parsing response: {"Id":81230,"aisId":81230,"name":"Testovaci Studenttt","email":"xstu@stuba.sk","year":3,"term":6,"programme":"B-API","id":81230}
2023-05-27 14:03:39.432  INFO --- [-http-server-21] .s.f.u.v.p.JAXRSApplicationConfiguration : Recieved credentials: xstudent@stuba.sk, password
[EL Fine]: sql: 2023-05-27 14:03:39.432--ServerSession(229329107)--Connection(204354148)--Thread(Thread[grizzly-http-server-21,5,main])--SELECT AISID, PASSWORD, USERNAME FROM vsa_user WHERE (USERNAME = ?)
	bind => [xstudent@stuba.sk]
[EL Fine]: sql: 2023-05-27 14:03:39.903--ClientSession(29679723)--Connection(204354148)--Thread(Thread[grizzly-http-server-21,5,main])--UPDATE ZAVERECNAPRACA SET STATUS = ?, AUTHOR_AISID = ? WHERE (ID = ?)
	bind => [IN_PROGRESS, 70127, 5]
2023-05-27 14:03:39.913  INFO --- [           main] s.s.fei.uim.vsa.pr2.utils.ResourceTest   : Parsing response: {"id":5,"registrationNumber":"FEI-e15346f11d2b402abf6577d49fbaf1d8","title":"Excellent Simple Bachelor Thesis","description":"Some description of the thesis","department":"UIM","supervisor":45678,"author":70127,"publishedOn":"2023-05-27","deadline":"2023-08-27","type":"BACHELOR","status":"IN_PROGRESS"}
2023-05-27 14:03:39.913 ERROR --- [           main] s.s.fei.uim.vsa.pr2.utils.ResourceTest   : Cannot parse response: {"id":5,"registrationNumber":"FEI-e15346f11d2b402abf6577d49fbaf1d8","title":"Excellent Simple Bachelor Thesis","description":"Some description of the thesis","department":"UIM","supervisor":45678,"author":70127,"publishedOn":"2023-05-27","deadline":"2023-08-27","type":"BACHELOR","status":"IN_PROGRESS"}
2023-05-27 14:03:39.913 ERROR --- [           main] s.s.fei.uim.vsa.pr2.utils.ResourceTest   : Cannot construct instance of `sk.stuba.fei.uim.vsa.pr2.model.dto.response.teacher.TeacherAltResponse` (although at least one Creator exists): no int/Int-argument constructor/factory method to deserialize from Number value (45678)
 at [Source: (String)"{"id":5,"registrationNumber":"FEI-e15346f11d2b402abf6577d49fbaf1d8","title":"Excellent Simple Bachelor Thesis","description":"Some description of the thesis","department":"UIM","supervisor":45678,"author":70127,"publishedOn":"2023-05-27","deadline":"2023-08-27","type":"BACHELOR","status":"IN_PROGRESS"}"; line: 1, column: 191] (through reference chain: sk.stuba.fei.uim.vsa.pr2.model.dto.response.ThesisResponse["supervisor"])
com.fasterxml.jackson.databind.exc.MismatchedInputException: Cannot construct instance of `sk.stuba.fei.uim.vsa.pr2.model.dto.response.teacher.TeacherAltResponse` (although at least one Creator exists): no int/Int-argument constructor/factory method to deserialize from Number value (45678)
 at [Source: (String)"{"id":5,"registrationNumber":"FEI-e15346f11d2b402abf6577d49fbaf1d8","title":"Excellent Simple Bachelor Thesis","description":"Some description of the thesis","department":"UIM","supervisor":45678,"author":70127,"publishedOn":"2023-05-27","deadline":"2023-08-27","type":"BACHELOR","status":"IN_PROGRESS"}"; line: 1, column: 191] (through reference chain: sk.stuba.fei.uim.vsa.pr2.model.dto.response.ThesisResponse["supervisor"])
	at com.fasterxml.jackson.databind.exc.MismatchedInputException.from(MismatchedInputException.java:63)
	at com.fasterxml.jackson.databind.DeserializationContext.reportInputMismatch(DeserializationContext.java:1733)
	at com.fasterxml.jackson.databind.DeserializationContext.handleMissingInstantiator(DeserializationContext.java:1358)
	at com.fasterxml.jackson.databind.deser.ValueInstantiator.createFromInt(ValueInstantiator.java:324)
	at com.fasterxml.jackson.databind.deser.std.StdValueInstantiator.createFromInt(StdValueInstantiator.java:376)
	at com.fasterxml.jackson.databind.deser.BeanDeserializerBase.deserializeFromNumber(BeanDeserializerBase.java:1447)
	at com.fasterxml.jackson.databind.deser.BeanDeserializer._deserializeOther(BeanDeserializer.java:199)
	at com.fasterxml.jackson.databind.deser.BeanDeserializer.deserialize(BeanDeserializer.java:187)
	at com.fasterxml.jackson.databind.deser.impl.MethodProperty.deserializeAndSet(MethodProperty.java:129)
	at com.fasterxml.jackson.databind.deser.BeanDeserializer.vanillaDeserialize(BeanDeserializer.java:314)
	at com.fasterxml.jackson.databind.deser.BeanDeserializer.deserialize(BeanDeserializer.java:177)
	at com.fasterxml.jackson.databind.deser.DefaultDeserializationContext.readRootValue(DefaultDeserializationContext.java:323)
	at com.fasterxml.jackson.databind.ObjectMapper._readMapAndClose(ObjectMapper.java:4730)
	at com.fasterxml.jackson.databind.ObjectMapper.readValue(ObjectMapper.java:3677)
	at com.fasterxml.jackson.databind.ObjectMapper.readValue(ObjectMapper.java:3645)
	at sk.stuba.fei.uim.vsa.pr2.utils.ResourceTest.readObject(ResourceTest.java:230)
	at sk.stuba.fei.uim.vsa.pr2.utils.ResourceTest.readObject(ResourceTest.java:223)
	at sk.stuba.fei.uim.vsa.pr2.ThesisResourceTest.shouldAssignThesisWithStudent(ThesisResourceTest.java:336)
	at sun.reflect.NativeMethodAccessorImpl.invoke0(Native Method)
	at sun.reflect.NativeMethodAccessorImpl.invoke(NativeMethodAccessorImpl.java:62)
	at sun.reflect.DelegatingMethodAccessorImpl.invoke(DelegatingMethodAccessorImpl.java:43)
	at java.lang.reflect.Method.invoke(Method.java:498)
	at org.junit.platform.commons.util.ReflectionUtils.invokeMethod(ReflectionUtils.java:725)
	at org.junit.jupiter.engine.execution.MethodInvocation.proceed(MethodInvocation.java:60)
	at org.junit.jupiter.engine.execution.InvocationInterceptorChain$ValidatingInvocation.proceed(InvocationInterceptorChain.java:131)
	at org.junit.jupiter.engine.extension.TimeoutExtension.intercept(TimeoutExtension.java:149)
	at org.junit.jupiter.engine.extension.TimeoutExtension.interceptTestableMethod(TimeoutExtension.java:140)
	at org.junit.jupiter.engine.extension.TimeoutExtension.interceptTestMethod(TimeoutExtension.java:84)
	at org.junit.jupiter.engine.execution.ExecutableInvoker$ReflectiveInterceptorCall.lambda$ofVoidMethod$0(ExecutableInvoker.java:115)
	at org.junit.jupiter.engine.execution.ExecutableInvoker.lambda$invoke$0(ExecutableInvoker.java:105)
	at org.junit.jupiter.engine.execution.InvocationInterceptorChain$InterceptedInvocation.proceed(InvocationInterceptorChain.java:106)
	at org.junit.jupiter.engine.execution.InvocationInterceptorChain.proceed(InvocationInterceptorChain.java:64)
	at org.junit.jupiter.engine.execution.InvocationInterceptorChain.chainAndInvoke(InvocationInterceptorChain.java:45)
	at org.junit.jupiter.engine.execution.InvocationInterceptorChain.invoke(InvocationInterceptorChain.java:37)
	at org.junit.jupiter.engine.execution.ExecutableInvoker.invoke(ExecutableInvoker.java:104)
	at org.junit.jupiter.engine.execution.ExecutableInvoker.invoke(ExecutableInvoker.java:98)
	at org.junit.jupiter.engine.descriptor.TestMethodTestDescriptor.lambda$invokeTestMethod$7(TestMethodTestDescriptor.java:214)
	at org.junit.platform.engine.support.hierarchical.ThrowableCollector.execute(ThrowableCollector.java:73)
	at org.junit.jupiter.engine.descriptor.TestMethodTestDescriptor.invokeTestMethod(TestMethodTestDescriptor.java:210)
	at org.junit.jupiter.engine.descriptor.TestMethodTestDescriptor.execute(TestMethodTestDescriptor.java:135)
	at org.junit.jupiter.engine.descriptor.TestMethodTestDescriptor.execute(TestMethodTestDescriptor.java:66)
	at org.junit.platform.engine.support.hierarchical.NodeTestTask.lambda$executeRecursively$6(NodeTestTask.java:151)
	at org.junit.platform.engine.support.hierarchical.ThrowableCollector.execute(ThrowableCollector.java:73)
	at org.junit.platform.engine.support.hierarchical.NodeTestTask.lambda$executeRecursively$8(NodeTestTask.java:141)
	at org.junit.platform.engine.support.hierarchical.Node.around(Node.java:137)
	at org.junit.platform.engine.support.hierarchical.NodeTestTask.lambda$executeRecursively$9(NodeTestTask.java:139)
	at org.junit.platform.engine.support.hierarchical.ThrowableCollector.execute(ThrowableCollector.java:73)
	at org.junit.platform.engine.support.hierarchical.NodeTestTask.executeRecursively(NodeTestTask.java:138)
	at org.junit.platform.engine.support.hierarchical.NodeTestTask.execute(NodeTestTask.java:95)
	at java.util.ArrayList.forEach(ArrayList.java:1259)
	at org.junit.platform.engine.support.hierarchical.SameThreadHierarchicalTestExecutorService.invokeAll(SameThreadHierarchicalTestExecutorService.java:41)
	at org.junit.platform.engine.support.hierarchical.NodeTestTask.lambda$executeRecursively$6(NodeTestTask.java:155)
	at org.junit.platform.engine.support.hierarchical.ThrowableCollector.execute(ThrowableCollector.java:73)
	at org.junit.platform.engine.support.hierarchical.NodeTestTask.lambda$executeRecursively$8(NodeTestTask.java:141)
	at org.junit.platform.engine.support.hierarchical.Node.around(Node.java:137)
	at org.junit.platform.engine.support.hierarchical.NodeTestTask.lambda$executeRecursively$9(NodeTestTask.java:139)
	at org.junit.platform.engine.support.hierarchical.ThrowableCollector.execute(ThrowableCollector.java:73)
	at org.junit.platform.engine.support.hierarchical.NodeTestTask.executeRecursively(NodeTestTask.java:138)
	at org.junit.platform.engine.support.hierarchical.NodeTestTask.execute(NodeTestTask.java:95)
	at java.util.ArrayList.forEach(ArrayList.java:1259)
	at org.junit.platform.engine.support.hierarchical.SameThreadHierarchicalTestExecutorService.invokeAll(SameThreadHierarchicalTestExecutorService.java:41)
	at org.junit.platform.engine.support.hierarchical.NodeTestTask.lambda$executeRecursively$6(NodeTestTask.java:155)
	at org.junit.platform.engine.support.hierarchical.ThrowableCollector.execute(ThrowableCollector.java:73)
	at org.junit.platform.engine.support.hierarchical.NodeTestTask.lambda$executeRecursively$8(NodeTestTask.java:141)
	at org.junit.platform.engine.support.hierarchical.Node.around(Node.java:137)
	at org.junit.platform.engine.support.hierarchical.NodeTestTask.lambda$executeRecursively$9(NodeTestTask.java:139)
	at org.junit.platform.engine.support.hierarchical.ThrowableCollector.execute(ThrowableCollector.java:73)
	at org.junit.platform.engine.support.hierarchical.NodeTestTask.executeRecursively(NodeTestTask.java:138)
	at org.junit.platform.engine.support.hierarchical.NodeTestTask.execute(NodeTestTask.java:95)
	at org.junit.platform.engine.support.hierarchical.SameThreadHierarchicalTestExecutorService.submit(SameThreadHierarchicalTestExecutorService.java:35)
	at org.junit.platform.engine.support.hierarchical.HierarchicalTestExecutor.execute(HierarchicalTestExecutor.java:57)
	at org.junit.platform.engine.support.hierarchical.HierarchicalTestEngine.execute(HierarchicalTestEngine.java:54)
	at org.junit.platform.launcher.core.DefaultLauncher.execute(DefaultLauncher.java:220)
	at org.junit.platform.launcher.core.DefaultLauncher.lambda$execute$6(DefaultLauncher.java:188)
	at org.junit.platform.launcher.core.DefaultLauncher.withInterceptedStreams(DefaultLauncher.java:202)
	at org.junit.platform.launcher.core.DefaultLauncher.execute(DefaultLauncher.java:181)
	at org.junit.platform.launcher.core.DefaultLauncher.execute(DefaultLauncher.java:128)
	at org.apache.maven.surefire.junitplatform.JUnitPlatformProvider.invokeAllTests(JUnitPlatformProvider.java:150)
	at org.apache.maven.surefire.junitplatform.JUnitPlatformProvider.invoke(JUnitPlatformProvider.java:124)
	at org.apache.maven.surefire.booter.ForkedBooter.invokeProviderInSameClassLoader(ForkedBooter.java:384)
	at org.apache.maven.surefire.booter.ForkedBooter.runSuitesInProcess(ForkedBooter.java:345)
	at org.apache.maven.surefire.booter.ForkedBooter.execute(ForkedBooter.java:126)
	at org.apache.maven.surefire.booter.ForkedBooter.main(ForkedBooter.java:418)
]]></system-out>
  </testcase>
  <testcase name="shouldGetThesis" classname="sk.stuba.fei.uim.vsa.pr2.ThesisResourceTest" time="1.553">
    <failure message="expected: not &lt;null&gt;" type="org.opentest4j.AssertionFailedError"><![CDATA[org.opentest4j.AssertionFailedError: expected: not <null>
	at sk.stuba.fei.uim.vsa.pr2.ThesisResourceTest.shouldGetThesis(ThesisResourceTest.java:203)
]]></failure>
    <system-out><![CDATA[[EL Fine]: sql: 2023-05-27 14:03:39.987--ServerSession(229329107)--Connection(204354148)--Thread(Thread[grizzly-http-server-22,5,main])--SELECT AISID, ID, DEPARTMENT, EMAIL, INSTITUTE, NAME, PASSWORD FROM PEDAGOG WHERE (EMAIL = ?)
	bind => [ucitel.test@stuba.sk]
[EL Fine]: sql: 2023-05-27 14:03:39.988--ClientSession(1275579434)--Connection(204354148)--Thread(Thread[grizzly-http-server-22,5,main])--INSERT INTO PEDAGOG (AISID, ID, DEPARTMENT, EMAIL, INSTITUTE, NAME, PASSWORD) VALUES (?, ?, ?, ?, ?, ?, ?)
	bind => [45678, null, null, ucitel.test@stuba.sk, SI, Testovaci ucitel, null]
[EL Fine]: sql: 2023-05-27 14:03:40.464--ClientSession(1581420586)--Connection(204354148)--Thread(Thread[grizzly-http-server-22,5,main])--INSERT INTO vsa_user (AISID, PASSWORD, USERNAME) VALUES (?, ?, ?)
	bind => [45678, $2a$13$cCn9F0Du1BMfAy1GV8t2rO7kRtoBHCfVJJOOSQ4RtQce5JUmDXROu, ucitel.test@stuba.sk]
[EL Fine]: sql: 2023-05-27 14:03:40.465--ClientSession(1581420586)--Connection(204354148)--Thread(Thread[grizzly-http-server-22,5,main])--INSERT INTO User_PERMISSIONS (User_AISID, PERMISSIONS) VALUES (?, ?)
	bind => [45678, 1]
[EL Fine]: sql: 2023-05-27 14:03:40.475--ClientSession(1398300867)--Connection(204354148)--Thread(Thread[grizzly-http-server-22,5,main])--UPDATE PEDAGOG SET ID = ?, DEPARTMENT = ?, INSTITUTE = ? WHERE (AISID = ?)
	bind => [45678, SI, UIM, 45678]
2023-05-27 14:03:40.483  INFO --- [-http-server-23] .s.f.u.v.p.JAXRSApplicationConfiguration : Recieved credentials: ucitel.test@stuba.sk, password
[EL Fine]: sql: 2023-05-27 14:03:40.483--ServerSession(229329107)--Connection(204354148)--Thread(Thread[grizzly-http-server-23,5,main])--SELECT AISID, PASSWORD, USERNAME FROM vsa_user WHERE (USERNAME = ?)
	bind => [ucitel.test@stuba.sk]
[EL Fine]: sql: 2023-05-27 14:03:40.966--ClientSession(1759733246)--Connection(204354148)--Thread(Thread[grizzly-http-server-23,5,main])--INSERT INTO ZAVERECNAPRACA (ID, DEADLINE, DEPARTMENT, DESCRIPTION, PUBLISHEDON, REGISTRATIONNUMBER, STATUS, TITLE, TYPE, SUPERVISOR_AISID, AUTHOR_AISID) VALUES (?, ?, ?, ?, ?, ?, ?, ?, ?, ?, ?)
	bind => [6, 2023-08-27, UIM, Some description of the thesis, 2023-05-27, null, FREE_TO_TAKE, Excellent Simple Bachelor Thesis, BACHELOR, 45678, null]
-------------------->6
[EL Fine]: sql: 2023-05-27 14:03:40.976--ClientSession(1919928345)--Connection(204354148)--Thread(Thread[grizzly-http-server-23,5,main])--UPDATE ZAVERECNAPRACA SET REGISTRATIONNUMBER = ?, SUPERVISOR_AISID = ? WHERE (ID = ?)
	bind => [FEI-e15346f11d2b402abf6577d49fbaf1d8, 45678, 6]
2023-05-27 14:03:40.981  INFO --- [           main] s.s.fei.uim.vsa.pr2.utils.ResourceTest   : Parsing response: {"id":6,"registrationNumber":"FEI-e15346f11d2b402abf6577d49fbaf1d8","title":"Excellent Simple Bachelor Thesis","description":"Some description of the thesis","department":"UIM","supervisor":{"aisId":45678,"name":"Testovaci ucitel","email":"ucitel.test@stuba.sk","password":null,"institute":"UIM","department":"SI","theses":[],"id":45678},"author":null,"publishedOn":"2023-05-27","deadline":"2023-08-27","type":"BACHELOR","status":"FREE_TO_TAKE"}
2023-05-27 14:03:40.986  INFO --- [-http-server-24] .s.f.u.v.p.JAXRSApplicationConfiguration : Recieved credentials: ucitel.test@stuba.sk, password
[EL Fine]: sql: 2023-05-27 14:03:40.986--ServerSession(229329107)--Connection(204354148)--Thread(Thread[grizzly-http-server-24,5,main])--SELECT AISID, PASSWORD, USERNAME FROM vsa_user WHERE (USERNAME = ?)
	bind => [ucitel.test@stuba.sk]
2023-05-27 14:03:41.465  INFO --- [           main] s.s.fei.uim.vsa.pr2.utils.ResourceTest   : Parsing response: {"id":6,"registrationNumber":"FEI-e15346f11d2b402abf6577d49fbaf1d8","title":"Excellent Simple Bachelor Thesis","description":"Some description of the thesis","department":"UIM","supervisor":45678,"publishedOn":"2023-05-27","deadline":"2023-08-27","type":"BACHELOR","status":"FREE_TO_TAKE"}
2023-05-27 14:03:41.466 ERROR --- [           main] s.s.fei.uim.vsa.pr2.utils.ResourceTest   : Cannot parse response: {"id":6,"registrationNumber":"FEI-e15346f11d2b402abf6577d49fbaf1d8","title":"Excellent Simple Bachelor Thesis","description":"Some description of the thesis","department":"UIM","supervisor":45678,"publishedOn":"2023-05-27","deadline":"2023-08-27","type":"BACHELOR","status":"FREE_TO_TAKE"}
2023-05-27 14:03:41.466 ERROR --- [           main] s.s.fei.uim.vsa.pr2.utils.ResourceTest   : Cannot construct instance of `sk.stuba.fei.uim.vsa.pr2.model.dto.response.teacher.TeacherAltResponse` (although at least one Creator exists): no int/Int-argument constructor/factory method to deserialize from Number value (45678)
 at [Source: (String)"{"id":6,"registrationNumber":"FEI-e15346f11d2b402abf6577d49fbaf1d8","title":"Excellent Simple Bachelor Thesis","description":"Some description of the thesis","department":"UIM","supervisor":45678,"publishedOn":"2023-05-27","deadline":"2023-08-27","type":"BACHELOR","status":"FREE_TO_TAKE"}"; line: 1, column: 191] (through reference chain: sk.stuba.fei.uim.vsa.pr2.model.dto.response.ThesisResponse["supervisor"])
com.fasterxml.jackson.databind.exc.MismatchedInputException: Cannot construct instance of `sk.stuba.fei.uim.vsa.pr2.model.dto.response.teacher.TeacherAltResponse` (although at least one Creator exists): no int/Int-argument constructor/factory method to deserialize from Number value (45678)
 at [Source: (String)"{"id":6,"registrationNumber":"FEI-e15346f11d2b402abf6577d49fbaf1d8","title":"Excellent Simple Bachelor Thesis","description":"Some description of the thesis","department":"UIM","supervisor":45678,"publishedOn":"2023-05-27","deadline":"2023-08-27","type":"BACHELOR","status":"FREE_TO_TAKE"}"; line: 1, column: 191] (through reference chain: sk.stuba.fei.uim.vsa.pr2.model.dto.response.ThesisResponse["supervisor"])
	at com.fasterxml.jackson.databind.exc.MismatchedInputException.from(MismatchedInputException.java:63)
	at com.fasterxml.jackson.databind.DeserializationContext.reportInputMismatch(DeserializationContext.java:1733)
	at com.fasterxml.jackson.databind.DeserializationContext.handleMissingInstantiator(DeserializationContext.java:1358)
	at com.fasterxml.jackson.databind.deser.ValueInstantiator.createFromInt(ValueInstantiator.java:324)
	at com.fasterxml.jackson.databind.deser.std.StdValueInstantiator.createFromInt(StdValueInstantiator.java:376)
	at com.fasterxml.jackson.databind.deser.BeanDeserializerBase.deserializeFromNumber(BeanDeserializerBase.java:1447)
	at com.fasterxml.jackson.databind.deser.BeanDeserializer._deserializeOther(BeanDeserializer.java:199)
	at com.fasterxml.jackson.databind.deser.BeanDeserializer.deserialize(BeanDeserializer.java:187)
	at com.fasterxml.jackson.databind.deser.impl.MethodProperty.deserializeAndSet(MethodProperty.java:129)
	at com.fasterxml.jackson.databind.deser.BeanDeserializer.vanillaDeserialize(BeanDeserializer.java:314)
	at com.fasterxml.jackson.databind.deser.BeanDeserializer.deserialize(BeanDeserializer.java:177)
	at com.fasterxml.jackson.databind.deser.DefaultDeserializationContext.readRootValue(DefaultDeserializationContext.java:323)
	at com.fasterxml.jackson.databind.ObjectMapper._readMapAndClose(ObjectMapper.java:4730)
	at com.fasterxml.jackson.databind.ObjectMapper.readValue(ObjectMapper.java:3677)
	at com.fasterxml.jackson.databind.ObjectMapper.readValue(ObjectMapper.java:3645)
	at sk.stuba.fei.uim.vsa.pr2.utils.ResourceTest.readObject(ResourceTest.java:230)
	at sk.stuba.fei.uim.vsa.pr2.utils.ResourceTest.readObject(ResourceTest.java:223)
	at sk.stuba.fei.uim.vsa.pr2.ThesisResourceTest.shouldGetThesis(ThesisResourceTest.java:202)
	at sun.reflect.NativeMethodAccessorImpl.invoke0(Native Method)
	at sun.reflect.NativeMethodAccessorImpl.invoke(NativeMethodAccessorImpl.java:62)
	at sun.reflect.DelegatingMethodAccessorImpl.invoke(DelegatingMethodAccessorImpl.java:43)
	at java.lang.reflect.Method.invoke(Method.java:498)
	at org.junit.platform.commons.util.ReflectionUtils.invokeMethod(ReflectionUtils.java:725)
	at org.junit.jupiter.engine.execution.MethodInvocation.proceed(MethodInvocation.java:60)
	at org.junit.jupiter.engine.execution.InvocationInterceptorChain$ValidatingInvocation.proceed(InvocationInterceptorChain.java:131)
	at org.junit.jupiter.engine.extension.TimeoutExtension.intercept(TimeoutExtension.java:149)
	at org.junit.jupiter.engine.extension.TimeoutExtension.interceptTestableMethod(TimeoutExtension.java:140)
	at org.junit.jupiter.engine.extension.TimeoutExtension.interceptTestMethod(TimeoutExtension.java:84)
	at org.junit.jupiter.engine.execution.ExecutableInvoker$ReflectiveInterceptorCall.lambda$ofVoidMethod$0(ExecutableInvoker.java:115)
	at org.junit.jupiter.engine.execution.ExecutableInvoker.lambda$invoke$0(ExecutableInvoker.java:105)
	at org.junit.jupiter.engine.execution.InvocationInterceptorChain$InterceptedInvocation.proceed(InvocationInterceptorChain.java:106)
	at org.junit.jupiter.engine.execution.InvocationInterceptorChain.proceed(InvocationInterceptorChain.java:64)
	at org.junit.jupiter.engine.execution.InvocationInterceptorChain.chainAndInvoke(InvocationInterceptorChain.java:45)
	at org.junit.jupiter.engine.execution.InvocationInterceptorChain.invoke(InvocationInterceptorChain.java:37)
	at org.junit.jupiter.engine.execution.ExecutableInvoker.invoke(ExecutableInvoker.java:104)
	at org.junit.jupiter.engine.execution.ExecutableInvoker.invoke(ExecutableInvoker.java:98)
	at org.junit.jupiter.engine.descriptor.TestMethodTestDescriptor.lambda$invokeTestMethod$7(TestMethodTestDescriptor.java:214)
	at org.junit.platform.engine.support.hierarchical.ThrowableCollector.execute(ThrowableCollector.java:73)
	at org.junit.jupiter.engine.descriptor.TestMethodTestDescriptor.invokeTestMethod(TestMethodTestDescriptor.java:210)
	at org.junit.jupiter.engine.descriptor.TestMethodTestDescriptor.execute(TestMethodTestDescriptor.java:135)
	at org.junit.jupiter.engine.descriptor.TestMethodTestDescriptor.execute(TestMethodTestDescriptor.java:66)
	at org.junit.platform.engine.support.hierarchical.NodeTestTask.lambda$executeRecursively$6(NodeTestTask.java:151)
	at org.junit.platform.engine.support.hierarchical.ThrowableCollector.execute(ThrowableCollector.java:73)
	at org.junit.platform.engine.support.hierarchical.NodeTestTask.lambda$executeRecursively$8(NodeTestTask.java:141)
	at org.junit.platform.engine.support.hierarchical.Node.around(Node.java:137)
	at org.junit.platform.engine.support.hierarchical.NodeTestTask.lambda$executeRecursively$9(NodeTestTask.java:139)
	at org.junit.platform.engine.support.hierarchical.ThrowableCollector.execute(ThrowableCollector.java:73)
	at org.junit.platform.engine.support.hierarchical.NodeTestTask.executeRecursively(NodeTestTask.java:138)
	at org.junit.platform.engine.support.hierarchical.NodeTestTask.execute(NodeTestTask.java:95)
	at java.util.ArrayList.forEach(ArrayList.java:1259)
	at org.junit.platform.engine.support.hierarchical.SameThreadHierarchicalTestExecutorService.invokeAll(SameThreadHierarchicalTestExecutorService.java:41)
	at org.junit.platform.engine.support.hierarchical.NodeTestTask.lambda$executeRecursively$6(NodeTestTask.java:155)
	at org.junit.platform.engine.support.hierarchical.ThrowableCollector.execute(ThrowableCollector.java:73)
	at org.junit.platform.engine.support.hierarchical.NodeTestTask.lambda$executeRecursively$8(NodeTestTask.java:141)
	at org.junit.platform.engine.support.hierarchical.Node.around(Node.java:137)
	at org.junit.platform.engine.support.hierarchical.NodeTestTask.lambda$executeRecursively$9(NodeTestTask.java:139)
	at org.junit.platform.engine.support.hierarchical.ThrowableCollector.execute(ThrowableCollector.java:73)
	at org.junit.platform.engine.support.hierarchical.NodeTestTask.executeRecursively(NodeTestTask.java:138)
	at org.junit.platform.engine.support.hierarchical.NodeTestTask.execute(NodeTestTask.java:95)
	at java.util.ArrayList.forEach(ArrayList.java:1259)
	at org.junit.platform.engine.support.hierarchical.SameThreadHierarchicalTestExecutorService.invokeAll(SameThreadHierarchicalTestExecutorService.java:41)
	at org.junit.platform.engine.support.hierarchical.NodeTestTask.lambda$executeRecursively$6(NodeTestTask.java:155)
	at org.junit.platform.engine.support.hierarchical.ThrowableCollector.execute(ThrowableCollector.java:73)
	at org.junit.platform.engine.support.hierarchical.NodeTestTask.lambda$executeRecursively$8(NodeTestTask.java:141)
	at org.junit.platform.engine.support.hierarchical.Node.around(Node.java:137)
	at org.junit.platform.engine.support.hierarchical.NodeTestTask.lambda$executeRecursively$9(NodeTestTask.java:139)
	at org.junit.platform.engine.support.hierarchical.ThrowableCollector.execute(ThrowableCollector.java:73)
	at org.junit.platform.engine.support.hierarchical.NodeTestTask.executeRecursively(NodeTestTask.java:138)
	at org.junit.platform.engine.support.hierarchical.NodeTestTask.execute(NodeTestTask.java:95)
	at org.junit.platform.engine.support.hierarchical.SameThreadHierarchicalTestExecutorService.submit(SameThreadHierarchicalTestExecutorService.java:35)
	at org.junit.platform.engine.support.hierarchical.HierarchicalTestExecutor.execute(HierarchicalTestExecutor.java:57)
	at org.junit.platform.engine.support.hierarchical.HierarchicalTestEngine.execute(HierarchicalTestEngine.java:54)
	at org.junit.platform.launcher.core.DefaultLauncher.execute(DefaultLauncher.java:220)
	at org.junit.platform.launcher.core.DefaultLauncher.lambda$execute$6(DefaultLauncher.java:188)
	at org.junit.platform.launcher.core.DefaultLauncher.withInterceptedStreams(DefaultLauncher.java:202)
	at org.junit.platform.launcher.core.DefaultLauncher.execute(DefaultLauncher.java:181)
	at org.junit.platform.launcher.core.DefaultLauncher.execute(DefaultLauncher.java:128)
	at org.apache.maven.surefire.junitplatform.JUnitPlatformProvider.invokeAllTests(JUnitPlatformProvider.java:150)
	at org.apache.maven.surefire.junitplatform.JUnitPlatformProvider.invoke(JUnitPlatformProvider.java:124)
	at org.apache.maven.surefire.booter.ForkedBooter.invokeProviderInSameClassLoader(ForkedBooter.java:384)
	at org.apache.maven.surefire.booter.ForkedBooter.runSuitesInProcess(ForkedBooter.java:345)
	at org.apache.maven.surefire.booter.ForkedBooter.execute(ForkedBooter.java:126)
	at org.apache.maven.surefire.booter.ForkedBooter.main(ForkedBooter.java:418)
]]></system-out>
  </testcase>
  <testcase name="shouldAssignThesisWithTeacher" classname="sk.stuba.fei.uim.vsa.pr2.ThesisResourceTest" time="2.526">
    <failure message="expected: not &lt;null&gt;" type="org.opentest4j.AssertionFailedError"><![CDATA[org.opentest4j.AssertionFailedError: expected: not <null>
	at sk.stuba.fei.uim.vsa.pr2.ThesisResourceTest.shouldAssignThesisWithTeacher(ThesisResourceTest.java:297)
]]></failure>
    <system-out><![CDATA[[EL Fine]: sql: 2023-05-27 14:03:41.541--ServerSession(229329107)--Connection(204354148)--Thread(Thread[grizzly-http-server-25,5,main])--SELECT AISID, ID, DEPARTMENT, EMAIL, INSTITUTE, NAME, PASSWORD FROM PEDAGOG WHERE (EMAIL = ?)
	bind => [ucitel.test@stuba.sk]
[EL Fine]: sql: 2023-05-27 14:03:41.542--ClientSession(1270734432)--Connection(204354148)--Thread(Thread[grizzly-http-server-25,5,main])--INSERT INTO PEDAGOG (AISID, ID, DEPARTMENT, EMAIL, INSTITUTE, NAME, PASSWORD) VALUES (?, ?, ?, ?, ?, ?, ?)
	bind => [45678, null, null, ucitel.test@stuba.sk, SI, Testovaci ucitel, null]
[EL Fine]: sql: 2023-05-27 14:03:42.008--ClientSession(1338077322)--Connection(204354148)--Thread(Thread[grizzly-http-server-25,5,main])--INSERT INTO vsa_user (AISID, PASSWORD, USERNAME) VALUES (?, ?, ?)
	bind => [45678, $2a$13$PPP473GwEhXm3wYf0d3k/.isjuYVDJSrn54ouGx/G6bD69PpLPNZO, ucitel.test@stuba.sk]
[EL Fine]: sql: 2023-05-27 14:03:42.009--ClientSession(1338077322)--Connection(204354148)--Thread(Thread[grizzly-http-server-25,5,main])--INSERT INTO User_PERMISSIONS (User_AISID, PERMISSIONS) VALUES (?, ?)
	bind => [45678, 1]
[EL Fine]: sql: 2023-05-27 14:03:42.019--ClientSession(1525526926)--Connection(204354148)--Thread(Thread[grizzly-http-server-25,5,main])--UPDATE PEDAGOG SET ID = ?, DEPARTMENT = ?, INSTITUTE = ? WHERE (AISID = ?)
	bind => [45678, SI, UIM, 45678]
2023-05-27 14:03:42.026  INFO --- [-http-server-26] .s.f.u.v.p.JAXRSApplicationConfiguration : Recieved credentials: ucitel.test@stuba.sk, password
[EL Fine]: sql: 2023-05-27 14:03:42.026--ServerSession(229329107)--Connection(204354148)--Thread(Thread[grizzly-http-server-26,5,main])--SELECT AISID, PASSWORD, USERNAME FROM vsa_user WHERE (USERNAME = ?)
	bind => [ucitel.test@stuba.sk]
[EL Fine]: sql: 2023-05-27 14:03:42.506--ClientSession(1439947043)--Connection(204354148)--Thread(Thread[grizzly-http-server-26,5,main])--INSERT INTO ZAVERECNAPRACA (ID, DEADLINE, DEPARTMENT, DESCRIPTION, PUBLISHEDON, REGISTRATIONNUMBER, STATUS, TITLE, TYPE, SUPERVISOR_AISID, AUTHOR_AISID) VALUES (?, ?, ?, ?, ?, ?, ?, ?, ?, ?, ?)
	bind => [7, 2023-08-27, UIM, Some description of the thesis, 2023-05-27, null, FREE_TO_TAKE, Excellent Simple Bachelor Thesis, BACHELOR, 45678, null]
-------------------->7
[EL Fine]: sql: 2023-05-27 14:03:42.518--ClientSession(511771353)--Connection(204354148)--Thread(Thread[grizzly-http-server-26,5,main])--UPDATE ZAVERECNAPRACA SET REGISTRATIONNUMBER = ?, SUPERVISOR_AISID = ? WHERE (ID = ?)
	bind => [FEI-e15346f11d2b402abf6577d49fbaf1d8, 45678, 7]
2023-05-27 14:03:42.524  INFO --- [           main] s.s.fei.uim.vsa.pr2.utils.ResourceTest   : Parsing response: {"id":7,"registrationNumber":"FEI-e15346f11d2b402abf6577d49fbaf1d8","title":"Excellent Simple Bachelor Thesis","description":"Some description of the thesis","department":"UIM","supervisor":{"aisId":45678,"name":"Testovaci ucitel","email":"ucitel.test@stuba.sk","password":null,"institute":"UIM","department":"SI","theses":[],"id":45678},"author":null,"publishedOn":"2023-05-27","deadline":"2023-08-27","type":"BACHELOR","status":"FREE_TO_TAKE"}
[EL Fine]: sql: 2023-05-27 14:03:42.533--ServerSession(229329107)--Connection(204354148)--Thread(Thread[grizzly-http-server-27,5,main])--SELECT AISID, ID, EMAIL, NAME, PASSWORD, program, TERM, study_year FROM STUDENT WHERE (EMAIL = ?)
	bind => [xstudent@stuba.sk]
[EL Fine]: sql: 2023-05-27 14:03:42.533--ClientSession(796257234)--Connection(204354148)--Thread(Thread[grizzly-http-server-27,5,main])--INSERT INTO STUDENT (AISID, ID, EMAIL, NAME, PASSWORD, program, TERM, study_year) VALUES (?, ?, ?, ?, ?, ?, ?, ?)
	bind => [70127, null, xstudent@stuba.sk, Test Student, null, null, null, null]
[EL Fine]: sql: 2023-05-27 14:03:43.013--ClientSession(886760775)--Connection(204354148)--Thread(Thread[grizzly-http-server-27,5,main])--INSERT INTO vsa_user (AISID, PASSWORD, USERNAME) VALUES (?, ?, ?)
	bind => [70127, $2a$13$8zzlIMFXgavYH9troNwZ1OeopVrRbI7xccoIc9TpSpMh5i7iWzOwG, xstudent@stuba.sk]
[EL Fine]: sql: 2023-05-27 14:03:43.013--ClientSession(886760775)--Connection(204354148)--Thread(Thread[grizzly-http-server-27,5,main])--INSERT INTO User_PERMISSIONS (User_AISID, PERMISSIONS) VALUES (?, ?)
	bind => [70127, 0]
[EL Fine]: sql: 2023-05-27 14:03:43.499--ClientSession(228249879)--Connection(204354148)--Thread(Thread[grizzly-http-server-27,5,main])--UPDATE STUDENT SET ID = ?, PASSWORD = ?, program = ?, TERM = ?, study_year = ? WHERE (AISID = ?)
	bind => [70127, $2a$13$nTsVSpalKjFCMotPELKv8.daCpl0.d/nATA/SaiCX.12YgTdmiHx6, API, 18, 8, 70127]
2023-05-27 14:03:43.510  INFO --- [           main] s.s.fei.uim.vsa.pr2.utils.ResourceTest   : Parsing response: {"Id":70127,"aisId":70127,"name":"Test Student","email":"xstudent@stuba.sk","year":8,"term":18,"programme":"API","id":70127}
2023-05-27 14:03:43.514  INFO --- [-http-server-28] .s.f.u.v.p.JAXRSApplicationConfiguration : Recieved credentials: ucitel.test@stuba.sk, password
[EL Fine]: sql: 2023-05-27 14:03:43.514--ServerSession(229329107)--Connection(204354148)--Thread(Thread[grizzly-http-server-28,5,main])--SELECT AISID, PASSWORD, USERNAME FROM vsa_user WHERE (USERNAME = ?)
	bind => [ucitel.test@stuba.sk]
[EL Fine]: sql: 2023-05-27 14:03:43.983--ClientSession(1448834138)--Connection(204354148)--Thread(Thread[grizzly-http-server-28,5,main])--UPDATE ZAVERECNAPRACA SET STATUS = ?, AUTHOR_AISID = ? WHERE (ID = ?)
	bind => [IN_PROGRESS, 70127, 7]
2023-05-27 14:03:43.994  INFO --- [           main] s.s.fei.uim.vsa.pr2.utils.ResourceTest   : Parsing response: {"id":7,"registrationNumber":"FEI-e15346f11d2b402abf6577d49fbaf1d8","title":"Excellent Simple Bachelor Thesis","description":"Some description of the thesis","department":"UIM","supervisor":45678,"author":70127,"publishedOn":"2023-05-27","deadline":"2023-08-27","type":"BACHELOR","status":"IN_PROGRESS"}
2023-05-27 14:03:43.994 ERROR --- [           main] s.s.fei.uim.vsa.pr2.utils.ResourceTest   : Cannot parse response: {"id":7,"registrationNumber":"FEI-e15346f11d2b402abf6577d49fbaf1d8","title":"Excellent Simple Bachelor Thesis","description":"Some description of the thesis","department":"UIM","supervisor":45678,"author":70127,"publishedOn":"2023-05-27","deadline":"2023-08-27","type":"BACHELOR","status":"IN_PROGRESS"}
2023-05-27 14:03:43.994 ERROR --- [           main] s.s.fei.uim.vsa.pr2.utils.ResourceTest   : Cannot construct instance of `sk.stuba.fei.uim.vsa.pr2.model.dto.response.teacher.TeacherAltResponse` (although at least one Creator exists): no int/Int-argument constructor/factory method to deserialize from Number value (45678)
 at [Source: (String)"{"id":7,"registrationNumber":"FEI-e15346f11d2b402abf6577d49fbaf1d8","title":"Excellent Simple Bachelor Thesis","description":"Some description of the thesis","department":"UIM","supervisor":45678,"author":70127,"publishedOn":"2023-05-27","deadline":"2023-08-27","type":"BACHELOR","status":"IN_PROGRESS"}"; line: 1, column: 191] (through reference chain: sk.stuba.fei.uim.vsa.pr2.model.dto.response.ThesisResponse["supervisor"])
com.fasterxml.jackson.databind.exc.MismatchedInputException: Cannot construct instance of `sk.stuba.fei.uim.vsa.pr2.model.dto.response.teacher.TeacherAltResponse` (although at least one Creator exists): no int/Int-argument constructor/factory method to deserialize from Number value (45678)
 at [Source: (String)"{"id":7,"registrationNumber":"FEI-e15346f11d2b402abf6577d49fbaf1d8","title":"Excellent Simple Bachelor Thesis","description":"Some description of the thesis","department":"UIM","supervisor":45678,"author":70127,"publishedOn":"2023-05-27","deadline":"2023-08-27","type":"BACHELOR","status":"IN_PROGRESS"}"; line: 1, column: 191] (through reference chain: sk.stuba.fei.uim.vsa.pr2.model.dto.response.ThesisResponse["supervisor"])
	at com.fasterxml.jackson.databind.exc.MismatchedInputException.from(MismatchedInputException.java:63)
	at com.fasterxml.jackson.databind.DeserializationContext.reportInputMismatch(DeserializationContext.java:1733)
	at com.fasterxml.jackson.databind.DeserializationContext.handleMissingInstantiator(DeserializationContext.java:1358)
	at com.fasterxml.jackson.databind.deser.ValueInstantiator.createFromInt(ValueInstantiator.java:324)
	at com.fasterxml.jackson.databind.deser.std.StdValueInstantiator.createFromInt(StdValueInstantiator.java:376)
	at com.fasterxml.jackson.databind.deser.BeanDeserializerBase.deserializeFromNumber(BeanDeserializerBase.java:1447)
	at com.fasterxml.jackson.databind.deser.BeanDeserializer._deserializeOther(BeanDeserializer.java:199)
	at com.fasterxml.jackson.databind.deser.BeanDeserializer.deserialize(BeanDeserializer.java:187)
	at com.fasterxml.jackson.databind.deser.impl.MethodProperty.deserializeAndSet(MethodProperty.java:129)
	at com.fasterxml.jackson.databind.deser.BeanDeserializer.vanillaDeserialize(BeanDeserializer.java:314)
	at com.fasterxml.jackson.databind.deser.BeanDeserializer.deserialize(BeanDeserializer.java:177)
	at com.fasterxml.jackson.databind.deser.DefaultDeserializationContext.readRootValue(DefaultDeserializationContext.java:323)
	at com.fasterxml.jackson.databind.ObjectMapper._readMapAndClose(ObjectMapper.java:4730)
	at com.fasterxml.jackson.databind.ObjectMapper.readValue(ObjectMapper.java:3677)
	at com.fasterxml.jackson.databind.ObjectMapper.readValue(ObjectMapper.java:3645)
	at sk.stuba.fei.uim.vsa.pr2.utils.ResourceTest.readObject(ResourceTest.java:230)
	at sk.stuba.fei.uim.vsa.pr2.utils.ResourceTest.readObject(ResourceTest.java:223)
	at sk.stuba.fei.uim.vsa.pr2.ThesisResourceTest.shouldAssignThesisWithTeacher(ThesisResourceTest.java:296)
	at sun.reflect.NativeMethodAccessorImpl.invoke0(Native Method)
	at sun.reflect.NativeMethodAccessorImpl.invoke(NativeMethodAccessorImpl.java:62)
	at sun.reflect.DelegatingMethodAccessorImpl.invoke(DelegatingMethodAccessorImpl.java:43)
	at java.lang.reflect.Method.invoke(Method.java:498)
	at org.junit.platform.commons.util.ReflectionUtils.invokeMethod(ReflectionUtils.java:725)
	at org.junit.jupiter.engine.execution.MethodInvocation.proceed(MethodInvocation.java:60)
	at org.junit.jupiter.engine.execution.InvocationInterceptorChain$ValidatingInvocation.proceed(InvocationInterceptorChain.java:131)
	at org.junit.jupiter.engine.extension.TimeoutExtension.intercept(TimeoutExtension.java:149)
	at org.junit.jupiter.engine.extension.TimeoutExtension.interceptTestableMethod(TimeoutExtension.java:140)
	at org.junit.jupiter.engine.extension.TimeoutExtension.interceptTestMethod(TimeoutExtension.java:84)
	at org.junit.jupiter.engine.execution.ExecutableInvoker$ReflectiveInterceptorCall.lambda$ofVoidMethod$0(ExecutableInvoker.java:115)
	at org.junit.jupiter.engine.execution.ExecutableInvoker.lambda$invoke$0(ExecutableInvoker.java:105)
	at org.junit.jupiter.engine.execution.InvocationInterceptorChain$InterceptedInvocation.proceed(InvocationInterceptorChain.java:106)
	at org.junit.jupiter.engine.execution.InvocationInterceptorChain.proceed(InvocationInterceptorChain.java:64)
	at org.junit.jupiter.engine.execution.InvocationInterceptorChain.chainAndInvoke(InvocationInterceptorChain.java:45)
	at org.junit.jupiter.engine.execution.InvocationInterceptorChain.invoke(InvocationInterceptorChain.java:37)
	at org.junit.jupiter.engine.execution.ExecutableInvoker.invoke(ExecutableInvoker.java:104)
[...]
	bind => [45678, null, null, ucitel.test@stuba.sk, SI, Testovaci ucitel, null]
[EL Fine]: sql: 2023-05-27 14:04:05.713--ClientSession(73754591)--Connection(204354148)--Thread(Thread[grizzly-http-server-27,5,main])--INSERT INTO vsa_user (AISID, PASSWORD, USERNAME) VALUES (?, ?, ?)
	bind => [45678, $2a$13$5SL/alEJBCuv5kh89sjVR.w./DNVE25E7Cmu0NiZOJtEcAqfIJI1., ucitel.test@stuba.sk]
[EL Fine]: sql: 2023-05-27 14:04:05.714--ClientSession(73754591)--Connection(204354148)--Thread(Thread[grizzly-http-server-27,5,main])--INSERT INTO User_PERMISSIONS (User_AISID, PERMISSIONS) VALUES (?, ?)
	bind => [45678, 1]
[EL Fine]: sql: 2023-05-27 14:04:05.724--ClientSession(869770410)--Connection(204354148)--Thread(Thread[grizzly-http-server-27,5,main])--UPDATE PEDAGOG SET ID = ?, DEPARTMENT = ?, INSTITUTE = ? WHERE (AISID = ?)
	bind => [45678, SI, UIM, 45678]
2023-05-27 14:04:05.731  INFO --- [-http-server-28] .s.f.u.v.p.JAXRSApplicationConfiguration : Recieved credentials: ucitel.test@stuba.sk, password
[EL Fine]: sql: 2023-05-27 14:04:05.732--ServerSession(229329107)--Connection(204354148)--Thread(Thread[grizzly-http-server-28,5,main])--SELECT AISID, PASSWORD, USERNAME FROM vsa_user WHERE (USERNAME = ?)
	bind => [ucitel.test@stuba.sk]
[EL Fine]: sql: 2023-05-27 14:04:06.218--ClientSession(44185132)--Connection(204354148)--Thread(Thread[grizzly-http-server-28,5,main])--INSERT INTO ZAVERECNAPRACA (ID, DEADLINE, DEPARTMENT, DESCRIPTION, PUBLISHEDON, REGISTRATIONNUMBER, STATUS, TITLE, TYPE, SUPERVISOR_AISID, AUTHOR_AISID) VALUES (?, ?, ?, ?, ?, ?, ?, ?, ?, ?, ?)
	bind => [17, 2023-08-27, UIM, Some description of the thesis, 2023-05-27, null, FREE_TO_TAKE, Excellent Simple Bachelor Thesis, BACHELOR, 45678, null]
-------------------->17
[EL Fine]: sql: 2023-05-27 14:04:06.228--ClientSession(1228856764)--Connection(204354148)--Thread(Thread[grizzly-http-server-28,5,main])--UPDATE ZAVERECNAPRACA SET REGISTRATIONNUMBER = ?, SUPERVISOR_AISID = ? WHERE (ID = ?)
	bind => [FEI-e15346f11d2b402abf6577d49fbaf1d8, 45678, 17]
2023-05-27 14:04:06.233  INFO --- [           main] s.s.fei.uim.vsa.pr2.utils.ResourceTest   : Parsing response: {"id":17,"registrationNumber":"FEI-e15346f11d2b402abf6577d49fbaf1d8","title":"Excellent Simple Bachelor Thesis","description":"Some description of the thesis","department":"UIM","supervisor":{"aisId":45678,"name":"Testovaci ucitel","email":"ucitel.test@stuba.sk","password":null,"institute":"UIM","department":"SI","theses":[],"id":45678},"author":null,"publishedOn":"2023-05-27","deadline":"2023-08-27","type":"BACHELOR","status":"FREE_TO_TAKE"}
2023-05-27 14:04:06.237  INFO --- [-http-server-29] .s.f.u.v.p.JAXRSApplicationConfiguration : Recieved credentials: ucitel.test@stuba.sk, password
[EL Fine]: sql: 2023-05-27 14:04:06.237--ServerSession(229329107)--Connection(204354148)--Thread(Thread[grizzly-http-server-29,5,main])--SELECT AISID, PASSWORD, USERNAME FROM vsa_user WHERE (USERNAME = ?)
	bind => [ucitel.test@stuba.sk]
[EL Fine]: sql: 2023-05-27 14:04:06.718--ClientSession(1578140791)--Connection(204354148)--Thread(Thread[grizzly-http-server-29,5,main])--INSERT INTO ZAVERECNAPRACA (ID, DEADLINE, DEPARTMENT, DESCRIPTION, PUBLISHEDON, REGISTRATIONNUMBER, STATUS, TITLE, TYPE, SUPERVISOR_AISID, AUTHOR_AISID) VALUES (?, ?, ?, ?, ?, ?, ?, ?, ?, ?, ?)
	bind => [18, 2023-08-27, UIM, Some description of the thesis but other then the first one, 2023-05-27, null, FREE_TO_TAKE, Extra Hard Master Thesis, MASTER, 45678, null]
-------------------->18
[EL Fine]: sql: 2023-05-27 14:04:06.728--ClientSession(540118235)--Connection(204354148)--Thread(Thread[grizzly-http-server-29,5,main])--UPDATE ZAVERECNAPRACA SET REGISTRATIONNUMBER = ?, SUPERVISOR_AISID = ? WHERE (ID = ?)
	bind => [FEI-6bf175d2727d4274ad7c33588c56ff2a, 45678, 18]
2023-05-27 14:04:06.732  INFO --- [           main] s.s.fei.uim.vsa.pr2.utils.ResourceTest   : Parsing response: {"id":18,"registrationNumber":"FEI-6bf175d2727d4274ad7c33588c56ff2a","title":"Extra Hard Master Thesis","description":"Some description of the thesis but other then the first one","department":"UIM","supervisor":{"aisId":45678,"name":"Testovaci ucitel","email":"ucitel.test@stuba.sk","password":null,"institute":"UIM","department":"SI","theses":[],"id":45678},"author":null,"publishedOn":"2023-05-27","deadline":"2023-08-27","type":"MASTER","status":"FREE_TO_TAKE"}
2023-05-27 14:04:06.735  INFO --- [-http-server-30] .s.f.u.v.p.JAXRSApplicationConfiguration : Recieved credentials: ucitel.test@stuba.sk, password
[EL Fine]: sql: 2023-05-27 14:04:06.735--ServerSession(229329107)--Connection(204354148)--Thread(Thread[grizzly-http-server-30,5,main])--SELECT AISID, PASSWORD, USERNAME FROM vsa_user WHERE (USERNAME = ?)
	bind => [ucitel.test@stuba.sk]
[EL Fine]: sql: 2023-05-27 14:04:07.219--ServerSession(229329107)--Connection(204354148)--Thread(Thread[grizzly-http-server-30,5,main])--SELECT ID, DEADLINE, DEPARTMENT, DESCRIPTION, PUBLISHEDON, REGISTRATIONNUMBER, STATUS, TITLE, TYPE, SUPERVISOR_AISID, AUTHOR_AISID FROM ZAVERECNAPRACA
2023-05-27 14:04:07.222  INFO --- [           main] s.s.fei.uim.vsa.pr2.utils.ResourceTest   : Parsing response: [{"id":17,"registrationNumber":"FEI-e15346f11d2b402abf6577d49fbaf1d8","title":"Excellent Simple Bachelor Thesis","description":"Some description of the thesis","department":"UIM","supervisor":45678,"publishedOn":"2023-05-27","deadline":"2023-08-27","type":"BACHELOR","status":"FREE_TO_TAKE"},{"id":18,"registrationNumber":"FEI-6bf175d2727d4274ad7c33588c56ff2a","title":"Extra Hard Master Thesis","description":"Some description of the thesis but other then the first one","department":"UIM","supervisor":45678,"publishedOn":"2023-05-27","deadline":"2023-08-27","type":"MASTER","status":"FREE_TO_TAKE"}]
2023-05-27 14:04:07.222 ERROR --- [           main] s.s.fei.uim.vsa.pr2.utils.ResourceTest   : Cannot parse response: [{"id":17,"registrationNumber":"FEI-e15346f11d2b402abf6577d49fbaf1d8","title":"Excellent Simple Bachelor Thesis","description":"Some description of the thesis","department":"UIM","supervisor":45678,"publishedOn":"2023-05-27","deadline":"2023-08-27","type":"BACHELOR","status":"FREE_TO_TAKE"},{"id":18,"registrationNumber":"FEI-6bf175d2727d4274ad7c33588c56ff2a","title":"Extra Hard Master Thesis","description":"Some description of the thesis but other then the first one","department":"UIM","supervisor":45678,"publishedOn":"2023-05-27","deadline":"2023-08-27","type":"MASTER","status":"FREE_TO_TAKE"}]
2023-05-27 14:04:07.222 ERROR --- [           main] s.s.fei.uim.vsa.pr2.utils.ResourceTest   : Cannot construct instance of `sk.stuba.fei.uim.vsa.pr2.model.dto.response.teacher.TeacherAltResponse` (although at least one Creator exists): no int/Int-argument constructor/factory method to deserialize from Number value (45678)
 at [Source: (String)"[{"id":17,"registrationNumber":"FEI-e15346f11d2b402abf6577d49fbaf1d8","title":"Excellent Simple Bachelor Thesis","description":"Some description of the thesis","department":"UIM","supervisor":45678,"publishedOn":"2023-05-27","deadline":"2023-08-27","type":"BACHELOR","status":"FREE_TO_TAKE"},{"id":18,"registrationNumber":"FEI-6bf175d2727d4274ad7c33588c56ff2a","title":"Extra Hard Master Thesis","description":"Some description of the thesis but other then the first one","department":"UIM","supervis"[truncated 102 chars]; line: 1, column: 193] (through reference chain: java.util.ArrayList[0]->sk.stuba.fei.uim.vsa.pr2.model.dto.response.ThesisResponse["supervisor"])
com.fasterxml.jackson.databind.exc.MismatchedInputException: Cannot construct instance of `sk.stuba.fei.uim.vsa.pr2.model.dto.response.teacher.TeacherAltResponse` (although at least one Creator exists): no int/Int-argument constructor/factory method to deserialize from Number value (45678)
 at [Source: (String)"[{"id":17,"registrationNumber":"FEI-e15346f11d2b402abf6577d49fbaf1d8","title":"Excellent Simple Bachelor Thesis","description":"Some description of the thesis","department":"UIM","supervisor":45678,"publishedOn":"2023-05-27","deadline":"2023-08-27","type":"BACHELOR","status":"FREE_TO_TAKE"},{"id":18,"registrationNumber":"FEI-6bf175d2727d4274ad7c33588c56ff2a","title":"Extra Hard Master Thesis","description":"Some description of the thesis but other then the first one","department":"UIM","supervis"[truncated 102 chars]; line: 1, column: 193] (through reference chain: java.util.ArrayList[0]->sk.stuba.fei.uim.vsa.pr2.model.dto.response.ThesisResponse["supervisor"])
	at com.fasterxml.jackson.databind.exc.MismatchedInputException.from(MismatchedInputException.java:63)
	at com.fasterxml.jackson.databind.DeserializationContext.reportInputMismatch(DeserializationContext.java:1733)
	at com.fasterxml.jackson.databind.DeserializationContext.handleMissingInstantiator(DeserializationContext.java:1358)
	at com.fasterxml.jackson.databind.deser.ValueInstantiator.createFromInt(ValueInstantiator.java:324)
	at com.fasterxml.jackson.databind.deser.std.StdValueInstantiator.createFromInt(StdValueInstantiator.java:376)
	at com.fasterxml.jackson.databind.deser.BeanDeserializerBase.deserializeFromNumber(BeanDeserializerBase.java:1447)
	at com.fasterxml.jackson.databind.deser.BeanDeserializer._deserializeOther(BeanDeserializer.java:199)
	at com.fasterxml.jackson.databind.deser.BeanDeserializer.deserialize(BeanDeserializer.java:187)
	at com.fasterxml.jackson.databind.deser.impl.MethodProperty.deserializeAndSet(MethodProperty.java:129)
	at com.fasterxml.jackson.databind.deser.BeanDeserializer.vanillaDeserialize(BeanDeserializer.java:314)
	at com.fasterxml.jackson.databind.deser.BeanDeserializer.deserialize(BeanDeserializer.java:177)
	at com.fasterxml.jackson.databind.deser.std.CollectionDeserializer._deserializeFromArray(CollectionDeserializer.java:359)
	at com.fasterxml.jackson.databind.deser.std.CollectionDeserializer.deserialize(CollectionDeserializer.java:244)
	at com.fasterxml.jackson.databind.deser.std.CollectionDeserializer.deserialize(CollectionDeserializer.java:28)
	at com.fasterxml.jackson.databind.deser.DefaultDeserializationContext.readRootValue(DefaultDeserializationContext.java:323)
	at com.fasterxml.jackson.databind.ObjectMapper._readMapAndClose(ObjectMapper.java:4730)
	at com.fasterxml.jackson.databind.ObjectMapper.readValue(ObjectMapper.java:3677)
	at com.fasterxml.jackson.databind.ObjectMapper.readValue(ObjectMapper.java:3660)
	at sk.stuba.fei.uim.vsa.pr2.utils.ResourceTest.readObject(ResourceTest.java:243)
	at sk.stuba.fei.uim.vsa.pr2.ThesisResourceTest.shouldGetAllTheses(ThesisResourceTest.java:151)
	at sun.reflect.NativeMethodAccessorImpl.invoke0(Native Method)
	at sun.reflect.NativeMethodAccessorImpl.invoke(NativeMethodAccessorImpl.java:62)
	at sun.reflect.DelegatingMethodAccessorImpl.invoke(DelegatingMethodAccessorImpl.java:43)
	at java.lang.reflect.Method.invoke(Method.java:498)
	at org.junit.platform.commons.util.ReflectionUtils.invokeMethod(ReflectionUtils.java:725)
	at org.junit.jupiter.engine.execution.MethodInvocation.proceed(MethodInvocation.java:60)
	at org.junit.jupiter.engine.execution.InvocationInterceptorChain$ValidatingInvocation.proceed(InvocationInterceptorChain.java:131)
	at org.junit.jupiter.engine.extension.TimeoutExtension.intercept(TimeoutExtension.java:149)
	at org.junit.jupiter.engine.extension.TimeoutExtension.interceptTestableMethod(TimeoutExtension.java:140)
	at org.junit.jupiter.engine.extension.TimeoutExtension.interceptTestMethod(TimeoutExtension.java:84)
	at org.junit.jupiter.engine.execution.ExecutableInvoker$ReflectiveInterceptorCall.lambda$ofVoidMethod$0(ExecutableInvoker.java:115)
	at org.junit.jupiter.engine.execution.ExecutableInvoker.lambda$invoke$0(ExecutableInvoker.java:105)
	at org.junit.jupiter.engine.execution.InvocationInterceptorChain$InterceptedInvocation.proceed(InvocationInterceptorChain.java:106)
	at org.junit.jupiter.engine.execution.InvocationInterceptorChain.proceed(InvocationInterceptorChain.java:64)
	at org.junit.jupiter.engine.execution.InvocationInterceptorChain.chainAndInvoke(InvocationInterceptorChain.java:45)
	at org.junit.jupiter.engine.execution.InvocationInterceptorChain.invoke(InvocationInterceptorChain.java:37)
	at org.junit.jupiter.engine.execution.ExecutableInvoker.invoke(ExecutableInvoker.java:104)
	at org.junit.jupiter.engine.execution.ExecutableInvoker.invoke(ExecutableInvoker.java:98)
	at org.junit.jupiter.engine.descriptor.TestMethodTestDescriptor.lambda$invokeTestMethod$7(TestMethodTestDescriptor.java:214)
	at org.junit.platform.engine.support.hierarchical.ThrowableCollector.execute(ThrowableCollector.java:73)
	at org.junit.jupiter.engine.descriptor.TestMethodTestDescriptor.invokeTestMethod(TestMethodTestDescriptor.java:210)
	at org.junit.jupiter.engine.descriptor.TestMethodTestDescriptor.execute(TestMethodTestDescriptor.java:135)
	at org.junit.jupiter.engine.descriptor.TestMethodTestDescriptor.execute(TestMethodTestDescriptor.java:66)
	at org.junit.platform.engine.support.hierarchical.NodeTestTask.lambda$executeRecursively$6(NodeTestTask.java:151)
	at org.junit.platform.engine.support.hierarchical.ThrowableCollector.execute(ThrowableCollector.java:73)
	at org.junit.platform.engine.support.hierarchical.NodeTestTask.lambda$executeRecursively$8(NodeTestTask.java:141)
	at org.junit.platform.engine.support.hierarchical.Node.around(Node.java:137)
	at org.junit.platform.engine.support.hierarchical.NodeTestTask.lambda$executeRecursively$9(NodeTestTask.java:139)
	at org.junit.platform.engine.support.hierarchical.ThrowableCollector.execute(ThrowableCollector.java:73)
	at org.junit.platform.engine.support.hierarchical.NodeTestTask.executeRecursively(NodeTestTask.java:138)
	at org.junit.platform.engine.support.hierarchical.NodeTestTask.execute(NodeTestTask.java:95)
	at java.util.ArrayList.forEach(ArrayList.java:1259)
	at org.junit.platform.engine.support.hierarchical.SameThreadHierarchicalTestExecutorService.invokeAll(SameThreadHierarchicalTestExecutorService.java:41)
	at org.junit.platform.engine.support.hierarchical.NodeTestTask.lambda$executeRecursively$6(NodeTestTask.java:155)
	at org.junit.platform.engine.support.hierarchical.ThrowableCollector.execute(ThrowableCollector.java:73)
	at org.junit.platform.engine.support.hierarchical.NodeTestTask.lambda$executeRecursively$8(NodeTestTask.java:141)
	at org.junit.platform.engine.support.hierarchical.Node.around(Node.java:137)
	at org.junit.platform.engine.support.hierarchical.NodeTestTask.lambda$executeRecursively$9(NodeTestTask.java:139)
	at org.junit.platform.engine.support.hierarchical.ThrowableCollector.execute(ThrowableCollector.java:73)
	at org.junit.platform.engine.support.hierarchical.NodeTestTask.executeRecursively(NodeTestTask.java:138)
	at org.junit.platform.engine.support.hierarchical.NodeTestTask.execute(NodeTestTask.java:95)
	at java.util.ArrayList.forEach(ArrayList.java:1259)
	at org.junit.platform.engine.support.hierarchical.SameThreadHierarchicalTestExecutorService.invokeAll(SameThreadHierarchicalTestExecutorService.java:41)
	at org.junit.platform.engine.support.hierarchical.NodeTestTask.lambda$executeRecursively$6(NodeTestTask.java:155)
	at org.junit.platform.engine.support.hierarchical.ThrowableCollector.execute(ThrowableCollector.java:73)
	at org.junit.platform.engine.support.hierarchical.NodeTestTask.lambda$executeRecursively$8(NodeTestTask.java:141)
	at org.junit.platform.engine.support.hierarchical.Node.around(Node.java:137)
	at org.junit.platform.engine.support.hierarchical.NodeTestTask.lambda$executeRecursively$9(NodeTestTask.java:139)
	at org.junit.platform.engine.support.hierarchical.ThrowableCollector.execute(ThrowableCollector.java:73)
	at org.junit.platform.engine.support.hierarchical.NodeTestTask.executeRecursively(NodeTestTask.java:138)
	at org.junit.platform.engine.support.hierarchical.NodeTestTask.execute(NodeTestTask.java:95)
	at org.junit.platform.engine.support.hierarchical.SameThreadHierarchicalTestExecutorService.submit(SameThreadHierarchicalTestExecutorService.java:35)
	at org.junit.platform.engine.support.hierarchical.HierarchicalTestExecutor.execute(HierarchicalTestExecutor.java:57)
	at org.junit.platform.engine.support.hierarchical.HierarchicalTestEngine.execute(HierarchicalTestEngine.java:54)
	at org.junit.platform.launcher.core.DefaultLauncher.execute(DefaultLauncher.java:220)
	at org.junit.platform.launcher.core.DefaultLauncher.lambda$execute$6(DefaultLauncher.java:188)
	at org.junit.platform.launcher.core.DefaultLauncher.withInterceptedStreams(DefaultLauncher.java:202)
	at org.junit.platform.launcher.core.DefaultLauncher.execute(DefaultLauncher.java:181)
	at org.junit.platform.launcher.core.DefaultLauncher.execute(DefaultLauncher.java:128)
	at org.apache.maven.surefire.junitplatform.JUnitPlatformProvider.invokeAllTests(JUnitPlatformProvider.java:150)
	at org.apache.maven.surefire.junitplatform.JUnitPlatformProvider.invoke(JUnitPlatformProvider.java:124)
	at org.apache.maven.surefire.booter.ForkedBooter.invokeProviderInSameClassLoader(ForkedBooter.java:384)
	at org.apache.maven.surefire.booter.ForkedBooter.runSuitesInProcess(ForkedBooter.java:345)
	at org.apache.maven.surefire.booter.ForkedBooter.execute(ForkedBooter.java:126)
	at org.apache.maven.surefire.booter.ForkedBooter.main(ForkedBooter.java:418)
]]></system-out>
  </testcase>
</testsuite>
<testsuite xmlns:xsi="http://www.w3.org/2001/XMLSchema-instance" xsi:noNamespaceSchemaLocation="https://maven.apache.org/surefire/maven-surefire-plugin/xsd/surefire-test-report.xsd" name="sk.stuba.fei.uim.vsa.pr2.SanityCheckTest" time="0.96" tests="3" errors="0" skipped="0" failures="0">
  <properties>
[...]
</properties>
  <testcase name="testValidityOfPOMFile" classname="sk.stuba.fei.uim.vsa.pr2.SanityCheckTest" time="0.011"/>
  <testcase name="testForResourcesAvailability" classname="sk.stuba.fei.uim.vsa.pr2.SanityCheckTest" time="0.18"/>
  <testcase name="testPersistentUnit" classname="sk.stuba.fei.uim.vsa.pr2.SanityCheckTest" time="0.002"/>
</testsuite>
<testsuite xmlns:xsi="http://www.w3.org/2001/XMLSchema-instance" xsi:noNamespaceSchemaLocation="https://maven.apache.org/surefire/maven-surefire-plugin/xsd/surefire-test-report.xsd" name="sk.stuba.fei.uim.vsa.pr2.TeacherResourceTest" time="12.306" tests="11" errors="0" skipped="0" failures="1">
  <properties>
[...]
</properties>
  <testcase name="shouldCreateTeacherWithOnlyRequiredProperties" classname="sk.stuba.fei.uim.vsa.pr2.TeacherResourceTest" time="0.625"/>
  <testcase name="shouldGetTeacher" classname="sk.stuba.fei.uim.vsa.pr2.TeacherResourceTest" time="1.034"/>
  <testcase name="deleteTeacher" classname="sk.stuba.fei.uim.vsa.pr2.TeacherResourceTest" time="2.077"/>
  <testcase name="shouldGetNotFoundForNonExistingTeacher" classname="sk.stuba.fei.uim.vsa.pr2.TeacherResourceTest" time="1.055"/>
  <testcase name="shouldReturnUnauthorized" classname="sk.stuba.fei.uim.vsa.pr2.TeacherResourceTest" time="0.085">
    <failure message="expected: &lt;true&gt; but was: &lt;false&gt;" type="org.opentest4j.AssertionFailedError"><![CDATA[org.opentest4j.AssertionFailedError: expected: <true> but was: <false>
	at sk.stuba.fei.uim.vsa.pr2.TeacherResourceTest.shouldReturnUnauthorized(TeacherResourceTest.java:114)
]]></failure>
  </testcase>
  <testcase name="shouldCreateTeacher" classname="sk.stuba.fei.uim.vsa.pr2.TeacherResourceTest" time="0.573"/>
  <testcase name="shouldReturnForbiddenToDeleteTeacherWithStudent" classname="sk.stuba.fei.uim.vsa.pr2.TeacherResourceTest" time="2.035"/>
  <testcase name="shouldReturnForbiddenToDeleteWithWrongTeacher" classname="sk.stuba.fei.uim.vsa.pr2.TeacherResourceTest" time="1.531"/>
  <testcase name="shouldGetEmptyList" classname="sk.stuba.fei.uim.vsa.pr2.TeacherResourceTest" time="1.517"/>
  <testcase name="shouldCallWithoutBodyAndReturnError" classname="sk.stuba.fei.uim.vsa.pr2.TeacherResourceTest" time="0.076"/>
  <testcase name="shouldGetAllTeachers" classname="sk.stuba.fei.uim.vsa.pr2.TeacherResourceTest" time="1.614"/>
</testsuite></testsuites>